"2025-03-28T14:30:33.201+0000";"suricata";"3";"NTLM Challenge from 10.0.9.11 to 10.0.9.30";;"{""timestamp"":""2025-03-28T14:30:31.879410+0000"",""flow_id"":2200061243819594,""in_iface"":""ens5"",""event_type"":""alert"",""src_ip"":""10.0.9.11"",""src_port"":445,""dest_ip"":""10.0.9.30"",""dest_port"":57006,""proto"":""TCP"",""pkt_src"":""vxlan encapsulation"",""community_id"":""1:DpXKBNSbRKAHxXlwJ+V3UGGZEv0="",""alert"":{""action"":""allowed"",""gid"":1,""signature_id"":211,""rev"":2,""signature"":""NTLMSSP_CHALLENGE"",""category"":"""",""severity"":1,""metadata"":{""ntlmssp"":[""challenge""]}},""tunnel"":{""src_ip"":""10.0.9.11"",""src_port"":65532,""dest_ip"":""10.0.9.9"",""dest_port"":4789,""proto"":""UDP"",""depth"":1,""pkt_src"":""wire/pcap""},""app_proto"":""smb"",""direction"":""to_client"",""flow"":{""pkts_toserver"":130,""pkts_toclient"":121,""bytes_toserver"":44018,""bytes_toclient"":31354,""start"":""2025-03-28T14:30:31.381169+0000"",""src_ip"":""10.0.9.30"",""dest_ip"":""10.0.9.11"",""src_port"":57006,""dest_port"":445},""capture_file"":""/var/log/suricata/nsm_data//log.pcap.1743171866"",""source"":""suricata""}";
"2025-03-28T14:30:33.201+0000";"OTDC1";"3";"Windows Logon Success";"OTDC1$";;"""An account was successfully logged on.

Subject:
	Security ID:		S-1-0-0
	Account Name:		-
	Account Domain:		-
	Logon ID:		0x0

Logon Information:
	Logon Type:		3
	Restricted Admin Mode:	-
	Virtual Account:		No
	Elevated Token:		Yes

Impersonation Level:		Delegation

New Logon:
	Security ID:		S-1-5-18
	Account Name:		OTDC1$
	Account Domain:		PLUMETECH-OT.LOCAL
	Logon ID:		0x7268E2
	Linked Logon ID:		0x0
	Network Account Name:	-
	Network Account Domain:	-
	Logon GUID:		{a0245060-585d-9e74-6ffd-1d8b8f6e9948}

Process Information:
	Process ID:		0x0
	Process Name:		-

Network Information:
	Workstation Name:	-
	Source Network Address:	fe80::fa82:8256:20cb:6644
	Source Port:		60332

Detailed Authentication Information:
	Logon Process:		Kerberos
	Authentication Package:	Kerberos
	Transited Services:	-
	Package Name (NTLM only):	-
	Key Length:		0

This event is generated when a logon session is created. It is generated on the computer that was accessed.

The subject fields indicate the account on the local system which requested the logon. This is most commonly a service such as the Server service, or a local process such as Winlogon.exe or Services.exe.

The logon type field indicates the kind of logon that occurred. The most common types are 2 (interactive) and 3 (network).

The New Logon fields indicate the account for whom the new logon was created, i.e. the account that was logged on.

The network fields indicate where a remote logon request originated. Workstation name is not always available and may be left blank in some cases.

The impersonation level field indicates the extent to which a process in the logon session can impersonate.

The authentication information fields provide detailed information about this specific logon request.
	- Logon GUID is a unique identifier that can be used to correlate this event with a KDC event.
	- Transited services indicate which intermediate services have participated in this logon request.
	- Package name indicates which sub-protocol was used among the NTLM protocols.
	- Key length indicates the length of the generated session key. This will be 0 if no session key was requested."""
"2025-03-28T14:30:33.216+0000";"DC1";"5";"Logon Failure - Unknown user or bad password";"damon";;"""An account failed to log on.

Subject:
	Security ID:		S-1-0-0
	Account Name:		-
	Account Domain:		-
	Logon ID:		0x0

Logon Type:			3

Account For Which Logon Failed:
	Security ID:		S-1-0-0
	Account Name:		damon
	Account Domain:		PLUMETECH.LOCAL

Failure Information:
	Failure Reason:		Unknown user name or bad password.
	Status:			0xC000006D
	Sub Status:		0xC000006A

Process Information:
	Caller Process ID:	0x0
	Caller Process Name:	-

Network Information:
	Workstation Name:	-
	Source Network Address:	10.0.9.30
	Source Port:		57006

Detailed Authentication Information:
	Logon Process:		NtLmSsp 
	Authentication Package:	NTLM
	Transited Services:	-
	Package Name (NTLM only):	-
	Key Length:		0

This event is generated when a logon request fails. It is generated on the computer where access was attempted.

The Subject fields indicate the account on the local system which requested the logon. This is most commonly a service such as the Server service, or a local process such as Winlogon.exe or Services.exe.

The Logon Type field indicates the kind of logon that was requested. The most common types are 2 (interactive) and 3 (network).

The Process Information fields indicate which account and process on the system requested the logon.

The Network Information fields indicate where a remote logon request originated. Workstation name is not always available and may be left blank in some cases.

The authentication information fields provide detailed information about this specific logon request.
	- Transited services indicate which intermediate services have participated in this logon request.
	- Package name indicates which sub-protocol was used among the NTLM protocols.
	- Key length indicates the length of the generated session key. This will be 0 if no session key was requested."""
"2025-03-28T14:30:33.217+0000";"OTDC1";"3";"Windows Logon Success";"OTDC1$";;"""An account was successfully logged on.

Subject:
	Security ID:		S-1-0-0
	Account Name:		-
	Account Domain:		-
	Logon ID:		0x0

Logon Information:
	Logon Type:		3
	Restricted Admin Mode:	-
	Virtual Account:		No
	Elevated Token:		Yes

Impersonation Level:		Impersonation

New Logon:
	Security ID:		S-1-5-18
	Account Name:		OTDC1$
	Account Domain:		PLUMETECH-OT.LOCAL
	Logon ID:		0x726A90
	Linked Logon ID:		0x0
	Network Account Name:	-
	Network Account Domain:	-
	Logon GUID:		{29c04b1d-f129-6f27-7434-406858f62d96}

Process Information:
	Process ID:		0x0
	Process Name:		-

Network Information:
	Workstation Name:	-
	Source Network Address:	::1
	Source Port:		0

Detailed Authentication Information:
	Logon Process:		Kerberos
	Authentication Package:	Kerberos
	Transited Services:	-
	Package Name (NTLM only):	-
	Key Length:		0

This event is generated when a logon session is created. It is generated on the computer that was accessed.

The subject fields indicate the account on the local system which requested the logon. This is most commonly a service such as the Server service, or a local process such as Winlogon.exe or Services.exe.

The logon type field indicates the kind of logon that occurred. The most common types are 2 (interactive) and 3 (network).

The New Logon fields indicate the account for whom the new logon was created, i.e. the account that was logged on.

The network fields indicate where a remote logon request originated. Workstation name is not always available and may be left blank in some cases.

The impersonation level field indicates the extent to which a process in the logon session can impersonate.

The authentication information fields provide detailed information about this specific logon request.
	- Logon GUID is a unique identifier that can be used to correlate this event with a KDC event.
	- Transited services indicate which intermediate services have participated in this logon request.
	- Package name indicates which sub-protocol was used among the NTLM protocols.
	- Key length indicates the length of the generated session key. This will be 0 if no session key was requested."""
"2025-03-28T14:30:33.223+0000";"suricata";"3";"NTLM Challenge from 10.0.9.11 to 10.0.9.30";;"{""timestamp"":""2025-03-28T14:30:32.015872+0000"",""flow_id"":2200061243819594,""in_iface"":""ens5"",""event_type"":""alert"",""src_ip"":""10.0.9.11"",""src_port"":445,""dest_ip"":""10.0.9.30"",""dest_port"":57006,""proto"":""TCP"",""pkt_src"":""vxlan encapsulation"",""community_id"":""1:DpXKBNSbRKAHxXlwJ+V3UGGZEv0="",""alert"":{""action"":""allowed"",""gid"":1,""signature_id"":21,""rev"":2,""signature"":""NTLMSSP_CHALLENGE"",""category"":"""",""severity"":1,""metadata"":{""ntlmssp"":[""challenge""]}},""tunnel"":{""src_ip"":""10.0.9.11"",""src_port"":65532,""dest_ip"":""10.0.9.9"",""dest_port"":4789,""proto"":""UDP"",""depth"":1,""pkt_src"":""wire/pcap""},""app_proto"":""smb"",""direction"":""to_client"",""flow"":{""pkts_toserver"":170,""pkts_toclient"":161,""bytes_toserver"":58838,""bytes_toclient"":41774,""start"":""2025-03-28T14:30:31.381169+0000"",""src_ip"":""10.0.9.30"",""dest_ip"":""10.0.9.11"",""src_port"":57006,""dest_port"":445},""capture_file"":""/var/log/suricata/nsm_data//log.pcap.1743171866"",""source"":""suricata""}";
"2025-03-28T14:30:33.224+0000";"suricata";"3";"NTLM Challenge from 10.0.9.11 to 10.0.9.30";;"{""timestamp"":""2025-03-28T14:30:32.015872+0000"",""flow_id"":2200061243819594,""in_iface"":""ens5"",""event_type"":""alert"",""src_ip"":""10.0.9.11"",""src_port"":445,""dest_ip"":""10.0.9.30"",""dest_port"":57006,""proto"":""TCP"",""pkt_src"":""vxlan encapsulation"",""community_id"":""1:DpXKBNSbRKAHxXlwJ+V3UGGZEv0="",""alert"":{""action"":""allowed"",""gid"":1,""signature_id"":211,""rev"":2,""signature"":""NTLMSSP_CHALLENGE"",""category"":"""",""severity"":1,""metadata"":{""ntlmssp"":[""challenge""]}},""tunnel"":{""src_ip"":""10.0.9.11"",""src_port"":65532,""dest_ip"":""10.0.9.9"",""dest_port"":4789,""proto"":""UDP"",""depth"":1,""pkt_src"":""wire/pcap""},""app_proto"":""smb"",""direction"":""to_client"",""flow"":{""pkts_toserver"":170,""pkts_toclient"":161,""bytes_toserver"":58838,""bytes_toclient"":41774,""start"":""2025-03-28T14:30:31.381169+0000"",""src_ip"":""10.0.9.30"",""dest_ip"":""10.0.9.11"",""src_port"":57006,""dest_port"":445},""capture_file"":""/var/log/suricata/nsm_data//log.pcap.1743171866"",""source"":""suricata""}";
"2025-03-28T14:30:33.231+0000";"DC1";"5";"Logon Failure - Unknown user or bad password";"julian";;"""An account failed to log on.

Subject:
	Security ID:		S-1-0-0
	Account Name:		-
	Account Domain:		-
	Logon ID:		0x0

Logon Type:			3

Account For Which Logon Failed:
	Security ID:		S-1-0-0
	Account Name:		julian
	Account Domain:		PLUMETECH.LOCAL

Failure Information:
	Failure Reason:		Unknown user name or bad password.
	Status:			0xC000006D
	Sub Status:		0xC000006A

Process Information:
	Caller Process ID:	0x0
	Caller Process Name:	-

Network Information:
	Workstation Name:	-
	Source Network Address:	10.0.9.30
	Source Port:		57006

Detailed Authentication Information:
	Logon Process:		NtLmSsp 
	Authentication Package:	NTLM
	Transited Services:	-
	Package Name (NTLM only):	-
	Key Length:		0

This event is generated when a logon request fails. It is generated on the computer where access was attempted.

The Subject fields indicate the account on the local system which requested the logon. This is most commonly a service such as the Server service, or a local process such as Winlogon.exe or Services.exe.

The Logon Type field indicates the kind of logon that was requested. The most common types are 2 (interactive) and 3 (network).

The Process Information fields indicate which account and process on the system requested the logon.

The Network Information fields indicate where a remote logon request originated. Workstation name is not always available and may be left blank in some cases.

The authentication information fields provide detailed information about this specific logon request.
	- Transited services indicate which intermediate services have participated in this logon request.
	- Package name indicates which sub-protocol was used among the NTLM protocols.
	- Key length indicates the length of the generated session key. This will be 0 if no session key was requested."""
"2025-03-28T14:30:33.247+0000";"suricata";"3";"NTLM Challenge from 10.0.9.11 to 10.0.9.30";;"{""timestamp"":""2025-03-28T14:30:32.138975+0000"",""flow_id"":2200061243819594,""in_iface"":""ens5"",""event_type"":""alert"",""src_ip"":""10.0.9.11"",""src_port"":445,""dest_ip"":""10.0.9.30"",""dest_port"":57006,""proto"":""TCP"",""pkt_src"":""vxlan encapsulation"",""community_id"":""1:DpXKBNSbRKAHxXlwJ+V3UGGZEv0="",""alert"":{""action"":""allowed"",""gid"":1,""signature_id"":21,""rev"":2,""signature"":""NTLMSSP_CHALLENGE"",""category"":"""",""severity"":1,""metadata"":{""ntlmssp"":[""challenge""]}},""tunnel"":{""src_ip"":""10.0.9.11"",""src_port"":65532,""dest_ip"":""10.0.9.9"",""dest_port"":4789,""proto"":""UDP"",""depth"":1,""pkt_src"":""wire/pcap""},""app_proto"":""smb"",""direction"":""to_client"",""flow"":{""pkts_toserver"":210,""pkts_toclient"":201,""bytes_toserver"":73658,""bytes_toclient"":52194,""start"":""2025-03-28T14:30:31.381169+0000"",""src_ip"":""10.0.9.30"",""dest_ip"":""10.0.9.11"",""src_port"":57006,""dest_port"":445},""capture_file"":""/var/log/suricata/nsm_data//log.pcap.1743171866"",""source"":""suricata""}";
"2025-03-28T14:30:33.248+0000";"suricata";"3";"NTLM Challenge from 10.0.9.11 to 10.0.9.30";;"{""timestamp"":""2025-03-28T14:30:32.138975+0000"",""flow_id"":2200061243819594,""in_iface"":""ens5"",""event_type"":""alert"",""src_ip"":""10.0.9.11"",""src_port"":445,""dest_ip"":""10.0.9.30"",""dest_port"":57006,""proto"":""TCP"",""pkt_src"":""vxlan encapsulation"",""community_id"":""1:DpXKBNSbRKAHxXlwJ+V3UGGZEv0="",""alert"":{""action"":""allowed"",""gid"":1,""signature_id"":211,""rev"":2,""signature"":""NTLMSSP_CHALLENGE"",""category"":"""",""severity"":1,""metadata"":{""ntlmssp"":[""challenge""]}},""tunnel"":{""src_ip"":""10.0.9.11"",""src_port"":65532,""dest_ip"":""10.0.9.9"",""dest_port"":4789,""proto"":""UDP"",""depth"":1,""pkt_src"":""wire/pcap""},""app_proto"":""smb"",""direction"":""to_client"",""flow"":{""pkts_toserver"":210,""pkts_toclient"":201,""bytes_toserver"":73658,""bytes_toclient"":52194,""start"":""2025-03-28T14:30:31.381169+0000"",""src_ip"":""10.0.9.30"",""dest_ip"":""10.0.9.11"",""src_port"":57006,""dest_port"":445},""capture_file"":""/var/log/suricata/nsm_data//log.pcap.1743171866"",""source"":""suricata""}";
"2025-03-28T14:30:33.249+0000";"OTDC1";"3";"Windows Logon Success";"OTDC1$";;"""An account was successfully logged on.

Subject:
	Security ID:		S-1-0-0
	Account Name:		-
	Account Domain:		-
	Logon ID:		0x0

Logon Information:
	Logon Type:		3
	Restricted Admin Mode:	-
	Virtual Account:		No
	Elevated Token:		Yes

Impersonation Level:		Impersonation

New Logon:
	Security ID:		S-1-5-18
	Account Name:		OTDC1$
	Account Domain:		PLUMETECH-OT.LOCAL
	Logon ID:		0x726E7F
	Linked Logon ID:		0x0
	Network Account Name:	-
	Network Account Domain:	-
	Logon GUID:		{29c04b1d-f129-6f27-7434-406858f62d96}

Process Information:
	Process ID:		0x0
	Process Name:		-

Network Information:
	Workstation Name:	-
	Source Network Address:	::1
	Source Port:		0

Detailed Authentication Information:
	Logon Process:		Kerberos
	Authentication Package:	Kerberos
	Transited Services:	-
	Package Name (NTLM only):	-
	Key Length:		0

This event is generated when a logon session is created. It is generated on the computer that was accessed.

The subject fields indicate the account on the local system which requested the logon. This is most commonly a service such as the Server service, or a local process such as Winlogon.exe or Services.exe.

The logon type field indicates the kind of logon that occurred. The most common types are 2 (interactive) and 3 (network).

The New Logon fields indicate the account for whom the new logon was created, i.e. the account that was logged on.

The network fields indicate where a remote logon request originated. Workstation name is not always available and may be left blank in some cases.

The impersonation level field indicates the extent to which a process in the logon session can impersonate.

The authentication information fields provide detailed information about this specific logon request.
	- Logon GUID is a unique identifier that can be used to correlate this event with a KDC event.
	- Transited services indicate which intermediate services have participated in this logon request.
	- Package name indicates which sub-protocol was used among the NTLM protocols.
	- Key length indicates the length of the generated session key. This will be 0 if no session key was requested."""
"2025-03-28T14:30:33.263+0000";"DC1";"10";"Multiple Windows Logon Failures";"marla";;"""An account failed to log on.

Subject:
	Security ID:		S-1-0-0
	Account Name:		-
	Account Domain:		-
	Logon ID:		0x0

Logon Type:			3

Account For Which Logon Failed:
	Security ID:		S-1-0-0
	Account Name:		marla
	Account Domain:		PLUMETECH.LOCAL

Failure Information:
	Failure Reason:		Unknown user name or bad password.
	Status:			0xC000006D
	Sub Status:		0xC000006A

Process Information:
	Caller Process ID:	0x0
	Caller Process Name:	-

Network Information:
	Workstation Name:	-
	Source Network Address:	10.0.9.30
	Source Port:		57006

Detailed Authentication Information:
	Logon Process:		NtLmSsp 
	Authentication Package:	NTLM
	Transited Services:	-
	Package Name (NTLM only):	-
	Key Length:		0

This event is generated when a logon request fails. It is generated on the computer where access was attempted.

The Subject fields indicate the account on the local system which requested the logon. This is most commonly a service such as the Server service, or a local process such as Winlogon.exe or Services.exe.

The Logon Type field indicates the kind of logon that was requested. The most common types are 2 (interactive) and 3 (network).

The Process Information fields indicate which account and process on the system requested the logon.

The Network Information fields indicate where a remote logon request originated. Workstation name is not always available and may be left blank in some cases.

The authentication information fields provide detailed information about this specific logon request.
	- Transited services indicate which intermediate services have participated in this logon request.
	- Package name indicates which sub-protocol was used among the NTLM protocols.
	- Key length indicates the length of the generated session key. This will be 0 if no session key was requested."""
"2025-03-28T14:30:33.263+0000";"DC1";"10";"Multiple Windows Logon Failures";"debbie";;"""An account failed to log on.

Subject:
	Security ID:		S-1-0-0
	Account Name:		-
	Account Domain:		-
	Logon ID:		0x0

Logon Type:			3

Account For Which Logon Failed:
	Security ID:		S-1-0-0
	Account Name:		debbie
	Account Domain:		PLUMETECH.LOCAL

Failure Information:
	Failure Reason:		Unknown user name or bad password.
	Status:			0xC000006D
	Sub Status:		0xC000006A

Process Information:
	Caller Process ID:	0x0
	Caller Process Name:	-

Network Information:
	Workstation Name:	-
	Source Network Address:	10.0.9.30
	Source Port:		57006

Detailed Authentication Information:
	Logon Process:		NtLmSsp 
	Authentication Package:	NTLM
	Transited Services:	-
	Package Name (NTLM only):	-
	Key Length:		0

This event is generated when a logon request fails. It is generated on the computer where access was attempted.

The Subject fields indicate the account on the local system which requested the logon. This is most commonly a service such as the Server service, or a local process such as Winlogon.exe or Services.exe.

The Logon Type field indicates the kind of logon that was requested. The most common types are 2 (interactive) and 3 (network).

The Process Information fields indicate which account and process on the system requested the logon.

The Network Information fields indicate where a remote logon request originated. Workstation name is not always available and may be left blank in some cases.

The authentication information fields provide detailed information about this specific logon request.
	- Transited services indicate which intermediate services have participated in this logon request.
	- Package name indicates which sub-protocol was used among the NTLM protocols.
	- Key length indicates the length of the generated session key. This will be 0 if no session key was requested."""
"2025-03-28T14:30:33.264+0000";"OTDC1";"3";"Windows Logon Success";"SYSTEM";;"""An account was successfully logged on.

Subject:
	Security ID:		S-1-5-18
	Account Name:		OTDC1$
	Account Domain:		PLUMETECH-OT
	Logon ID:		0x3E7

Logon Information:
	Logon Type:		5
	Restricted Admin Mode:	-
	Virtual Account:		No
	Elevated Token:		Yes

Impersonation Level:		Impersonation

New Logon:
	Security ID:		S-1-5-18
	Account Name:		SYSTEM
	Account Domain:		NT AUTHORITY
	Logon ID:		0x3E7
	Linked Logon ID:		0x0
	Network Account Name:	-
	Network Account Domain:	-
	Logon GUID:		{00000000-0000-0000-0000-000000000000}

Process Information:
	Process ID:		0x338
	Process Name:		C:\Windows\System32\services.exe

Network Information:
	Workstation Name:	-
	Source Network Address:	-
	Source Port:		-

Detailed Authentication Information:
	Logon Process:		Advapi  
	Authentication Package:	Negotiate
	Transited Services:	-
	Package Name (NTLM only):	-
	Key Length:		0

This event is generated when a logon session is created. It is generated on the computer that was accessed.

The subject fields indicate the account on the local system which requested the logon. This is most commonly a service such as the Server service, or a local process such as Winlogon.exe or Services.exe.

The logon type field indicates the kind of logon that occurred. The most common types are 2 (interactive) and 3 (network).

The New Logon fields indicate the account for whom the new logon was created, i.e. the account that was logged on.

The network fields indicate where a remote logon request originated. Workstation name is not always available and may be left blank in some cases.

The impersonation level field indicates the extent to which a process in the logon session can impersonate.

The authentication information fields provide detailed information about this specific logon request.
	- Logon GUID is a unique identifier that can be used to correlate this event with a KDC event.
	- Transited services indicate which intermediate services have participated in this logon request.
	- Package name indicates which sub-protocol was used among the NTLM protocols.
	- Key length indicates the length of the generated session key. This will be 0 if no session key was requested."""
"2025-03-28T14:30:33.270+0000";"suricata";"3";"NTLM Challenge from 10.0.9.11 to 10.0.9.30";;"{""timestamp"":""2025-03-28T14:30:32.258011+0000"",""flow_id"":2200061243819594,""in_iface"":""ens5"",""event_type"":""alert"",""src_ip"":""10.0.9.11"",""src_port"":445,""dest_ip"":""10.0.9.30"",""dest_port"":57006,""proto"":""TCP"",""pkt_src"":""vxlan encapsulation"",""community_id"":""1:DpXKBNSbRKAHxXlwJ+V3UGGZEv0="",""alert"":{""action"":""allowed"",""gid"":1,""signature_id"":21,""rev"":2,""signature"":""NTLMSSP_CHALLENGE"",""category"":"""",""severity"":1,""metadata"":{""ntlmssp"":[""challenge""]}},""tunnel"":{""src_ip"":""10.0.9.11"",""src_port"":65532,""dest_ip"":""10.0.9.9"",""dest_port"":4789,""proto"":""UDP"",""depth"":1,""pkt_src"":""wire/pcap""},""app_proto"":""smb"",""direction"":""to_client"",""flow"":{""pkts_toserver"":250,""pkts_toclient"":241,""bytes_toserver"":88478,""bytes_toclient"":62614,""start"":""2025-03-28T14:30:31.381169+0000"",""src_ip"":""10.0.9.30"",""dest_ip"":""10.0.9.11"",""src_port"":57006,""dest_port"":445},""capture_file"":""/var/log/suricata/nsm_data//log.pcap.1743171866"",""source"":""suricata""}";
"2025-03-28T14:30:33.271+0000";"suricata";"3";"NTLM Challenge from 10.0.9.11 to 10.0.9.30";;"{""timestamp"":""2025-03-28T14:30:32.258011+0000"",""flow_id"":2200061243819594,""in_iface"":""ens5"",""event_type"":""alert"",""src_ip"":""10.0.9.11"",""src_port"":445,""dest_ip"":""10.0.9.30"",""dest_port"":57006,""proto"":""TCP"",""pkt_src"":""vxlan encapsulation"",""community_id"":""1:DpXKBNSbRKAHxXlwJ+V3UGGZEv0="",""alert"":{""action"":""allowed"",""gid"":1,""signature_id"":211,""rev"":2,""signature"":""NTLMSSP_CHALLENGE"",""category"":"""",""severity"":1,""metadata"":{""ntlmssp"":[""challenge""]}},""tunnel"":{""src_ip"":""10.0.9.11"",""src_port"":65532,""dest_ip"":""10.0.9.9"",""dest_port"":4789,""proto"":""UDP"",""depth"":1,""pkt_src"":""wire/pcap""},""app_proto"":""smb"",""direction"":""to_client"",""flow"":{""pkts_toserver"":250,""pkts_toclient"":241,""bytes_toserver"":88478,""bytes_toclient"":62614,""start"":""2025-03-28T14:30:31.381169+0000"",""src_ip"":""10.0.9.30"",""dest_ip"":""10.0.9.11"",""src_port"":57006,""dest_port"":445},""capture_file"":""/var/log/suricata/nsm_data//log.pcap.1743171866"",""source"":""suricata""}";
"2025-03-28T14:30:33.278+0000";"DC1";"5";"Logon Failure - Unknown user or bad password";"damon";;"""An account failed to log on.

Subject:
	Security ID:		S-1-0-0
	Account Name:		-
	Account Domain:		-
	Logon ID:		0x0

Logon Type:			3

Account For Which Logon Failed:
	Security ID:		S-1-0-0
	Account Name:		damon
	Account Domain:		PLUMETECH.LOCAL

Failure Information:
	Failure Reason:		Unknown user name or bad password.
	Status:			0xC000006D
	Sub Status:		0xC000006A

Process Information:
	Caller Process ID:	0x0
	Caller Process Name:	-

Network Information:
	Workstation Name:	-
	Source Network Address:	10.0.9.30
	Source Port:		57006

Detailed Authentication Information:
	Logon Process:		NtLmSsp 
	Authentication Package:	NTLM
	Transited Services:	-
	Package Name (NTLM only):	-
	Key Length:		0

This event is generated when a logon request fails. It is generated on the computer where access was attempted.

The Subject fields indicate the account on the local system which requested the logon. This is most commonly a service such as the Server service, or a local process such as Winlogon.exe or Services.exe.

The Logon Type field indicates the kind of logon that was requested. The most common types are 2 (interactive) and 3 (network).

The Process Information fields indicate which account and process on the system requested the logon.

The Network Information fields indicate where a remote logon request originated. Workstation name is not always available and may be left blank in some cases.

The authentication information fields provide detailed information about this specific logon request.
	- Transited services indicate which intermediate services have participated in this logon request.
	- Package name indicates which sub-protocol was used among the NTLM protocols.
	- Key length indicates the length of the generated session key. This will be 0 if no session key was requested."""
"2025-03-28T14:30:33.293+0000";"suricata";"3";"NTLM Challenge from 10.0.9.11 to 10.0.9.30";;"{""timestamp"":""2025-03-28T14:30:32.449493+0000"",""flow_id"":2200061243819594,""in_iface"":""ens5"",""event_type"":""alert"",""src_ip"":""10.0.9.11"",""src_port"":445,""dest_ip"":""10.0.9.30"",""dest_port"":57006,""proto"":""TCP"",""pkt_src"":""vxlan encapsulation"",""community_id"":""1:DpXKBNSbRKAHxXlwJ+V3UGGZEv0="",""alert"":{""action"":""allowed"",""gid"":1,""signature_id"":21,""rev"":2,""signature"":""NTLMSSP_CHALLENGE"",""category"":"""",""severity"":1,""metadata"":{""ntlmssp"":[""challenge""]}},""tunnel"":{""src_ip"":""10.0.9.30"",""src_port"":65486,""dest_ip"":""10.0.9.9"",""dest_port"":4789,""proto"":""UDP"",""depth"":1,""pkt_src"":""wire/pcap""},""app_proto"":""smb"",""direction"":""to_client"",""flow"":{""pkts_toserver"":290,""pkts_toclient"":281,""bytes_toserver"":103298,""bytes_toclient"":73034,""start"":""2025-03-28T14:30:31.381169+0000"",""src_ip"":""10.0.9.30"",""dest_ip"":""10.0.9.11"",""src_port"":57006,""dest_port"":445},""capture_file"":""/var/log/suricata/nsm_data//log.pcap.1743171866"",""source"":""suricata""}";
"2025-03-28T14:30:33.294+0000";"suricata";"3";"NTLM Challenge from 10.0.9.11 to 10.0.9.30";;"{""timestamp"":""2025-03-28T14:30:32.449493+0000"",""flow_id"":2200061243819594,""in_iface"":""ens5"",""event_type"":""alert"",""src_ip"":""10.0.9.11"",""src_port"":445,""dest_ip"":""10.0.9.30"",""dest_port"":57006,""proto"":""TCP"",""pkt_src"":""vxlan encapsulation"",""community_id"":""1:DpXKBNSbRKAHxXlwJ+V3UGGZEv0="",""alert"":{""action"":""allowed"",""gid"":1,""signature_id"":211,""rev"":2,""signature"":""NTLMSSP_CHALLENGE"",""category"":"""",""severity"":1,""metadata"":{""ntlmssp"":[""challenge""]}},""tunnel"":{""src_ip"":""10.0.9.30"",""src_port"":65486,""dest_ip"":""10.0.9.9"",""dest_port"":4789,""proto"":""UDP"",""depth"":1,""pkt_src"":""wire/pcap""},""app_proto"":""smb"",""direction"":""to_client"",""flow"":{""pkts_toserver"":290,""pkts_toclient"":281,""bytes_toserver"":103298,""bytes_toclient"":73034,""start"":""2025-03-28T14:30:31.381169+0000"",""src_ip"":""10.0.9.30"",""dest_ip"":""10.0.9.11"",""src_port"":57006,""dest_port"":445},""capture_file"":""/var/log/suricata/nsm_data//log.pcap.1743171866"",""source"":""suricata""}";
"2025-03-28T14:30:33.294+0000";"DC1";"5";"Logon Failure - Unknown user or bad password";"julian";;"""An account failed to log on.

Subject:
	Security ID:		S-1-0-0
	Account Name:		-
	Account Domain:		-
	Logon ID:		0x0

Logon Type:			3

Account For Which Logon Failed:
	Security ID:		S-1-0-0
	Account Name:		julian
	Account Domain:		PLUMETECH.LOCAL

Failure Information:
	Failure Reason:		Unknown user name or bad password.
	Status:			0xC000006D
	Sub Status:		0xC000006A

Process Information:
	Caller Process ID:	0x0
	Caller Process Name:	-

Network Information:
	Workstation Name:	-
	Source Network Address:	10.0.9.30
	Source Port:		57006

Detailed Authentication Information:
	Logon Process:		NtLmSsp 
	Authentication Package:	NTLM
	Transited Services:	-
	Package Name (NTLM only):	-
	Key Length:		0

This event is generated when a logon request fails. It is generated on the computer where access was attempted.

The Subject fields indicate the account on the local system which requested the logon. This is most commonly a service such as the Server service, or a local process such as Winlogon.exe or Services.exe.

The Logon Type field indicates the kind of logon that was requested. The most common types are 2 (interactive) and 3 (network).

The Process Information fields indicate which account and process on the system requested the logon.

The Network Information fields indicate where a remote logon request originated. Workstation name is not always available and may be left blank in some cases.

The authentication information fields provide detailed information about this specific logon request.
	- Transited services indicate which intermediate services have participated in this logon request.
	- Package name indicates which sub-protocol was used among the NTLM protocols.
	- Key length indicates the length of the generated session key. This will be 0 if no session key was requested."""
"2025-03-28T14:30:33.312+0000";"DC1";"5";"Logon Failure - Unknown user or bad password";"debbie";;"""An account failed to log on.

Subject:
	Security ID:		S-1-0-0
	Account Name:		-
	Account Domain:		-
	Logon ID:		0x0

Logon Type:			3

Account For Which Logon Failed:
	Security ID:		S-1-0-0
	Account Name:		debbie
	Account Domain:		PLUMETECH.LOCAL

Failure Information:
	Failure Reason:		Unknown user name or bad password.
	Status:			0xC000006D
	Sub Status:		0xC000006A

Process Information:
	Caller Process ID:	0x0
	Caller Process Name:	-

Network Information:
	Workstation Name:	-
	Source Network Address:	10.0.9.30
	Source Port:		57006

Detailed Authentication Information:
	Logon Process:		NtLmSsp 
	Authentication Package:	NTLM
	Transited Services:	-
	Package Name (NTLM only):	-
	Key Length:		0

This event is generated when a logon request fails. It is generated on the computer where access was attempted.

The Subject fields indicate the account on the local system which requested the logon. This is most commonly a service such as the Server service, or a local process such as Winlogon.exe or Services.exe.

The Logon Type field indicates the kind of logon that was requested. The most common types are 2 (interactive) and 3 (network).

The Process Information fields indicate which account and process on the system requested the logon.

The Network Information fields indicate where a remote logon request originated. Workstation name is not always available and may be left blank in some cases.

The authentication information fields provide detailed information about this specific logon request.
	- Transited services indicate which intermediate services have participated in this logon request.
	- Package name indicates which sub-protocol was used among the NTLM protocols.
	- Key length indicates the length of the generated session key. This will be 0 if no session key was requested."""
"2025-03-28T14:30:33.316+0000";"suricata";"3";"NTLM Challenge from 10.0.9.11 to 10.0.9.30";;"{""timestamp"":""2025-03-28T14:30:32.611788+0000"",""flow_id"":2200061243819594,""in_iface"":""ens5"",""event_type"":""alert"",""src_ip"":""10.0.9.11"",""src_port"":445,""dest_ip"":""10.0.9.30"",""dest_port"":57006,""proto"":""TCP"",""pkt_src"":""vxlan encapsulation"",""community_id"":""1:DpXKBNSbRKAHxXlwJ+V3UGGZEv0="",""alert"":{""action"":""allowed"",""gid"":1,""signature_id"":21,""rev"":2,""signature"":""NTLMSSP_CHALLENGE"",""category"":"""",""severity"":1,""metadata"":{""ntlmssp"":[""challenge""]}},""tunnel"":{""src_ip"":""10.0.9.11"",""src_port"":65532,""dest_ip"":""10.0.9.9"",""dest_port"":4789,""proto"":""UDP"",""depth"":1,""pkt_src"":""wire/pcap""},""app_proto"":""smb"",""direction"":""to_client"",""flow"":{""pkts_toserver"":330,""pkts_toclient"":321,""bytes_toserver"":118118,""bytes_toclient"":83454,""start"":""2025-03-28T14:30:31.381169+0000"",""src_ip"":""10.0.9.30"",""dest_ip"":""10.0.9.11"",""src_port"":57006,""dest_port"":445},""capture_file"":""/var/log/suricata/nsm_data//log.pcap.1743171866"",""source"":""suricata""}";
"2025-03-28T14:30:33.318+0000";"suricata";"3";"NTLM Challenge from 10.0.9.11 to 10.0.9.30";;"{""timestamp"":""2025-03-28T14:30:32.611788+0000"",""flow_id"":2200061243819594,""in_iface"":""ens5"",""event_type"":""alert"",""src_ip"":""10.0.9.11"",""src_port"":445,""dest_ip"":""10.0.9.30"",""dest_port"":57006,""proto"":""TCP"",""pkt_src"":""vxlan encapsulation"",""community_id"":""1:DpXKBNSbRKAHxXlwJ+V3UGGZEv0="",""alert"":{""action"":""allowed"",""gid"":1,""signature_id"":211,""rev"":2,""signature"":""NTLMSSP_CHALLENGE"",""category"":"""",""severity"":1,""metadata"":{""ntlmssp"":[""challenge""]}},""tunnel"":{""src_ip"":""10.0.9.11"",""src_port"":65532,""dest_ip"":""10.0.9.9"",""dest_port"":4789,""proto"":""UDP"",""depth"":1,""pkt_src"":""wire/pcap""},""app_proto"":""smb"",""direction"":""to_client"",""flow"":{""pkts_toserver"":330,""pkts_toclient"":321,""bytes_toserver"":118118,""bytes_toclient"":83454,""start"":""2025-03-28T14:30:31.381169+0000"",""src_ip"":""10.0.9.30"",""dest_ip"":""10.0.9.11"",""src_port"":57006,""dest_port"":445},""capture_file"":""/var/log/suricata/nsm_data//log.pcap.1743171866"",""source"":""suricata""}";
"2025-03-28T14:30:33.340+0000";"suricata";"3";"NTLM Challenge from 10.0.9.11 to 10.0.9.30";;"{""timestamp"":""2025-03-28T14:30:32.740386+0000"",""flow_id"":2200061243819594,""in_iface"":""ens5"",""event_type"":""alert"",""src_ip"":""10.0.9.11"",""src_port"":445,""dest_ip"":""10.0.9.30"",""dest_port"":57006,""proto"":""TCP"",""pkt_src"":""vxlan encapsulation"",""community_id"":""1:DpXKBNSbRKAHxXlwJ+V3UGGZEv0="",""alert"":{""action"":""allowed"",""gid"":1,""signature_id"":21,""rev"":2,""signature"":""NTLMSSP_CHALLENGE"",""category"":"""",""severity"":1,""metadata"":{""ntlmssp"":[""challenge""]}},""tunnel"":{""src_ip"":""10.0.9.11"",""src_port"":65532,""dest_ip"":""10.0.9.9"",""dest_port"":4789,""proto"":""UDP"",""depth"":1,""pkt_src"":""wire/pcap""},""app_proto"":""smb"",""direction"":""to_client"",""flow"":{""pkts_toserver"":370,""pkts_toclient"":361,""bytes_toserver"":132938,""bytes_toclient"":93874,""start"":""2025-03-28T14:30:31.381169+0000"",""src_ip"":""10.0.9.30"",""dest_ip"":""10.0.9.11"",""src_port"":57006,""dest_port"":445},""capture_file"":""/var/log/suricata/nsm_data//log.pcap.1743171866"",""source"":""suricata""}";
"2025-03-28T14:30:33.341+0000";"suricata";"3";"NTLM Challenge from 10.0.9.11 to 10.0.9.30";;"{""timestamp"":""2025-03-28T14:30:32.740386+0000"",""flow_id"":2200061243819594,""in_iface"":""ens5"",""event_type"":""alert"",""src_ip"":""10.0.9.11"",""src_port"":445,""dest_ip"":""10.0.9.30"",""dest_port"":57006,""proto"":""TCP"",""pkt_src"":""vxlan encapsulation"",""community_id"":""1:DpXKBNSbRKAHxXlwJ+V3UGGZEv0="",""alert"":{""action"":""allowed"",""gid"":1,""signature_id"":211,""rev"":2,""signature"":""NTLMSSP_CHALLENGE"",""category"":"""",""severity"":1,""metadata"":{""ntlmssp"":[""challenge""]}},""tunnel"":{""src_ip"":""10.0.9.11"",""src_port"":65532,""dest_ip"":""10.0.9.9"",""dest_port"":4789,""proto"":""UDP"",""depth"":1,""pkt_src"":""wire/pcap""},""app_proto"":""smb"",""direction"":""to_client"",""flow"":{""pkts_toserver"":370,""pkts_toclient"":361,""bytes_toserver"":132938,""bytes_toclient"":93874,""start"":""2025-03-28T14:30:31.381169+0000"",""src_ip"":""10.0.9.30"",""dest_ip"":""10.0.9.11"",""src_port"":57006,""dest_port"":445},""capture_file"":""/var/log/suricata/nsm_data//log.pcap.1743171866"",""source"":""suricata""}";
"2025-03-28T14:30:33.341+0000";"DC1";"5";"Logon Failure - Unknown user or bad password";"marla";;"""An account failed to log on.

Subject:
	Security ID:		S-1-0-0
	Account Name:		-
	Account Domain:		-
	Logon ID:		0x0

Logon Type:			3

Account For Which Logon Failed:
	Security ID:		S-1-0-0
	Account Name:		marla
	Account Domain:		PLUMETECH.LOCAL

Failure Information:
	Failure Reason:		Unknown user name or bad password.
	Status:			0xC000006D
	Sub Status:		0xC000006A

Process Information:
	Caller Process ID:	0x0
	Caller Process Name:	-

Network Information:
	Workstation Name:	-
	Source Network Address:	10.0.9.30
	Source Port:		57006

Detailed Authentication Information:
	Logon Process:		NtLmSsp 
	Authentication Package:	NTLM
	Transited Services:	-
	Package Name (NTLM only):	-
	Key Length:		0

This event is generated when a logon request fails. It is generated on the computer where access was attempted.

The Subject fields indicate the account on the local system which requested the logon. This is most commonly a service such as the Server service, or a local process such as Winlogon.exe or Services.exe.

The Logon Type field indicates the kind of logon that was requested. The most common types are 2 (interactive) and 3 (network).

The Process Information fields indicate which account and process on the system requested the logon.

The Network Information fields indicate where a remote logon request originated. Workstation name is not always available and may be left blank in some cases.

The authentication information fields provide detailed information about this specific logon request.
	- Transited services indicate which intermediate services have participated in this logon request.
	- Package name indicates which sub-protocol was used among the NTLM protocols.
	- Key length indicates the length of the generated session key. This will be 0 if no session key was requested."""
"2025-03-28T14:30:33.362+0000";"DC1";"5";"Logon Failure - Unknown user or bad password";"damon";;"""An account failed to log on.

Subject:
	Security ID:		S-1-0-0
	Account Name:		-
	Account Domain:		-
	Logon ID:		0x0

Logon Type:			3

Account For Which Logon Failed:
	Security ID:		S-1-0-0
	Account Name:		damon
	Account Domain:		PLUMETECH.LOCAL

Failure Information:
	Failure Reason:		Unknown user name or bad password.
	Status:			0xC000006D
	Sub Status:		0xC000006A

Process Information:
	Caller Process ID:	0x0
	Caller Process Name:	-

Network Information:
	Workstation Name:	-
	Source Network Address:	10.0.9.30
	Source Port:		57006

Detailed Authentication Information:
	Logon Process:		NtLmSsp 
	Authentication Package:	NTLM
	Transited Services:	-
	Package Name (NTLM only):	-
	Key Length:		0

This event is generated when a logon request fails. It is generated on the computer where access was attempted.

The Subject fields indicate the account on the local system which requested the logon. This is most commonly a service such as the Server service, or a local process such as Winlogon.exe or Services.exe.

The Logon Type field indicates the kind of logon that was requested. The most common types are 2 (interactive) and 3 (network).

The Process Information fields indicate which account and process on the system requested the logon.

The Network Information fields indicate where a remote logon request originated. Workstation name is not always available and may be left blank in some cases.

The authentication information fields provide detailed information about this specific logon request.
	- Transited services indicate which intermediate services have participated in this logon request.
	- Package name indicates which sub-protocol was used among the NTLM protocols.
	- Key length indicates the length of the generated session key. This will be 0 if no session key was requested."""
"2025-03-28T14:30:33.363+0000";"suricata";"3";"NTLM Challenge from 10.0.9.11 to 10.0.9.30";;"{""timestamp"":""2025-03-28T14:30:32.855454+0000"",""flow_id"":2200061243819594,""in_iface"":""ens5"",""event_type"":""alert"",""src_ip"":""10.0.9.11"",""src_port"":445,""dest_ip"":""10.0.9.30"",""dest_port"":57006,""proto"":""TCP"",""pkt_src"":""vxlan encapsulation"",""community_id"":""1:DpXKBNSbRKAHxXlwJ+V3UGGZEv0="",""alert"":{""action"":""allowed"",""gid"":1,""signature_id"":21,""rev"":2,""signature"":""NTLMSSP_CHALLENGE"",""category"":"""",""severity"":1,""metadata"":{""ntlmssp"":[""challenge""]}},""tunnel"":{""src_ip"":""10.0.9.11"",""src_port"":65532,""dest_ip"":""10.0.9.9"",""dest_port"":4789,""proto"":""UDP"",""depth"":1,""pkt_src"":""wire/pcap""},""app_proto"":""smb"",""direction"":""to_client"",""flow"":{""pkts_toserver"":410,""pkts_toclient"":401,""bytes_toserver"":147758,""bytes_toclient"":104294,""start"":""2025-03-28T14:30:31.381169+0000"",""src_ip"":""10.0.9.30"",""dest_ip"":""10.0.9.11"",""src_port"":57006,""dest_port"":445},""capture_file"":""/var/log/suricata/nsm_data//log.pcap.1743171866"",""source"":""suricata""}";
"2025-03-28T14:30:33.364+0000";"suricata";"3";"NTLM Challenge from 10.0.9.11 to 10.0.9.30";;"{""timestamp"":""2025-03-28T14:30:32.855454+0000"",""flow_id"":2200061243819594,""in_iface"":""ens5"",""event_type"":""alert"",""src_ip"":""10.0.9.11"",""src_port"":445,""dest_ip"":""10.0.9.30"",""dest_port"":57006,""proto"":""TCP"",""pkt_src"":""vxlan encapsulation"",""community_id"":""1:DpXKBNSbRKAHxXlwJ+V3UGGZEv0="",""alert"":{""action"":""allowed"",""gid"":1,""signature_id"":211,""rev"":2,""signature"":""NTLMSSP_CHALLENGE"",""category"":"""",""severity"":1,""metadata"":{""ntlmssp"":[""challenge""]}},""tunnel"":{""src_ip"":""10.0.9.11"",""src_port"":65532,""dest_ip"":""10.0.9.9"",""dest_port"":4789,""proto"":""UDP"",""depth"":1,""pkt_src"":""wire/pcap""},""app_proto"":""smb"",""direction"":""to_client"",""flow"":{""pkts_toserver"":410,""pkts_toclient"":401,""bytes_toserver"":147758,""bytes_toclient"":104294,""start"":""2025-03-28T14:30:31.381169+0000"",""src_ip"":""10.0.9.30"",""dest_ip"":""10.0.9.11"",""src_port"":57006,""dest_port"":445},""capture_file"":""/var/log/suricata/nsm_data//log.pcap.1743171866"",""source"":""suricata""}";
"2025-03-28T14:30:33.387+0000";"suricata";"3";"NTLM Challenge from 10.0.9.11 to 10.0.9.30";;"{""timestamp"":""2025-03-28T14:30:32.990824+0000"",""flow_id"":2200061243819594,""in_iface"":""ens5"",""event_type"":""alert"",""src_ip"":""10.0.9.11"",""src_port"":445,""dest_ip"":""10.0.9.30"",""dest_port"":57006,""proto"":""TCP"",""pkt_src"":""vxlan encapsulation"",""community_id"":""1:DpXKBNSbRKAHxXlwJ+V3UGGZEv0="",""alert"":{""action"":""allowed"",""gid"":1,""signature_id"":21,""rev"":2,""signature"":""NTLMSSP_CHALLENGE"",""category"":"""",""severity"":1,""metadata"":{""ntlmssp"":[""challenge""]}},""tunnel"":{""src_ip"":""10.0.9.11"",""src_port"":65532,""dest_ip"":""10.0.9.9"",""dest_port"":4789,""proto"":""UDP"",""depth"":1,""pkt_src"":""wire/pcap""},""app_proto"":""smb"",""direction"":""to_client"",""flow"":{""pkts_toserver"":450,""pkts_toclient"":441,""bytes_toserver"":162578,""bytes_toclient"":114714,""start"":""2025-03-28T14:30:31.381169+0000"",""src_ip"":""10.0.9.30"",""dest_ip"":""10.0.9.11"",""src_port"":57006,""dest_port"":445},""capture_file"":""/var/log/suricata/nsm_data//log.pcap.1743171866"",""source"":""suricata""}";
"2025-03-28T14:30:33.387+0000";"suricata";"3";"NTLM Challenge from 10.0.9.11 to 10.0.9.30";;"{""timestamp"":""2025-03-28T14:30:32.990824+0000"",""flow_id"":2200061243819594,""in_iface"":""ens5"",""event_type"":""alert"",""src_ip"":""10.0.9.11"",""src_port"":445,""dest_ip"":""10.0.9.30"",""dest_port"":57006,""proto"":""TCP"",""pkt_src"":""vxlan encapsulation"",""community_id"":""1:DpXKBNSbRKAHxXlwJ+V3UGGZEv0="",""alert"":{""action"":""allowed"",""gid"":1,""signature_id"":211,""rev"":2,""signature"":""NTLMSSP_CHALLENGE"",""category"":"""",""severity"":1,""metadata"":{""ntlmssp"":[""challenge""]}},""tunnel"":{""src_ip"":""10.0.9.11"",""src_port"":65532,""dest_ip"":""10.0.9.9"",""dest_port"":4789,""proto"":""UDP"",""depth"":1,""pkt_src"":""wire/pcap""},""app_proto"":""smb"",""direction"":""to_client"",""flow"":{""pkts_toserver"":450,""pkts_toclient"":441,""bytes_toserver"":162578,""bytes_toclient"":114714,""start"":""2025-03-28T14:30:31.381169+0000"",""src_ip"":""10.0.9.30"",""dest_ip"":""10.0.9.11"",""src_port"":57006,""dest_port"":445},""capture_file"":""/var/log/suricata/nsm_data//log.pcap.1743171866"",""source"":""suricata""}";
"2025-03-28T14:30:33.402+0000";"DC1";"5";"Logon Failure - Unknown user or bad password";"julian";;"""An account failed to log on.

Subject:
	Security ID:		S-1-0-0
	Account Name:		-
	Account Domain:		-
	Logon ID:		0x0

Logon Type:			3

Account For Which Logon Failed:
	Security ID:		S-1-0-0
	Account Name:		julian
	Account Domain:		PLUMETECH.LOCAL

Failure Information:
	Failure Reason:		Unknown user name or bad password.
	Status:			0xC000006D
	Sub Status:		0xC000006A

Process Information:
	Caller Process ID:	0x0
	Caller Process Name:	-

Network Information:
	Workstation Name:	-
	Source Network Address:	10.0.9.30
	Source Port:		57006

Detailed Authentication Information:
	Logon Process:		NtLmSsp 
	Authentication Package:	NTLM
	Transited Services:	-
	Package Name (NTLM only):	-
	Key Length:		0

This event is generated when a logon request fails. It is generated on the computer where access was attempted.

The Subject fields indicate the account on the local system which requested the logon. This is most commonly a service such as the Server service, or a local process such as Winlogon.exe or Services.exe.

The Logon Type field indicates the kind of logon that was requested. The most common types are 2 (interactive) and 3 (network).

The Process Information fields indicate which account and process on the system requested the logon.

The Network Information fields indicate where a remote logon request originated. Workstation name is not always available and may be left blank in some cases.

The authentication information fields provide detailed information about this specific logon request.
	- Transited services indicate which intermediate services have participated in this logon request.
	- Package name indicates which sub-protocol was used among the NTLM protocols.
	- Key length indicates the length of the generated session key. This will be 0 if no session key was requested."""
