2025-03-28T10:29:03.294Z,CLI1,low,3,Windows Logon Success,"""An account was successfully logged on.

Subject:
	Security ID:		S-1-5-18
	Account Name:		CLI1$
	Account Domain:		PLUMETECH
	Logon ID:		0x3E7

Logon Information:
	Logon Type:		3
	Restricted Admin Mode:	-
	Virtual Account:		No
	Elevated Token:		Yes

Impersonation Level:		Impersonation

New Logon:
	Security ID:		S-1-5-21-3490507280-2336146126-2311322662-500
	Account Name:		Administrator
	Account Domain:		CLI1
	Logon ID:		0x15C2867
	Linked Logon ID:		0x0
	Network Account Name:	-
	Network Account Domain:	-
	Logon GUID:		{00000000-0000-0000-0000-000000000000}

Process Information:
	Process ID:		0xaec
	Process Name:		C:\Windows\System32\OpenSSH\sshd.exe

Network Information:
	Workstation Name:	-
	Source Network Address:	-
	Source Port:		-

Detailed Authentication Information:
	Logon Process:		sshd
	Authentication Package:	MICROSOFT_AUTHENTICATION_PACKAGE_V1_0
	Transited Services:	-
	Package Name (NTLM only):	-
	Key Length:		0

This event is generated when a logon session is created. It is generated on the computer that was accessed.

The subject fields indicate the account on the local system which requested the logon. This is most commonly a service such as the Server service, or a local process such as Winlogon.exe or Services.exe.

The logon type field indicates the kind of logon that occurred. The most common types are 2 (interactive) and 3 (network).

The New Logon fields indicate the account for whom the new logon was created, i.e. the account that was logged on.

The network fields indicate where a remote logon request originated. Workstation name is not always available and may be left blank in some cases.

The impersonation level field indicates the extent to which a process in the logon session can impersonate.

The authentication information fields provide detailed information about this specific logon request.
	- Logon GUID is a unique identifier that can be used to correlate this event with a KDC event.
	- Transited services indicate which intermediate services have participated in this logon request.
	- Package name indicates which sub-protocol was used among the NTLM protocols.
	- Key length indicates the length of the generated session key. This will be 0 if no session key was requested."""
2025-03-28T10:29:03.305Z,ENG1,low,3,Windows Logon Success,"""An account was successfully logged on.

Subject:
	Security ID:		S-1-5-18
	Account Name:		ENG1$
	Account Domain:		WORKGROUP
	Logon ID:		0x3E7

Logon Information:
	Logon Type:		3
	Restricted Admin Mode:	-
	Remote Credential Guard:	-
	Virtual Account:		No
	Elevated Token:		Yes

Impersonation Level:		Impersonation

New Logon:
	Security ID:		S-1-5-21-3248427853-3497112689-1838513565-500
	Account Name:		Administrator
	Account Domain:		ENG1
	Logon ID:		0x546802
	Linked Logon ID:		0x0
	Network Account Name:	-
	Network Account Domain:	-
	Logon GUID:		{00000000-0000-0000-0000-000000000000}

Process Information:
	Process ID:		0xd20
	Process Name:		C:\Windows\System32\OpenSSH\sshd.exe

Network Information:
	Workstation Name:	-
	Source Network Address:	-
	Source Port:		-

Detailed Authentication Information:
	Logon Process:		sshd
	Authentication Package:	MICROSOFT_AUTHENTICATION_PACKAGE_V1_0
	Transited Services:	-
	Package Name (NTLM only):	-
	Key Length:		0

This event is generated when a logon session is created. It is generated on the computer that was accessed.

The subject fields indicate the account on the local system which requested the logon. This is most commonly a service such as the Server service, or a local process such as Winlogon.exe or Services.exe.

The logon type field indicates the kind of logon that occurred. The most common types are 2 (interactive) and 3 (network).

The New Logon fields indicate the account for whom the new logon was created, i.e. the account that was logged on.

The network fields indicate where a remote logon request originated. Workstation name is not always available and may be left blank in some cases.

The impersonation level field indicates the extent to which a process in the logon session can impersonate.

The authentication information fields provide detailed information about this specific logon request.
	- Logon GUID is a unique identifier that can be used to correlate this event with a KDC event.
	- Transited services indicate which intermediate services have participated in this logon request.
	- Package name indicates which sub-protocol was used among the NTLM protocols.
	- Key length indicates the length of the generated session key. This will be 0 if no session key was requested."""
2025-03-28T10:29:03.313Z,CLI1,low,3,Windows Logon Success,"""An account was successfully logged on.

Subject:
	Security ID:		S-1-5-18
	Account Name:		CLI1$
	Account Domain:		PLUMETECH
	Logon ID:		0x3E7

Logon Information:
	Logon Type:		3
	Restricted Admin Mode:	-
	Virtual Account:		No
	Elevated Token:		Yes

Impersonation Level:		Impersonation

New Logon:
	Security ID:		S-1-5-21-3490507280-2336146126-2311322662-500
	Account Name:		Administrator
	Account Domain:		CLI1
	Logon ID:		0x15C2988
	Linked Logon ID:		0x0
	Network Account Name:	-
	Network Account Domain:	-
	Logon GUID:		{00000000-0000-0000-0000-000000000000}

Process Information:
	Process ID:		0xaec
	Process Name:		C:\Windows\System32\OpenSSH\sshd.exe

Network Information:
	Workstation Name:	-
	Source Network Address:	-
	Source Port:		-

Detailed Authentication Information:
	Logon Process:		sshd
	Authentication Package:	MICROSOFT_AUTHENTICATION_PACKAGE_V1_0
	Transited Services:	-
	Package Name (NTLM only):	-
	Key Length:		0

This event is generated when a logon session is created. It is generated on the computer that was accessed.

The subject fields indicate the account on the local system which requested the logon. This is most commonly a service such as the Server service, or a local process such as Winlogon.exe or Services.exe.

The logon type field indicates the kind of logon that occurred. The most common types are 2 (interactive) and 3 (network).

The New Logon fields indicate the account for whom the new logon was created, i.e. the account that was logged on.

The network fields indicate where a remote logon request originated. Workstation name is not always available and may be left blank in some cases.

The impersonation level field indicates the extent to which a process in the logon session can impersonate.

The authentication information fields provide detailed information about this specific logon request.
	- Logon GUID is a unique identifier that can be used to correlate this event with a KDC event.
	- Transited services indicate which intermediate services have participated in this logon request.
	- Package name indicates which sub-protocol was used among the NTLM protocols.
	- Key length indicates the length of the generated session key. This will be 0 if no session key was requested."""
2025-03-28T10:29:03.317Z,ENG1,low,3,Special privileges assigned to new logon.,"""Special privileges assigned to new logon.

Subject:
	Security ID:		S-1-5-21-3248427853-3497112689-1838513565-500
	Account Name:		Administrator
	Account Domain:		ENG1
	Logon ID:		0x546802

Privileges:		SeSecurityPrivilege
			SeTakeOwnershipPrivilege
			SeLoadDriverPrivilege
			SeBackupPrivilege
			SeRestorePrivilege
			SeDebugPrivilege
			SeSystemEnvironmentPrivilege
			SeImpersonatePrivilege
			SeDelegateSessionUserImpersonatePrivilege"""
2025-03-28T10:29:03.523Z,DC1,low,3,Evidence of new service creation found in registry under HKLM\\System\\CurrentControlSet\\Services\\CaptureService_17ef0f9\\ImagePath binary is: C:\\Windows\\system32\\svchost.exe -k LocalService -p,"""Registry value set:
RuleName: T1031,T1050
EventType: SetValue
UtcTime: 2025-03-28 10:29:03.036
ProcessGuid: {9fce5cbe-47d8-67e6-0b00-000000001402}
ProcessId: 824
Image: C:\Windows\system32\services.exe
TargetObject: HKLM\System\CurrentControlSet\Services\CaptureService_17ef0f9\ImagePath
Details: C:\Windows\system32\svchost.exe -k LocalService -p
User: NT AUTHORITY\SYSTEM"""
2025-03-28T10:29:03.555Z,DC1,low,3,Evidence of new service creation found in registry under HKLM\\System\\CurrentControlSet\\Services\\cbdhsvc_17ef0f9\\ImagePath binary is: C:\\Windows\\system32\\svchost.exe -k ClipboardSvcGroup -p,"""Registry value set:
RuleName: T1031,T1050
EventType: SetValue
UtcTime: 2025-03-28 10:29:03.059
ProcessGuid: {9fce5cbe-47d8-67e6-0b00-000000001402}
ProcessId: 824
Image: C:\Windows\system32\services.exe
TargetObject: HKLM\System\CurrentControlSet\Services\cbdhsvc_17ef0f9\ImagePath
Details: C:\Windows\system32\svchost.exe -k ClipboardSvcGroup -p
User: NT AUTHORITY\SYSTEM"""
2025-03-28T10:29:03.587Z,DC1,low,3,Evidence of new service creation found in registry under HKLM\\System\\CurrentControlSet\\Services\\CDPUserSvc_17ef0f9\\ImagePath binary is: C:\\Windows\\system32\\svchost.exe -k UnistackSvcGroup,"""Registry value set:
RuleName: T1031,T1050
EventType: SetValue
UtcTime: 2025-03-28 10:29:03.085
ProcessGuid: {9fce5cbe-47d8-67e6-0b00-000000001402}
ProcessId: 824
Image: C:\Windows\system32\services.exe
TargetObject: HKLM\System\CurrentControlSet\Services\CDPUserSvc_17ef0f9\ImagePath
Details: C:\Windows\system32\svchost.exe -k UnistackSvcGroup
User: NT AUTHORITY\SYSTEM"""
2025-03-28T10:29:03.627Z,DC1,low,3,Evidence of new service creation found in registry under HKLM\\System\\CurrentControlSet\\Services\\ConsentUxUserSvc_17ef0f9\\ImagePath binary is: C:\\Windows\\system32\\svchost.exe -k DevicesFlow,"""Registry value set:
RuleName: T1031,T1050
EventType: SetValue
UtcTime: 2025-03-28 10:29:03.091
ProcessGuid: {9fce5cbe-47d8-67e6-0b00-000000001402}
ProcessId: 824
Image: C:\Windows\system32\services.exe
TargetObject: HKLM\System\CurrentControlSet\Services\ConsentUxUserSvc_17ef0f9\ImagePath
Details: C:\Windows\system32\svchost.exe -k DevicesFlow
User: NT AUTHORITY\SYSTEM"""
2025-03-28T10:29:03.652Z,DC1,low,3,Evidence of new service creation found in registry under HKLM\\System\\CurrentControlSet\\Services\\CredentialEnrollmentManagerUserSvc_17ef0f9\\ImagePath binary is: C:\\Windows\\system32\\CredentialEnrollmentManager.exe,"""Registry value set:
RuleName: T1031,T1050
EventType: SetValue
UtcTime: 2025-03-28 10:29:03.101
ProcessGuid: {9fce5cbe-47d8-67e6-0b00-000000001402}
ProcessId: 824
Image: C:\Windows\system32\services.exe
TargetObject: HKLM\System\CurrentControlSet\Services\CredentialEnrollmentManagerUserSvc_17ef0f9\ImagePath
Details: C:\Windows\system32\CredentialEnrollmentManager.exe
User: NT AUTHORITY\SYSTEM"""
2025-03-28T10:29:03.697Z,DC1,low,3,Evidence of new service creation found in registry under HKLM\\System\\CurrentControlSet\\Services\\DeviceAssociationBrokerSvc_17ef0f9\\ImagePath binary is: C:\\Windows\\system32\\svchost.exe -k DevicesFlow -p,"""Registry value set:
RuleName: T1031,T1050
EventType: SetValue
UtcTime: 2025-03-28 10:29:03.117
ProcessGuid: {9fce5cbe-47d8-67e6-0b00-000000001402}
ProcessId: 824
Image: C:\Windows\system32\services.exe
TargetObject: HKLM\System\CurrentControlSet\Services\DeviceAssociationBrokerSvc_17ef0f9\ImagePath
Details: C:\Windows\system32\svchost.exe -k DevicesFlow -p
User: NT AUTHORITY\SYSTEM"""
2025-03-28T10:29:03.715Z,DC1,low,3,Evidence of new service creation found in registry under HKLM\\System\\CurrentControlSet\\Services\\DevicePickerUserSvc_17ef0f9\\ImagePath binary is: C:\\Windows\\system32\\svchost.exe -k DevicesFlow,"""Registry value set:
RuleName: T1031,T1050
EventType: SetValue
UtcTime: 2025-03-28 10:29:03.122
ProcessGuid: {9fce5cbe-47d8-67e6-0b00-000000001402}
ProcessId: 824
Image: C:\Windows\system32\services.exe
TargetObject: HKLM\System\CurrentControlSet\Services\DevicePickerUserSvc_17ef0f9\ImagePath
Details: C:\Windows\system32\svchost.exe -k DevicesFlow
User: NT AUTHORITY\SYSTEM"""
2025-03-28T10:29:03.766Z,DC1,low,3,Evidence of new service creation found in registry under HKLM\\System\\CurrentControlSet\\Services\\DevicesFlowUserSvc_17ef0f9\\ImagePath binary is: C:\\Windows\\system32\\svchost.exe -k DevicesFlow,"""Registry value set:
RuleName: T1031,T1050
EventType: SetValue
UtcTime: 2025-03-28 10:29:03.122
ProcessGuid: {9fce5cbe-47d8-67e6-0b00-000000001402}
ProcessId: 824
Image: C:\Windows\system32\services.exe
TargetObject: HKLM\System\CurrentControlSet\Services\DevicesFlowUserSvc_17ef0f9\ImagePath
Details: C:\Windows\system32\svchost.exe -k DevicesFlow
User: NT AUTHORITY\SYSTEM"""
2025-03-28T10:29:03.777Z,DC1,low,3,Evidence of new service creation found in registry under HKLM\\System\\CurrentControlSet\\Services\\PimIndexMaintenanceSvc_17ef0f9\\ImagePath binary is: C:\\Windows\\system32\\svchost.exe -k UnistackSvcGroup,"""Registry value set:
RuleName: T1031,T1050
EventType: SetValue
UtcTime: 2025-03-28 10:29:03.133
ProcessGuid: {9fce5cbe-47d8-67e6-0b00-000000001402}
ProcessId: 824
Image: C:\Windows\system32\services.exe
TargetObject: HKLM\System\CurrentControlSet\Services\PimIndexMaintenanceSvc_17ef0f9\ImagePath
Details: C:\Windows\system32\svchost.exe -k UnistackSvcGroup
User: NT AUTHORITY\SYSTEM"""
2025-03-28T10:29:03.810Z,DC1,low,3,Evidence of new service creation found in registry under HKLM\\System\\CurrentControlSet\\Services\\PrintWorkflowUserSvc_17ef0f9\\ImagePath binary is: C:\\Windows\\system32\\svchost.exe -k PrintWorkflow,"""Registry value set:
RuleName: T1031,T1050
EventType: SetValue
UtcTime: 2025-03-28 10:29:03.133
ProcessGuid: {9fce5cbe-47d8-67e6-0b00-000000001402}
ProcessId: 824
Image: C:\Windows\system32\services.exe
TargetObject: HKLM\System\CurrentControlSet\Services\PrintWorkflowUserSvc_17ef0f9\ImagePath
Details: C:\Windows\system32\svchost.exe -k PrintWorkflow
User: NT AUTHORITY\SYSTEM"""
2025-03-28T10:29:03.853Z,DC1,low,3,Evidence of new service creation found in registry under HKLM\\System\\CurrentControlSet\\Services\\UdkUserSvc_17ef0f9\\ImagePath binary is: C:\\Windows\\system32\\svchost.exe -k UdkSvcGroup,"""Registry value set:
RuleName: T1031,T1050
EventType: SetValue
UtcTime: 2025-03-28 10:29:03.133
ProcessGuid: {9fce5cbe-47d8-67e6-0b00-000000001402}
ProcessId: 824
Image: C:\Windows\system32\services.exe
TargetObject: HKLM\System\CurrentControlSet\Services\UdkUserSvc_17ef0f9\ImagePath
Details: C:\Windows\system32\svchost.exe -k UdkSvcGroup
User: NT AUTHORITY\SYSTEM"""
2025-03-28T10:29:03.861Z,suricata,low,3,Informational Suricata Alert: ET INFO Microsoft Connection Test,"{""timestamp"":""2025-03-28T10:29:03.484351+0000"",""flow_id"":2056372954479131,""in_iface"":""ens5"",""event_type"":""alert"",""src_ip"":""10.0.2.11"",""src_port"":51390,""dest_ip"":""184.25.50.104"",""dest_port"":80,""proto"":""TCP"",""pkt_src"":""vxlan encapsulation"",""community_id"":""1:bpv/tbK1iwpCnzCM1Rbpw6+6Ra0="",""tx_id"":0,""alert"":{""action"":""allowed"",""gid"":1,""signature_id"":2031071,""rev"":5,""signature"":""ET INFO Microsoft Connection Test"",""category"":""Misc activity"",""severity"":3,""metadata"":{""confidence"":[""High""],""created_at"":[""2020_10_21""],""performance_impact"":[""Low""],""signature_severity"":[""Informational""],""updated_at"":[""2024_03_26""]}},""tunnel"":{""src_ip"":""10.0.2.11"",""src_port"":65463,""dest_ip"":""10.0.2.9"",""dest_port"":4789,""proto"":""UDP"",""depth"":1,""pkt_src"":""wire/pcap""},""http"":{""hostname"":""www.msftconnecttest.com"",""url"":""/connecttest.txt"",""http_user_agent"":""Microsoft NCSI"",""http_content_type"":""text/plain"",""http_method"":""GET"",""protocol"":""HTTP/1.1"",""status"":200,""length"":22},""app_proto"":""http"",""direction"":""to_server"",""flow"":{""pkts_toserver"":4,""pkts_toclient"":4,""bytes_toserver"":283,""bytes_toclient"":359,""start"":""2025-03-28T10:29:03.478786+0000"",""src_ip"":""10.0.2.11"",""dest_ip"":""184.25.50.104"",""src_port"":51390,""dest_port"":80},""capture_file"":""/var/log/suricata/nsm_data//log.pcap.1743157743"",""source"":""suricata""}"
2025-03-28T10:29:03.961Z,DC1,low,3,Evidence of new service creation found in registry under HKLM\\System\\CurrentControlSet\\Services\\UnistoreSvc_17ef0f9\\ImagePath binary is: C:\\Windows\\System32\\svchost.exe -k UnistackSvcGroup,"""Registry value set:
RuleName: T1031,T1050
EventType: SetValue
UtcTime: 2025-03-28 10:29:03.148
ProcessGuid: {9fce5cbe-47d8-67e6-0b00-000000001402}
ProcessId: 824
Image: C:\Windows\system32\services.exe
TargetObject: HKLM\System\CurrentControlSet\Services\UnistoreSvc_17ef0f9\ImagePath
Details: C:\Windows\System32\svchost.exe -k UnistackSvcGroup
User: NT AUTHORITY\SYSTEM"""
2025-03-28T10:29:04.114Z,DC1,low,3,Evidence of new service creation found in registry under HKLM\\System\\CurrentControlSet\\Services\\UserDataSvc_17ef0f9\\ImagePath binary is: C:\\Windows\\system32\\svchost.exe -k UnistackSvcGroup,"""Registry value set:
RuleName: T1031,T1050
EventType: SetValue
UtcTime: 2025-03-28 10:29:03.153
ProcessGuid: {9fce5cbe-47d8-67e6-0b00-000000001402}
ProcessId: 824
Image: C:\Windows\system32\services.exe
TargetObject: HKLM\System\CurrentControlSet\Services\UserDataSvc_17ef0f9\ImagePath
Details: C:\Windows\system32\svchost.exe -k UnistackSvcGroup
User: NT AUTHORITY\SYSTEM"""
2025-03-28T10:29:04.238Z,DC1,low,3,Evidence of new service creation found in registry under HKLM\\System\\CurrentControlSet\\Services\\WpnUserService_17ef0f9\\ImagePath binary is: C:\\Windows\\system32\\svchost.exe -k UnistackSvcGroup,"""Registry value set:
RuleName: T1031,T1050
EventType: SetValue
UtcTime: 2025-03-28 10:29:03.165
ProcessGuid: {9fce5cbe-47d8-67e6-0b00-000000001402}
ProcessId: 824
Image: C:\Windows\system32\services.exe
TargetObject: HKLM\System\CurrentControlSet\Services\WpnUserService_17ef0f9\ImagePath
Details: C:\Windows\system32\svchost.exe -k UnistackSvcGroup
User: NT AUTHORITY\SYSTEM"""
2025-03-28T10:29:05.235Z,DC1,low,3,Windows Logon Success,"""An account was successfully logged on.

Subject:
	Security ID:		S-1-0-0
	Account Name:		-
	Account Domain:		-
	Logon ID:		0x0

Logon Information:
	Logon Type:		3
	Restricted Admin Mode:	-
	Virtual Account:		No
	Elevated Token:		Yes

Impersonation Level:		Impersonation

New Logon:
	Security ID:		S-1-5-18
	Account Name:		DC1$
	Account Domain:		PLUMETECH.LOCAL
	Logon ID:		0x17EE618
	Linked Logon ID:		0x0
	Network Account Name:	-
	Network Account Domain:	-
	Logon GUID:		{ccb8eaa0-c352-dd74-ea67-702137ac97d3}

Process Information:
	Process ID:		0x0
	Process Name:		-

Network Information:
	Workstation Name:	-
	Source Network Address:	fe80::dc08:d404:2a99:3a5d
	Source Port:		51389

Detailed Authentication Information:
	Logon Process:		Kerberos
	Authentication Package:	Kerberos
	Transited Services:	-
	Package Name (NTLM only):	-
	Key Length:		0

This event is generated when a logon session is created. It is generated on the computer that was accessed.

The subject fields indicate the account on the local system which requested the logon. This is most commonly a service such as the Server service, or a local process such as Winlogon.exe or Services.exe.

The logon type field indicates the kind of logon that occurred. The most common types are 2 (interactive) and 3 (network).

The New Logon fields indicate the account for whom the new logon was created, i.e. the account that was logged on.

The network fields indicate where a remote logon request originated. Workstation name is not always available and may be left blank in some cases.

The impersonation level field indicates the extent to which a process in the logon session can impersonate.

The authentication information fields provide detailed information about this specific logon request.
	- Logon GUID is a unique identifier that can be used to correlate this event with a KDC event.
	- Transited services indicate which intermediate services have participated in this logon request.
	- Package name indicates which sub-protocol was used among the NTLM protocols.
	- Key length indicates the length of the generated session key. This will be 0 if no session key was requested."""
2025-03-28T10:29:05.316Z,DC1,low,3,Windows Logon Success,"""A Kerberos service ticket was requested.

Account Information:
	Account Name:		DC1$@PLUMETECH.LOCAL
	Account Domain:		PLUMETECH.LOCAL
	Logon GUID:		{5e4e1e08-1dc6-3a59-3c43-4e03b8238e6d}
	MSDS-SupportedEncryptionTypes:	N/A
	Available Keys:	N/A

Service Information:
	Service Name:		DC1$
	Service ID:		S-1-5-21-742041295-2727698780-1124300366-1000
	MSDS-SupportedEncryptionTypes:	0x1F (DES, RC4, AES128-SHA96, AES256-SHA96)
	Available Keys:	AES-SHA1, RC4

Domain Controller Information:
	MSDS-SupportedEncryptionTypes:	0x1F (DES, RC4, AES128-SHA96, AES256-SHA96)
	Available Keys:	AES-SHA1, RC4

Network Information:
	Client Address:		::1
	Client Port:		0
	Advertized Etypes:	
		AES256-CTS-HMAC-SHA1-96
		AES128-CTS-HMAC-SHA1-96
		RC4-HMAC-NT
		RC4-HMAC-NT-EXP
		RC4-HMAC-OLD-EXP

Additional Information:
	Ticket Options:		0x40810000
	Ticket Encryption Type:	0x12
	Session Encryption Type:	0x12
	Failure Code:		0x0
	Transited Services:	-

Ticket information
	Request ticket hash:		BXaVldiKeOKVD+vMy72hEjV1Kqc4/hEM9wO3rBrxhzw=
	Response ticket hash:		mGqPO1q1UwZeQm/0lpX8bjkFHPs+86oyFHQKg70XQpQ=

This event is generated every time access is requested to a resource such as a computer or a Windows service.  The service name indicates the resource to which access was requested.

This event can be correlated with Windows logon events by comparing the Logon GUID fields in each event.  The logon event occurs on the machine that was accessed, which is often a different machine than the domain controller which issued the service ticket.

Pre-authentication types, ticket options, encryption types and result codes are defined in RFC 4120."""
2025-03-28T10:29:05.471Z,DC1,low,3,Windows Logon Success,"""An account was successfully logged on.

Subject:
	Security ID:		S-1-5-18
	Account Name:		DC1$
	Account Domain:		PLUMETECH
	Logon ID:		0x3E7

Logon Information:
	Logon Type:		3
	Restricted Admin Mode:	-
	Virtual Account:		No
	Elevated Token:		Yes

Impersonation Level:		Identification

New Logon:
	Security ID:		S-1-5-21-742041295-2727698780-1124300366-500
	Account Name:		Administrator
	Account Domain:		PLUMETECH
	Logon ID:		0x17EE6D9
	Linked Logon ID:		0x0
	Network Account Name:	-
	Network Account Domain:	-
	Logon GUID:		{f311267f-0090-eca6-aaa0-3ae3a6b7c95e}

Process Information:
	Process ID:		0x68c
	Process Name:		C:\Windows\System32\OpenSSH\sshd.exe

Network Information:
	Workstation Name:	DC1
	Source Network Address:	-
	Source Port:		-

Detailed Authentication Information:
	Logon Process:		sshd
	Authentication Package:	Kerberos
	Transited Services:	-
	Package Name (NTLM only):	-
	Key Length:		0

This event is generated when a logon session is created. It is generated on the computer that was accessed.

The subject fields indicate the account on the local system which requested the logon. This is most commonly a service such as the Server service, or a local process such as Winlogon.exe or Services.exe.

The logon type field indicates the kind of logon that occurred. The most common types are 2 (interactive) and 3 (network).

The New Logon fields indicate the account for whom the new logon was created, i.e. the account that was logged on.

The network fields indicate where a remote logon request originated. Workstation name is not always available and may be left blank in some cases.

The impersonation level field indicates the extent to which a process in the logon session can impersonate.

The authentication information fields provide detailed information about this specific logon request.
	- Logon GUID is a unique identifier that can be used to correlate this event with a KDC event.
	- Transited services indicate which intermediate services have participated in this logon request.
	- Package name indicates which sub-protocol was used among the NTLM protocols.
	- Key length indicates the length of the generated session key. This will be 0 if no session key was requested."""
2025-03-28T10:29:05.563Z,DC1,low,3,Windows Logon Success,"""An account was successfully logged on.

Subject:
	Security ID:		S-1-5-18
	Account Name:		DC1$
	Account Domain:		PLUMETECH
	Logon ID:		0x3E7

Logon Information:
	Logon Type:		3
	Restricted Admin Mode:	-
	Virtual Account:		No
	Elevated Token:		Yes

Impersonation Level:		Impersonation

New Logon:
	Security ID:		S-1-5-21-742041295-2727698780-1124300366-500
	Account Name:		Administrator
	Account Domain:		PLUMETECH
	Logon ID:		0x17EF60A
	Linked Logon ID:		0x0
	Network Account Name:	-
	Network Account Domain:	-
	Logon GUID:		{f311267f-0090-eca6-aaa0-3ae3a6b7c95e}

Process Information:
	Process ID:		0x68c
	Process Name:		C:\Windows\System32\OpenSSH\sshd.exe

Network Information:
	Workstation Name:	DC1
	Source Network Address:	-
	Source Port:		-

Detailed Authentication Information:
	Logon Process:		sshd
	Authentication Package:	Kerberos
	Transited Services:	-
	Package Name (NTLM only):	-
	Key Length:		0

This event is generated when a logon session is created. It is generated on the computer that was accessed.

The subject fields indicate the account on the local system which requested the logon. This is most commonly a service such as the Server service, or a local process such as Winlogon.exe or Services.exe.

The logon type field indicates the kind of logon that occurred. The most common types are 2 (interactive) and 3 (network).

The New Logon fields indicate the account for whom the new logon was created, i.e. the account that was logged on.

The network fields indicate where a remote logon request originated. Workstation name is not always available and may be left blank in some cases.

The impersonation level field indicates the extent to which a process in the logon session can impersonate.

The authentication information fields provide detailed information about this specific logon request.
	- Logon GUID is a unique identifier that can be used to correlate this event with a KDC event.
	- Transited services indicate which intermediate services have participated in this logon request.
	- Package name indicates which sub-protocol was used among the NTLM protocols.
	- Key length indicates the length of the generated session key. This will be 0 if no session key was requested."""
2025-03-28T10:29:06.136Z,DC1,high,12,Sysmon - Suspicious Process - lsass.exe is a Parent Image,"{""win"":{""system"":{""providerName"":""Microsoft-Windows-Sysmon"",""providerGuid"":""{5770385f-c22a-43e0-bf4c-06f5698ffbd9}"",""eventID"":""1"",""version"":""5"",""level"":""4"",""task"":""1"",""opcode"":""0"",""keywords"":""0x8000000000000000"",""systemTime"":""2025-03-28T10:29:03.7689319Z"",""eventRecordID"":""8552"",""processID"":""3224"",""threadID"":""4416"",""channel"":""Microsoft-Windows-Sysmon/Operational"",""computer"":""DC1.PLUMETECH.LOCAL"",""severityValue"":""INFORMATION"",""message"":""\""Process Create:\r\nRuleName: -\r\nUtcTime: 2025-03-28 10:29:03.602\r\nProcessGuid: {9fce5cbe-79ef-67e6-3a04-000000001402}\r\nProcessId: 5580\r\nImage: C:\\Windows\\System32\\efsui.exe\r\nFileVersion: 10.0.20348.1 (WinBuild.160101.0800)\r\nDescription: EFS UI Application\r\nProduct: Microsoft® Windows® Operating System\r\nCompany: Microsoft Corporation\r\nOriginalFileName: efsui.exe\r\nCommandLine: efsui.exe /efs /installdra\r\nCurrentDirectory: C:\\Windows\\system32\\\r\nUser: PLUMETECH\\plumber\r\nLogonGuid: {9fce5cbe-79e6-67e6-e5a9-7c0100000000}\r\nLogonId: 0x17CA9E5\r\nTerminalSessionId: 2\r\nIntegrityLevel: Medium\r\nHashes: MD5=064EA68495F3CB7CCC57C7185F197E92,SHA256=2DB9447C094387D33E06B4F768AFCE02F4DBB40F2DD979155639841C9DF44F44,IMPHASH=79780253655B3282FD06EA62FCA2F32F\r\nParentProcessGuid: {9fce5cbe-47d8-67e6-0c00-000000001402}\r\nParentProcessId: 832\r\nParentImage: C:\\Windows\\System32\\lsass.exe\r\nParentCommandLine: C:\\Windows\\system32\\lsass.exe\r\nParentUser: NT AUTHORITY\\SYSTEM\""""},""eventdata"":{""utcTime"":""2025-03-28 10:29:03.602"",""processGuid"":""{9fce5cbe-79ef-67e6-3a04-000000001402}"",""processId"":""5580"",""image"":""C:\\\\Windows\\\\System32\\\\efsui.exe"",""fileVersion"":""10.0.20348.1 (WinBuild.160101.0800)"",""description"":""EFS UI Application"",""product"":""Microsoft® Windows® Operating System"",""company"":""Microsoft Corporation"",""originalFileName"":""efsui.exe"",""commandLine"":""efsui.exe /efs /installdra"",""currentDirectory"":""C:\\\\Windows\\\\system32\\\\"",""user"":""PLUMETECH\\\\plumber"",""logonGuid"":""{9fce5cbe-79e6-67e6-e5a9-7c0100000000}"",""logonId"":""0x17ca9e5"",""terminalSessionId"":""2"",""integrityLevel"":""Medium"",""hashes"":""MD5=064EA68495F3CB7CCC57C7185F197E92,SHA256=2DB9447C094387D33E06B4F768AFCE02F4DBB40F2DD979155639841C9DF44F44,IMPHASH=79780253655B3282FD06EA62FCA2F32F"",""parentProcessGuid"":""{9fce5cbe-47d8-67e6-0c00-000000001402}"",""parentProcessId"":""832"",""parentImage"":""C:\\\\Windows\\\\System32\\\\lsass.exe"",""parentCommandLine"":""C:\\\\Windows\\\\system32\\\\lsass.exe"",""parentUser"":""NT AUTHORITY\\\\SYSTEM""}}}"
2025-03-28T10:29:07.936Z,DC1,low,3,Windows Logon Success,"""An account was successfully logged on.

Subject:
	Security ID:		S-1-5-18
	Account Name:		DC1$
	Account Domain:		PLUMETECH
	Logon ID:		0x3E7

Logon Information:
	Logon Type:		5
	Restricted Admin Mode:	-
	Virtual Account:		No
	Elevated Token:		Yes

Impersonation Level:		Impersonation

New Logon:
	Security ID:		S-1-5-18
	Account Name:		SYSTEM
	Account Domain:		NT AUTHORITY
	Logon ID:		0x3E7
	Linked Logon ID:		0x0
	Network Account Name:	-
	Network Account Domain:	-
	Logon GUID:		{00000000-0000-0000-0000-000000000000}

Process Information:
	Process ID:		0x338
	Process Name:		C:\Windows\System32\services.exe

Network Information:
	Workstation Name:	-
	Source Network Address:	-
	Source Port:		-

Detailed Authentication Information:
	Logon Process:		Advapi  
	Authentication Package:	Negotiate
	Transited Services:	-
	Package Name (NTLM only):	-
	Key Length:		0

This event is generated when a logon session is created. It is generated on the computer that was accessed.

The subject fields indicate the account on the local system which requested the logon. This is most commonly a service such as the Server service, or a local process such as Winlogon.exe or Services.exe.

The logon type field indicates the kind of logon that occurred. The most common types are 2 (interactive) and 3 (network).

The New Logon fields indicate the account for whom the new logon was created, i.e. the account that was logged on.

The network fields indicate where a remote logon request originated. Workstation name is not always available and may be left blank in some cases.

The impersonation level field indicates the extent to which a process in the logon session can impersonate.

The authentication information fields provide detailed information about this specific logon request.
	- Logon GUID is a unique identifier that can be used to correlate this event with a KDC event.
	- Transited services indicate which intermediate services have participated in this logon request.
	- Package name indicates which sub-protocol was used among the NTLM protocols.
	- Key length indicates the length of the generated session key. This will be 0 if no session key was requested."""
2025-03-28T10:29:07.956Z,DC1,low,3,Windows Logon Success,"""An account was successfully logged on.

Subject:
	Security ID:		S-1-5-18
	Account Name:		DC1$
	Account Domain:		PLUMETECH
	Logon ID:		0x3E7

Logon Information:
	Logon Type:		5
	Restricted Admin Mode:	-
	Virtual Account:		No
	Elevated Token:		Yes

Impersonation Level:		Impersonation

New Logon:
	Security ID:		S-1-5-18
	Account Name:		SYSTEM
	Account Domain:		NT AUTHORITY
	Logon ID:		0x3E7
	Linked Logon ID:		0x0
	Network Account Name:	-
	Network Account Domain:	-
	Logon GUID:		{00000000-0000-0000-0000-000000000000}

Process Information:
	Process ID:		0x338
	Process Name:		C:\Windows\System32\services.exe

Network Information:
	Workstation Name:	-
	Source Network Address:	-
	Source Port:		-

Detailed Authentication Information:
	Logon Process:		Advapi  
	Authentication Package:	Negotiate
	Transited Services:	-
	Package Name (NTLM only):	-
	Key Length:		0

This event is generated when a logon session is created. It is generated on the computer that was accessed.

The subject fields indicate the account on the local system which requested the logon. This is most commonly a service such as the Server service, or a local process such as Winlogon.exe or Services.exe.

The logon type field indicates the kind of logon that occurred. The most common types are 2 (interactive) and 3 (network).

The New Logon fields indicate the account for whom the new logon was created, i.e. the account that was logged on.

The network fields indicate where a remote logon request originated. Workstation name is not always available and may be left blank in some cases.

The impersonation level field indicates the extent to which a process in the logon session can impersonate.

The authentication information fields provide detailed information about this specific logon request.
	- Logon GUID is a unique identifier that can be used to correlate this event with a KDC event.
	- Transited services indicate which intermediate services have participated in this logon request.
	- Package name indicates which sub-protocol was used among the NTLM protocols.
	- Key length indicates the length of the generated session key. This will be 0 if no session key was requested."""
2025-03-28T10:29:09.208Z,DC1,low,3,Windows Logon Success,"""An account was successfully logged on.

Subject:
	Security ID:		S-1-5-18
	Account Name:		DC1$
	Account Domain:		PLUMETECH
	Logon ID:		0x3E7

Logon Information:
	Logon Type:		5
	Restricted Admin Mode:	-
	Virtual Account:		No
	Elevated Token:		Yes

Impersonation Level:		Impersonation

New Logon:
	Security ID:		S-1-5-18
	Account Name:		SYSTEM
	Account Domain:		NT AUTHORITY
	Logon ID:		0x3E7
	Linked Logon ID:		0x0
	Network Account Name:	-
	Network Account Domain:	-
	Logon GUID:		{00000000-0000-0000-0000-000000000000}

Process Information:
	Process ID:		0x338
	Process Name:		C:\Windows\System32\services.exe

Network Information:
	Workstation Name:	-
	Source Network Address:	-
	Source Port:		-

Detailed Authentication Information:
	Logon Process:		Advapi  
	Authentication Package:	Negotiate
	Transited Services:	-
	Package Name (NTLM only):	-
	Key Length:		0

This event is generated when a logon session is created. It is generated on the computer that was accessed.

The subject fields indicate the account on the local system which requested the logon. This is most commonly a service such as the Server service, or a local process such as Winlogon.exe or Services.exe.

The logon type field indicates the kind of logon that occurred. The most common types are 2 (interactive) and 3 (network).

The New Logon fields indicate the account for whom the new logon was created, i.e. the account that was logged on.

The network fields indicate where a remote logon request originated. Workstation name is not always available and may be left blank in some cases.

The impersonation level field indicates the extent to which a process in the logon session can impersonate.

The authentication information fields provide detailed information about this specific logon request.
	- Logon GUID is a unique identifier that can be used to correlate this event with a KDC event.
	- Transited services indicate which intermediate services have participated in this logon request.
	- Package name indicates which sub-protocol was used among the NTLM protocols.
	- Key length indicates the length of the generated session key. This will be 0 if no session key was requested."""
2025-03-28T10:29:09.234Z,DC1,low,3,Windows Logon Success,"""An account was successfully logged on.

Subject:
	Security ID:		S-1-5-18
	Account Name:		DC1$
	Account Domain:		PLUMETECH
	Logon ID:		0x3E7

Logon Information:
	Logon Type:		5
	Restricted Admin Mode:	-
	Virtual Account:		No
	Elevated Token:		Yes

Impersonation Level:		Impersonation

New Logon:
	Security ID:		S-1-5-18
	Account Name:		SYSTEM
	Account Domain:		NT AUTHORITY
	Logon ID:		0x3E7
	Linked Logon ID:		0x0
	Network Account Name:	-
	Network Account Domain:	-
	Logon GUID:		{00000000-0000-0000-0000-000000000000}

Process Information:
	Process ID:		0x338
	Process Name:		C:\Windows\System32\services.exe

Network Information:
	Workstation Name:	-
	Source Network Address:	-
	Source Port:		-

Detailed Authentication Information:
	Logon Process:		Advapi  
	Authentication Package:	Negotiate
	Transited Services:	-
	Package Name (NTLM only):	-
	Key Length:		0

This event is generated when a logon session is created. It is generated on the computer that was accessed.

The subject fields indicate the account on the local system which requested the logon. This is most commonly a service such as the Server service, or a local process such as Winlogon.exe or Services.exe.

The logon type field indicates the kind of logon that occurred. The most common types are 2 (interactive) and 3 (network).

The New Logon fields indicate the account for whom the new logon was created, i.e. the account that was logged on.

The network fields indicate where a remote logon request originated. Workstation name is not always available and may be left blank in some cases.

The impersonation level field indicates the extent to which a process in the logon session can impersonate.

The authentication information fields provide detailed information about this specific logon request.
	- Logon GUID is a unique identifier that can be used to correlate this event with a KDC event.
	- Transited services indicate which intermediate services have participated in this logon request.
	- Package name indicates which sub-protocol was used among the NTLM protocols.
	- Key length indicates the length of the generated session key. This will be 0 if no session key was requested."""
2025-03-28T10:29:09.978Z,DC1,low,3,Windows Logon Success,"""An account was successfully logged on.

Subject:
	Security ID:		S-1-0-0
	Account Name:		-
	Account Domain:		-
	Logon ID:		0x0

Logon Information:
	Logon Type:		3
	Restricted Admin Mode:	-
	Virtual Account:		No
	Elevated Token:		Yes

Impersonation Level:		Impersonation

New Logon:
	Security ID:		S-1-5-18
	Account Name:		DC1$
	Account Domain:		PLUMETECH.LOCAL
	Logon ID:		0x17FBE9E
	Linked Logon ID:		0x0
	Network Account Name:	-
	Network Account Domain:	-
	Logon GUID:		{135076b4-c946-31b9-05a5-29a4c0549096}

Process Information:
	Process ID:		0x0
	Process Name:		-

Network Information:
	Workstation Name:	-
	Source Network Address:	::1
	Source Port:		51392

Detailed Authentication Information:
	Logon Process:		Kerberos
	Authentication Package:	Kerberos
	Transited Services:	-
	Package Name (NTLM only):	-
	Key Length:		0

This event is generated when a logon session is created. It is generated on the computer that was accessed.

The subject fields indicate the account on the local system which requested the logon. This is most commonly a service such as the Server service, or a local process such as Winlogon.exe or Services.exe.

The logon type field indicates the kind of logon that occurred. The most common types are 2 (interactive) and 3 (network).

The New Logon fields indicate the account for whom the new logon was created, i.e. the account that was logged on.

The network fields indicate where a remote logon request originated. Workstation name is not always available and may be left blank in some cases.

The impersonation level field indicates the extent to which a process in the logon session can impersonate.

The authentication information fields provide detailed information about this specific logon request.
	- Logon GUID is a unique identifier that can be used to correlate this event with a KDC event.
	- Transited services indicate which intermediate services have participated in this logon request.
	- Package name indicates which sub-protocol was used among the NTLM protocols.
	- Key length indicates the length of the generated session key. This will be 0 if no session key was requested."""
2025-03-28T10:29:10.120Z,DC1,low,3,Windows Logon Success,"""An account was successfully logged on.

Subject:
	Security ID:		S-1-5-18
	Account Name:		DC1$
	Account Domain:		PLUMETECH
	Logon ID:		0x3E7

Logon Information:
	Logon Type:		5
	Restricted Admin Mode:	-
	Virtual Account:		No
	Elevated Token:		Yes

Impersonation Level:		Impersonation

New Logon:
	Security ID:		S-1-5-18
	Account Name:		SYSTEM
	Account Domain:		NT AUTHORITY
	Logon ID:		0x3E7
	Linked Logon ID:		0x0
	Network Account Name:	-
	Network Account Domain:	-
	Logon GUID:		{00000000-0000-0000-0000-000000000000}

Process Information:
	Process ID:		0x338
	Process Name:		C:\Windows\System32\services.exe

Network Information:
	Workstation Name:	-
	Source Network Address:	-
	Source Port:		-

Detailed Authentication Information:
	Logon Process:		Advapi  
	Authentication Package:	Negotiate
	Transited Services:	-
	Package Name (NTLM only):	-
	Key Length:		0

This event is generated when a logon session is created. It is generated on the computer that was accessed.

The subject fields indicate the account on the local system which requested the logon. This is most commonly a service such as the Server service, or a local process such as Winlogon.exe or Services.exe.

The logon type field indicates the kind of logon that occurred. The most common types are 2 (interactive) and 3 (network).

The New Logon fields indicate the account for whom the new logon was created, i.e. the account that was logged on.

The network fields indicate where a remote logon request originated. Workstation name is not always available and may be left blank in some cases.

The impersonation level field indicates the extent to which a process in the logon session can impersonate.

The authentication information fields provide detailed information about this specific logon request.
	- Logon GUID is a unique identifier that can be used to correlate this event with a KDC event.
	- Transited services indicate which intermediate services have participated in this logon request.
	- Package name indicates which sub-protocol was used among the NTLM protocols.
	- Key length indicates the length of the generated session key. This will be 0 if no session key was requested."""
2025-03-28T10:29:14.965Z,DC1,low,3,Windows Logon Success,"""An account was successfully logged on.

Subject:
	Security ID:		S-1-5-18
	Account Name:		DC1$
	Account Domain:		PLUMETECH
	Logon ID:		0x3E7

Logon Information:
	Logon Type:		5
	Restricted Admin Mode:	-
	Virtual Account:		No
	Elevated Token:		Yes

Impersonation Level:		Impersonation

New Logon:
	Security ID:		S-1-5-18
	Account Name:		SYSTEM
	Account Domain:		NT AUTHORITY
	Logon ID:		0x3E7
	Linked Logon ID:		0x0
	Network Account Name:	-
	Network Account Domain:	-
	Logon GUID:		{00000000-0000-0000-0000-000000000000}

Process Information:
	Process ID:		0x338
	Process Name:		C:\Windows\System32\services.exe

Network Information:
	Workstation Name:	-
	Source Network Address:	-
	Source Port:		-

Detailed Authentication Information:
	Logon Process:		Advapi  
	Authentication Package:	Negotiate
	Transited Services:	-
	Package Name (NTLM only):	-
	Key Length:		0

This event is generated when a logon session is created. It is generated on the computer that was accessed.

The subject fields indicate the account on the local system which requested the logon. This is most commonly a service such as the Server service, or a local process such as Winlogon.exe or Services.exe.

The logon type field indicates the kind of logon that occurred. The most common types are 2 (interactive) and 3 (network).

The New Logon fields indicate the account for whom the new logon was created, i.e. the account that was logged on.

The network fields indicate where a remote logon request originated. Workstation name is not always available and may be left blank in some cases.

The impersonation level field indicates the extent to which a process in the logon session can impersonate.

The authentication information fields provide detailed information about this specific logon request.
	- Logon GUID is a unique identifier that can be used to correlate this event with a KDC event.
	- Transited services indicate which intermediate services have participated in this logon request.
	- Package name indicates which sub-protocol was used among the NTLM protocols.
	- Key length indicates the length of the generated session key. This will be 0 if no session key was requested."""
2025-03-28T10:29:15.026Z,DC1,low,3,Windows Logon Success,"""An account was successfully logged on.

Subject:
	Security ID:		S-1-5-18
	Account Name:		DC1$
	Account Domain:		PLUMETECH
	Logon ID:		0x3E7

Logon Information:
	Logon Type:		5
	Restricted Admin Mode:	-
	Virtual Account:		No
	Elevated Token:		Yes

Impersonation Level:		Impersonation

New Logon:
	Security ID:		S-1-5-18
	Account Name:		SYSTEM
	Account Domain:		NT AUTHORITY
	Logon ID:		0x3E7
	Linked Logon ID:		0x0
	Network Account Name:	-
	Network Account Domain:	-
	Logon GUID:		{00000000-0000-0000-0000-000000000000}

Process Information:
	Process ID:		0x338
	Process Name:		C:\Windows\System32\services.exe

Network Information:
	Workstation Name:	-
	Source Network Address:	-
	Source Port:		-

Detailed Authentication Information:
	Logon Process:		Advapi  
	Authentication Package:	Negotiate
	Transited Services:	-
	Package Name (NTLM only):	-
	Key Length:		0

This event is generated when a logon session is created. It is generated on the computer that was accessed.

The subject fields indicate the account on the local system which requested the logon. This is most commonly a service such as the Server service, or a local process such as Winlogon.exe or Services.exe.

The logon type field indicates the kind of logon that occurred. The most common types are 2 (interactive) and 3 (network).

The New Logon fields indicate the account for whom the new logon was created, i.e. the account that was logged on.

The network fields indicate where a remote logon request originated. Workstation name is not always available and may be left blank in some cases.

The impersonation level field indicates the extent to which a process in the logon session can impersonate.

The authentication information fields provide detailed information about this specific logon request.
	- Logon GUID is a unique identifier that can be used to correlate this event with a KDC event.
	- Transited services indicate which intermediate services have participated in this logon request.
	- Package name indicates which sub-protocol was used among the NTLM protocols.
	- Key length indicates the length of the generated session key. This will be 0 if no session key was requested."""
2025-03-28T10:29:15.028Z,DC1,low,3,Windows Logon Success,"""An account was successfully logged on.

Subject:
	Security ID:		S-1-5-18
	Account Name:		DC1$
	Account Domain:		PLUMETECH
	Logon ID:		0x3E7

Logon Information:
	Logon Type:		5
	Restricted Admin Mode:	-
	Virtual Account:		No
	Elevated Token:		Yes

Impersonation Level:		Impersonation

New Logon:
	Security ID:		S-1-5-18
	Account Name:		SYSTEM
	Account Domain:		NT AUTHORITY
	Logon ID:		0x3E7
	Linked Logon ID:		0x0
	Network Account Name:	-
	Network Account Domain:	-
	Logon GUID:		{00000000-0000-0000-0000-000000000000}

Process Information:
	Process ID:		0x338
	Process Name:		C:\Windows\System32\services.exe

Network Information:
	Workstation Name:	-
	Source Network Address:	-
	Source Port:		-

Detailed Authentication Information:
	Logon Process:		Advapi  
	Authentication Package:	Negotiate
	Transited Services:	-
	Package Name (NTLM only):	-
	Key Length:		0

This event is generated when a logon session is created. It is generated on the computer that was accessed.

The subject fields indicate the account on the local system which requested the logon. This is most commonly a service such as the Server service, or a local process such as Winlogon.exe or Services.exe.

The logon type field indicates the kind of logon that occurred. The most common types are 2 (interactive) and 3 (network).

The New Logon fields indicate the account for whom the new logon was created, i.e. the account that was logged on.

The network fields indicate where a remote logon request originated. Workstation name is not always available and may be left blank in some cases.

The impersonation level field indicates the extent to which a process in the logon session can impersonate.

The authentication information fields provide detailed information about this specific logon request.
	- Logon GUID is a unique identifier that can be used to correlate this event with a KDC event.
	- Transited services indicate which intermediate services have participated in this logon request.
	- Package name indicates which sub-protocol was used among the NTLM protocols.
	- Key length indicates the length of the generated session key. This will be 0 if no session key was requested."""
