"2025-03-28T14:13:15.948+0000";"FS1";"3";"Windows Logon Success";"Administrator";;"""An account was successfully logged on.

Subject:
	Security ID:		S-1-5-18
	Account Name:		FS1$
	Account Domain:		PLUMETECH
	Logon ID:		0x3E7

Logon Information:
	Logon Type:		3
	Restricted Admin Mode:	-
	Virtual Account:		No
	Elevated Token:		Yes

Impersonation Level:		Impersonation

New Logon:
	Security ID:		S-1-5-21-734759804-1007042361-4201415556-500
	Account Name:		Administrator
	Account Domain:		FS1
	Logon ID:		0xE1C75
	Linked Logon ID:		0x0
	Network Account Name:	-
	Network Account Domain:	-
	Logon GUID:		{00000000-0000-0000-0000-000000000000}

Process Information:
	Process ID:		0x13e8
	Process Name:		C:\Windows\System32\OpenSSH\sshd.exe

Network Information:
	Workstation Name:	-
	Source Network Address:	-
	Source Port:		-

Detailed Authentication Information:
	Logon Process:		sshd
	Authentication Package:	MICROSOFT_AUTHENTICATION_PACKAGE_V1_0
	Transited Services:	-
	Package Name (NTLM only):	-
	Key Length:		0

This event is generated when a logon session is created. It is generated on the computer that was accessed.

The subject fields indicate the account on the local system which requested the logon. This is most commonly a service such as the Server service, or a local process such as Winlogon.exe or Services.exe.

The logon type field indicates the kind of logon that occurred. The most common types are 2 (interactive) and 3 (network).

The New Logon fields indicate the account for whom the new logon was created, i.e. the account that was logged on.

The network fields indicate where a remote logon request originated. Workstation name is not always available and may be left blank in some cases.

The impersonation level field indicates the extent to which a process in the logon session can impersonate.

The authentication information fields provide detailed information about this specific logon request.
	- Logon GUID is a unique identifier that can be used to correlate this event with a KDC event.
	- Transited services indicate which intermediate services have participated in this logon request.
	- Package name indicates which sub-protocol was used among the NTLM protocols.
	- Key length indicates the length of the generated session key. This will be 0 if no session key was requested."""
"2025-03-28T14:13:15.992+0000";"FS1";"3";"Windows Logon Success";"Administrator";;"""An account was successfully logged on.

Subject:
	Security ID:		S-1-5-18
	Account Name:		FS1$
	Account Domain:		PLUMETECH
	Logon ID:		0x3E7

Logon Information:
	Logon Type:		3
	Restricted Admin Mode:	-
	Virtual Account:		No
	Elevated Token:		Yes

Impersonation Level:		Impersonation

New Logon:
	Security ID:		S-1-5-21-734759804-1007042361-4201415556-500
	Account Name:		Administrator
	Account Domain:		FS1
	Logon ID:		0xE1F33
	Linked Logon ID:		0x0
	Network Account Name:	-
	Network Account Domain:	-
	Logon GUID:		{00000000-0000-0000-0000-000000000000}

Process Information:
	Process ID:		0x13e8
	Process Name:		C:\Windows\System32\OpenSSH\sshd.exe

Network Information:
	Workstation Name:	-
	Source Network Address:	-
	Source Port:		-

Detailed Authentication Information:
	Logon Process:		sshd
	Authentication Package:	MICROSOFT_AUTHENTICATION_PACKAGE_V1_0
	Transited Services:	-
	Package Name (NTLM only):	-
	Key Length:		0

This event is generated when a logon session is created. It is generated on the computer that was accessed.

The subject fields indicate the account on the local system which requested the logon. This is most commonly a service such as the Server service, or a local process such as Winlogon.exe or Services.exe.

The logon type field indicates the kind of logon that occurred. The most common types are 2 (interactive) and 3 (network).

The New Logon fields indicate the account for whom the new logon was created, i.e. the account that was logged on.

The network fields indicate where a remote logon request originated. Workstation name is not always available and may be left blank in some cases.

The impersonation level field indicates the extent to which a process in the logon session can impersonate.

The authentication information fields provide detailed information about this specific logon request.
	- Logon GUID is a unique identifier that can be used to correlate this event with a KDC event.
	- Transited services indicate which intermediate services have participated in this logon request.
	- Package name indicates which sub-protocol was used among the NTLM protocols.
	- Key length indicates the length of the generated session key. This will be 0 if no session key was requested."""
"2025-03-28T14:13:21.507+0000";"CLI1";"3";"Evidence of new service creation found in registry under HKLM\\System\\CurrentControlSet\\Services\\MicrosoftEdgeElevationService\\ImagePath binary is: \""C:\\Program Files (x86)\\Microsoft\\Edge\\Application\\134.0.3124.93\\elevation_service.exe\""";;;"""Registry value set:
RuleName: T1031,T1050
EventType: SetValue
UtcTime: 2025-03-28 14:13:20.113
ProcessGuid: {3a115e96-acae-67e6-0b00-000000001502}
ProcessId: 816
Image: C:\Windows\system32\services.exe
TargetObject: HKLM\System\CurrentControlSet\Services\MicrosoftEdgeElevationService\ImagePath
Details: ""C:\Program Files (x86)\Microsoft\Edge\Application\134.0.3124.93\elevation_service.exe""
User: NT AUTHORITY\SYSTEM"""
"2025-03-28T14:13:30.993+0000";"OTDC1";"3";"Windows Logon Success";"OTDC1$";;"""An account was successfully logged on.

Subject:
	Security ID:		S-1-0-0
	Account Name:		-
	Account Domain:		-
	Logon ID:		0x0

Logon Information:
	Logon Type:		3
	Restricted Admin Mode:	-
	Virtual Account:		No
	Elevated Token:		Yes

Impersonation Level:		Impersonation

New Logon:
	Security ID:		S-1-5-18
	Account Name:		OTDC1$
	Account Domain:		PLUMETECH-OT.LOCAL
	Logon ID:		0x165FC7
	Linked Logon ID:		0x0
	Network Account Name:	-
	Network Account Domain:	-
	Logon GUID:		{466019ac-bdb0-907b-6eea-7ab5b7470f18}

Process Information:
	Process ID:		0x0
	Process Name:		-

Network Information:
	Workstation Name:	-
	Source Network Address:	::1
	Source Port:		56009

Detailed Authentication Information:
	Logon Process:		Kerberos
	Authentication Package:	Kerberos
	Transited Services:	-
	Package Name (NTLM only):	-
	Key Length:		0

This event is generated when a logon session is created. It is generated on the computer that was accessed.

The subject fields indicate the account on the local system which requested the logon. This is most commonly a service such as the Server service, or a local process such as Winlogon.exe or Services.exe.

The logon type field indicates the kind of logon that occurred. The most common types are 2 (interactive) and 3 (network).

The New Logon fields indicate the account for whom the new logon was created, i.e. the account that was logged on.

The network fields indicate where a remote logon request originated. Workstation name is not always available and may be left blank in some cases.

The impersonation level field indicates the extent to which a process in the logon session can impersonate.

The authentication information fields provide detailed information about this specific logon request.
	- Logon GUID is a unique identifier that can be used to correlate this event with a KDC event.
	- Transited services indicate which intermediate services have participated in this logon request.
	- Package name indicates which sub-protocol was used among the NTLM protocols.
	- Key length indicates the length of the generated session key. This will be 0 if no session key was requested."""
"2025-03-28T14:13:36.802+0000";"DC1";"3";"Evidence of new service creation found in registry under HKLM\\System\\CurrentControlSet\\Services\\MicrosoftEdgeElevationService\\ImagePath binary is: \""C:\\Program Files (x86)\\Microsoft\\Edge\\Application\\134.0.3124.93\\elevation_service.exe\""";;;"""Registry value set:
RuleName: T1031,T1050
EventType: SetValue
UtcTime: 2025-03-28 14:13:36.427
ProcessGuid: {0a2ae400-ac9c-67e6-0b00-000000001402}
ProcessId: 824
Image: C:\Windows\system32\services.exe
TargetObject: HKLM\System\CurrentControlSet\Services\MicrosoftEdgeElevationService\ImagePath
Details: ""C:\Program Files (x86)\Microsoft\Edge\Application\134.0.3124.93\elevation_service.exe""
User: NT AUTHORITY\SYSTEM"""
"2025-03-28T14:13:41.896+0000";"DC1";"3";"Windows Logon Success";"DC1$";;"""An account was successfully logged on.

Subject:
	Security ID:		S-1-0-0
	Account Name:		-
	Account Domain:		-
	Logon ID:		0x0

Logon Information:
	Logon Type:		3
	Restricted Admin Mode:	-
	Virtual Account:		No
	Elevated Token:		Yes

Impersonation Level:		Impersonation

New Logon:
	Security ID:		S-1-5-18
	Account Name:		DC1$
	Account Domain:		PLUMETECH.LOCAL
	Logon ID:		0x19A10C
	Linked Logon ID:		0x0
	Network Account Name:	-
	Network Account Domain:	-
	Logon GUID:		{5425e877-3887-131e-7681-4a1daa92c27a}

Process Information:
	Process ID:		0x0
	Process Name:		-

Network Information:
	Workstation Name:	-
	Source Network Address:	::1
	Source Port:		61422

Detailed Authentication Information:
	Logon Process:		Kerberos
	Authentication Package:	Kerberos
	Transited Services:	-
	Package Name (NTLM only):	-
	Key Length:		0

This event is generated when a logon session is created. It is generated on the computer that was accessed.

The subject fields indicate the account on the local system which requested the logon. This is most commonly a service such as the Server service, or a local process such as Winlogon.exe or Services.exe.

The logon type field indicates the kind of logon that occurred. The most common types are 2 (interactive) and 3 (network).

The New Logon fields indicate the account for whom the new logon was created, i.e. the account that was logged on.

The network fields indicate where a remote logon request originated. Workstation name is not always available and may be left blank in some cases.

The impersonation level field indicates the extent to which a process in the logon session can impersonate.

The authentication information fields provide detailed information about this specific logon request.
	- Logon GUID is a unique identifier that can be used to correlate this event with a KDC event.
	- Transited services indicate which intermediate services have participated in this logon request.
	- Package name indicates which sub-protocol was used among the NTLM protocols.
	- Key length indicates the length of the generated session key. This will be 0 if no session key was requested."""
"2025-03-28T14:13:43.555+0000";"ENG1";"3";"Windows User Logoff";"Administrator";;"""An account was logged off.

Subject:
	Security ID:		S-1-5-21-3248427853-3497112689-1838513565-500
	Account Name:		Administrator
	Account Domain:		ENG1
	Logon ID:		0xD753D

Logon Type:			3

This event is generated when a logon session is destroyed. It may be positively correlated with a logon event using the Logon ID value. Logon IDs are only unique between reboots on the same computer."""
"2025-03-28T14:13:51.270+0000";"scada";"3";"New wazuh agent connected.";;"ossec: Agent started: 'scada->any'.";
"2025-03-28T14:14:00.912+0000";"suricata";"3";"New wazuh agent connected.";;"ossec: Agent started: 'suricata->any'.";
"2025-03-28T14:14:04.631+0000";"suricata";"3";"sshd: authentication success.";;"2025-03-28T14:07:43.321352+00:00 localhost sshd[1174]: Accepted publickey for ubuntu from 10.0.242.127 port 42696 ssh2: ED25519 SHA256:tF1+XPQaN143qE9VmXQmwdin2QrPEHSH0+TMWiu5US4";
"2025-03-28T14:14:04.632+0000";"suricata";"3";"PAM: Login session opened.";;"2025-03-28T14:07:43.323983+00:00 localhost sshd[1174]: pam_unix(sshd:session): session opened for user ubuntu(uid=1000) by ubuntu(uid=0)";
"2025-03-28T14:14:04.634+0000";"suricata";"3";"PAM: Login session opened.";;"2025-03-28T14:07:43.371038+00:00 localhost (systemd): pam_unix(systemd-user:session): session opened for user ubuntu(uid=1000) by ubuntu(uid=0)";
"2025-03-28T14:14:04.642+0000";"suricata";"3";"sshd: authentication success.";;"Mar 28 14:07:43 suricata sshd[1174]: Accepted publickey for ubuntu from 10.0.242.127 port 42696 ssh2: ED25519 SHA256:tF1+XPQaN143qE9VmXQmwdin2QrPEHSH0+TMWiu5US4";
"2025-03-28T14:14:04.643+0000";"suricata";"3";"PAM: Login session opened.";;"Mar 28 14:07:43 suricata sshd[1174]: pam_unix(sshd:session): session opened for user ubuntu(uid=1000) by ubuntu(uid=0)";
"2025-03-28T14:14:04.649+0000";"suricata";"3";"PAM: Login session opened.";;"Mar 28 14:07:43 suricata (systemd)[1193]: pam_unix(systemd-user:session): session opened for user ubuntu(uid=1000) by ubuntu(uid=0)";
"2025-03-28T14:14:04.783+0000";"suricata";"3";"PAM: Login session closed.";;"2025-03-28T14:08:30.413133+00:00 localhost sshd[1174]: pam_unix(sshd:session): session closed for user ubuntu";
"2025-03-28T14:14:04.795+0000";"suricata";"3";"PAM: Login session closed.";;"2025-03-28T14:08:40.597686+00:00 localhost (sd-pam): pam_unix(systemd-user:session): session closed for user ubuntu";
"2025-03-28T14:14:04.903+0000";"suricata";"3";"sshd: authentication success.";;"2025-03-28T14:09:14.330684+00:00 localhost sshd[1347]: Accepted publickey for ubuntu from 10.0.242.127 port 37094 ssh2: ED25519 SHA256:tF1+XPQaN143qE9VmXQmwdin2QrPEHSH0+TMWiu5US4";
"2025-03-28T14:14:04.904+0000";"suricata";"3";"PAM: Login session opened.";;"2025-03-28T14:09:14.332811+00:00 localhost sshd[1347]: pam_unix(sshd:session): session opened for user ubuntu(uid=1000) by ubuntu(uid=0)";
"2025-03-28T14:14:04.906+0000";"suricata";"3";"PAM: Login session opened.";;"2025-03-28T14:09:14.372125+00:00 localhost (systemd): pam_unix(systemd-user:session): session opened for user ubuntu(uid=1000) by ubuntu(uid=0)";
"2025-03-28T14:14:04.907+0000";"suricata";"4";"First time user executed sudo.";;"2025-03-28T14:09:15.520783+00:00 localhost sudo:   ubuntu : PWD=/home/ubuntu ; USER=root ; COMMAND=/bin/sh -c 'echo BECOME-SUCCESS-bawwwvbcuywejonhnvgugmdhlqdgqdaq ; /usr/bin/python3.12'";
"2025-03-28T14:14:04.908+0000";"suricata";"3";"PAM: Login session opened.";;"2025-03-28T14:09:15.521423+00:00 localhost sudo: pam_unix(sudo:session): session opened for user root(uid=0) by ubuntu(uid=1000)";
"2025-03-28T14:14:04.938+0000";"suricata";"3";"PAM: Login session closed.";;"2025-03-28T14:09:16.202060+00:00 localhost sudo: pam_unix(sudo:session): session closed for user root";
"2025-03-28T14:14:04.939+0000";"suricata";"3";"Successful sudo to ROOT executed.";;"2025-03-28T14:09:16.560130+00:00 localhost sudo:   ubuntu : PWD=/home/ubuntu ; USER=root ; COMMAND=/bin/sh -c 'echo BECOME-SUCCESS-yetzywmjdhqkjtawgchuqaegugqmllca ; /usr/bin/python3.12'";
"2025-03-28T14:14:04.940+0000";"suricata";"3";"PAM: Login session opened.";;"2025-03-28T14:09:16.560746+00:00 localhost sudo: pam_unix(sudo:session): session opened for user root(uid=0) by ubuntu(uid=1000)";
"2025-03-28T14:14:04.941+0000";"suricata";"3";"PAM: Login session closed.";;"2025-03-28T14:09:16.788379+00:00 localhost sudo: pam_unix(sudo:session): session closed for user root";
"2025-03-28T14:14:04.942+0000";"suricata";"3";"Successful sudo to ROOT executed.";;"2025-03-28T14:09:17.238050+00:00 localhost sudo:   ubuntu : PWD=/home/ubuntu ; USER=root ; COMMAND=/bin/sh -c 'echo BECOME-SUCCESS-ohvemqygpicqknkgshwncqjrthxzkoom ; /usr/bin/python3.12'";
"2025-03-28T14:14:04.944+0000";"suricata";"3";"PAM: Login session opened.";;"2025-03-28T14:09:17.238649+00:00 localhost sudo: pam_unix(sudo:session): session opened for user root(uid=0) by ubuntu(uid=1000)";
"2025-03-28T14:14:04.945+0000";"suricata";"3";"PAM: Login session closed.";;"2025-03-28T14:09:17.473269+00:00 localhost sudo: pam_unix(sudo:session): session closed for user root";
"2025-03-28T14:14:04.950+0000";"suricata";"3";"Successful sudo to ROOT executed.";;"2025-03-28T14:09:17.740388+00:00 localhost sudo:   ubuntu : PWD=/home/ubuntu ; USER=root ; COMMAND=/bin/sh -c 'echo BECOME-SUCCESS-nphjbdszguhexdttotaobknjtqxgcijh ; /usr/bin/python3.12'";
"2025-03-28T14:14:04.951+0000";"suricata";"3";"PAM: Login session opened.";;"2025-03-28T14:09:17.741007+00:00 localhost sudo: pam_unix(sudo:session): session opened for user root(uid=0) by ubuntu(uid=1000)";
"2025-03-28T14:14:04.952+0000";"suricata";"3";"PAM: Login session closed.";;"2025-03-28T14:09:17.984082+00:00 localhost sudo: pam_unix(sudo:session): session closed for user root";
"2025-03-28T14:14:04.953+0000";"suricata";"3";"Successful sudo to ROOT executed.";;"2025-03-28T14:09:18.292161+00:00 localhost sudo:   ubuntu : PWD=/home/ubuntu ; USER=root ; COMMAND=/bin/sh -c 'echo BECOME-SUCCESS-mftdgylzjphomanxibahslbactzgkbsp ; /usr/bin/python3.12'";
"2025-03-28T14:14:04.954+0000";"suricata";"3";"PAM: Login session opened.";;"2025-03-28T14:09:18.292735+00:00 localhost sudo: pam_unix(sudo:session): session opened for user root(uid=0) by ubuntu(uid=1000)";
"2025-03-28T14:14:04.958+0000";"suricata";"8";"Root's crontab entry changed.";;"2025-03-28T14:09:17.964571+00:00 localhost crontab[1484]: (root) REPLACE (root)";
"2025-03-28T14:14:04.964+0000";"suricata";"3";"Successful sudo to ROOT executed.";;"2025-03-28T14:09:20.023643+00:00 localhost sudo:   ubuntu : PWD=/home/ubuntu ; USER=root ; COMMAND=/bin/sh -c 'echo BECOME-SUCCESS-bkumvlnhxzjcneshbkfnqzliytgfjdjc ; /usr/bin/python3.12'";
"2025-03-28T14:14:04.964+0000";"suricata";"3";"PAM: Login session closed.";;"2025-03-28T14:09:19.877183+00:00 localhost sudo: pam_unix(sudo:session): session closed for user root";
"2025-03-28T14:14:04.965+0000";"suricata";"3";"PAM: Login session closed.";;"2025-03-28T14:09:20.269811+00:00 localhost sudo: pam_unix(sudo:session): session closed for user root";
"2025-03-28T14:14:04.965+0000";"suricata";"3";"PAM: Login session opened.";;"2025-03-28T14:09:20.024209+00:00 localhost sudo: pam_unix(sudo:session): session opened for user root(uid=0) by ubuntu(uid=1000)";
"2025-03-28T14:14:04.966+0000";"suricata";"3";"Successful sudo to ROOT executed.";;"2025-03-28T14:09:20.565655+00:00 localhost sudo:   ubuntu : PWD=/home/ubuntu ; USER=root ; COMMAND=/bin/sh -c 'echo BECOME-SUCCESS-nffpiiwcvtuctlluuigcvqintijsxpcu ; /usr/bin/python3.12'";
"2025-03-28T14:14:04.968+0000";"suricata";"3";"PAM: Login session opened.";;"2025-03-28T14:09:20.566243+00:00 localhost sudo: pam_unix(sudo:session): session opened for user root(uid=0) by ubuntu(uid=1000)";
"2025-03-28T14:14:04.969+0000";"suricata";"3";"PAM: Login session closed.";;"2025-03-28T14:09:20.786860+00:00 localhost sudo: pam_unix(sudo:session): session closed for user root";
"2025-03-28T14:14:04.971+0000";"suricata";"3";"PAM: Login session closed.";;"2025-03-28T14:09:21.399318+00:00 localhost sudo: pam_unix(sudo:session): session closed for user root";
"2025-03-28T14:14:04.971+0000";"suricata";"3";"Successful sudo to ROOT executed.";;"2025-03-28T14:09:21.167855+00:00 localhost sudo:   ubuntu : PWD=/home/ubuntu ; USER=root ; COMMAND=/bin/sh -c 'echo BECOME-SUCCESS-puyhxqehueznpesocowuywjhpekqxwxi ; /usr/bin/python3.12'";
"2025-03-28T14:14:04.973+0000";"suricata";"3";"PAM: Login session opened.";;"2025-03-28T14:09:21.168416+00:00 localhost sudo: pam_unix(sudo:session): session opened for user root(uid=0) by ubuntu(uid=1000)";
"2025-03-28T14:14:04.975+0000";"suricata";"3";"Successful sudo to ROOT executed.";;"2025-03-28T14:09:21.665724+00:00 localhost sudo:   ubuntu : PWD=/home/ubuntu ; USER=root ; COMMAND=/bin/sh -c 'echo BECOME-SUCCESS-elasktajqjhxdijqmmlwqiycpwtkfwoh ; /usr/bin/python3.12'";
"2025-03-28T14:14:04.976+0000";"suricata";"3";"PAM: Login session opened.";;"2025-03-28T14:09:21.666597+00:00 localhost sudo: pam_unix(sudo:session): session opened for user root(uid=0) by ubuntu(uid=1000)";
"2025-03-28T14:14:04.986+0000";"suricata";"3";"PAM: Login session closed.";;"2025-03-28T14:09:22.132361+00:00 localhost sudo: pam_unix(sudo:session): session closed for user root";
"2025-03-28T14:14:04.987+0000";"suricata";"3";"Successful sudo to ROOT executed.";;"2025-03-28T14:09:22.426659+00:00 localhost sudo:   ubuntu : PWD=/home/ubuntu ; USER=root ; COMMAND=/bin/sh -c 'echo BECOME-SUCCESS-gpbrrvuloqlmfyutmbvgimverzqjjtgd ; /usr/bin/python3.12'";
"2025-03-28T14:14:04.988+0000";"suricata";"3";"PAM: Login session opened.";;"2025-03-28T14:09:22.427233+00:00 localhost sudo: pam_unix(sudo:session): session opened for user root(uid=0) by ubuntu(uid=1000)";
"2025-03-28T14:14:05.209+0000";"suricata";"3";"PAM: Login session closed.";;"2025-03-28T14:09:31.349052+00:00 localhost sudo: pam_unix(sudo:session): session closed for user root";
"2025-03-28T14:14:05.221+0000";"suricata";"5";"Systemd: Service exited due to a failure.";;"2025-03-28T14:09:31.244388+00:00 localhost systemd[1]: suricata.service: Control process exited, code=exited, status=1/FAILURE";
"2025-03-28T14:14:05.353+0000";"suricata";"3";"Successful sudo to ROOT executed.";;"2025-03-28T14:10:16.100974+00:00 localhost sudo:   ubuntu : PWD=/home/ubuntu ; USER=root ; COMMAND=/bin/sh -c 'echo BECOME-SUCCESS-xugdttkakucrhbyrbkdqjqqmpncnivch ; /usr/bin/python3.12'";
"2025-03-28T14:14:05.353+0000";"suricata";"3";"PAM: Login session closed.";;"2025-03-28T14:10:16.804064+00:00 localhost sudo: pam_unix(sudo:session): session closed for user root";
"2025-03-28T14:14:05.353+0000";"suricata";"3";"PAM: Login session opened.";;"2025-03-28T14:10:16.101543+00:00 localhost sudo: pam_unix(sudo:session): session opened for user root(uid=0) by ubuntu(uid=1000)";
"2025-03-28T14:14:05.385+0000";"suricata";"3";"Successful sudo to ROOT executed.";;"2025-03-28T14:10:20.807101+00:00 localhost sudo:   ubuntu : PWD=/home/ubuntu ; USER=root ; COMMAND=/bin/sh -c 'echo BECOME-SUCCESS-zypkcklyimipnmueoctbzufmobzaqgsd ; /usr/bin/python3.12'";
"2025-03-28T14:14:05.386+0000";"suricata";"3";"PAM: Login session opened.";;"2025-03-28T14:10:20.807765+00:00 localhost sudo: pam_unix(sudo:session): session opened for user root(uid=0) by ubuntu(uid=1000)";
"2025-03-28T14:14:05.387+0000";"suricata";"3";"PAM: Login session closed.";;"2025-03-28T14:10:21.049833+00:00 localhost sudo: pam_unix(sudo:session): session closed for user root";
"2025-03-28T14:14:05.388+0000";"suricata";"3";"Successful sudo to ROOT executed.";;"2025-03-28T14:10:21.339596+00:00 localhost sudo:   ubuntu : PWD=/home/ubuntu ; USER=root ; COMMAND=/bin/sh -c 'echo BECOME-SUCCESS-ibljnerfuudhdezzlkfmetilinzooydb ; /usr/bin/python3.12'";
"2025-03-28T14:14:05.389+0000";"suricata";"3";"PAM: Login session opened.";;"2025-03-28T14:10:21.340201+00:00 localhost sudo: pam_unix(sudo:session): session opened for user root(uid=0) by ubuntu(uid=1000)";
"2025-03-28T14:14:05.390+0000";"suricata";"3";"PAM: Login session closed.";;"2025-03-28T14:10:21.580240+00:00 localhost sudo: pam_unix(sudo:session): session closed for user root";
"2025-03-28T14:14:05.406+0000";"suricata";"3";"Successful sudo to ROOT executed.";;"2025-03-28T14:10:21.995294+00:00 localhost sudo:   ubuntu : PWD=/home/ubuntu ; USER=root ; COMMAND=/bin/sh -c 'echo BECOME-SUCCESS-vppdepwxjdgihepahjkooxijaqhbsdmn ; /usr/bin/python3.12'";
"2025-03-28T14:14:05.407+0000";"suricata";"3";"PAM: Login session opened.";;"2025-03-28T14:10:21.995913+00:00 localhost sudo: pam_unix(sudo:session): session opened for user root(uid=0) by ubuntu(uid=1000)";
"2025-03-28T14:14:05.409+0000";"suricata";"3";"PAM: Login session closed.";;"2025-03-28T14:10:22.231305+00:00 localhost sudo: pam_unix(sudo:session): session closed for user root";
"2025-03-28T14:14:05.762+0000";"suricata";"11";"Wazuh agent connection lost.";;"ossec: Agent stopped: 'suricata->any'.";
"2025-03-28T14:14:07.334+0000";"hist";"3";"New wazuh agent connected.";;"ossec: Agent started: 'hist->any'.";
"2025-03-28T14:14:08.024+0000";"suricata";"3";"Wazuh agent started.";;"ossec: Agent started: 'suricata->any'.";
"2025-03-28T14:14:12.262+0000";"wazuh";"3";"sshd: authentication success.";;"2025-03-28T14:14:10.534438+00:00 localhost sshd[3202]: Accepted publickey for ubuntu from 10.0.242.127 port 41234 ssh2: ED25519 SHA256:tF1+XPQaN143qE9VmXQmwdin2QrPEHSH0+TMWiu5US4";
"2025-03-28T14:14:12.262+0000";"wazuh";"3";"PAM: Login session opened.";;"2025-03-28T14:14:10.538636+00:00 localhost sshd[3202]: pam_unix(sshd:session): session opened for user ubuntu(uid=1000) by ubuntu(uid=0)";
"2025-03-28T14:14:12.263+0000";"wazuh";"3";"PAM: Login session opened.";;"2025-03-28T14:14:10.586997+00:00 localhost (systemd): pam_unix(systemd-user:session): session opened for user ubuntu(uid=1000) by ubuntu(uid=0)";
"2025-03-28T14:14:12.263+0000";"wazuh";"3";"PAM: Login session opened.";;"2025-03-28T14:14:11.406912+00:00 localhost sudo: pam_unix(sudo:session): session opened for user root(uid=0) by ubuntu(uid=1000)";
"2025-03-28T14:14:12.263+0000";"wazuh";"3";"Successful sudo to ROOT executed.";;"2025-03-28T14:14:11.405852+00:00 localhost sudo:   ubuntu : PWD=/home/ubuntu ; USER=root ; COMMAND=/bin/sh -c 'echo BECOME-SUCCESS-oatqngcqhvjruazhejfjisposovrqsku ; /usr/bin/python3.12'";
"2025-03-28T14:14:14.264+0000";"wazuh";"3";"PAM: Login session closed.";;"2025-03-28T14:14:13.109162+00:00 localhost sudo: pam_unix(sudo:session): session closed for user root";
"2025-03-28T14:14:14.264+0000";"wazuh";"3";"PAM: Login session opened.";;"2025-03-28T14:14:13.745338+00:00 localhost sudo: pam_unix(sudo:session): session opened for user root(uid=0) by ubuntu(uid=1000)";
"2025-03-28T14:14:14.264+0000";"wazuh";"3";"Successful sudo to ROOT executed.";;"2025-03-28T14:14:13.744298+00:00 localhost sudo:   ubuntu : PWD=/home/ubuntu ; USER=root ; COMMAND=/bin/sh -c 'echo BECOME-SUCCESS-bphkxahjmfoeqfovgsucdpfrcponghzv ; /usr/bin/python3.12'";
"2025-03-28T14:14:31.074+0000";"OTDC1";"3";"Windows Logon Success";"OTDC1$";;"""An account was successfully logged on.

Subject:
	Security ID:		S-1-0-0
	Account Name:		-
	Account Domain:		-
	Logon ID:		0x0

Logon Information:
	Logon Type:		3
	Restricted Admin Mode:	-
	Virtual Account:		No
	Elevated Token:		Yes

Impersonation Level:		Impersonation

New Logon:
	Security ID:		S-1-5-18
	Account Name:		OTDC1$
	Account Domain:		PLUMETECH-OT.LOCAL
	Logon ID:		0x189284
	Linked Logon ID:		0x0
	Network Account Name:	-
	Network Account Domain:	-
	Logon GUID:		{466019ac-bdb0-907b-6eea-7ab5b7470f18}

Process Information:
	Process ID:		0x0
	Process Name:		-

Network Information:
	Workstation Name:	-
	Source Network Address:	::1
	Source Port:		56021

Detailed Authentication Information:
	Logon Process:		Kerberos
	Authentication Package:	Kerberos
	Transited Services:	-
	Package Name (NTLM only):	-
	Key Length:		0

This event is generated when a logon session is created. It is generated on the computer that was accessed.

The subject fields indicate the account on the local system which requested the logon. This is most commonly a service such as the Server service, or a local process such as Winlogon.exe or Services.exe.

The logon type field indicates the kind of logon that occurred. The most common types are 2 (interactive) and 3 (network).

The New Logon fields indicate the account for whom the new logon was created, i.e. the account that was logged on.

The network fields indicate where a remote logon request originated. Workstation name is not always available and may be left blank in some cases.

The impersonation level field indicates the extent to which a process in the logon session can impersonate.

The authentication information fields provide detailed information about this specific logon request.
	- Logon GUID is a unique identifier that can be used to correlate this event with a KDC event.
	- Transited services indicate which intermediate services have participated in this logon request.
	- Package name indicates which sub-protocol was used among the NTLM protocols.
	- Key length indicates the length of the generated session key. This will be 0 if no session key was requested."""
"2025-03-28T14:14:32.290+0000";"wazuh";"3";"PAM: Login session closed.";;"2025-03-28T14:14:32.256925+00:00 localhost sudo: pam_unix(sudo:session): session closed for user root";
"2025-03-28T14:14:40.907+0000";"ENG1";"3";"Windows Logon Success";"SYSTEM";;"""An account was successfully logged on.

Subject:
	Security ID:		S-1-5-18
	Account Name:		ENG1$
	Account Domain:		WORKGROUP
	Logon ID:		0x3E7

Logon Information:
	Logon Type:		5
	Restricted Admin Mode:	-
	Remote Credential Guard:	-
	Virtual Account:		No
	Elevated Token:		Yes

Impersonation Level:		Impersonation

New Logon:
	Security ID:		S-1-5-18
	Account Name:		SYSTEM
	Account Domain:		NT AUTHORITY
	Logon ID:		0x3E7
	Linked Logon ID:		0x0
	Network Account Name:	-
	Network Account Domain:	-
	Logon GUID:		{00000000-0000-0000-0000-000000000000}

Process Information:
	Process ID:		0x384
	Process Name:		C:\Windows\System32\services.exe

Network Information:
	Workstation Name:	-
	Source Network Address:	-
	Source Port:		-

Detailed Authentication Information:
	Logon Process:		Advapi  
	Authentication Package:	Negotiate
	Transited Services:	-
	Package Name (NTLM only):	-
	Key Length:		0

This event is generated when a logon session is created. It is generated on the computer that was accessed.

The subject fields indicate the account on the local system which requested the logon. This is most commonly a service such as the Server service, or a local process such as Winlogon.exe or Services.exe.

The logon type field indicates the kind of logon that occurred. The most common types are 2 (interactive) and 3 (network).

The New Logon fields indicate the account for whom the new logon was created, i.e. the account that was logged on.

The network fields indicate where a remote logon request originated. Workstation name is not always available and may be left blank in some cases.

The impersonation level field indicates the extent to which a process in the logon session can impersonate.

The authentication information fields provide detailed information about this specific logon request.
	- Logon GUID is a unique identifier that can be used to correlate this event with a KDC event.
	- Transited services indicate which intermediate services have participated in this logon request.
	- Package name indicates which sub-protocol was used among the NTLM protocols.
	- Key length indicates the length of the generated session key. This will be 0 if no session key was requested."""
"2025-03-28T14:14:40.949+0000";"ENG1";"3";"Windows Logon Success";"SYSTEM";;"""An account was successfully logged on.

Subject:
	Security ID:		S-1-5-18
	Account Name:		ENG1$
	Account Domain:		WORKGROUP
	Logon ID:		0x3E7

Logon Information:
	Logon Type:		5
	Restricted Admin Mode:	-
	Remote Credential Guard:	-
	Virtual Account:		No
	Elevated Token:		Yes

Impersonation Level:		Impersonation

New Logon:
	Security ID:		S-1-5-18
	Account Name:		SYSTEM
	Account Domain:		NT AUTHORITY
	Logon ID:		0x3E7
	Linked Logon ID:		0x0
	Network Account Name:	-
	Network Account Domain:	-
	Logon GUID:		{00000000-0000-0000-0000-000000000000}

Process Information:
	Process ID:		0x384
	Process Name:		C:\Windows\System32\services.exe

Network Information:
	Workstation Name:	-
	Source Network Address:	-
	Source Port:		-

Detailed Authentication Information:
	Logon Process:		Advapi  
	Authentication Package:	Negotiate
	Transited Services:	-
	Package Name (NTLM only):	-
	Key Length:		0

This event is generated when a logon session is created. It is generated on the computer that was accessed.

The subject fields indicate the account on the local system which requested the logon. This is most commonly a service such as the Server service, or a local process such as Winlogon.exe or Services.exe.

The logon type field indicates the kind of logon that occurred. The most common types are 2 (interactive) and 3 (network).

The New Logon fields indicate the account for whom the new logon was created, i.e. the account that was logged on.

The network fields indicate where a remote logon request originated. Workstation name is not always available and may be left blank in some cases.

The impersonation level field indicates the extent to which a process in the logon session can impersonate.

The authentication information fields provide detailed information about this specific logon request.
	- Logon GUID is a unique identifier that can be used to correlate this event with a KDC event.
	- Transited services indicate which intermediate services have participated in this logon request.
	- Package name indicates which sub-protocol was used among the NTLM protocols.
	- Key length indicates the length of the generated session key. This will be 0 if no session key was requested."""
"2025-03-28T14:14:41.865+0000";"DC1";"3";"Windows Logon Success";"DC1$";;"""An account was successfully logged on.

Subject:
	Security ID:		S-1-0-0
	Account Name:		-
	Account Domain:		-
	Logon ID:		0x0

Logon Information:
	Logon Type:		3
	Restricted Admin Mode:	-
	Virtual Account:		No
	Elevated Token:		Yes

Impersonation Level:		Impersonation

New Logon:
	Security ID:		S-1-5-18
	Account Name:		DC1$
	Account Domain:		PLUMETECH.LOCAL
	Logon ID:		0x1BA8F2
	Linked Logon ID:		0x0
	Network Account Name:	-
	Network Account Domain:	-
	Logon GUID:		{5425e877-3887-131e-7681-4a1daa92c27a}

Process Information:
	Process ID:		0x0
	Process Name:		-

Network Information:
	Workstation Name:	-
	Source Network Address:	::1
	Source Port:		61424

Detailed Authentication Information:
	Logon Process:		Kerberos
	Authentication Package:	Kerberos
	Transited Services:	-
	Package Name (NTLM only):	-
	Key Length:		0

This event is generated when a logon session is created. It is generated on the computer that was accessed.

The subject fields indicate the account on the local system which requested the logon. This is most commonly a service such as the Server service, or a local process such as Winlogon.exe or Services.exe.

The logon type field indicates the kind of logon that occurred. The most common types are 2 (interactive) and 3 (network).

The New Logon fields indicate the account for whom the new logon was created, i.e. the account that was logged on.

The network fields indicate where a remote logon request originated. Workstation name is not always available and may be left blank in some cases.

The impersonation level field indicates the extent to which a process in the logon session can impersonate.

The authentication information fields provide detailed information about this specific logon request.
	- Logon GUID is a unique identifier that can be used to correlate this event with a KDC event.
	- Transited services indicate which intermediate services have participated in this logon request.
	- Package name indicates which sub-protocol was used among the NTLM protocols.
	- Key length indicates the length of the generated session key. This will be 0 if no session key was requested."""
"2025-03-28T14:14:42.181+0000";"ENG1";"3";"Windows Logon Success";"SYSTEM";;"""An account was successfully logged on.

Subject:
	Security ID:		S-1-5-18
	Account Name:		ENG1$
	Account Domain:		WORKGROUP
	Logon ID:		0x3E7

Logon Information:
	Logon Type:		5
	Restricted Admin Mode:	-
	Remote Credential Guard:	-
	Virtual Account:		No
	Elevated Token:		Yes

Impersonation Level:		Impersonation

New Logon:
	Security ID:		S-1-5-18
	Account Name:		SYSTEM
	Account Domain:		NT AUTHORITY
	Logon ID:		0x3E7
	Linked Logon ID:		0x0
	Network Account Name:	-
	Network Account Domain:	-
	Logon GUID:		{00000000-0000-0000-0000-000000000000}

Process Information:
	Process ID:		0x384
	Process Name:		C:\Windows\System32\services.exe

Network Information:
	Workstation Name:	-
	Source Network Address:	-
	Source Port:		-

Detailed Authentication Information:
	Logon Process:		Advapi  
	Authentication Package:	Negotiate
	Transited Services:	-
	Package Name (NTLM only):	-
	Key Length:		0

This event is generated when a logon session is created. It is generated on the computer that was accessed.

The subject fields indicate the account on the local system which requested the logon. This is most commonly a service such as the Server service, or a local process such as Winlogon.exe or Services.exe.

The logon type field indicates the kind of logon that occurred. The most common types are 2 (interactive) and 3 (network).

The New Logon fields indicate the account for whom the new logon was created, i.e. the account that was logged on.

The network fields indicate where a remote logon request originated. Workstation name is not always available and may be left blank in some cases.

The impersonation level field indicates the extent to which a process in the logon session can impersonate.

The authentication information fields provide detailed information about this specific logon request.
	- Logon GUID is a unique identifier that can be used to correlate this event with a KDC event.
	- Transited services indicate which intermediate services have participated in this logon request.
	- Package name indicates which sub-protocol was used among the NTLM protocols.
	- Key length indicates the length of the generated session key. This will be 0 if no session key was requested."""
"2025-03-28T14:14:43.718+0000";"ENG1";"3";"Windows Logon Success";"SYSTEM";;"""An account was successfully logged on.

Subject:
	Security ID:		S-1-5-18
	Account Name:		ENG1$
	Account Domain:		WORKGROUP
	Logon ID:		0x3E7

Logon Information:
	Logon Type:		5
	Restricted Admin Mode:	-
	Remote Credential Guard:	-
	Virtual Account:		No
	Elevated Token:		Yes

Impersonation Level:		Impersonation

New Logon:
	Security ID:		S-1-5-18
	Account Name:		SYSTEM
	Account Domain:		NT AUTHORITY
	Logon ID:		0x3E7
	Linked Logon ID:		0x0
	Network Account Name:	-
	Network Account Domain:	-
	Logon GUID:		{00000000-0000-0000-0000-000000000000}

Process Information:
	Process ID:		0x384
	Process Name:		C:\Windows\System32\services.exe

Network Information:
	Workstation Name:	-
	Source Network Address:	-
	Source Port:		-

Detailed Authentication Information:
	Logon Process:		Advapi  
	Authentication Package:	Negotiate
	Transited Services:	-
	Package Name (NTLM only):	-
	Key Length:		0

This event is generated when a logon session is created. It is generated on the computer that was accessed.

The subject fields indicate the account on the local system which requested the logon. This is most commonly a service such as the Server service, or a local process such as Winlogon.exe or Services.exe.

The logon type field indicates the kind of logon that occurred. The most common types are 2 (interactive) and 3 (network).

The New Logon fields indicate the account for whom the new logon was created, i.e. the account that was logged on.

The network fields indicate where a remote logon request originated. Workstation name is not always available and may be left blank in some cases.

The impersonation level field indicates the extent to which a process in the logon session can impersonate.

The authentication information fields provide detailed information about this specific logon request.
	- Logon GUID is a unique identifier that can be used to correlate this event with a KDC event.
	- Transited services indicate which intermediate services have participated in this logon request.
	- Package name indicates which sub-protocol was used among the NTLM protocols.
	- Key length indicates the length of the generated session key. This will be 0 if no session key was requested."""
"2025-03-28T14:14:43.729+0000";"ENG1";"3";"Windows Logon Success";"SYSTEM";;"""An account was successfully logged on.

Subject:
	Security ID:		S-1-5-18
	Account Name:		ENG1$
	Account Domain:		WORKGROUP
	Logon ID:		0x3E7

Logon Information:
	Logon Type:		5
	Restricted Admin Mode:	-
	Remote Credential Guard:	-
	Virtual Account:		No
	Elevated Token:		Yes

Impersonation Level:		Impersonation

New Logon:
	Security ID:		S-1-5-18
	Account Name:		SYSTEM
	Account Domain:		NT AUTHORITY
	Logon ID:		0x3E7
	Linked Logon ID:		0x0
	Network Account Name:	-
	Network Account Domain:	-
	Logon GUID:		{00000000-0000-0000-0000-000000000000}

Process Information:
	Process ID:		0x384
	Process Name:		C:\Windows\System32\services.exe

Network Information:
	Workstation Name:	-
	Source Network Address:	-
	Source Port:		-

Detailed Authentication Information:
	Logon Process:		Advapi  
	Authentication Package:	Negotiate
	Transited Services:	-
	Package Name (NTLM only):	-
	Key Length:		0

This event is generated when a logon session is created. It is generated on the computer that was accessed.

The subject fields indicate the account on the local system which requested the logon. This is most commonly a service such as the Server service, or a local process such as Winlogon.exe or Services.exe.

The logon type field indicates the kind of logon that occurred. The most common types are 2 (interactive) and 3 (network).

The New Logon fields indicate the account for whom the new logon was created, i.e. the account that was logged on.

The network fields indicate where a remote logon request originated. Workstation name is not always available and may be left blank in some cases.

The impersonation level field indicates the extent to which a process in the logon session can impersonate.

The authentication information fields provide detailed information about this specific logon request.
	- Logon GUID is a unique identifier that can be used to correlate this event with a KDC event.
	- Transited services indicate which intermediate services have participated in this logon request.
	- Package name indicates which sub-protocol was used among the NTLM protocols.
	- Key length indicates the length of the generated session key. This will be 0 if no session key was requested."""
"2025-03-28T14:14:45.871+0000";"ENG1";"3";"Windows Logon Success";"SYSTEM";;"""An account was successfully logged on.

Subject:
	Security ID:		S-1-5-18
	Account Name:		ENG1$
	Account Domain:		WORKGROUP
	Logon ID:		0x3E7

Logon Information:
	Logon Type:		5
	Restricted Admin Mode:	-
	Remote Credential Guard:	-
	Virtual Account:		No
	Elevated Token:		Yes

Impersonation Level:		Impersonation

New Logon:
	Security ID:		S-1-5-18
	Account Name:		SYSTEM
	Account Domain:		NT AUTHORITY
	Logon ID:		0x3E7
	Linked Logon ID:		0x0
	Network Account Name:	-
	Network Account Domain:	-
	Logon GUID:		{00000000-0000-0000-0000-000000000000}

Process Information:
	Process ID:		0x384
	Process Name:		C:\Windows\System32\services.exe

Network Information:
	Workstation Name:	-
	Source Network Address:	-
	Source Port:		-

Detailed Authentication Information:
	Logon Process:		Advapi  
	Authentication Package:	Negotiate
	Transited Services:	-
	Package Name (NTLM only):	-
	Key Length:		0

This event is generated when a logon session is created. It is generated on the computer that was accessed.

The subject fields indicate the account on the local system which requested the logon. This is most commonly a service such as the Server service, or a local process such as Winlogon.exe or Services.exe.

The logon type field indicates the kind of logon that occurred. The most common types are 2 (interactive) and 3 (network).

The New Logon fields indicate the account for whom the new logon was created, i.e. the account that was logged on.

The network fields indicate where a remote logon request originated. Workstation name is not always available and may be left blank in some cases.

The impersonation level field indicates the extent to which a process in the logon session can impersonate.

The authentication information fields provide detailed information about this specific logon request.
	- Logon GUID is a unique identifier that can be used to correlate this event with a KDC event.
	- Transited services indicate which intermediate services have participated in this logon request.
	- Package name indicates which sub-protocol was used among the NTLM protocols.
	- Key length indicates the length of the generated session key. This will be 0 if no session key was requested."""
"2025-03-28T14:14:45.877+0000";"ENG1";"3";"Windows Logon Success";"SYSTEM";;"""An account was successfully logged on.

Subject:
	Security ID:		S-1-5-18
	Account Name:		ENG1$
	Account Domain:		WORKGROUP
	Logon ID:		0x3E7

Logon Information:
	Logon Type:		5
	Restricted Admin Mode:	-
	Remote Credential Guard:	-
	Virtual Account:		No
	Elevated Token:		Yes

Impersonation Level:		Impersonation

New Logon:
	Security ID:		S-1-5-18
	Account Name:		SYSTEM
	Account Domain:		NT AUTHORITY
	Logon ID:		0x3E7
	Linked Logon ID:		0x0
	Network Account Name:	-
	Network Account Domain:	-
	Logon GUID:		{00000000-0000-0000-0000-000000000000}

Process Information:
	Process ID:		0x384
	Process Name:		C:\Windows\System32\services.exe

Network Information:
	Workstation Name:	-
	Source Network Address:	-
	Source Port:		-

Detailed Authentication Information:
	Logon Process:		Advapi  
	Authentication Package:	Negotiate
	Transited Services:	-
	Package Name (NTLM only):	-
	Key Length:		0

This event is generated when a logon session is created. It is generated on the computer that was accessed.

The subject fields indicate the account on the local system which requested the logon. This is most commonly a service such as the Server service, or a local process such as Winlogon.exe or Services.exe.

The logon type field indicates the kind of logon that occurred. The most common types are 2 (interactive) and 3 (network).

The New Logon fields indicate the account for whom the new logon was created, i.e. the account that was logged on.

The network fields indicate where a remote logon request originated. Workstation name is not always available and may be left blank in some cases.

The impersonation level field indicates the extent to which a process in the logon session can impersonate.

The authentication information fields provide detailed information about this specific logon request.
	- Logon GUID is a unique identifier that can be used to correlate this event with a KDC event.
	- Transited services indicate which intermediate services have participated in this logon request.
	- Package name indicates which sub-protocol was used among the NTLM protocols.
	- Key length indicates the length of the generated session key. This will be 0 if no session key was requested."""
"2025-03-28T14:14:53.035+0000";"ENG1";"3";"Windows Logon Success";"SYSTEM";;"""An account was successfully logged on.

Subject:
	Security ID:		S-1-5-18
	Account Name:		ENG1$
	Account Domain:		WORKGROUP
	Logon ID:		0x3E7

Logon Information:
	Logon Type:		5
	Restricted Admin Mode:	-
	Remote Credential Guard:	-
	Virtual Account:		No
	Elevated Token:		Yes

Impersonation Level:		Impersonation

New Logon:
	Security ID:		S-1-5-18
	Account Name:		SYSTEM
	Account Domain:		NT AUTHORITY
	Logon ID:		0x3E7
	Linked Logon ID:		0x0
	Network Account Name:	-
	Network Account Domain:	-
	Logon GUID:		{00000000-0000-0000-0000-000000000000}

Process Information:
	Process ID:		0x384
	Process Name:		C:\Windows\System32\services.exe

Network Information:
	Workstation Name:	-
	Source Network Address:	-
	Source Port:		-

Detailed Authentication Information:
	Logon Process:		Advapi  
	Authentication Package:	Negotiate
	Transited Services:	-
	Package Name (NTLM only):	-
	Key Length:		0

This event is generated when a logon session is created. It is generated on the computer that was accessed.

The subject fields indicate the account on the local system which requested the logon. This is most commonly a service such as the Server service, or a local process such as Winlogon.exe or Services.exe.

The logon type field indicates the kind of logon that occurred. The most common types are 2 (interactive) and 3 (network).

The New Logon fields indicate the account for whom the new logon was created, i.e. the account that was logged on.

The network fields indicate where a remote logon request originated. Workstation name is not always available and may be left blank in some cases.

The impersonation level field indicates the extent to which a process in the logon session can impersonate.

The authentication information fields provide detailed information about this specific logon request.
	- Logon GUID is a unique identifier that can be used to correlate this event with a KDC event.
	- Transited services indicate which intermediate services have participated in this logon request.
	- Package name indicates which sub-protocol was used among the NTLM protocols.
	- Key length indicates the length of the generated session key. This will be 0 if no session key was requested."""
"2025-03-28T14:14:59.162+0000";"ENG1";"3";"Non service account logged off.";"sshd_2684";;"""An account was logged off.

Subject:
	Security ID:		S-1-5-111-3847866527-469524349-687026318-516638107-1125189541-2684
	Account Name:		sshd_2684
	Account Domain:		VIRTUAL USERS
	Logon ID:		0xEE9E7

Logon Type:			5

This event is generated when a logon session is destroyed. It may be positively correlated with a logon event using the Logon ID value. Logon IDs are only unique between reboots on the same computer."""
