2025-03-28T11:21:21.451Z,FS1,low,3,Windows Logon Success,"""An account was successfully logged on.

Subject:
	Security ID:		S-1-0-0
	Account Name:		-
	Account Domain:		-
	Logon ID:		0x0

Logon Information:
	Logon Type:		3
	Restricted Admin Mode:	-
	Virtual Account:		No
	Elevated Token:		Yes

Impersonation Level:		Impersonation

New Logon:
	Security ID:		S-1-5-18
	Account Name:		FS1$
	Account Domain:		PLUMETECH.LOCAL
	Logon ID:		0x117214D
	Linked Logon ID:		0x0
	Network Account Name:	-
	Network Account Domain:	-
	Logon GUID:		{b58098a5-22f9-d3c3-7878-d854c8da87af}

Process Information:
	Process ID:		0x0
	Process Name:		-

Network Information:
	Workstation Name:	-
	Source Network Address:	::1
	Source Port:		0

Detailed Authentication Information:
	Logon Process:		Kerberos
	Authentication Package:	Kerberos
	Transited Services:	-
	Package Name (NTLM only):	-
	Key Length:		0

This event is generated when a logon session is created. It is generated on the computer that was accessed.

The subject fields indicate the account on the local system which requested the logon. This is most commonly a service such as the Server service, or a local process such as Winlogon.exe or Services.exe.

The logon type field indicates the kind of logon that occurred. The most common types are 2 (interactive) and 3 (network).

The New Logon fields indicate the account for whom the new logon was created, i.e. the account that was logged on.

The network fields indicate where a remote logon request originated. Workstation name is not always available and may be left blank in some cases.

The impersonation level field indicates the extent to which a process in the logon session can impersonate.

The authentication information fields provide detailed information about this specific logon request.
	- Logon GUID is a unique identifier that can be used to correlate this event with a KDC event.
	- Transited services indicate which intermediate services have participated in this logon request.
	- Package name indicates which sub-protocol was used among the NTLM protocols.
	- Key length indicates the length of the generated session key. This will be 0 if no session key was requested."""
2025-03-28T11:21:24.765Z,JUMP,low,5,Logon Failure - Unknown user or bad password,"""An account failed to log on.

Subject:
	Security ID:		S-1-5-18
	Account Name:		JUMP$
	Account Domain:		PLUMETECH-OT
	Logon ID:		0x3E7

Logon Type:			11

Account For Which Logon Failed:
	Security ID:		S-1-0-0
	Account Name:		Administrator
	Account Domain:		JUMP

Failure Information:
	Failure Reason:		An Error occured during Logon.
	Status:			0xC000010B
	Sub Status:		0x0

Process Information:
	Caller Process ID:	0x8d0
	Caller Process Name:	C:\Windows\System32\consent.exe

Network Information:
	Workstation Name:	JUMP
	Source Network Address:	::1
	Source Port:		0

Detailed Authentication Information:
	Logon Process:		CredPro
	Authentication Package:	Negotiate
	Transited Services:	-
	Package Name (NTLM only):	-
	Key Length:		0

This event is generated when a logon request fails. It is generated on the computer where access was attempted.

The Subject fields indicate the account on the local system which requested the logon. This is most commonly a service such as the Server service, or a local process such as Winlogon.exe or Services.exe.

The Logon Type field indicates the kind of logon that was requested. The most common types are 2 (interactive) and 3 (network).

The Process Information fields indicate which account and process on the system requested the logon.

The Network Information fields indicate where a remote logon request originated. Workstation name is not always available and may be left blank in some cases.

The authentication information fields provide detailed information about this specific logon request.
	- Transited services indicate which intermediate services have participated in this logon request.
	- Package name indicates which sub-protocol was used among the NTLM protocols.
	- Key length indicates the length of the generated session key. This will be 0 if no session key was requested."""
2025-03-28T11:21:24.782Z,JUMP,low,3,Windows Workstation Logon Success,"""An account was successfully logged on.

Subject:
	Security ID:		S-1-5-18
	Account Name:		JUMP$
	Account Domain:		PLUMETECH-OT
	Logon ID:		0x3E7

Logon Information:
	Logon Type:		2
	Restricted Admin Mode:	-
	Virtual Account:		No
	Elevated Token:		Yes

Impersonation Level:		Impersonation

New Logon:
	Security ID:		S-1-5-21-1618838942-2977866361-2353179303-500
	Account Name:		Administrator
	Account Domain:		JUMP
	Logon ID:		0x2B0D240
	Linked Logon ID:		0x0
	Network Account Name:	-
	Network Account Domain:	-
	Logon GUID:		{00000000-0000-0000-0000-000000000000}

Process Information:
	Process ID:		0x8d0
	Process Name:		C:\Windows\System32\consent.exe

Network Information:
	Workstation Name:	JUMP
	Source Network Address:	::1
	Source Port:		0

Detailed Authentication Information:
	Logon Process:		CredPro
	Authentication Package:	Negotiate
	Transited Services:	-
	Package Name (NTLM only):	-
	Key Length:		0

This event is generated when a logon session is created. It is generated on the computer that was accessed.

The subject fields indicate the account on the local system which requested the logon. This is most commonly a service such as the Server service, or a local process such as Winlogon.exe or Services.exe.

The logon type field indicates the kind of logon that occurred. The most common types are 2 (interactive) and 3 (network).

The New Logon fields indicate the account for whom the new logon was created, i.e. the account that was logged on.

The network fields indicate where a remote logon request originated. Workstation name is not always available and may be left blank in some cases.

The impersonation level field indicates the extent to which a process in the logon session can impersonate.

The authentication information fields provide detailed information about this specific logon request.
	- Logon GUID is a unique identifier that can be used to correlate this event with a KDC event.
	- Transited services indicate which intermediate services have participated in this logon request.
	- Package name indicates which sub-protocol was used among the NTLM protocols.
	- Key length indicates the length of the generated session key. This will be 0 if no session key was requested."""
2025-03-28T11:21:33.406Z,JUMP,critical,15,KeePass.exe accessed,"{""win"":{""system"":{""providerName"":""Microsoft-Windows-Sysmon"",""providerGuid"":""{5770385f-c22a-43e0-bf4c-06f5698ffbd9}"",""eventID"":""10"",""version"":""3"",""level"":""4"",""task"":""10"",""opcode"":""0"",""keywords"":""0x8000000000000000"",""systemTime"":""2025-03-28T11:21:32.3854452Z"",""eventRecordID"":""10889"",""processID"":""2548"",""threadID"":""396"",""channel"":""Microsoft-Windows-Sysmon/Operational"",""computer"":""JUMP.PLUMETECH-OT.LOCAL"",""severityValue"":""INFORMATION"",""message"":""\""Process accessed:\r\nRuleName: -\r\nUtcTime: 2025-03-28 11:21:32.377\r\nSourceProcessGUID: {0492b10a-8633-67e6-1907-000000001402}\r\nSourceProcessId: 4220\r\nSourceThreadId: 2332\r\nSourceImage: C:\\Windows\\system32\\taskmgr.exe\r\nTargetProcessGUID: {0492b10a-481f-67e6-b200-000000001402}\r\nTargetProcessId: 6136\r\nTargetImage: C:\\Users\\Bob\\Desktop\\keepass\\KeePass.exe\r\nGrantedAccess: 0x1FFFFF\r\nCallTrace: C:\\Windows\\SYSTEM32\\ntdll.dll+9fe54|C:\\Windows\\System32\\KERNELBASE.dll+44f9e|C:\\Windows\\system32\\taskmgr.exe+1ed36|C:\\Windows\\system32\\taskmgr.exe+69f29|C:\\Windows\\system32\\taskmgr.exe+76729|C:\\Windows\\system32\\taskmgr.exe+784ee|C:\\Windows\\system32\\taskmgr.exe+53c75|C:\\Windows\\system32\\DUI70.dll+39d97|C:\\Windows\\system32\\DUser.dll+40e1|C:\\Windows\\SYSTEM32\\atlthunk.dll+1922|C:\\Windows\\System32\\USER32.dll+10089|C:\\Windows\\System32\\USER32.dll+fa02|C:\\Windows\\system32\\taskmgr.exe+2be38|C:\\Windows\\system32\\taskmgr.exe+32c00|C:\\Windows\\System32\\KERNEL32.DLL+14cb0|C:\\Windows\\SYSTEM32\\ntdll.dll+7edcb\r\nSourceUser: JUMP\\Administrator\r\nTargetUser: PLUMETECH-OT\\bob\""""},""eventdata"":{""utcTime"":""2025-03-28 11:21:32.377"",""sourceProcessGUID"":""{0492b10a-8633-67e6-1907-000000001402}"",""sourceProcessId"":""4220"",""sourceThreadId"":""2332"",""sourceImage"":""C:\\\\Windows\\\\system32\\\\taskmgr.exe"",""targetProcessGUID"":""{0492b10a-481f-67e6-b200-000000001402}"",""targetProcessId"":""6136"",""targetImage"":""C:\\\\Users\\\\Bob\\\\Desktop\\\\keepass\\\\KeePass.exe"",""grantedAccess"":""0x1fffff"",""callTrace"":""C:\\\\Windows\\\\SYSTEM32\\\\ntdll.dll+9fe54|C:\\\\Windows\\\\System32\\\\KERNELBASE.dll+44f9e|C:\\\\Windows\\\\system32\\\\taskmgr.exe+1ed36|C:\\\\Windows\\\\system32\\\\taskmgr.exe+69f29|C:\\\\Windows\\\\system32\\\\taskmgr.exe+76729|C:\\\\Windows\\\\system32\\\\taskmgr.exe+784ee|C:\\\\Windows\\\\system32\\\\taskmgr.exe+53c75|C:\\\\Windows\\\\system32\\\\DUI70.dll+39d97|C:\\\\Windows\\\\system32\\\\DUser.dll+40e1|C:\\\\Windows\\\\SYSTEM32\\\\atlthunk.dll+1922|C:\\\\Windows\\\\System32\\\\USER32.dll+10089|C:\\\\Windows\\\\System32\\\\USER32.dll+fa02|C:\\\\Windows\\\\system32\\\\taskmgr.exe+2be38|C:\\\\Windows\\\\system32\\\\taskmgr.exe+32c00|C:\\\\Windows\\\\System32\\\\KERNEL32.DLL+14cb0|C:\\\\Windows\\\\SYSTEM32\\\\ntdll.dll+7edcb"",""sourceUser"":""JUMP\\\\Administrator"",""targetUser"":""PLUMETECH-OT\\\\bob""}}}"
2025-03-28T11:21:33.435Z,JUMP,critical,15,KeePass.exe accessed,"{""win"":{""system"":{""providerName"":""Microsoft-Windows-Sysmon"",""providerGuid"":""{5770385f-c22a-43e0-bf4c-06f5698ffbd9}"",""eventID"":""10"",""version"":""3"",""level"":""4"",""task"":""10"",""opcode"":""0"",""keywords"":""0x8000000000000000"",""systemTime"":""2025-03-28T11:21:32.4064922Z"",""eventRecordID"":""10891"",""processID"":""2548"",""threadID"":""396"",""channel"":""Microsoft-Windows-Sysmon/Operational"",""computer"":""JUMP.PLUMETECH-OT.LOCAL"",""severityValue"":""INFORMATION"",""message"":""\""Process accessed:\r\nRuleName: -\r\nUtcTime: 2025-03-28 11:21:32.399\r\nSourceProcessGUID: {0492b10a-8633-67e6-1907-000000001402}\r\nSourceProcessId: 4220\r\nSourceThreadId: 8632\r\nSourceImage: C:\\Windows\\system32\\taskmgr.exe\r\nTargetProcessGUID: {0492b10a-481f-67e6-b200-000000001402}\r\nTargetProcessId: 6136\r\nTargetImage: C:\\Users\\Bob\\Desktop\\keepass\\KeePass.exe\r\nGrantedAccess: 0x1FFFFF\r\nCallTrace: C:\\Windows\\SYSTEM32\\ntdll.dll+9fe54|C:\\Windows\\SYSTEM32\\ntdll.dll+db0a0|C:\\Windows\\System32\\KERNEL32.DLL+1e4e8|C:\\Windows\\System32\\KERNEL32.DLL+26801|C:\\Windows\\system32\\dbgcore.DLL+a47a|C:\\Windows\\system32\\dbgcore.DLL+19735|C:\\Windows\\system32\\dbgcore.DLL+12988|C:\\Windows\\system32\\dbgcore.DLL+66a8|C:\\Windows\\system32\\dbgcore.DLL+71b8|C:\\Windows\\system32\\taskmgr.exe+6e097|C:\\Windows\\System32\\KERNEL32.DLL+14cb0|C:\\Windows\\SYSTEM32\\ntdll.dll+7edcb\r\nSourceUser: JUMP\\Administrator\r\nTargetUser: PLUMETECH-OT\\bob\""""},""eventdata"":{""utcTime"":""2025-03-28 11:21:32.399"",""sourceProcessGUID"":""{0492b10a-8633-67e6-1907-000000001402}"",""sourceProcessId"":""4220"",""sourceThreadId"":""8632"",""sourceImage"":""C:\\\\Windows\\\\system32\\\\taskmgr.exe"",""targetProcessGUID"":""{0492b10a-481f-67e6-b200-000000001402}"",""targetProcessId"":""6136"",""targetImage"":""C:\\\\Users\\\\Bob\\\\Desktop\\\\keepass\\\\KeePass.exe"",""grantedAccess"":""0x1fffff"",""callTrace"":""C:\\\\Windows\\\\SYSTEM32\\\\ntdll.dll+9fe54|C:\\\\Windows\\\\SYSTEM32\\\\ntdll.dll+db0a0|C:\\\\Windows\\\\System32\\\\KERNEL32.DLL+1e4e8|C:\\\\Windows\\\\System32\\\\KERNEL32.DLL+26801|C:\\\\Windows\\\\system32\\\\dbgcore.DLL+a47a|C:\\\\Windows\\\\system32\\\\dbgcore.DLL+19735|C:\\\\Windows\\\\system32\\\\dbgcore.DLL+12988|C:\\\\Windows\\\\system32\\\\dbgcore.DLL+66a8|C:\\\\Windows\\\\system32\\\\dbgcore.DLL+71b8|C:\\\\Windows\\\\system32\\\\taskmgr.exe+6e097|C:\\\\Windows\\\\System32\\\\KERNEL32.DLL+14cb0|C:\\\\Windows\\\\SYSTEM32\\\\ntdll.dll+7edcb"",""sourceUser"":""JUMP\\\\Administrator"",""targetUser"":""PLUMETECH-OT\\\\bob""}}}"
2025-03-28T11:21:40.746Z,DC1,low,3,Windows Logon Success,"""An account was successfully logged on.

Subject:
	Security ID:		S-1-0-0
	Account Name:		-
	Account Domain:		-
	Logon ID:		0x0

Logon Information:
	Logon Type:		3
	Restricted Admin Mode:	-
	Virtual Account:		No
	Elevated Token:		Yes

Impersonation Level:		Impersonation

New Logon:
	Security ID:		S-1-5-18
	Account Name:		DC1$
	Account Domain:		PLUMETECH.LOCAL
	Logon ID:		0x1B7E431
	Linked Logon ID:		0x0
	Network Account Name:	-
	Network Account Domain:	-
	Logon GUID:		{135076b4-c946-31b9-05a5-29a4c0549096}

Process Information:
	Process ID:		0x0
	Process Name:		-

Network Information:
	Workstation Name:	-
	Source Network Address:	fe80::dc08:d404:2a99:3a5d
	Source Port:		63735

Detailed Authentication Information:
	Logon Process:		Kerberos
	Authentication Package:	Kerberos
	Transited Services:	-
	Package Name (NTLM only):	-
	Key Length:		0

This event is generated when a logon session is created. It is generated on the computer that was accessed.

The subject fields indicate the account on the local system which requested the logon. This is most commonly a service such as the Server service, or a local process such as Winlogon.exe or Services.exe.

The logon type field indicates the kind of logon that occurred. The most common types are 2 (interactive) and 3 (network).

The New Logon fields indicate the account for whom the new logon was created, i.e. the account that was logged on.

The network fields indicate where a remote logon request originated. Workstation name is not always available and may be left blank in some cases.

The impersonation level field indicates the extent to which a process in the logon session can impersonate.

The authentication information fields provide detailed information about this specific logon request.
	- Logon GUID is a unique identifier that can be used to correlate this event with a KDC event.
	- Transited services indicate which intermediate services have participated in this logon request.
	- Package name indicates which sub-protocol was used among the NTLM protocols.
	- Key length indicates the length of the generated session key. This will be 0 if no session key was requested."""
2025-03-28T11:21:40.753Z,DC1,low,3,Windows Logon Success,"""An account was successfully logged on.

Subject:
	Security ID:		S-1-0-0
	Account Name:		-
	Account Domain:		-
	Logon ID:		0x0

Logon Information:
	Logon Type:		3
	Restricted Admin Mode:	-
	Virtual Account:		No
	Elevated Token:		Yes

Impersonation Level:		Impersonation

New Logon:
	Security ID:		S-1-5-18
	Account Name:		DC1$
	Account Domain:		PLUMETECH.LOCAL
	Logon ID:		0x1B7E4D5
	Linked Logon ID:		0x0
	Network Account Name:	-
	Network Account Domain:	-
	Logon GUID:		{135076b4-c946-31b9-05a5-29a4c0549096}

Process Information:
	Process ID:		0x0
	Process Name:		-

Network Information:
	Workstation Name:	-
	Source Network Address:	fe80::dc08:d404:2a99:3a5d
	Source Port:		63736

Detailed Authentication Information:
	Logon Process:		Kerberos
	Authentication Package:	Kerberos
	Transited Services:	-
	Package Name (NTLM only):	-
	Key Length:		0

This event is generated when a logon session is created. It is generated on the computer that was accessed.

The subject fields indicate the account on the local system which requested the logon. This is most commonly a service such as the Server service, or a local process such as Winlogon.exe or Services.exe.

The logon type field indicates the kind of logon that occurred. The most common types are 2 (interactive) and 3 (network).

The New Logon fields indicate the account for whom the new logon was created, i.e. the account that was logged on.

The network fields indicate where a remote logon request originated. Workstation name is not always available and may be left blank in some cases.

The impersonation level field indicates the extent to which a process in the logon session can impersonate.

The authentication information fields provide detailed information about this specific logon request.
	- Logon GUID is a unique identifier that can be used to correlate this event with a KDC event.
	- Transited services indicate which intermediate services have participated in this logon request.
	- Package name indicates which sub-protocol was used among the NTLM protocols.
	- Key length indicates the length of the generated session key. This will be 0 if no session key was requested."""
2025-03-28T11:21:43.997Z,OTDC1,low,3,Windows Logon Success,"""An account was successfully logged on.

Subject:
	Security ID:		S-1-0-0
	Account Name:		-
	Account Domain:		-
	Logon ID:		0x0

Logon Information:
	Logon Type:		3
	Restricted Admin Mode:	-
	Virtual Account:		No
	Elevated Token:		Yes

Impersonation Level:		Impersonation

New Logon:
	Security ID:		S-1-5-18
	Account Name:		OTDC1$
	Account Domain:		PLUMETECH-OT.LOCAL
	Logon ID:		0x166E9A1
	Linked Logon ID:		0x0
	Network Account Name:	-
	Network Account Domain:	-
	Logon GUID:		{7e70aad8-ff7c-445b-1e89-ec65cb914a8c}

Process Information:
	Process ID:		0x0
	Process Name:		-

Network Information:
	Workstation Name:	-
	Source Network Address:	::1
	Source Port:		56001

Detailed Authentication Information:
	Logon Process:		Kerberos
	Authentication Package:	Kerberos
	Transited Services:	-
	Package Name (NTLM only):	-
	Key Length:		0

This event is generated when a logon session is created. It is generated on the computer that was accessed.

The subject fields indicate the account on the local system which requested the logon. This is most commonly a service such as the Server service, or a local process such as Winlogon.exe or Services.exe.

The logon type field indicates the kind of logon that occurred. The most common types are 2 (interactive) and 3 (network).

The New Logon fields indicate the account for whom the new logon was created, i.e. the account that was logged on.

The network fields indicate where a remote logon request originated. Workstation name is not always available and may be left blank in some cases.

The impersonation level field indicates the extent to which a process in the logon session can impersonate.

The authentication information fields provide detailed information about this specific logon request.
	- Logon GUID is a unique identifier that can be used to correlate this event with a KDC event.
	- Transited services indicate which intermediate services have participated in this logon request.
	- Package name indicates which sub-protocol was used among the NTLM protocols.
	- Key length indicates the length of the generated session key. This will be 0 if no session key was requested."""
2025-03-28T11:22:03.073Z,JUMP,critical,15,KeePass.exe accessed,"{""win"":{""system"":{""providerName"":""Microsoft-Windows-Sysmon"",""providerGuid"":""{5770385f-c22a-43e0-bf4c-06f5698ffbd9}"",""eventID"":""10"",""version"":""3"",""level"":""4"",""task"":""10"",""opcode"":""0"",""keywords"":""0x8000000000000000"",""systemTime"":""2025-03-28T11:22:02.0539276Z"",""eventRecordID"":""10892"",""processID"":""2548"",""threadID"":""396"",""channel"":""Microsoft-Windows-Sysmon/Operational"",""computer"":""JUMP.PLUMETECH-OT.LOCAL"",""severityValue"":""INFORMATION"",""message"":""\""Process accessed:\r\nRuleName: -\r\nUtcTime: 2025-03-28 11:22:02.047\r\nSourceProcessGUID: {0492b10a-8633-67e6-1907-000000001402}\r\nSourceProcessId: 4220\r\nSourceThreadId: 2332\r\nSourceImage: C:\\Windows\\system32\\taskmgr.exe\r\nTargetProcessGUID: {0492b10a-481f-67e6-b200-000000001402}\r\nTargetProcessId: 6136\r\nTargetImage: C:\\Users\\Bob\\Desktop\\keepass\\KeePass.exe\r\nGrantedAccess: 0x1FFFFF\r\nCallTrace: C:\\Windows\\SYSTEM32\\ntdll.dll+9fe54|C:\\Windows\\System32\\KERNELBASE.dll+44f9e|C:\\Windows\\system32\\taskmgr.exe+1ed36|C:\\Windows\\system32\\taskmgr.exe+69f29|C:\\Windows\\system32\\taskmgr.exe+76729|C:\\Windows\\system32\\taskmgr.exe+784ee|C:\\Windows\\system32\\taskmgr.exe+53c75|C:\\Windows\\system32\\DUI70.dll+39d97|C:\\Windows\\system32\\DUser.dll+40e1|C:\\Windows\\SYSTEM32\\atlthunk.dll+1922|C:\\Windows\\System32\\USER32.dll+10089|C:\\Windows\\System32\\USER32.dll+fa02|C:\\Windows\\system32\\taskmgr.exe+2be38|C:\\Windows\\system32\\taskmgr.exe+32c00|C:\\Windows\\System32\\KERNEL32.DLL+14cb0|C:\\Windows\\SYSTEM32\\ntdll.dll+7edcb\r\nSourceUser: JUMP\\Administrator\r\nTargetUser: PLUMETECH-OT\\bob\""""},""eventdata"":{""utcTime"":""2025-03-28 11:22:02.047"",""sourceProcessGUID"":""{0492b10a-8633-67e6-1907-000000001402}"",""sourceProcessId"":""4220"",""sourceThreadId"":""2332"",""sourceImage"":""C:\\\\Windows\\\\system32\\\\taskmgr.exe"",""targetProcessGUID"":""{0492b10a-481f-67e6-b200-000000001402}"",""targetProcessId"":""6136"",""targetImage"":""C:\\\\Users\\\\Bob\\\\Desktop\\\\keepass\\\\KeePass.exe"",""grantedAccess"":""0x1fffff"",""callTrace"":""C:\\\\Windows\\\\SYSTEM32\\\\ntdll.dll+9fe54|C:\\\\Windows\\\\System32\\\\KERNELBASE.dll+44f9e|C:\\\\Windows\\\\system32\\\\taskmgr.exe+1ed36|C:\\\\Windows\\\\system32\\\\taskmgr.exe+69f29|C:\\\\Windows\\\\system32\\\\taskmgr.exe+76729|C:\\\\Windows\\\\system32\\\\taskmgr.exe+784ee|C:\\\\Windows\\\\system32\\\\taskmgr.exe+53c75|C:\\\\Windows\\\\system32\\\\DUI70.dll+39d97|C:\\\\Windows\\\\system32\\\\DUser.dll+40e1|C:\\\\Windows\\\\SYSTEM32\\\\atlthunk.dll+1922|C:\\\\Windows\\\\System32\\\\USER32.dll+10089|C:\\\\Windows\\\\System32\\\\USER32.dll+fa02|C:\\\\Windows\\\\system32\\\\taskmgr.exe+2be38|C:\\\\Windows\\\\system32\\\\taskmgr.exe+32c00|C:\\\\Windows\\\\System32\\\\KERNEL32.DLL+14cb0|C:\\\\Windows\\\\SYSTEM32\\\\ntdll.dll+7edcb"",""sourceUser"":""JUMP\\\\Administrator"",""targetUser"":""PLUMETECH-OT\\\\bob""}}}"
2025-03-28T11:22:03.086Z,JUMP,critical,15,KeePass.exe accessed,"{""win"":{""system"":{""providerName"":""Microsoft-Windows-Sysmon"",""providerGuid"":""{5770385f-c22a-43e0-bf4c-06f5698ffbd9}"",""eventID"":""10"",""version"":""3"",""level"":""4"",""task"":""10"",""opcode"":""0"",""keywords"":""0x8000000000000000"",""systemTime"":""2025-03-28T11:22:02.0760717Z"",""eventRecordID"":""10894"",""processID"":""2548"",""threadID"":""396"",""channel"":""Microsoft-Windows-Sysmon/Operational"",""computer"":""JUMP.PLUMETECH-OT.LOCAL"",""severityValue"":""INFORMATION"",""message"":""\""Process accessed:\r\nRuleName: -\r\nUtcTime: 2025-03-28 11:22:02.063\r\nSourceProcessGUID: {0492b10a-8633-67e6-1907-000000001402}\r\nSourceProcessId: 4220\r\nSourceThreadId: 8380\r\nSourceImage: C:\\Windows\\system32\\taskmgr.exe\r\nTargetProcessGUID: {0492b10a-481f-67e6-b200-000000001402}\r\nTargetProcessId: 6136\r\nTargetImage: C:\\Users\\Bob\\Desktop\\keepass\\KeePass.exe\r\nGrantedAccess: 0x1FFFFF\r\nCallTrace: C:\\Windows\\SYSTEM32\\ntdll.dll+9fe54|C:\\Windows\\SYSTEM32\\ntdll.dll+db0a0|C:\\Windows\\System32\\KERNEL32.DLL+1e4e8|C:\\Windows\\System32\\KERNEL32.DLL+26801|C:\\Windows\\system32\\dbgcore.DLL+a47a|C:\\Windows\\system32\\dbgcore.DLL+19735|C:\\Windows\\system32\\dbgcore.DLL+12988|C:\\Windows\\system32\\dbgcore.DLL+66a8|C:\\Windows\\system32\\dbgcore.DLL+71b8|C:\\Windows\\system32\\taskmgr.exe+6e097|C:\\Windows\\System32\\KERNEL32.DLL+14cb0|C:\\Windows\\SYSTEM32\\ntdll.dll+7edcb\r\nSourceUser: JUMP\\Administrator\r\nTargetUser: PLUMETECH-OT\\bob\""""},""eventdata"":{""utcTime"":""2025-03-28 11:22:02.063"",""sourceProcessGUID"":""{0492b10a-8633-67e6-1907-000000001402}"",""sourceProcessId"":""4220"",""sourceThreadId"":""8380"",""sourceImage"":""C:\\\\Windows\\\\system32\\\\taskmgr.exe"",""targetProcessGUID"":""{0492b10a-481f-67e6-b200-000000001402}"",""targetProcessId"":""6136"",""targetImage"":""C:\\\\Users\\\\Bob\\\\Desktop\\\\keepass\\\\KeePass.exe"",""grantedAccess"":""0x1fffff"",""callTrace"":""C:\\\\Windows\\\\SYSTEM32\\\\ntdll.dll+9fe54|C:\\\\Windows\\\\SYSTEM32\\\\ntdll.dll+db0a0|C:\\\\Windows\\\\System32\\\\KERNEL32.DLL+1e4e8|C:\\\\Windows\\\\System32\\\\KERNEL32.DLL+26801|C:\\\\Windows\\\\system32\\\\dbgcore.DLL+a47a|C:\\\\Windows\\\\system32\\\\dbgcore.DLL+19735|C:\\\\Windows\\\\system32\\\\dbgcore.DLL+12988|C:\\\\Windows\\\\system32\\\\dbgcore.DLL+66a8|C:\\\\Windows\\\\system32\\\\dbgcore.DLL+71b8|C:\\\\Windows\\\\system32\\\\taskmgr.exe+6e097|C:\\\\Windows\\\\System32\\\\KERNEL32.DLL+14cb0|C:\\\\Windows\\\\SYSTEM32\\\\ntdll.dll+7edcb"",""sourceUser"":""JUMP\\\\Administrator"",""targetUser"":""PLUMETECH-OT\\\\bob""}}}"
2025-03-28T11:22:09.044Z,DC1,low,3,Windows Logon Success,"""An account was successfully logged on.

Subject:
	Security ID:		S-1-0-0
	Account Name:		-
	Account Domain:		-
	Logon ID:		0x0

Logon Information:
	Logon Type:		3
	Restricted Admin Mode:	-
	Virtual Account:		No
	Elevated Token:		Yes

Impersonation Level:		Impersonation

New Logon:
	Security ID:		S-1-5-18
	Account Name:		DC1$
	Account Domain:		PLUMETECH.LOCAL
	Logon ID:		0x1B7FEF0
	Linked Logon ID:		0x0
	Network Account Name:	-
	Network Account Domain:	-
	Logon GUID:		{135076b4-c946-31b9-05a5-29a4c0549096}

Process Information:
	Process ID:		0x0
	Process Name:		-

Network Information:
	Workstation Name:	-
	Source Network Address:	::1
	Source Port:		63737

Detailed Authentication Information:
	Logon Process:		Kerberos
	Authentication Package:	Kerberos
	Transited Services:	-
	Package Name (NTLM only):	-
	Key Length:		0

This event is generated when a logon session is created. It is generated on the computer that was accessed.

The subject fields indicate the account on the local system which requested the logon. This is most commonly a service such as the Server service, or a local process such as Winlogon.exe or Services.exe.

The logon type field indicates the kind of logon that occurred. The most common types are 2 (interactive) and 3 (network).

The New Logon fields indicate the account for whom the new logon was created, i.e. the account that was logged on.

The network fields indicate where a remote logon request originated. Workstation name is not always available and may be left blank in some cases.

The impersonation level field indicates the extent to which a process in the logon session can impersonate.

The authentication information fields provide detailed information about this specific logon request.
	- Logon GUID is a unique identifier that can be used to correlate this event with a KDC event.
	- Transited services indicate which intermediate services have participated in this logon request.
	- Package name indicates which sub-protocol was used among the NTLM protocols.
	- Key length indicates the length of the generated session key. This will be 0 if no session key was requested."""
2025-03-28T11:22:12.467Z,OTDC1,low,3,Windows Logon Success,"""An account was successfully logged on.

Subject:
	Security ID:		S-1-0-0
	Account Name:		-
	Account Domain:		-
	Logon ID:		0x0

Logon Information:
	Logon Type:		3
	Restricted Admin Mode:	-
	Virtual Account:		No
	Elevated Token:		Yes

Impersonation Level:		Impersonation

New Logon:
	Security ID:		S-1-5-18
	Account Name:		OTDC1$
	Account Domain:		PLUMETECH-OT.LOCAL
	Logon ID:		0x1673213
	Linked Logon ID:		0x0
	Network Account Name:	-
	Network Account Domain:	-
	Logon GUID:		{7e70aad8-ff7c-445b-1e89-ec65cb914a8c}

Process Information:
	Process ID:		0x0
	Process Name:		-

Network Information:
	Workstation Name:	-
	Source Network Address:	fe80::5d66:be3:b9e3:32ae
	Source Port:		56003

Detailed Authentication Information:
	Logon Process:		Kerberos
	Authentication Package:	Kerberos
	Transited Services:	-
	Package Name (NTLM only):	-
	Key Length:		0

This event is generated when a logon session is created. It is generated on the computer that was accessed.

The subject fields indicate the account on the local system which requested the logon. This is most commonly a service such as the Server service, or a local process such as Winlogon.exe or Services.exe.

The logon type field indicates the kind of logon that occurred. The most common types are 2 (interactive) and 3 (network).

The New Logon fields indicate the account for whom the new logon was created, i.e. the account that was logged on.

The network fields indicate where a remote logon request originated. Workstation name is not always available and may be left blank in some cases.

The impersonation level field indicates the extent to which a process in the logon session can impersonate.

The authentication information fields provide detailed information about this specific logon request.
	- Logon GUID is a unique identifier that can be used to correlate this event with a KDC event.
	- Transited services indicate which intermediate services have participated in this logon request.
	- Package name indicates which sub-protocol was used among the NTLM protocols.
	- Key length indicates the length of the generated session key. This will be 0 if no session key was requested."""
2025-03-28T11:22:12.471Z,OTDC1,low,3,Windows Logon Success,"""An account was successfully logged on.

Subject:
	Security ID:		S-1-0-0
	Account Name:		-
	Account Domain:		-
	Logon ID:		0x0

Logon Information:
	Logon Type:		3
	Restricted Admin Mode:	-
	Virtual Account:		No
	Elevated Token:		Yes

Impersonation Level:		Impersonation

New Logon:
	Security ID:		S-1-5-18
	Account Name:		OTDC1$
	Account Domain:		PLUMETECH-OT.LOCAL
	Logon ID:		0x16732C8
	Linked Logon ID:		0x0
	Network Account Name:	-
	Network Account Domain:	-
	Logon GUID:		{7e70aad8-ff7c-445b-1e89-ec65cb914a8c}

Process Information:
	Process ID:		0x0
	Process Name:		-

Network Information:
	Workstation Name:	-
	Source Network Address:	fe80::5d66:be3:b9e3:32ae
	Source Port:		56004

Detailed Authentication Information:
	Logon Process:		Kerberos
	Authentication Package:	Kerberos
	Transited Services:	-
	Package Name (NTLM only):	-
	Key Length:		0

This event is generated when a logon session is created. It is generated on the computer that was accessed.

The subject fields indicate the account on the local system which requested the logon. This is most commonly a service such as the Server service, or a local process such as Winlogon.exe or Services.exe.

The logon type field indicates the kind of logon that occurred. The most common types are 2 (interactive) and 3 (network).

The New Logon fields indicate the account for whom the new logon was created, i.e. the account that was logged on.

The network fields indicate where a remote logon request originated. Workstation name is not always available and may be left blank in some cases.

The impersonation level field indicates the extent to which a process in the logon session can impersonate.

The authentication information fields provide detailed information about this specific logon request.
	- Logon GUID is a unique identifier that can be used to correlate this event with a KDC event.
	- Transited services indicate which intermediate services have participated in this logon request.
	- Package name indicates which sub-protocol was used among the NTLM protocols.
	- Key length indicates the length of the generated session key. This will be 0 if no session key was requested."""
2025-03-28T11:22:18.924Z,OTDC1,low,3,Windows Logon Success,"""An account was successfully logged on.

Subject:
	Security ID:		S-1-0-0
	Account Name:		-
	Account Domain:		-
	Logon ID:		0x0

Logon Information:
	Logon Type:		3
	Restricted Admin Mode:	-
	Virtual Account:		No
	Elevated Token:		Yes

Impersonation Level:		Impersonation

New Logon:
	Security ID:		S-1-5-18
	Account Name:		OTDC1$
	Account Domain:		PLUMETECH-OT.LOCAL
	Logon ID:		0x16735C9
	Linked Logon ID:		0x0
	Network Account Name:	-
	Network Account Domain:	-
	Logon GUID:		{ba34cf4d-dccf-9d29-11df-322365aded76}

Process Information:
	Process ID:		0x0
	Process Name:		-

Network Information:
	Workstation Name:	-
	Source Network Address:	fe80::5d66:be3:b9e3:32ae
	Source Port:		56005

Detailed Authentication Information:
	Logon Process:		Kerberos
	Authentication Package:	Kerberos
	Transited Services:	-
	Package Name (NTLM only):	-
	Key Length:		0

This event is generated when a logon session is created. It is generated on the computer that was accessed.

The subject fields indicate the account on the local system which requested the logon. This is most commonly a service such as the Server service, or a local process such as Winlogon.exe or Services.exe.

The logon type field indicates the kind of logon that occurred. The most common types are 2 (interactive) and 3 (network).

The New Logon fields indicate the account for whom the new logon was created, i.e. the account that was logged on.

The network fields indicate where a remote logon request originated. Workstation name is not always available and may be left blank in some cases.

The impersonation level field indicates the extent to which a process in the logon session can impersonate.

The authentication information fields provide detailed information about this specific logon request.
	- Logon GUID is a unique identifier that can be used to correlate this event with a KDC event.
	- Transited services indicate which intermediate services have participated in this logon request.
	- Package name indicates which sub-protocol was used among the NTLM protocols.
	- Key length indicates the length of the generated session key. This will be 0 if no session key was requested."""
2025-03-28T11:22:18.926Z,OTDC1,low,3,Windows Logon Success,"""An account was successfully logged on.

Subject:
	Security ID:		S-1-0-0
	Account Name:		-
	Account Domain:		-
	Logon ID:		0x0

Logon Information:
	Logon Type:		3
	Restricted Admin Mode:	-
	Virtual Account:		No
	Elevated Token:		Yes

Impersonation Level:		Delegation

New Logon:
	Security ID:		S-1-5-18
	Account Name:		OTDC1$
	Account Domain:		PLUMETECH-OT.LOCAL
	Logon ID:		0x1673655
	Linked Logon ID:		0x0
	Network Account Name:	-
	Network Account Domain:	-
	Logon GUID:		{cef423a1-137b-87e4-9359-83b45a671066}

Process Information:
	Process ID:		0x0
	Process Name:		-

Network Information:
	Workstation Name:	-
	Source Network Address:	fe80::5d66:be3:b9e3:32ae
	Source Port:		56006

Detailed Authentication Information:
	Logon Process:		Kerberos
	Authentication Package:	Kerberos
	Transited Services:	-
	Package Name (NTLM only):	-
	Key Length:		0

This event is generated when a logon session is created. It is generated on the computer that was accessed.

The subject fields indicate the account on the local system which requested the logon. This is most commonly a service such as the Server service, or a local process such as Winlogon.exe or Services.exe.

The logon type field indicates the kind of logon that occurred. The most common types are 2 (interactive) and 3 (network).

The New Logon fields indicate the account for whom the new logon was created, i.e. the account that was logged on.

The network fields indicate where a remote logon request originated. Workstation name is not always available and may be left blank in some cases.

The impersonation level field indicates the extent to which a process in the logon session can impersonate.

The authentication information fields provide detailed information about this specific logon request.
	- Logon GUID is a unique identifier that can be used to correlate this event with a KDC event.
	- Transited services indicate which intermediate services have participated in this logon request.
	- Package name indicates which sub-protocol was used among the NTLM protocols.
	- Key length indicates the length of the generated session key. This will be 0 if no session key was requested."""
2025-03-28T11:22:18.932Z,OTDC1,low,3,Windows Logon Success,"""An account was successfully logged on.

Subject:
	Security ID:		S-1-0-0
	Account Name:		-
	Account Domain:		-
	Logon ID:		0x0

Logon Information:
	Logon Type:		3
	Restricted Admin Mode:	-
	Virtual Account:		No
	Elevated Token:		Yes

Impersonation Level:		Impersonation

New Logon:
	Security ID:		S-1-5-18
	Account Name:		OTDC1$
	Account Domain:		PLUMETECH-OT.LOCAL
	Logon ID:		0x1673747
	Linked Logon ID:		0x0
	Network Account Name:	-
	Network Account Domain:	-
	Logon GUID:		{cef423a1-137b-87e4-9359-83b45a671066}

Process Information:
	Process ID:		0x0
	Process Name:		-

Network Information:
	Workstation Name:	-
	Source Network Address:	::1
	Source Port:		0

Detailed Authentication Information:
	Logon Process:		Kerberos
	Authentication Package:	Kerberos
	Transited Services:	-
	Package Name (NTLM only):	-
	Key Length:		0

This event is generated when a logon session is created. It is generated on the computer that was accessed.

The subject fields indicate the account on the local system which requested the logon. This is most commonly a service such as the Server service, or a local process such as Winlogon.exe or Services.exe.

The logon type field indicates the kind of logon that occurred. The most common types are 2 (interactive) and 3 (network).

The New Logon fields indicate the account for whom the new logon was created, i.e. the account that was logged on.

The network fields indicate where a remote logon request originated. Workstation name is not always available and may be left blank in some cases.

The impersonation level field indicates the extent to which a process in the logon session can impersonate.

The authentication information fields provide detailed information about this specific logon request.
	- Logon GUID is a unique identifier that can be used to correlate this event with a KDC event.
	- Transited services indicate which intermediate services have participated in this logon request.
	- Package name indicates which sub-protocol was used among the NTLM protocols.
	- Key length indicates the length of the generated session key. This will be 0 if no session key was requested."""
2025-03-28T11:22:18.964Z,OTDC1,low,3,Windows Logon Success,"""An account was successfully logged on.

Subject:
	Security ID:		S-1-0-0
	Account Name:		-
	Account Domain:		-
	Logon ID:		0x0

Logon Information:
	Logon Type:		3
	Restricted Admin Mode:	-
	Virtual Account:		No
	Elevated Token:		Yes

Impersonation Level:		Impersonation

New Logon:
	Security ID:		S-1-5-18
	Account Name:		OTDC1$
	Account Domain:		PLUMETECH-OT.LOCAL
	Logon ID:		0x16738CB
	Linked Logon ID:		0x0
	Network Account Name:	-
	Network Account Domain:	-
	Logon GUID:		{cef423a1-137b-87e4-9359-83b45a671066}

Process Information:
	Process ID:		0x0
	Process Name:		-

Network Information:
	Workstation Name:	-
	Source Network Address:	::1
	Source Port:		0

Detailed Authentication Information:
	Logon Process:		Kerberos
	Authentication Package:	Kerberos
	Transited Services:	-
	Package Name (NTLM only):	-
	Key Length:		0

This event is generated when a logon session is created. It is generated on the computer that was accessed.

The subject fields indicate the account on the local system which requested the logon. This is most commonly a service such as the Server service, or a local process such as Winlogon.exe or Services.exe.

The logon type field indicates the kind of logon that occurred. The most common types are 2 (interactive) and 3 (network).

The New Logon fields indicate the account for whom the new logon was created, i.e. the account that was logged on.

The network fields indicate where a remote logon request originated. Workstation name is not always available and may be left blank in some cases.

The impersonation level field indicates the extent to which a process in the logon session can impersonate.

The authentication information fields provide detailed information about this specific logon request.
	- Logon GUID is a unique identifier that can be used to correlate this event with a KDC event.
	- Transited services indicate which intermediate services have participated in this logon request.
	- Package name indicates which sub-protocol was used among the NTLM protocols.
	- Key length indicates the length of the generated session key. This will be 0 if no session key was requested."""
2025-03-28T11:22:44.014Z,OTDC1,low,3,Windows Logon Success,"""An account was successfully logged on.

Subject:
	Security ID:		S-1-0-0
	Account Name:		-
	Account Domain:		-
	Logon ID:		0x0

Logon Information:
	Logon Type:		3
	Restricted Admin Mode:	-
	Virtual Account:		No
	Elevated Token:		Yes

Impersonation Level:		Impersonation

New Logon:
	Security ID:		S-1-5-18
	Account Name:		OTDC1$
	Account Domain:		PLUMETECH-OT.LOCAL
	Logon ID:		0x1674FB3
	Linked Logon ID:		0x0
	Network Account Name:	-
	Network Account Domain:	-
	Logon GUID:		{7e70aad8-ff7c-445b-1e89-ec65cb914a8c}

Process Information:
	Process ID:		0x0
	Process Name:		-

Network Information:
	Workstation Name:	-
	Source Network Address:	::1
	Source Port:		56008

Detailed Authentication Information:
	Logon Process:		Kerberos
	Authentication Package:	Kerberos
	Transited Services:	-
	Package Name (NTLM only):	-
	Key Length:		0

This event is generated when a logon session is created. It is generated on the computer that was accessed.

The subject fields indicate the account on the local system which requested the logon. This is most commonly a service such as the Server service, or a local process such as Winlogon.exe or Services.exe.

The logon type field indicates the kind of logon that occurred. The most common types are 2 (interactive) and 3 (network).

The New Logon fields indicate the account for whom the new logon was created, i.e. the account that was logged on.

The network fields indicate where a remote logon request originated. Workstation name is not always available and may be left blank in some cases.

The impersonation level field indicates the extent to which a process in the logon session can impersonate.

The authentication information fields provide detailed information about this specific logon request.
	- Logon GUID is a unique identifier that can be used to correlate this event with a KDC event.
	- Transited services indicate which intermediate services have participated in this logon request.
	- Package name indicates which sub-protocol was used among the NTLM protocols.
	- Key length indicates the length of the generated session key. This will be 0 if no session key was requested."""
2025-03-28T11:23:09.028Z,DC1,low,3,Windows Logon Success,"""An account was successfully logged on.

Subject:
	Security ID:		S-1-0-0
	Account Name:		-
	Account Domain:		-
	Logon ID:		0x0

Logon Information:
	Logon Type:		3
	Restricted Admin Mode:	-
	Virtual Account:		No
	Elevated Token:		Yes

Impersonation Level:		Impersonation

New Logon:
	Security ID:		S-1-5-18
	Account Name:		DC1$
	Account Domain:		PLUMETECH.LOCAL
	Logon ID:		0x1B87A9E
	Linked Logon ID:		0x0
	Network Account Name:	-
	Network Account Domain:	-
	Logon GUID:		{135076b4-c946-31b9-05a5-29a4c0549096}

Process Information:
	Process ID:		0x0
	Process Name:		-

Network Information:
	Workstation Name:	-
	Source Network Address:	::1
	Source Port:		63738

Detailed Authentication Information:
	Logon Process:		Kerberos
	Authentication Package:	Kerberos
	Transited Services:	-
	Package Name (NTLM only):	-
	Key Length:		0

This event is generated when a logon session is created. It is generated on the computer that was accessed.

The subject fields indicate the account on the local system which requested the logon. This is most commonly a service such as the Server service, or a local process such as Winlogon.exe or Services.exe.

The logon type field indicates the kind of logon that occurred. The most common types are 2 (interactive) and 3 (network).

The New Logon fields indicate the account for whom the new logon was created, i.e. the account that was logged on.

The network fields indicate where a remote logon request originated. Workstation name is not always available and may be left blank in some cases.

The impersonation level field indicates the extent to which a process in the logon session can impersonate.

The authentication information fields provide detailed information about this specific logon request.
	- Logon GUID is a unique identifier that can be used to correlate this event with a KDC event.
	- Transited services indicate which intermediate services have participated in this logon request.
	- Package name indicates which sub-protocol was used among the NTLM protocols.
	- Key length indicates the length of the generated session key. This will be 0 if no session key was requested."""
2025-03-28T11:23:44.030Z,OTDC1,low,3,Windows Logon Success,"""An account was successfully logged on.

Subject:
	Security ID:		S-1-0-0
	Account Name:		-
	Account Domain:		-
	Logon ID:		0x0

Logon Information:
	Logon Type:		3
	Restricted Admin Mode:	-
	Virtual Account:		No
	Elevated Token:		Yes

Impersonation Level:		Impersonation

New Logon:
	Security ID:		S-1-5-18
	Account Name:		OTDC1$
	Account Domain:		PLUMETECH-OT.LOCAL
	Logon ID:		0x167C8F2
	Linked Logon ID:		0x0
	Network Account Name:	-
	Network Account Domain:	-
	Logon GUID:		{7e70aad8-ff7c-445b-1e89-ec65cb914a8c}

Process Information:
	Process ID:		0x0
	Process Name:		-

Network Information:
	Workstation Name:	-
	Source Network Address:	::1
	Source Port:		56009

Detailed Authentication Information:
	Logon Process:		Kerberos
	Authentication Package:	Kerberos
	Transited Services:	-
	Package Name (NTLM only):	-
	Key Length:		0

This event is generated when a logon session is created. It is generated on the computer that was accessed.

The subject fields indicate the account on the local system which requested the logon. This is most commonly a service such as the Server service, or a local process such as Winlogon.exe or Services.exe.

The logon type field indicates the kind of logon that occurred. The most common types are 2 (interactive) and 3 (network).

The New Logon fields indicate the account for whom the new logon was created, i.e. the account that was logged on.

The network fields indicate where a remote logon request originated. Workstation name is not always available and may be left blank in some cases.

The impersonation level field indicates the extent to which a process in the logon session can impersonate.

The authentication information fields provide detailed information about this specific logon request.
	- Logon GUID is a unique identifier that can be used to correlate this event with a KDC event.
	- Transited services indicate which intermediate services have participated in this logon request.
	- Package name indicates which sub-protocol was used among the NTLM protocols.
	- Key length indicates the length of the generated session key. This will be 0 if no session key was requested."""
2025-03-28T11:24:09.061Z,DC1,low,3,Windows Logon Success,"""An account was successfully logged on.

Subject:
	Security ID:		S-1-0-0
	Account Name:		-
	Account Domain:		-
	Logon ID:		0x0

Logon Information:
	Logon Type:		3
	Restricted Admin Mode:	-
	Virtual Account:		No
	Elevated Token:		Yes

Impersonation Level:		Impersonation

New Logon:
	Security ID:		S-1-5-18
	Account Name:		DC1$
	Account Domain:		PLUMETECH.LOCAL
	Logon ID:		0x1B8D862
	Linked Logon ID:		0x0
	Network Account Name:	-
	Network Account Domain:	-
	Logon GUID:		{135076b4-c946-31b9-05a5-29a4c0549096}

Process Information:
	Process ID:		0x0
	Process Name:		-

Network Information:
	Workstation Name:	-
	Source Network Address:	::1
	Source Port:		63739

Detailed Authentication Information:
	Logon Process:		Kerberos
	Authentication Package:	Kerberos
	Transited Services:	-
	Package Name (NTLM only):	-
	Key Length:		0

This event is generated when a logon session is created. It is generated on the computer that was accessed.

The subject fields indicate the account on the local system which requested the logon. This is most commonly a service such as the Server service, or a local process such as Winlogon.exe or Services.exe.

The logon type field indicates the kind of logon that occurred. The most common types are 2 (interactive) and 3 (network).

The New Logon fields indicate the account for whom the new logon was created, i.e. the account that was logged on.

The network fields indicate where a remote logon request originated. Workstation name is not always available and may be left blank in some cases.

The impersonation level field indicates the extent to which a process in the logon session can impersonate.

The authentication information fields provide detailed information about this specific logon request.
	- Logon GUID is a unique identifier that can be used to correlate this event with a KDC event.
	- Transited services indicate which intermediate services have participated in this logon request.
	- Package name indicates which sub-protocol was used among the NTLM protocols.
	- Key length indicates the length of the generated session key. This will be 0 if no session key was requested."""
