2025-03-28T15:09:41.424Z,DC1,high,13,Possible Keberoasting attack - Single RC4 encrypted TGS issued,"{""win"":{""system"":{""providerName"":""Microsoft-Windows-Security-Auditing"",""providerGuid"":""{54849625-5478-4994-a5ba-3e3b0328c30d}"",""eventID"":""4769"",""version"":""2"",""level"":""0"",""task"":""14337"",""opcode"":""0"",""keywords"":""0x8020000000000000"",""systemTime"":""2025-03-28T15:09:40.5105977Z"",""eventRecordID"":""259582"",""processID"":""820"",""threadID"":""428"",""channel"":""Security"",""computer"":""DC1.PLUMETECH.LOCAL"",""severityValue"":""AUDIT_SUCCESS"",""message"":""\""A Kerberos service ticket was requested.\r\n\r\nAccount Information:\r\n\tAccount Name:\t\tdebbie@PLUMETECH.LOCAL\r\n\tAccount Domain:\t\tPLUMETECH.LOCAL\r\n\tLogon GUID:\t\t{6f0c0c86-fe1c-59d4-e6c0-039a97282489}\r\n\tMSDS-SupportedEncryptionTypes:\tN/A\r\n\tAvailable Keys:\tN/A\r\n\r\nService Information:\r\n\tService Name:\t\tpeter\r\n\tService ID:\t\tS-1-5-21-514844351-3181471642-2638765006-1112\r\n\tMSDS-SupportedEncryptionTypes:\t0x27 (DES, RC4, AES-Sk)\r\n\tAvailable Keys:\tAES-SHA1, RC4\r\n\r\nDomain Controller Information:\r\n\tMSDS-SupportedEncryptionTypes:\t0x1F (DES, RC4, AES128-SHA96, AES256-SHA96)\r\n\tAvailable Keys:\tAES-SHA1, RC4\r\n\r\nNetwork Information:\r\n\tClient Address:\t\t::ffff:10.0.2.30\r\n\tClient Port:\t\t35196\r\n\tAdvertized Etypes:\t\n\t\tRC4-HMAC-NT\n\t\t16\n\t\tDES-CBC-MD5\n\t\tRC4-HMAC-NT\r\n\r\nAdditional Information:\r\n\tTicket Options:\t\t0x40810010\r\n\tTicket Encryption Type:\t0x17\r\n\tSession Encryption Type:\t0x17\r\n\tFailure Code:\t\t0x0\r\n\tTransited Services:\t-\r\n\r\nTicket information\r\n\tRequest ticket hash:\t\tJ21C6T93HAJIIhtYaHXuRHdKN17WiUzhMf9d5jxiqaQ=\r\n\tResponse ticket hash:\t\tm/NbRC9+YKz+FJAOWaRJG0ezyaPlkCuPK6zamltvpmA=\r\n\r\nThis event is generated every time access is requested to a resource such as a computer or a Windows service.  The service name indicates the resource to which access was requested.\r\n\r\nThis event can be correlated with Windows logon events by comparing the Logon GUID fields in each event.  The logon event occurs on the machine that was accessed, which is often a different machine than the domain controller which issued the service ticket.\r\n\r\nPre-authentication types, ticket options, encryption types and result codes are defined in RFC 4120.\""""},""eventdata"":{""targetUserName"":""debbie@PLUMETECH.LOCAL"",""targetDomainName"":""PLUMETECH.LOCAL"",""serviceName"":""peter"",""serviceSid"":""S-1-5-21-514844351-3181471642-2638765006-1112"",""ticketOptions"":""0x40810010"",""ticketEncryptionType"":""0x17"",""ipAddress"":""::ffff:10.0.2.30"",""ipPort"":""35196"",""status"":""0x0"",""logonGuid"":""{6f0c0c86-fe1c-59d4-e6c0-039a97282489}"",""requestTicketHash"":""J21C6T93HAJIIhtYaHXuRHdKN17WiUzhMf9d5jxiqaQ="",""responseTicketHash"":""m/NbRC9+YKz+FJAOWaRJG0ezyaPlkCuPK6zamltvpmA="",""accountSupportedEncryptionTypes"":""N/A"",""accountAvailableKeys"":""N/A"",""serviceSupportedEncryptionTypes"":""0x27 (DES, RC4, AES-Sk)"",""serviceAvailableKeys"":""AES-SHA1, RC4"",""dCSupportedEncryptionTypes"":""0x1F (DES, RC4, AES128-SHA96, AES256-SHA96)"",""dCAvailableKeys"":""AES-SHA1, RC4"",""clientAdvertizedEncryptionTypes"":""   RC4-HMAC-NT   16   DES-CBC-MD5   RC4-HMAC-NT"",""sessionKeyEncryptionType"":""0x17""}}}"
2025-03-28T15:09:41.440Z,DC1,critical,16,Honey Token Service Account Ticket requested from ::ffff:10.0.2.30 with 0x17 and 0x40810010 for User debbie@PLUMETECH.LOCAL,"{""win"":{""system"":{""providerName"":""Microsoft-Windows-Security-Auditing"",""providerGuid"":""{54849625-5478-4994-a5ba-3e3b0328c30d}"",""eventID"":""4769"",""version"":""2"",""level"":""0"",""task"":""14337"",""opcode"":""0"",""keywords"":""0x8020000000000000"",""systemTime"":""2025-03-28T15:09:40.5261283Z"",""eventRecordID"":""259583"",""processID"":""820"",""threadID"":""2324"",""channel"":""Security"",""computer"":""DC1.PLUMETECH.LOCAL"",""severityValue"":""AUDIT_SUCCESS"",""message"":""\""A Kerberos service ticket was requested.\r\n\r\nAccount Information:\r\n\tAccount Name:\t\tdebbie@PLUMETECH.LOCAL\r\n\tAccount Domain:\t\tPLUMETECH.LOCAL\r\n\tLogon GUID:\t\t{6f0c0c86-fe1c-59d4-e6c0-039a97282489}\r\n\tMSDS-SupportedEncryptionTypes:\tN/A\r\n\tAvailable Keys:\tN/A\r\n\r\nService Information:\r\n\tService Name:\t\talfred\r\n\tService ID:\t\tS-1-5-21-514844351-3181471642-2638765006-1114\r\n\tMSDS-SupportedEncryptionTypes:\t0x27 (DES, RC4, AES-Sk)\r\n\tAvailable Keys:\tAES-SHA1, RC4\r\n\r\nDomain Controller Information:\r\n\tMSDS-SupportedEncryptionTypes:\t0x1F (DES, RC4, AES128-SHA96, AES256-SHA96)\r\n\tAvailable Keys:\tAES-SHA1, RC4\r\n\r\nNetwork Information:\r\n\tClient Address:\t\t::ffff:10.0.2.30\r\n\tClient Port:\t\t35200\r\n\tAdvertized Etypes:\t\n\t\tRC4-HMAC-NT\n\t\t16\n\t\tDES-CBC-MD5\n\t\tRC4-HMAC-NT\r\n\r\nAdditional Information:\r\n\tTicket Options:\t\t0x40810010\r\n\tTicket Encryption Type:\t0x17\r\n\tSession Encryption Type:\t0x17\r\n\tFailure Code:\t\t0x0\r\n\tTransited Services:\t-\r\n\r\nTicket information\r\n\tRequest ticket hash:\t\tJ21C6T93HAJIIhtYaHXuRHdKN17WiUzhMf9d5jxiqaQ=\r\n\tResponse ticket hash:\t\t0Rlb8AQU1fgFdwYMqxQNmi7nS3r3hZahh4Yaq8VDVIQ=\r\n\r\nThis event is generated every time access is requested to a resource such as a computer or a Windows service.  The service name indicates the resource to which access was requested.\r\n\r\nThis event can be correlated with Windows logon events by comparing the Logon GUID fields in each event.  The logon event occurs on the machine that was accessed, which is often a different machine than the domain controller which issued the service ticket.\r\n\r\nPre-authentication types, ticket options, encryption types and result codes are defined in RFC 4120.\""""},""eventdata"":{""targetUserName"":""debbie@PLUMETECH.LOCAL"",""targetDomainName"":""PLUMETECH.LOCAL"",""serviceName"":""alfred"",""serviceSid"":""S-1-5-21-514844351-3181471642-2638765006-1114"",""ticketOptions"":""0x40810010"",""ticketEncryptionType"":""0x17"",""ipAddress"":""::ffff:10.0.2.30"",""ipPort"":""35200"",""status"":""0x0"",""logonGuid"":""{6f0c0c86-fe1c-59d4-e6c0-039a97282489}"",""requestTicketHash"":""J21C6T93HAJIIhtYaHXuRHdKN17WiUzhMf9d5jxiqaQ="",""responseTicketHash"":""0Rlb8AQU1fgFdwYMqxQNmi7nS3r3hZahh4Yaq8VDVIQ="",""accountSupportedEncryptionTypes"":""N/A"",""accountAvailableKeys"":""N/A"",""serviceSupportedEncryptionTypes"":""0x27 (DES, RC4, AES-Sk)"",""serviceAvailableKeys"":""AES-SHA1, RC4"",""dCSupportedEncryptionTypes"":""0x1F (DES, RC4, AES128-SHA96, AES256-SHA96)"",""dCAvailableKeys"":""AES-SHA1, RC4"",""clientAdvertizedEncryptionTypes"":""   RC4-HMAC-NT   16   DES-CBC-MD5   RC4-HMAC-NT"",""sessionKeyEncryptionType"":""0x17""}}}"
2025-03-28T15:09:41.456Z,DC1,critical,16,Certain Kerberoasting attack - Multiple RC4 encrypted TGS issued in 1s,"{""win"":{""system"":{""providerName"":""Microsoft-Windows-Security-Auditing"",""providerGuid"":""{54849625-5478-4994-a5ba-3e3b0328c30d}"",""eventID"":""4769"",""version"":""2"",""level"":""0"",""task"":""14337"",""opcode"":""0"",""keywords"":""0x8020000000000000"",""systemTime"":""2025-03-28T15:09:40.5477615Z"",""eventRecordID"":""259584"",""processID"":""820"",""threadID"":""2324"",""channel"":""Security"",""computer"":""DC1.PLUMETECH.LOCAL"",""severityValue"":""AUDIT_SUCCESS"",""message"":""\""A Kerberos service ticket was requested.\r\n\r\nAccount Information:\r\n\tAccount Name:\t\tdebbie@PLUMETECH.LOCAL\r\n\tAccount Domain:\t\tPLUMETECH.LOCAL\r\n\tLogon GUID:\t\t{6f0c0c86-fe1c-59d4-e6c0-039a97282489}\r\n\tMSDS-SupportedEncryptionTypes:\tN/A\r\n\tAvailable Keys:\tN/A\r\n\r\nService Information:\r\n\tService Name:\t\tdavid\r\n\tService ID:\t\tS-1-5-21-514844351-3181471642-2638765006-1110\r\n\tMSDS-SupportedEncryptionTypes:\t0x27 (DES, RC4, AES-Sk)\r\n\tAvailable Keys:\tAES-SHA1, RC4\r\n\r\nDomain Controller Information:\r\n\tMSDS-SupportedEncryptionTypes:\t0x1F (DES, RC4, AES128-SHA96, AES256-SHA96)\r\n\tAvailable Keys:\tAES-SHA1, RC4\r\n\r\nNetwork Information:\r\n\tClient Address:\t\t::ffff:10.0.2.30\r\n\tClient Port:\t\t35204\r\n\tAdvertized Etypes:\t\n\t\tRC4-HMAC-NT\n\t\t16\n\t\tDES-CBC-MD5\n\t\tRC4-HMAC-NT\r\n\r\nAdditional Information:\r\n\tTicket Options:\t\t0x40810010\r\n\tTicket Encryption Type:\t0x17\r\n\tSession Encryption Type:\t0x17\r\n\tFailure Code:\t\t0x0\r\n\tTransited Services:\t-\r\n\r\nTicket information\r\n\tRequest ticket hash:\t\tJ21C6T93HAJIIhtYaHXuRHdKN17WiUzhMf9d5jxiqaQ=\r\n\tResponse ticket hash:\t\tk7U8Vt6FIH0GwP1KtqBQJC84jxoU8JPqYvHoF2kB0bY=\r\n\r\nThis event is generated every time access is requested to a resource such as a computer or a Windows service.  The service name indicates the resource to which access was requested.\r\n\r\nThis event can be correlated with Windows logon events by comparing the Logon GUID fields in each event.  The logon event occurs on the machine that was accessed, which is often a different machine than the domain controller which issued the service ticket.\r\n\r\nPre-authentication types, ticket options, encryption types and result codes are defined in RFC 4120.\""""},""eventdata"":{""targetUserName"":""debbie@PLUMETECH.LOCAL"",""targetDomainName"":""PLUMETECH.LOCAL"",""serviceName"":""david"",""serviceSid"":""S-1-5-21-514844351-3181471642-2638765006-1110"",""ticketOptions"":""0x40810010"",""ticketEncryptionType"":""0x17"",""ipAddress"":""::ffff:10.0.2.30"",""ipPort"":""35204"",""status"":""0x0"",""logonGuid"":""{6f0c0c86-fe1c-59d4-e6c0-039a97282489}"",""requestTicketHash"":""J21C6T93HAJIIhtYaHXuRHdKN17WiUzhMf9d5jxiqaQ="",""responseTicketHash"":""k7U8Vt6FIH0GwP1KtqBQJC84jxoU8JPqYvHoF2kB0bY="",""accountSupportedEncryptionTypes"":""N/A"",""accountAvailableKeys"":""N/A"",""serviceSupportedEncryptionTypes"":""0x27 (DES, RC4, AES-Sk)"",""serviceAvailableKeys"":""AES-SHA1, RC4"",""dCSupportedEncryptionTypes"":""0x1F (DES, RC4, AES128-SHA96, AES256-SHA96)"",""dCAvailableKeys"":""AES-SHA1, RC4"",""clientAdvertizedEncryptionTypes"":""   RC4-HMAC-NT   16   DES-CBC-MD5   RC4-HMAC-NT"",""sessionKeyEncryptionType"":""0x17""}}}"
2025-03-28T15:09:41.471Z,DC1,critical,16,Certain Kerberoasting attack - Multiple RC4 encrypted TGS issued in 1s,"{""win"":{""system"":{""providerName"":""Microsoft-Windows-Security-Auditing"",""providerGuid"":""{54849625-5478-4994-a5ba-3e3b0328c30d}"",""eventID"":""4769"",""version"":""2"",""level"":""0"",""task"":""14337"",""opcode"":""0"",""keywords"":""0x8020000000000000"",""systemTime"":""2025-03-28T15:09:40.5630500Z"",""eventRecordID"":""259585"",""processID"":""820"",""threadID"":""428"",""channel"":""Security"",""computer"":""DC1.PLUMETECH.LOCAL"",""severityValue"":""AUDIT_SUCCESS"",""message"":""\""A Kerberos service ticket was requested.\r\n\r\nAccount Information:\r\n\tAccount Name:\t\tdebbie@PLUMETECH.LOCAL\r\n\tAccount Domain:\t\tPLUMETECH.LOCAL\r\n\tLogon GUID:\t\t{6f0c0c86-fe1c-59d4-e6c0-039a97282489}\r\n\tMSDS-SupportedEncryptionTypes:\tN/A\r\n\tAvailable Keys:\tN/A\r\n\r\nService Information:\r\n\tService Name:\t\tcalvin\r\n\tService ID:\t\tS-1-5-21-514844351-3181471642-2638765006-1115\r\n\tMSDS-SupportedEncryptionTypes:\t0x27 (DES, RC4, AES-Sk)\r\n\tAvailable Keys:\tAES-SHA1, RC4\r\n\r\nDomain Controller Information:\r\n\tMSDS-SupportedEncryptionTypes:\t0x1F (DES, RC4, AES128-SHA96, AES256-SHA96)\r\n\tAvailable Keys:\tAES-SHA1, RC4\r\n\r\nNetwork Information:\r\n\tClient Address:\t\t::ffff:10.0.2.30\r\n\tClient Port:\t\t35212\r\n\tAdvertized Etypes:\t\n\t\tRC4-HMAC-NT\n\t\t16\n\t\tDES-CBC-MD5\n\t\tRC4-HMAC-NT\r\n\r\nAdditional Information:\r\n\tTicket Options:\t\t0x40810010\r\n\tTicket Encryption Type:\t0x17\r\n\tSession Encryption Type:\t0x17\r\n\tFailure Code:\t\t0x0\r\n\tTransited Services:\t-\r\n\r\nTicket information\r\n\tRequest ticket hash:\t\tJ21C6T93HAJIIhtYaHXuRHdKN17WiUzhMf9d5jxiqaQ=\r\n\tResponse ticket hash:\t\tFXGSbmDjCo9UrZ2VhraiM9ACiCIUGazUF6p9K+IeSyk=\r\n\r\nThis event is generated every time access is requested to a resource such as a computer or a Windows service.  The service name indicates the resource to which access was requested.\r\n\r\nThis event can be correlated with Windows logon events by comparing the Logon GUID fields in each event.  The logon event occurs on the machine that was accessed, which is often a different machine than the domain controller which issued the service ticket.\r\n\r\nPre-authentication types, ticket options, encryption types and result codes are defined in RFC 4120.\""""},""eventdata"":{""targetUserName"":""debbie@PLUMETECH.LOCAL"",""targetDomainName"":""PLUMETECH.LOCAL"",""serviceName"":""calvin"",""serviceSid"":""S-1-5-21-514844351-3181471642-2638765006-1115"",""ticketOptions"":""0x40810010"",""ticketEncryptionType"":""0x17"",""ipAddress"":""::ffff:10.0.2.30"",""ipPort"":""35212"",""status"":""0x0"",""logonGuid"":""{6f0c0c86-fe1c-59d4-e6c0-039a97282489}"",""requestTicketHash"":""J21C6T93HAJIIhtYaHXuRHdKN17WiUzhMf9d5jxiqaQ="",""responseTicketHash"":""FXGSbmDjCo9UrZ2VhraiM9ACiCIUGazUF6p9K+IeSyk="",""accountSupportedEncryptionTypes"":""N/A"",""accountAvailableKeys"":""N/A"",""serviceSupportedEncryptionTypes"":""0x27 (DES, RC4, AES-Sk)"",""serviceAvailableKeys"":""AES-SHA1, RC4"",""dCSupportedEncryptionTypes"":""0x1F (DES, RC4, AES128-SHA96, AES256-SHA96)"",""dCAvailableKeys"":""AES-SHA1, RC4"",""clientAdvertizedEncryptionTypes"":""   RC4-HMAC-NT   16   DES-CBC-MD5   RC4-HMAC-NT"",""sessionKeyEncryptionType"":""0x17""}}}"
2025-03-28T15:09:41.487Z,DC1,critical,16,Certain Kerberoasting attack - Multiple RC4 encrypted TGS issued in 1s,"{""win"":{""system"":{""providerName"":""Microsoft-Windows-Security-Auditing"",""providerGuid"":""{54849625-5478-4994-a5ba-3e3b0328c30d}"",""eventID"":""4769"",""version"":""2"",""level"":""0"",""task"":""14337"",""opcode"":""0"",""keywords"":""0x8020000000000000"",""systemTime"":""2025-03-28T15:09:40.5788762Z"",""eventRecordID"":""259586"",""processID"":""820"",""threadID"":""2324"",""channel"":""Security"",""computer"":""DC1.PLUMETECH.LOCAL"",""severityValue"":""AUDIT_SUCCESS"",""message"":""\""A Kerberos service ticket was requested.\r\n\r\nAccount Information:\r\n\tAccount Name:\t\tdebbie@PLUMETECH.LOCAL\r\n\tAccount Domain:\t\tPLUMETECH.LOCAL\r\n\tLogon GUID:\t\t{6f0c0c86-fe1c-59d4-e6c0-039a97282489}\r\n\tMSDS-SupportedEncryptionTypes:\tN/A\r\n\tAvailable Keys:\tN/A\r\n\r\nService Information:\r\n\tService Name:\t\tmarla\r\n\tService ID:\t\tS-1-5-21-514844351-3181471642-2638765006-1116\r\n\tMSDS-SupportedEncryptionTypes:\t0x27 (DES, RC4, AES-Sk)\r\n\tAvailable Keys:\tAES-SHA1, RC4\r\n\r\nDomain Controller Information:\r\n\tMSDS-SupportedEncryptionTypes:\t0x1F (DES, RC4, AES128-SHA96, AES256-SHA96)\r\n\tAvailable Keys:\tAES-SHA1, RC4\r\n\r\nNetwork Information:\r\n\tClient Address:\t\t::ffff:10.0.2.30\r\n\tClient Port:\t\t35228\r\n\tAdvertized Etypes:\t\n\t\tRC4-HMAC-NT\n\t\t16\n\t\tDES-CBC-MD5\n\t\tRC4-HMAC-NT\r\n\r\nAdditional Information:\r\n\tTicket Options:\t\t0x40810010\r\n\tTicket Encryption Type:\t0x17\r\n\tSession Encryption Type:\t0x17\r\n\tFailure Code:\t\t0x0\r\n\tTransited Services:\t-\r\n\r\nTicket information\r\n\tRequest ticket hash:\t\tJ21C6T93HAJIIhtYaHXuRHdKN17WiUzhMf9d5jxiqaQ=\r\n\tResponse ticket hash:\t\tLGfC+LIaPAaFFMtUT38b++hgbje0rtl9o9IJVCN9iDQ=\r\n\r\nThis event is generated every time access is requested to a resource such as a computer or a Windows service.  The service name indicates the resource to which access was requested.\r\n\r\nThis event can be correlated with Windows logon events by comparing the Logon GUID fields in each event.  The logon event occurs on the machine that was accessed, which is often a different machine than the domain controller which issued the service ticket.\r\n\r\nPre-authentication types, ticket options, encryption types and result codes are defined in RFC 4120.\""""},""eventdata"":{""targetUserName"":""debbie@PLUMETECH.LOCAL"",""targetDomainName"":""PLUMETECH.LOCAL"",""serviceName"":""marla"",""serviceSid"":""S-1-5-21-514844351-3181471642-2638765006-1116"",""ticketOptions"":""0x40810010"",""ticketEncryptionType"":""0x17"",""ipAddress"":""::ffff:10.0.2.30"",""ipPort"":""35228"",""status"":""0x0"",""logonGuid"":""{6f0c0c86-fe1c-59d4-e6c0-039a97282489}"",""requestTicketHash"":""J21C6T93HAJIIhtYaHXuRHdKN17WiUzhMf9d5jxiqaQ="",""responseTicketHash"":""LGfC+LIaPAaFFMtUT38b++hgbje0rtl9o9IJVCN9iDQ="",""accountSupportedEncryptionTypes"":""N/A"",""accountAvailableKeys"":""N/A"",""serviceSupportedEncryptionTypes"":""0x27 (DES, RC4, AES-Sk)"",""serviceAvailableKeys"":""AES-SHA1, RC4"",""dCSupportedEncryptionTypes"":""0x1F (DES, RC4, AES128-SHA96, AES256-SHA96)"",""dCAvailableKeys"":""AES-SHA1, RC4"",""clientAdvertizedEncryptionTypes"":""   RC4-HMAC-NT   16   DES-CBC-MD5   RC4-HMAC-NT"",""sessionKeyEncryptionType"":""0x17""}}}"
2025-03-28T15:09:43.690Z,ENG1,low,3,Windows Logon Success,"""An account was successfully logged on.

Subject:
	Security ID:		S-1-5-18
	Account Name:		ENG1$
	Account Domain:		WORKGROUP
	Logon ID:		0x3E7

Logon Information:
	Logon Type:		5
	Restricted Admin Mode:	-
	Remote Credential Guard:	-
	Virtual Account:		No
	Elevated Token:		Yes

Impersonation Level:		Impersonation

New Logon:
	Security ID:		S-1-5-18
	Account Name:		SYSTEM
	Account Domain:		NT AUTHORITY
	Logon ID:		0x3E7
	Linked Logon ID:		0x0
	Network Account Name:	-
	Network Account Domain:	-
	Logon GUID:		{00000000-0000-0000-0000-000000000000}

Process Information:
	Process ID:		0x388
	Process Name:		C:\Windows\System32\services.exe

Network Information:
	Workstation Name:	-
	Source Network Address:	-
	Source Port:		-

Detailed Authentication Information:
	Logon Process:		Advapi  
	Authentication Package:	Negotiate
	Transited Services:	-
	Package Name (NTLM only):	-
	Key Length:		0

This event is generated when a logon session is created. It is generated on the computer that was accessed.

The subject fields indicate the account on the local system which requested the logon. This is most commonly a service such as the Server service, or a local process such as Winlogon.exe or Services.exe.

The logon type field indicates the kind of logon that occurred. The most common types are 2 (interactive) and 3 (network).

The New Logon fields indicate the account for whom the new logon was created, i.e. the account that was logged on.

The network fields indicate where a remote logon request originated. Workstation name is not always available and may be left blank in some cases.

The impersonation level field indicates the extent to which a process in the logon session can impersonate.

The authentication information fields provide detailed information about this specific logon request.
	- Logon GUID is a unique identifier that can be used to correlate this event with a KDC event.
	- Transited services indicate which intermediate services have participated in this logon request.
	- Package name indicates which sub-protocol was used among the NTLM protocols.
	- Key length indicates the length of the generated session key. This will be 0 if no session key was requested."""
2025-03-28T15:10:00.397Z,DC1,low,3,Windows Logon Success,"""An account was successfully logged on.

Subject:
	Security ID:		S-1-0-0
	Account Name:		-
	Account Domain:		-
	Logon ID:		0x0

Logon Information:
	Logon Type:		3
	Restricted Admin Mode:	-
	Virtual Account:		No
	Elevated Token:		Yes

Impersonation Level:		Delegation

New Logon:
	Security ID:		S-1-5-18
	Account Name:		DC1$
	Account Domain:		PLUMETECH.LOCAL
	Logon ID:		0x98FA19
	Linked Logon ID:		0x0
	Network Account Name:	-
	Network Account Domain:	-
	Logon GUID:		{e7fc6ebd-4450-a2ad-6769-e4ea6f5df18b}

Process Information:
	Process ID:		0x0
	Process Name:		-

Network Information:
	Workstation Name:	-
	Source Network Address:	fe80::fb99:f4a5:ccd0:5773
	Source Port:		57401

Detailed Authentication Information:
	Logon Process:		Kerberos
	Authentication Package:	Kerberos
	Transited Services:	-
	Package Name (NTLM only):	-
	Key Length:		0

This event is generated when a logon session is created. It is generated on the computer that was accessed.

The subject fields indicate the account on the local system which requested the logon. This is most commonly a service such as the Server service, or a local process such as Winlogon.exe or Services.exe.

The logon type field indicates the kind of logon that occurred. The most common types are 2 (interactive) and 3 (network).

The New Logon fields indicate the account for whom the new logon was created, i.e. the account that was logged on.

The network fields indicate where a remote logon request originated. Workstation name is not always available and may be left blank in some cases.

The impersonation level field indicates the extent to which a process in the logon session can impersonate.

The authentication information fields provide detailed information about this specific logon request.
	- Logon GUID is a unique identifier that can be used to correlate this event with a KDC event.
	- Transited services indicate which intermediate services have participated in this logon request.
	- Package name indicates which sub-protocol was used among the NTLM protocols.
	- Key length indicates the length of the generated session key. This will be 0 if no session key was requested."""
2025-03-28T15:10:22.526Z,OTDC1,low,3,Windows Logon Success,"""An account was successfully logged on.

Subject:
	Security ID:		S-1-0-0
	Account Name:		-
	Account Domain:		-
	Logon ID:		0x0

Logon Information:
	Logon Type:		3
	Restricted Admin Mode:	-
	Virtual Account:		No
	Elevated Token:		Yes

Impersonation Level:		Impersonation

New Logon:
	Security ID:		S-1-5-18
	Account Name:		OTDC1$
	Account Domain:		PLUMETECH-OT.LOCAL
	Logon ID:		0x999840
	Linked Logon ID:		0x0
	Network Account Name:	-
	Network Account Domain:	-
	Logon GUID:		{99982c51-e415-ae13-681d-7d2645c0c847}

Process Information:
	Process ID:		0x0
	Process Name:		-

Network Information:
	Workstation Name:	-
	Source Network Address:	::1
	Source Port:		52276

Detailed Authentication Information:
	Logon Process:		Kerberos
	Authentication Package:	Kerberos
	Transited Services:	-
	Package Name (NTLM only):	-
	Key Length:		0

This event is generated when a logon session is created. It is generated on the computer that was accessed.

The subject fields indicate the account on the local system which requested the logon. This is most commonly a service such as the Server service, or a local process such as Winlogon.exe or Services.exe.

The logon type field indicates the kind of logon that occurred. The most common types are 2 (interactive) and 3 (network).

The New Logon fields indicate the account for whom the new logon was created, i.e. the account that was logged on.

The network fields indicate where a remote logon request originated. Workstation name is not always available and may be left blank in some cases.

The impersonation level field indicates the extent to which a process in the logon session can impersonate.

The authentication information fields provide detailed information about this specific logon request.
	- Logon GUID is a unique identifier that can be used to correlate this event with a KDC event.
	- Transited services indicate which intermediate services have participated in this logon request.
	- Package name indicates which sub-protocol was used among the NTLM protocols.
	- Key length indicates the length of the generated session key. This will be 0 if no session key was requested."""
2025-03-28T15:10:35.569Z,DC1,low,3,Windows Logon Success,"""An account was successfully logged on.

Subject:
	Security ID:		S-1-0-0
	Account Name:		-
	Account Domain:		-
	Logon ID:		0x0

Logon Information:
	Logon Type:		3
	Restricted Admin Mode:	-
	Virtual Account:		No
	Elevated Token:		Yes

Impersonation Level:		Impersonation

New Logon:
	Security ID:		S-1-5-18
	Account Name:		DC1$
	Account Domain:		PLUMETECH.LOCAL
	Logon ID:		0x9BF480
	Linked Logon ID:		0x0
	Network Account Name:	-
	Network Account Domain:	-
	Logon GUID:		{ef9e05fd-f9e9-a095-60e8-ad4a70240030}

Process Information:
	Process ID:		0x0
	Process Name:		-

Network Information:
	Workstation Name:	-
	Source Network Address:	fe80::fb99:f4a5:ccd0:5773
	Source Port:		57402

Detailed Authentication Information:
	Logon Process:		Kerberos
	Authentication Package:	Kerberos
	Transited Services:	-
	Package Name (NTLM only):	-
	Key Length:		0

This event is generated when a logon session is created. It is generated on the computer that was accessed.

The subject fields indicate the account on the local system which requested the logon. This is most commonly a service such as the Server service, or a local process such as Winlogon.exe or Services.exe.

The logon type field indicates the kind of logon that occurred. The most common types are 2 (interactive) and 3 (network).

The New Logon fields indicate the account for whom the new logon was created, i.e. the account that was logged on.

The network fields indicate where a remote logon request originated. Workstation name is not always available and may be left blank in some cases.

The impersonation level field indicates the extent to which a process in the logon session can impersonate.

The authentication information fields provide detailed information about this specific logon request.
	- Logon GUID is a unique identifier that can be used to correlate this event with a KDC event.
	- Transited services indicate which intermediate services have participated in this logon request.
	- Package name indicates which sub-protocol was used among the NTLM protocols.
	- Key length indicates the length of the generated session key. This will be 0 if no session key was requested."""
2025-03-28T15:10:35.581Z,DC1,low,3,Windows Logon Success,"""An account was successfully logged on.

Subject:
	Security ID:		S-1-0-0
	Account Name:		-
	Account Domain:		-
	Logon ID:		0x0

Logon Information:
	Logon Type:		3
	Restricted Admin Mode:	-
	Virtual Account:		No
	Elevated Token:		Yes

Impersonation Level:		Impersonation

New Logon:
	Security ID:		S-1-5-18
	Account Name:		DC1$
	Account Domain:		PLUMETECH.LOCAL
	Logon ID:		0x9BF57C
	Linked Logon ID:		0x0
	Network Account Name:	-
	Network Account Domain:	-
	Logon GUID:		{ef9e05fd-f9e9-a095-60e8-ad4a70240030}

Process Information:
	Process ID:		0x0
	Process Name:		-

Network Information:
	Workstation Name:	-
	Source Network Address:	fe80::fb99:f4a5:ccd0:5773
	Source Port:		57403

Detailed Authentication Information:
	Logon Process:		Kerberos
	Authentication Package:	Kerberos
	Transited Services:	-
	Package Name (NTLM only):	-
	Key Length:		0

This event is generated when a logon session is created. It is generated on the computer that was accessed.

The subject fields indicate the account on the local system which requested the logon. This is most commonly a service such as the Server service, or a local process such as Winlogon.exe or Services.exe.

The logon type field indicates the kind of logon that occurred. The most common types are 2 (interactive) and 3 (network).

The New Logon fields indicate the account for whom the new logon was created, i.e. the account that was logged on.

The network fields indicate where a remote logon request originated. Workstation name is not always available and may be left blank in some cases.

The impersonation level field indicates the extent to which a process in the logon session can impersonate.

The authentication information fields provide detailed information about this specific logon request.
	- Logon GUID is a unique identifier that can be used to correlate this event with a KDC event.
	- Transited services indicate which intermediate services have participated in this logon request.
	- Package name indicates which sub-protocol was used among the NTLM protocols.
	- Key length indicates the length of the generated session key. This will be 0 if no session key was requested."""
2025-03-28T15:10:36.787Z,DC1,low,4,LDAP Query from 10.0.2.30: (userAccountControl&8192),"2025-03-28T16:09:40.450+01:00 DC1.PLUMETECH.LOCAL LDAPQueryLogParser: date=2025-03-28 time=16:09:40 hostname=DC1.PLUMETECH.LOCAL srcip=10.0.2.30 win.eventdata.ipAddress=::ffff:10.0.2.30 srcport=46670 user=PLUMETECH\debbie filter=""(userAccountControl&8192)"" scope=subtree startingnode=DC=PLUMETECH,DC=LOCAL attributeselection=objectSid"
2025-03-28T15:10:36.787Z,DC1,low,4,LDAP Query from : ,"2025-03-28T16:09:40.465+01:00 DC1.PLUMETECH.LOCAL LDAPQueryLogParser: date=2025-03-28 time=16:09:40 hostname=DC1.PLUMETECH.LOCAL srcip=10.0.2.30 win.eventdata.ipAddress=::ffff:10.0.2.30 srcport=46670 user=PLUMETECH\debbie filter=""( &  (objectCategory=CN=Person,CN=Schema,CN=Configuration,DC=PLUMETECH,DC=LOCAL)  (sAMAccountName=debbie)  ( |  (memberOf<==>CN=Server Operators,CN=Builtin,DC=PLUMETECH,DC=LOCAL)  (memberOf<==>CN=Backup Operators,CN=Builtin,DC=PLUMETECH,DC=LOCAL)  (memberOf<==>CN=Domain Admins,CN=Users,DC=PLUMETECH,DC=LOCAL)  (memberOf<==>CN=Enterprise Admins,CN=Users,DC=PLUMETECH,DC=LOCAL) ) )"" scope=subtree startingnode=DC=PLUMETECH,DC=LOCAL attributeselection=[]"
2025-03-28T15:10:40.022Z,DC1,low,3,Windows Logon Success,"""An account was successfully logged on.

Subject:
	Security ID:		S-1-0-0
	Account Name:		-
	Account Domain:		-
	Logon ID:		0x0

Logon Information:
	Logon Type:		3
	Restricted Admin Mode:	-
	Virtual Account:		No
	Elevated Token:		Yes

Impersonation Level:		Impersonation

New Logon:
	Security ID:		S-1-5-18
	Account Name:		DC1$
	Account Domain:		PLUMETECH.LOCAL
	Logon ID:		0x9C35BB
	Linked Logon ID:		0x0
	Network Account Name:	-
	Network Account Domain:	-
	Logon GUID:		{ef9e05fd-f9e9-a095-60e8-ad4a70240030}

Process Information:
	Process ID:		0x0
	Process Name:		-

Network Information:
	Workstation Name:	-
	Source Network Address:	::1
	Source Port:		57404

Detailed Authentication Information:
	Logon Process:		Kerberos
	Authentication Package:	Kerberos
	Transited Services:	-
	Package Name (NTLM only):	-
	Key Length:		0

This event is generated when a logon session is created. It is generated on the computer that was accessed.

The subject fields indicate the account on the local system which requested the logon. This is most commonly a service such as the Server service, or a local process such as Winlogon.exe or Services.exe.

The logon type field indicates the kind of logon that occurred. The most common types are 2 (interactive) and 3 (network).

The New Logon fields indicate the account for whom the new logon was created, i.e. the account that was logged on.

The network fields indicate where a remote logon request originated. Workstation name is not always available and may be left blank in some cases.

The impersonation level field indicates the extent to which a process in the logon session can impersonate.

The authentication information fields provide detailed information about this specific logon request.
	- Logon GUID is a unique identifier that can be used to correlate this event with a KDC event.
	- Transited services indicate which intermediate services have participated in this logon request.
	- Package name indicates which sub-protocol was used among the NTLM protocols.
	- Key length indicates the length of the generated session key. This will be 0 if no session key was requested."""
2025-03-28T15:10:46.157Z,OTDC1,low,3,Windows Logon Success,"""A Kerberos service ticket was requested.

Account Information:
	Account Name:		OTDC1$@PLUMETECH-OT.LOCAL
	Account Domain:		PLUMETECH-OT.LOCAL
	Logon GUID:		{b495548b-39fe-b9e5-cad8-6f3bb7e04a15}
	MSDS-SupportedEncryptionTypes:	N/A
	Available Keys:	N/A

Service Information:
	Service Name:		OTDC1$
	Service ID:		S-1-5-21-2662794894-2444940611-3771113054-1000
	MSDS-SupportedEncryptionTypes:	0x1F (DES, RC4, AES128-SHA96, AES256-SHA96)
	Available Keys:	AES-SHA1, RC4

Domain Controller Information:
	MSDS-SupportedEncryptionTypes:	0x1F (DES, RC4, AES128-SHA96, AES256-SHA96)
	Available Keys:	AES-SHA1, RC4

Network Information:
	Client Address:		::1
	Client Port:		0
	Advertized Etypes:	
		AES256-CTS-HMAC-SHA1-96
		AES128-CTS-HMAC-SHA1-96
		RC4-HMAC-NT
		RC4-HMAC-NT-EXP
		RC4-HMAC-OLD-EXP

Additional Information:
	Ticket Options:		0x40810000
	Ticket Encryption Type:	0x12
	Session Encryption Type:	0x12
	Failure Code:		0x0
	Transited Services:	-

Ticket information
	Request ticket hash:		5SPPURX+ntN+kdTweurc+kh9nT17BwokZO2dlFv1U0Q=
	Response ticket hash:		ySPmo6gstOVPFuEaf3o0fDNa0pFI3hLadOOF+FMxU34=

This event is generated every time access is requested to a resource such as a computer or a Windows service.  The service name indicates the resource to which access was requested.

This event can be correlated with Windows logon events by comparing the Logon GUID fields in each event.  The logon event occurs on the machine that was accessed, which is often a different machine than the domain controller which issued the service ticket.

Pre-authentication types, ticket options, encryption types and result codes are defined in RFC 4120."""
2025-03-28T15:10:46.163Z,OTDC1,low,3,Windows Logon Success,"""A Kerberos service ticket was requested.

Account Information:
	Account Name:		OTDC1$@PLUMETECH-OT.LOCAL
	Account Domain:		PLUMETECH-OT.LOCAL
	Logon GUID:		{b495548b-39fe-b9e5-cad8-6f3bb7e04a15}
	MSDS-SupportedEncryptionTypes:	N/A
	Available Keys:	N/A

Service Information:
	Service Name:		krbtgt
	Service ID:		S-1-5-21-2662794894-2444940611-3771113054-502
	MSDS-SupportedEncryptionTypes:	0x1F (DES, RC4, AES128-SHA96, AES256-SHA96)
	Available Keys:	AES-SHA1, RC4

Domain Controller Information:
	MSDS-SupportedEncryptionTypes:	0x1F (DES, RC4, AES128-SHA96, AES256-SHA96)
	Available Keys:	AES-SHA1, RC4

Network Information:
	Client Address:		::1
	Client Port:		0
	Advertized Etypes:	
		AES256-CTS-HMAC-SHA1-96

Additional Information:
	Ticket Options:		0x60810010
	Ticket Encryption Type:	0x12
	Session Encryption Type:	0x12
	Failure Code:		0x0
	Transited Services:	-

Ticket information
	Request ticket hash:		5SPPURX+ntN+kdTweurc+kh9nT17BwokZO2dlFv1U0Q=
	Response ticket hash:		em0SwV3BqzDTWWALT4OJkCKk9m0QM3nZRcWV5sutaIY=

This event is generated every time access is requested to a resource such as a computer or a Windows service.  The service name indicates the resource to which access was requested.

This event can be correlated with Windows logon events by comparing the Logon GUID fields in each event.  The logon event occurs on the machine that was accessed, which is often a different machine than the domain controller which issued the service ticket.

Pre-authentication types, ticket options, encryption types and result codes are defined in RFC 4120."""
2025-03-28T15:10:46.179Z,OTDC1,low,3,Windows Logon Success,"""An account was successfully logged on.

Subject:
	Security ID:		S-1-0-0
	Account Name:		-
	Account Domain:		-
	Logon ID:		0x0

Logon Information:
	Logon Type:		3
	Restricted Admin Mode:	-
	Virtual Account:		No
	Elevated Token:		Yes

Impersonation Level:		Delegation

New Logon:
	Security ID:		S-1-5-21-2662794894-2444940611-3771113054-1000
	Account Name:		OTDC1$
	Account Domain:		PLUMETECH-OT.LOCAL
	Logon ID:		0x9B749D
	Linked Logon ID:		0x0
	Network Account Name:	-
	Network Account Domain:	-
	Logon GUID:		{cffc928f-12f8-1778-570a-f43a3ff772c3}

Process Information:
	Process ID:		0x0
	Process Name:		-

Network Information:
	Workstation Name:	-
	Source Network Address:	-
	Source Port:		-

Detailed Authentication Information:
	Logon Process:		Kerberos
	Authentication Package:	Kerberos
	Transited Services:	-
	Package Name (NTLM only):	-
	Key Length:		0

This event is generated when a logon session is created. It is generated on the computer that was accessed.

The subject fields indicate the account on the local system which requested the logon. This is most commonly a service such as the Server service, or a local process such as Winlogon.exe or Services.exe.

The logon type field indicates the kind of logon that occurred. The most common types are 2 (interactive) and 3 (network).

The New Logon fields indicate the account for whom the new logon was created, i.e. the account that was logged on.

The network fields indicate where a remote logon request originated. Workstation name is not always available and may be left blank in some cases.

The impersonation level field indicates the extent to which a process in the logon session can impersonate.

The authentication information fields provide detailed information about this specific logon request.
	- Logon GUID is a unique identifier that can be used to correlate this event with a KDC event.
	- Transited services indicate which intermediate services have participated in this logon request.
	- Package name indicates which sub-protocol was used among the NTLM protocols.
	- Key length indicates the length of the generated session key. This will be 0 if no session key was requested."""
2025-03-28T15:11:06.210Z,DC1,low,3,Windows Logon Success,"""An account was successfully logged on.

Subject:
	Security ID:		S-1-0-0
	Account Name:		-
	Account Domain:		-
	Logon ID:		0x0

Logon Information:
	Logon Type:		3
	Restricted Admin Mode:	-
	Virtual Account:		No
	Elevated Token:		Yes

Impersonation Level:		Impersonation

New Logon:
	Security ID:		S-1-5-18
	Account Name:		DC1$
	Account Domain:		PLUMETECH.LOCAL
	Logon ID:		0x9DE98F
	Linked Logon ID:		0x0
	Network Account Name:	-
	Network Account Domain:	-
	Logon GUID:		{ef9e05fd-f9e9-a095-60e8-ad4a70240030}

Process Information:
	Process ID:		0x0
	Process Name:		-

Network Information:
	Workstation Name:	-
	Source Network Address:	fe80::fb99:f4a5:ccd0:5773
	Source Port:		57407

Detailed Authentication Information:
	Logon Process:		Kerberos
	Authentication Package:	Kerberos
	Transited Services:	-
	Package Name (NTLM only):	-
	Key Length:		0

This event is generated when a logon session is created. It is generated on the computer that was accessed.

The subject fields indicate the account on the local system which requested the logon. This is most commonly a service such as the Server service, or a local process such as Winlogon.exe or Services.exe.

The logon type field indicates the kind of logon that occurred. The most common types are 2 (interactive) and 3 (network).

The New Logon fields indicate the account for whom the new logon was created, i.e. the account that was logged on.

The network fields indicate where a remote logon request originated. Workstation name is not always available and may be left blank in some cases.

The impersonation level field indicates the extent to which a process in the logon session can impersonate.

The authentication information fields provide detailed information about this specific logon request.
	- Logon GUID is a unique identifier that can be used to correlate this event with a KDC event.
	- Transited services indicate which intermediate services have participated in this logon request.
	- Package name indicates which sub-protocol was used among the NTLM protocols.
	- Key length indicates the length of the generated session key. This will be 0 if no session key was requested."""
2025-03-28T15:11:06.217Z,DC1,low,3,Windows Logon Success,"""An account was successfully logged on.

Subject:
	Security ID:		S-1-0-0
	Account Name:		-
	Account Domain:		-
	Logon ID:		0x0

Logon Information:
	Logon Type:		3
	Restricted Admin Mode:	-
	Virtual Account:		No
	Elevated Token:		Yes

Impersonation Level:		Impersonation

New Logon:
	Security ID:		S-1-5-18
	Account Name:		DC1$
	Account Domain:		PLUMETECH.LOCAL
	Logon ID:		0x9DEAC7
	Linked Logon ID:		0x0
	Network Account Name:	-
	Network Account Domain:	-
	Logon GUID:		{ef9e05fd-f9e9-a095-60e8-ad4a70240030}

Process Information:
	Process ID:		0x0
	Process Name:		-

Network Information:
	Workstation Name:	-
	Source Network Address:	fe80::fb99:f4a5:ccd0:5773
	Source Port:		57408

Detailed Authentication Information:
	Logon Process:		Kerberos
	Authentication Package:	Kerberos
	Transited Services:	-
	Package Name (NTLM only):	-
	Key Length:		0

This event is generated when a logon session is created. It is generated on the computer that was accessed.

The subject fields indicate the account on the local system which requested the logon. This is most commonly a service such as the Server service, or a local process such as Winlogon.exe or Services.exe.

The logon type field indicates the kind of logon that occurred. The most common types are 2 (interactive) and 3 (network).

The New Logon fields indicate the account for whom the new logon was created, i.e. the account that was logged on.

The network fields indicate where a remote logon request originated. Workstation name is not always available and may be left blank in some cases.

The impersonation level field indicates the extent to which a process in the logon session can impersonate.

The authentication information fields provide detailed information about this specific logon request.
	- Logon GUID is a unique identifier that can be used to correlate this event with a KDC event.
	- Transited services indicate which intermediate services have participated in this logon request.
	- Package name indicates which sub-protocol was used among the NTLM protocols.
	- Key length indicates the length of the generated session key. This will be 0 if no session key was requested."""
2025-03-28T15:11:17.722Z,FS1,low,3,Windows Logon Success,"""An account was successfully logged on.

Subject:
	Security ID:		S-1-5-18
	Account Name:		FS1$
	Account Domain:		PLUMETECH
	Logon ID:		0x3E7

Logon Information:
	Logon Type:		5
	Restricted Admin Mode:	-
	Virtual Account:		No
	Elevated Token:		Yes

Impersonation Level:		Impersonation

New Logon:
	Security ID:		S-1-5-18
	Account Name:		SYSTEM
	Account Domain:		NT AUTHORITY
	Logon ID:		0x3E7
	Linked Logon ID:		0x0
	Network Account Name:	-
	Network Account Domain:	-
	Logon GUID:		{00000000-0000-0000-0000-000000000000}

Process Information:
	Process ID:		0x32c
	Process Name:		C:\Windows\System32\services.exe

Network Information:
	Workstation Name:	-
	Source Network Address:	-
	Source Port:		-

Detailed Authentication Information:
	Logon Process:		Advapi  
	Authentication Package:	Negotiate
	Transited Services:	-
	Package Name (NTLM only):	-
	Key Length:		0

This event is generated when a logon session is created. It is generated on the computer that was accessed.

The subject fields indicate the account on the local system which requested the logon. This is most commonly a service such as the Server service, or a local process such as Winlogon.exe or Services.exe.

The logon type field indicates the kind of logon that occurred. The most common types are 2 (interactive) and 3 (network).

The New Logon fields indicate the account for whom the new logon was created, i.e. the account that was logged on.

The network fields indicate where a remote logon request originated. Workstation name is not always available and may be left blank in some cases.

The impersonation level field indicates the extent to which a process in the logon session can impersonate.

The authentication information fields provide detailed information about this specific logon request.
	- Logon GUID is a unique identifier that can be used to correlate this event with a KDC event.
	- Transited services indicate which intermediate services have participated in this logon request.
	- Package name indicates which sub-protocol was used among the NTLM protocols.
	- Key length indicates the length of the generated session key. This will be 0 if no session key was requested."""
2025-03-28T15:11:19.913Z,DC1,low,3,Windows Logon Success,"""A Kerberos service ticket was requested.

Account Information:
	Account Name:		DC1$@PLUMETECH.LOCAL
	Account Domain:		PLUMETECH.LOCAL
	Logon GUID:		{9349d5ad-1bcb-c419-93d5-65f6281c237a}
	MSDS-SupportedEncryptionTypes:	N/A
	Available Keys:	N/A

Service Information:
	Service Name:		DC1$
	Service ID:		S-1-5-21-514844351-3181471642-2638765006-1000
	MSDS-SupportedEncryptionTypes:	0x1F (DES, RC4, AES128-SHA96, AES256-SHA96)
	Available Keys:	AES-SHA1, RC4

Domain Controller Information:
	MSDS-SupportedEncryptionTypes:	0x1F (DES, RC4, AES128-SHA96, AES256-SHA96)
	Available Keys:	AES-SHA1, RC4

Network Information:
	Client Address:		::1
	Client Port:		0
	Advertized Etypes:	
		AES256-CTS-HMAC-SHA1-96
		AES128-CTS-HMAC-SHA1-96
		RC4-HMAC-NT
		RC4-HMAC-NT-EXP
		RC4-HMAC-OLD-EXP

Additional Information:
	Ticket Options:		0x40800000
	Ticket Encryption Type:	0x12
	Session Encryption Type:	0x12
	Failure Code:		0x0
	Transited Services:	-

Ticket information
	Request ticket hash:		Q+PcD/MzQhO5MrwnLWlNtiFjMCsa8nY3eJqoNcXhXBg=
	Response ticket hash:		qegFHU7XP0nNfbHRqzFbF58OGBP2Ye7GjIpnFl++0+w=

This event is generated every time access is requested to a resource such as a computer or a Windows service.  The service name indicates the resource to which access was requested.

This event can be correlated with Windows logon events by comparing the Logon GUID fields in each event.  The logon event occurs on the machine that was accessed, which is often a different machine than the domain controller which issued the service ticket.

Pre-authentication types, ticket options, encryption types and result codes are defined in RFC 4120."""
2025-03-28T15:11:20.928Z,DC1,low,3,Windows Logon Success,"""An account was successfully logged on.

Subject:
	Security ID:		S-1-0-0
	Account Name:		-
	Account Domain:		-
	Logon ID:		0x0

Logon Information:
	Logon Type:		3
	Restricted Admin Mode:	-
	Virtual Account:		No
	Elevated Token:		Yes

Impersonation Level:		Delegation

New Logon:
	Security ID:		S-1-5-21-514844351-3181471642-2638765006-1000
	Account Name:		DC1$
	Account Domain:		PLUMETECH.LOCAL
	Logon ID:		0x9F4904
	Linked Logon ID:		0x0
	Network Account Name:	-
	Network Account Domain:	-
	Logon GUID:		{36e60198-d932-272c-f3c8-0908e001d7b7}

Process Information:
	Process ID:		0x0
	Process Name:		-

Network Information:
	Workstation Name:	-
	Source Network Address:	-
	Source Port:		-

Detailed Authentication Information:
	Logon Process:		Kerberos
	Authentication Package:	Kerberos
	Transited Services:	-
	Package Name (NTLM only):	-
	Key Length:		0

This event is generated when a logon session is created. It is generated on the computer that was accessed.

The subject fields indicate the account on the local system which requested the logon. This is most commonly a service such as the Server service, or a local process such as Winlogon.exe or Services.exe.

The logon type field indicates the kind of logon that occurred. The most common types are 2 (interactive) and 3 (network).

The New Logon fields indicate the account for whom the new logon was created, i.e. the account that was logged on.

The network fields indicate where a remote logon request originated. Workstation name is not always available and may be left blank in some cases.

The impersonation level field indicates the extent to which a process in the logon session can impersonate.

The authentication information fields provide detailed information about this specific logon request.
	- Logon GUID is a unique identifier that can be used to correlate this event with a KDC event.
	- Transited services indicate which intermediate services have participated in this logon request.
	- Package name indicates which sub-protocol was used among the NTLM protocols.
	- Key length indicates the length of the generated session key. This will be 0 if no session key was requested."""
2025-03-28T15:11:22.648Z,OTDC1,low,3,Windows Logon Success,"""An account was successfully logged on.

Subject:
	Security ID:		S-1-0-0
	Account Name:		-
	Account Domain:		-
	Logon ID:		0x0

Logon Information:
	Logon Type:		3
	Restricted Admin Mode:	-
	Virtual Account:		No
	Elevated Token:		Yes

Impersonation Level:		Impersonation

New Logon:
	Security ID:		S-1-5-18
	Account Name:		OTDC1$
	Account Domain:		PLUMETECH-OT.LOCAL
	Logon ID:		0x9DBEB2
	Linked Logon ID:		0x0
	Network Account Name:	-
	Network Account Domain:	-
	Logon GUID:		{99982c51-e415-ae13-681d-7d2645c0c847}

Process Information:
	Process ID:		0x0
	Process Name:		-

Network Information:
	Workstation Name:	-
	Source Network Address:	::1
	Source Port:		59367

Detailed Authentication Information:
	Logon Process:		Kerberos
	Authentication Package:	Kerberos
	Transited Services:	-
	Package Name (NTLM only):	-
	Key Length:		0

This event is generated when a logon session is created. It is generated on the computer that was accessed.

The subject fields indicate the account on the local system which requested the logon. This is most commonly a service such as the Server service, or a local process such as Winlogon.exe or Services.exe.

The logon type field indicates the kind of logon that occurred. The most common types are 2 (interactive) and 3 (network).

The New Logon fields indicate the account for whom the new logon was created, i.e. the account that was logged on.

The network fields indicate where a remote logon request originated. Workstation name is not always available and may be left blank in some cases.

The impersonation level field indicates the extent to which a process in the logon session can impersonate.

The authentication information fields provide detailed information about this specific logon request.
	- Logon GUID is a unique identifier that can be used to correlate this event with a KDC event.
	- Transited services indicate which intermediate services have participated in this logon request.
	- Package name indicates which sub-protocol was used among the NTLM protocols.
	- Key length indicates the length of the generated session key. This will be 0 if no session key was requested."""
