2025-03-28T15:20:48.810Z,DC1,low,5,Registry Key Integrity Checksum Changed,"Registry Key '[x32] HKEY_LOCAL_MACHINE\System\CurrentControlSet\Services' modified
Mode: scheduled
Changed attributes: mtime
Old modification time was: '1743057685', now it is '1743175204'
"
2025-03-28T15:20:52.756Z,CLI1,low,5,Registry Key Integrity Checksum Changed,"Registry Key '[x32] HKEY_LOCAL_MACHINE\System\CurrentControlSet\Services\EventLog\Application\Edge' modified
Mode: scheduled
Changed attributes: mtime
Group ownership was 'S-1-5-32-544', now it is 'S-1-5-18'
Old modification time was: '1743036019', now it is '1743173514'
"
2025-03-28T15:20:52.777Z,CLI1,low,5,Registry Value Integrity Checksum Changed,"Registry Value '[x32] HKEY_LOCAL_MACHINE\System\CurrentControlSet\Services\EventLog\Application\Edge\ParameterMessageFile' modified
Mode: scheduled
Changed attributes: md5,sha1,sha256
Old md5sum was: '6439398acc686a46181144a49209572b'
New md5sum is : '873608747946909d6599ab1bf01acbee'
Old sha1sum was: '5b2ca61179f0e92286b5ce6250e2e51ffc35613a'
New sha1sum is : '78eae3cd7d734324049bad7905741cf64676a8e9'
Old sha256sum was: '7f657ee8e3090f54618ab8602adf6297eae27c98e0145777ddb9b6e19f960613'
New sha256sum is : 'a2fc8c680d3f36fc6d7a93d561fd8de34c90619163521628e6524cd8073f172e'
"
2025-03-28T15:20:52.777Z,CLI1,low,5,Registry Value Integrity Checksum Changed,"Registry Value '[x32] HKEY_LOCAL_MACHINE\System\CurrentControlSet\Services\EventLog\Application\Edge\CategoryMessageFile' modified
Mode: scheduled
Changed attributes: md5,sha1,sha256
Old md5sum was: '6439398acc686a46181144a49209572b'
New md5sum is : '873608747946909d6599ab1bf01acbee'
Old sha1sum was: '5b2ca61179f0e92286b5ce6250e2e51ffc35613a'
New sha1sum is : '78eae3cd7d734324049bad7905741cf64676a8e9'
Old sha256sum was: '7f657ee8e3090f54618ab8602adf6297eae27c98e0145777ddb9b6e19f960613'
New sha256sum is : 'a2fc8c680d3f36fc6d7a93d561fd8de34c90619163521628e6524cd8073f172e'
"
2025-03-28T15:20:52.777Z,CLI1,low,5,Registry Value Integrity Checksum Changed,"Registry Value '[x32] HKEY_LOCAL_MACHINE\System\CurrentControlSet\Services\EventLog\Application\Edge\EventMessageFile' modified
Mode: scheduled
Changed attributes: md5,sha1,sha256
Old md5sum was: '6439398acc686a46181144a49209572b'
New md5sum is : '873608747946909d6599ab1bf01acbee'
Old sha1sum was: '5b2ca61179f0e92286b5ce6250e2e51ffc35613a'
New sha1sum is : '78eae3cd7d734324049bad7905741cf64676a8e9'
Old sha256sum was: '7f657ee8e3090f54618ab8602adf6297eae27c98e0145777ddb9b6e19f960613'
New sha256sum is : 'a2fc8c680d3f36fc6d7a93d561fd8de34c90619163521628e6524cd8073f172e'
"
2025-03-28T15:21:02.107Z,CLI1,low,5,Registry Key Integrity Checksum Changed,"Registry Key '[x32] HKEY_LOCAL_MACHINE\System\CurrentControlSet\Services\LicenseManager\State' modified
Mode: scheduled
Changed attributes: mtime
Old modification time was: '1629354907', now it is '1743174062'
"
2025-03-28T15:21:02.109Z,CLI1,low,5,Registry Value Entry Added to the System,"Registry Value '[x32] HKEY_LOCAL_MACHINE\System\CurrentControlSet\Services\LicenseManager\State\LastCheckedBannedListTimeStamp' added
Mode: scheduled
"
2025-03-28T15:21:02.121Z,CLI1,low,5,Registry Value Entry Added to the System,"Registry Value '[x32] HKEY_LOCAL_MACHINE\System\CurrentControlSet\Services\LicenseManager\State\LastRequestCheckedBannedList' added
Mode: scheduled
"
2025-03-28T15:21:03.787Z,CLI1,low,5,Registry Key Integrity Checksum Changed,"Registry Key '[x32] HKEY_LOCAL_MACHINE\System\CurrentControlSet\Services\MicrosoftEdgeElevationService' modified
Mode: scheduled
Changed attributes: mtime
Group ownership was 'S-1-5-32-544', now it is 'S-1-5-18'
Old modification time was: '1743036018', now it is '1743173511'
"
2025-03-28T15:21:03.798Z,CLI1,low,5,Registry Value Integrity Checksum Changed,"Registry Value '[x32] HKEY_LOCAL_MACHINE\System\CurrentControlSet\Services\MicrosoftEdgeElevationService\ImagePath' modified
Mode: scheduled
Changed attributes: md5,sha1,sha256
Old md5sum was: '8746186c761c48ea506aaf1a9188bf72'
New md5sum is : 'ab78be55cd44ff6e2129011c500bb34f'
Old sha1sum was: 'c3e0defb05198dac7e8dfb5bfd4ddcb105e95b0e'
New sha1sum is : '2a0c82662e451c1141f052a3620fc3b8ba87a7c5'
Old sha256sum was: '3fc4b40200f03638859b8319399e7eb8ec4da02e478043ca1490b5639fdc5baa'
New sha256sum is : '957bb0a8823f7ac3d76ce0fb7637070c9aa45eb78cb1616c6f39fcab41c9d752'
"
2025-03-28T15:21:05.658Z,suricata,low,3,NTLM Challenge from 10.0.2.11 to 10.0.2.30,"{""timestamp"":""2025-03-28T15:21:03.956475+0000"",""flow_id"":2001447551135452,""in_iface"":""ens5"",""event_type"":""alert"",""src_ip"":""10.0.2.11"",""src_port"":445,""dest_ip"":""10.0.2.30"",""dest_port"":52742,""proto"":""TCP"",""pkt_src"":""stream (flow timeout)"",""community_id"":""1:sgKd7GidL37WyY/Rr0yGIQvsrf0="",""alert"":{""action"":""allowed"",""gid"":1,""signature_id"":21,""rev"":2,""signature"":""NTLMSSP_CHALLENGE"",""category"":"""",""severity"":1,""metadata"":{""ntlmssp"":[""challenge""]}},""app_proto"":""smb"",""direction"":""to_client"",""flow"":{""pkts_toserver"":26,""pkts_toclient"":20,""bytes_toserver"":4042,""bytes_toclient"":3428,""start"":""2025-03-28T15:19:27.990286+0000"",""src_ip"":""10.0.2.30"",""dest_ip"":""10.0.2.11"",""src_port"":52742,""dest_port"":445},""source"":""suricata""}"
2025-03-28T15:21:05.658Z,suricata,low,3,NTLM Challenge from 10.0.2.11 to 10.0.2.30,"{""timestamp"":""2025-03-28T15:21:03.956475+0000"",""flow_id"":2001447551135452,""in_iface"":""ens5"",""event_type"":""alert"",""src_ip"":""10.0.2.11"",""src_port"":445,""dest_ip"":""10.0.2.30"",""dest_port"":52742,""proto"":""TCP"",""pkt_src"":""stream (flow timeout)"",""community_id"":""1:sgKd7GidL37WyY/Rr0yGIQvsrf0="",""alert"":{""action"":""allowed"",""gid"":1,""signature_id"":211,""rev"":2,""signature"":""NTLMSSP_CHALLENGE"",""category"":"""",""severity"":1,""metadata"":{""ntlmssp"":[""challenge""]}},""app_proto"":""smb"",""direction"":""to_client"",""flow"":{""pkts_toserver"":26,""pkts_toclient"":20,""bytes_toserver"":4042,""bytes_toclient"":3428,""start"":""2025-03-28T15:19:27.990286+0000"",""src_ip"":""10.0.2.30"",""dest_ip"":""10.0.2.11"",""src_port"":52742,""dest_port"":445},""source"":""suricata""}"
2025-03-28T15:21:05.774Z,suricata,low,3,NTLM Challenge from 10.0.2.11 to 10.0.2.30,"{""timestamp"":""2025-03-28T15:21:04.949449+0000"",""flow_id"":2.16948866109461e+15,""in_iface"":""ens5"",""event_type"":""alert"",""src_ip"":""10.0.2.11"",""src_port"":445,""dest_ip"":""10.0.2.30"",""dest_port"":52730,""proto"":""TCP"",""pkt_src"":""stream (flow timeout)"",""community_id"":""1:DQTJZ8lmWb4RIBKSt4zh0ICkdto="",""alert"":{""action"":""allowed"",""gid"":1,""signature_id"":21,""rev"":2,""signature"":""NTLMSSP_CHALLENGE"",""category"":"""",""severity"":1,""metadata"":{""ntlmssp"":[""challenge""]}},""app_proto"":""smb"",""direction"":""to_client"",""flow"":{""pkts_toserver"":42,""pkts_toclient"":32,""bytes_toserver"":6278,""bytes_toclient"":5444,""start"":""2025-03-28T15:19:27.963875+0000"",""src_ip"":""10.0.2.30"",""dest_ip"":""10.0.2.11"",""src_port"":52730,""dest_port"":445},""source"":""suricata""}"
2025-03-28T15:21:05.775Z,suricata,low,3,NTLM Challenge from 10.0.2.11 to 10.0.2.30,"{""timestamp"":""2025-03-28T15:21:04.949449+0000"",""flow_id"":2.16948866109461e+15,""in_iface"":""ens5"",""event_type"":""alert"",""src_ip"":""10.0.2.11"",""src_port"":445,""dest_ip"":""10.0.2.30"",""dest_port"":52730,""proto"":""TCP"",""pkt_src"":""stream (flow timeout)"",""community_id"":""1:DQTJZ8lmWb4RIBKSt4zh0ICkdto="",""alert"":{""action"":""allowed"",""gid"":1,""signature_id"":211,""rev"":2,""signature"":""NTLMSSP_CHALLENGE"",""category"":"""",""severity"":1,""metadata"":{""ntlmssp"":[""challenge""]}},""app_proto"":""smb"",""direction"":""to_client"",""flow"":{""pkts_toserver"":42,""pkts_toclient"":32,""bytes_toserver"":6278,""bytes_toclient"":5444,""start"":""2025-03-28T15:19:27.963875+0000"",""src_ip"":""10.0.2.30"",""dest_ip"":""10.0.2.11"",""src_port"":52730,""dest_port"":445},""source"":""suricata""}"
2025-03-28T15:21:07.668Z,CLI1,low,5,Registry Key Integrity Checksum Changed,"Registry Key '[x32] HKEY_LOCAL_MACHINE\System\CurrentControlSet\Services\pci' modified
Mode: scheduled
Changed attributes: mtime
Old modification time was: '1743172847', now it is '1743174122'
"
2025-03-28T15:21:07.683Z,CLI1,low,5,Registry Value Integrity Checksum Changed,"Registry Value '[x32] HKEY_LOCAL_MACHINE\System\CurrentControlSet\Services\pci\Owners' modified
Mode: scheduled
Changed attributes: size,md5,sha1,sha256
Size changed from '379' to '369'
Old md5sum was: 'a0ac3b62fb36ecc788fc10afb2bef413'
New md5sum is : 'c357a54ea56336c72fd6c71eee0c756d'
Old sha1sum was: '3d805d38ad86be5e56c2e450f70f026cb3b0d3a0'
New sha1sum is : '1d280fa5aee5f6eb0d7a6506b05d4adfa1c11d9e'
Old sha256sum was: 'bf6e1223e8716358e54170c2fa8c26ad80bc424a6ea6335eeeb1cf145ace6111'
New sha256sum is : 'ecb7bc3e16ad62f3f95a303a78321722cf6708c1b5d1beaa12a90f4b0ca8dbc8'
"
2025-03-28T15:21:12.977Z,CLI1,low,5,Registry Key Integrity Checksum Changed,"Registry Key '[x32] HKEY_LOCAL_MACHINE\System\CurrentControlSet\Services\SharedAccess\Epoch' modified
Mode: scheduled
Changed attributes: mtime
Old modification time was: '1743172872', now it is '1743174658'
"
2025-03-28T15:21:12.996Z,CLI1,low,5,Registry Value Integrity Checksum Changed,"Registry Value '[x32] HKEY_LOCAL_MACHINE\System\CurrentControlSet\Services\SharedAccess\Epoch\Epoch' modified
Mode: scheduled
Changed attributes: md5,sha1,sha256
Old md5sum was: 'da35b4c997563297d0729ee465205315'
New md5sum is : 'f83e66d9409d112d436b0e049ef16dc0'
Old sha1sum was: 'ff4d8a05ccb1f2c315f53a0cf4a0b7635ad3a23a'
New sha1sum is : 'eb8c44b895ad4146e3e2b5b1bde60da269385813'
Old sha256sum was: 'dd239110c5d36e9f833a4ee38bd4b96f61be56dc1380e3a2b0779d53ddecedc7'
New sha256sum is : '55f32cc26719195424dfee10201dc3f88d017fcd525398214b4d433b83fe0683'
"
2025-03-28T15:21:12.996Z,CLI1,low,5,Registry Value Integrity Checksum Changed,"Registry Value '[x32] HKEY_LOCAL_MACHINE\System\CurrentControlSet\Services\SharedAccess\Epoch2\Epoch' modified
Mode: scheduled
Changed attributes: md5,sha1,sha256
Old md5sum was: 'ae0daef8d8b2bc8acdd09b00dc92ce8d'
New md5sum is : 'd20ae1fd3a608fc30fdea31babbaef93'
Old sha1sum was: '90055c680ba720293168b6dc6bd095430d63086e'
New sha1sum is : '8ec523a893cd759519942aa29e76aab969c758bf'
Old sha256sum was: '10b2d780ddb16595edbbf4bafca45dcd5f486209350e057914c790c0d3c4e350'
New sha256sum is : 'aa4a60bef7857ee61426cf863b12fa9df04a5c0c28f5145e436842e6d64395fd'
"
2025-03-28T15:21:12.996Z,CLI1,low,5,Registry Key Integrity Checksum Changed,"Registry Key '[x32] HKEY_LOCAL_MACHINE\System\CurrentControlSet\Services\SharedAccess\Epoch2' modified
Mode: scheduled
Changed attributes: mtime
Old modification time was: '1743172860', now it is '1743173759'
"
2025-03-28T15:21:13.128Z,CLI1,low,5,Registry Key Integrity Checksum Changed,"Registry Key '[x32] HKEY_LOCAL_MACHINE\System\CurrentControlSet\Services\SharedAccess\Parameters\FirewallPolicy\FirewallRules' modified
Mode: scheduled
Changed attributes: mtime
Group ownership was 'S-1-5-32-544', now it is 'S-1-5-21-1159332295-3909167717-2419237058-513'
Old modification time was: '1743049150', now it is '1743173508'
"
2025-03-28T15:21:13.239Z,CLI1,low,5,Registry Value Entry Added to the System,"Registry Value '[x32] HKEY_LOCAL_MACHINE\System\CurrentControlSet\Services\SharedAccess\Parameters\FirewallPolicy\FirewallRules\{1BFE01B4-8C3C-4813-8B71-156031163E16}' added
Mode: scheduled
"
2025-03-28T15:21:16.793Z,CLI1,low,5,Registry Key Integrity Checksum Changed,"Registry Key '[x32] HKEY_LOCAL_MACHINE\System\CurrentControlSet\Services\Tcpip\Parameters\DNSRegisteredAdapters\{EFDCC438-1368-4889-B23E-1841C6D0BDB5}' modified
Mode: scheduled
Changed attributes: mtime
Old modification time was: '1743173307', now it is '1743174658'
"
2025-03-28T15:21:16.829Z,CLI1,low,5,Registry Key Integrity Checksum Changed,"Registry Key '[x32] HKEY_LOCAL_MACHINE\System\CurrentControlSet\Services\Tcpip\Parameters\Interfaces\{efdcc438-1368-4889-b23e-1841c6d0bdb5}' modified
Mode: scheduled
Changed attributes: mtime
Old modification time was: '1743173103', now it is '1743174657'
"
2025-03-28T15:21:16.834Z,CLI1,low,5,Registry Value Integrity Checksum Changed,"Registry Value '[x32] HKEY_LOCAL_MACHINE\System\CurrentControlSet\Services\Tcpip\Parameters\Interfaces\{efdcc438-1368-4889-b23e-1841c6d0bdb5}\LeaseObtainedTime' modified
Mode: scheduled
Changed attributes: md5,sha1,sha256
Old md5sum was: '890b6ebafa5b1891ed344794f4bd47be'
New md5sum is : '88c2ffd6b01921c3b024ac65be0082a2'
Old sha1sum was: '257aa6e449b29bdfb0bcf61ed23433756c995d13'
New sha1sum is : 'da525da1dad23e0264e7254b852fdc8b5882dcc6'
Old sha256sum was: '1db7729c1fefaffafcc995152cf47a766644462344657987908a1eecc9fec419'
New sha256sum is : '9e9a19a2e93a1683e7eab2a398a58ef4442fea8f1da9beea390523e1adc4d4a2'
"
2025-03-28T15:21:16.843Z,CLI1,low,5,Registry Value Integrity Checksum Changed,"Registry Value '[x32] HKEY_LOCAL_MACHINE\System\CurrentControlSet\Services\Tcpip\Parameters\Interfaces\{efdcc438-1368-4889-b23e-1841c6d0bdb5}\T1' modified
Mode: scheduled
Changed attributes: md5,sha1,sha256
Old md5sum was: '88c2ffd6b01921c3b024ac65be0082a2'
New md5sum is : '73d11be3b3152528e8df7a46251e6afe'
Old sha1sum was: 'da525da1dad23e0264e7254b852fdc8b5882dcc6'
New sha1sum is : '2d6d2ab7b4e67f3dfc01b8e631e9876c7ca1a0ea'
Old sha256sum was: '9e9a19a2e93a1683e7eab2a398a58ef4442fea8f1da9beea390523e1adc4d4a2'
New sha256sum is : '3eed078f90e6476d513ea261e2a36009ecc8860a77c1132ace4c2d1243620608'
"
2025-03-28T15:21:16.856Z,CLI1,low,5,Registry Value Integrity Checksum Changed,"Registry Value '[x32] HKEY_LOCAL_MACHINE\System\CurrentControlSet\Services\Tcpip\Parameters\Interfaces\{efdcc438-1368-4889-b23e-1841c6d0bdb5}\T2' modified
Mode: scheduled
Changed attributes: md5,sha1,sha256
Old md5sum was: 'b8ea6fa68e1c06e387aa8119216de8d0'
New md5sum is : '9b260dc22e6ba1b026e2f38464bb2295'
Old sha1sum was: 'dda6989567c78b8156702bd8f5490e2bcb309e84'
New sha1sum is : '8644c689205a77b353dc04a0bf403027a97dc60f'
Old sha256sum was: '7d735c0a510ba9447c7d05b6e53fd878df467277a3bf63c119e165e25d265dd8'
New sha256sum is : '67f5ab00174ca407d6e7965007d49de5860e29981e93b5c3d726a02c8c1f7b9f'
"
2025-03-28T15:21:16.873Z,CLI1,low,5,Registry Value Integrity Checksum Changed,"Registry Value '[x32] HKEY_LOCAL_MACHINE\System\CurrentControlSet\Services\Tcpip\Parameters\Interfaces\{efdcc438-1368-4889-b23e-1841c6d0bdb5}\LeaseTerminatesTime' modified
Mode: scheduled
Changed attributes: md5,sha1,sha256
Old md5sum was: '73d11be3b3152528e8df7a46251e6afe'
New md5sum is : '865aec3aa7f391940c61ba90461bc1b4'
Old sha1sum was: '2d6d2ab7b4e67f3dfc01b8e631e9876c7ca1a0ea'
New sha1sum is : 'dd57fb95d74c9d417e228de9bb41be6811a78d4f'
Old sha256sum was: '3eed078f90e6476d513ea261e2a36009ecc8860a77c1132ace4c2d1243620608'
New sha256sum is : '0a111fb59095e2465c9831aa732bf5031abf6918d223221c45309019eadea580'
"
2025-03-28T15:21:16.887Z,CLI1,low,5,Registry Value Integrity Checksum Changed,"Registry Value '[x32] HKEY_LOCAL_MACHINE\System\CurrentControlSet\Services\Tcpip\Parameters\Interfaces\{efdcc438-1368-4889-b23e-1841c6d0bdb5}\DhcpInterfaceOptions' modified
Mode: scheduled
Changed attributes: md5,sha1,sha256
Old md5sum was: 'd5a376edf2a1a44063716db0eca26c1e'
New md5sum is : '8a1c4beb8ad8da87137e3e490937f88c'
Old sha1sum was: '3f735c68ca345dedcf31a6772cd536af5fd1b712'
New sha1sum is : '16e80860557b0640c6120792a5b321a6851d3864'
Old sha256sum was: 'a3b4969f269173aa62ef94482d3f9576ebff6482b725429206362ae7fb6d84c6'
New sha256sum is : '3cf9338102f673e6af9a98e272e592adc644033be8172ae3deb0f8d00b9dfc4f'
"
2025-03-28T15:21:20.935Z,CLI1,low,5,Registry Key Entry Added to the System,"Registry Key '[x32] HKEY_LOCAL_MACHINE\System\CurrentControlSet\Services\VSS\Diag\ASR Writer' added
Mode: scheduled
"
2025-03-28T15:21:20.949Z,CLI1,low,5,Registry Key Entry Added to the System,"Registry Key '[x32] HKEY_LOCAL_MACHINE\System\CurrentControlSet\Services\VSS\Diag\COM+ REGDB Writer' added
Mode: scheduled
"
2025-03-28T15:21:20.955Z,CLI1,low,5,Registry Key Entry Added to the System,"Registry Key '[x32] HKEY_LOCAL_MACHINE\System\CurrentControlSet\Services\VSS\Diag\Registry Writer' added
Mode: scheduled
"
2025-03-28T15:21:20.965Z,CLI1,low,5,Registry Key Entry Added to the System,"Registry Key '[x32] HKEY_LOCAL_MACHINE\System\CurrentControlSet\Services\VSS\Diag\Shadow Copy Optimization Writer' added
Mode: scheduled
"
2025-03-28T15:21:20.981Z,CLI1,low,5,Registry Key Entry Added to the System,"Registry Key '[x32] HKEY_LOCAL_MACHINE\System\CurrentControlSet\Services\VSS\Diag\SwProvider_{b5946137-7b9f-4925-af80-51abd60b20d5}' added
Mode: scheduled
"
2025-03-28T15:21:21.002Z,CLI1,low,5,Registry Key Integrity Checksum Changed,"Registry Key '[x32] HKEY_LOCAL_MACHINE\System\CurrentControlSet\Services\VSS\Diag' modified
Mode: scheduled
Changed attributes: mtime
Old modification time was: '1743173355', now it is '1743173490'
"
2025-03-28T15:21:21.275Z,CLI1,low,5,Registry Key Integrity Checksum Changed,"Registry Key '[x32] HKEY_LOCAL_MACHINE\System\CurrentControlSet\Services\W32Time\Config\Status' modified
Mode: scheduled
Changed attributes: mtime
Old modification time was: '1743057816', now it is '1743175202'
"
2025-03-28T15:21:21.276Z,CLI1,low,5,Registry Value Integrity Checksum Changed,"Registry Value '[x32] HKEY_LOCAL_MACHINE\System\CurrentControlSet\Services\W32Time\Config\Status\LastGoodSampleInfo' modified
Mode: scheduled
Changed attributes: size,md5,sha1,sha256
Size changed from '39' to '40'
Old md5sum was: 'd94e3ff2b7c4935a1f6f7266c81b1131'
New md5sum is : '4060e3057e115748f6d2e7c241864f07'
Old sha1sum was: 'e792cbd07aa7d448f36a156c6042a6fed2289661'
New sha1sum is : 'de8e8ea98fa75dc499046baa09ea2fc2b3966760'
Old sha256sum was: '485780a5981db33fc352b5ad5a58591b4d5195df6b8df7100486af9ce94c528b'
New sha256sum is : '56cda7fc92213019332b4ed10c0b1d63faa96ea6c8827cc252d3e222e88aacda'
"
2025-03-28T15:21:21.290Z,CLI1,low,5,Registry Key Integrity Checksum Changed,"Registry Key '[x32] HKEY_LOCAL_MACHINE\System\CurrentControlSet\Services\W32Time\Config' modified
Mode: scheduled
Changed attributes: mtime
Old modification time was: '1743057816', now it is '1743175202'
"
2025-03-28T15:21:21.294Z,CLI1,low,5,Registry Value Integrity Checksum Changed,"Registry Value '[x32] HKEY_LOCAL_MACHINE\System\CurrentControlSet\Services\W32Time\Config\LastKnownGoodTime' modified
Mode: scheduled
Changed attributes: md5,sha1,sha256
Old md5sum was: '185124ea5042b2ceaea27183b5c70580'
New md5sum is : '241307f92dc8771ccb72789cfc4d8952'
Old sha1sum was: '52002b4e42d8d75eebe622083bcd8d1a4f1c3c20'
New sha1sum is : 'a07b6500f6ea14b2068657d2dbd4474df5ce6042'
Old sha256sum was: '64b8c37bdfa3062be1b5eacf0ec6b9d945b5a64dde7a1873a05bebc0e40e10f8'
New sha256sum is : '6201e0c7cd4a9eb6b9f9ec54f4008ef5083864e00ad364c8eaff38f2ef5609ab'
"
2025-03-28T15:21:21.334Z,CLI1,low,5,Registry Key Integrity Checksum Changed,"Registry Key '[x32] HKEY_LOCAL_MACHINE\System\CurrentControlSet\Services\W32Time\SecureTimeLimits\RunTime' modified
Mode: scheduled
Changed attributes: mtime
Group ownership was 'S-1-5-32-544', now it is 'S-1-5-18'
Old modification time was: '1743173156', now it is '1743174956'
"
2025-03-28T15:21:21.340Z,CLI1,low,5,Registry Value Integrity Checksum Changed,"Registry Value '[x32] HKEY_LOCAL_MACHINE\System\CurrentControlSet\Services\W32Time\SecureTimeLimits\RunTime\SecureTimeTickCount' modified
Mode: scheduled
Changed attributes: md5,sha1,sha256
Old md5sum was: '7f664db9e0ba715628e75c092e2e62ad'
New md5sum is : 'd8808d849ae9a1aefd60b8d58ef87d89'
Old sha1sum was: 'd61a1a21ca2d839911b518e74caa238f86ab6449'
New sha1sum is : '0b67249b1808c898435fecf32319a3fc91acd6a3'
Old sha256sum was: '95753f7ba3542ab7edb38d3fe35517e82cdb5ffd07902a7039f62b0161e4a2a6'
New sha256sum is : 'a6e820f1b2abab3315f533e35e4ae21f7bc2fc6be127d1b9fde7f93c2ff9f6a6'
"
2025-03-28T15:21:21.356Z,CLI1,low,5,Registry Value Integrity Checksum Changed,"Registry Value '[x32] HKEY_LOCAL_MACHINE\System\CurrentControlSet\Services\W32Time\SecureTimeLimits\RunTime\SecureTimeConfidence' modified
Mode: scheduled
Changed attributes: md5,sha1,sha256
Old md5sum was: 'e5b546a8f4ea5a329bf0879d4fa694ae'
New md5sum is : '0da8b50c79e264eef2fcb9856d22fe76'
Old sha1sum was: '8714a3e63d2a34d6fe9f43bbd51ffdac7c630bf9'
New sha1sum is : '0f835c76ae44c0a75a4dba2725adeb99839f4e26'
Old sha256sum was: '405391cdcba508299713f0df3491fc39ee8044c599aac506de3456b6b3dd79e6'
New sha256sum is : 'f3e7abbeb6ac146724ce867c5b83e093f2059910f3293d8daca0ddc2e0ec7493'
"
2025-03-28T15:21:21.371Z,CLI1,low,5,Registry Key Integrity Checksum Changed,"Registry Key '[x32] HKEY_LOCAL_MACHINE\System\CurrentControlSet\Services\W32Time\SecureTimeLimits' modified
Mode: scheduled
Changed attributes: mtime
Old modification time was: '1743173156', now it is '1743174956'
"
2025-03-28T15:21:21.387Z,CLI1,low,5,Registry Value Integrity Checksum Changed,"Registry Value '[x32] HKEY_LOCAL_MACHINE\System\CurrentControlSet\Services\W32Time\SecureTimeLimits\SecureTimeEstimated' modified
Mode: scheduled
Changed attributes: md5,sha1,sha256
Old md5sum was: '9bc9d0716cf1377479baf49e4cd1c415'
New md5sum is : '750c02d2e5df713017844553146d472c'
Old sha1sum was: '882a475283637542ad7c3eb030418dd5a28fd1ff'
New sha1sum is : 'd30132ade273112a60a3fb2f5b05a47d88ab6168'
Old sha256sum was: 'dd4068819ce9549acf6fd6e8a90de272b7745dcd25515b5b1c6a09518d0447e3'
New sha256sum is : 'fb24b43d3b687a506fa7a734b455ac1aa8ec3d13d314660db4a5f479d9f38bb8'
"
2025-03-28T15:21:21.403Z,CLI1,low,5,Registry Value Integrity Checksum Changed,"Registry Value '[x32] HKEY_LOCAL_MACHINE\System\CurrentControlSet\Services\W32Time\SecureTimeLimits\SecureTimeHigh' modified
Mode: scheduled
Changed attributes: md5,sha1,sha256
Old md5sum was: '206c3a2b58723bd1f4f251519445a264'
New md5sum is : '090bfebf8691c66a3de8f287f01873dc'
Old sha1sum was: '92195d436f82801c8b8f02b31760fde123809f48'
New sha1sum is : '13077ebcac0531a885f816e0d08965d967e6331b'
Old sha256sum was: '952cbb46e08042c3d2e6b62b9145b26fc2ecd08d101c2c682afecf39cf605800'
New sha256sum is : '3d1d988db6e8bd507cd315dd34aae5d971738d6745e32aaff5b97a20766eb3c0'
"
2025-03-28T15:21:21.418Z,CLI1,low,5,Registry Value Integrity Checksum Changed,"Registry Value '[x32] HKEY_LOCAL_MACHINE\System\CurrentControlSet\Services\W32Time\SecureTimeLimits\SecureTimeLow' modified
Mode: scheduled
Changed attributes: md5,sha1,sha256
Old md5sum was: 'ef096a74901199ef698b0b3d7ece5a64'
New md5sum is : '5384ff9a15abacfc07c8fab93c9b1a7c'
Old sha1sum was: '3ef814eec4ad73baf3d55df29a4f1a4692be0e90'
New sha1sum is : 'c0b130a425c5452fa744dc31eed37530d0dd6c27'
Old sha256sum was: 'd56dca83840239fd2e75ac9b2111c9e10dcc673beb73ba42fce551e1b1238a17'
New sha256sum is : 'aa31ec156298b68df60f61807d5d31c2ee0e069121c523bd43a44e8fcd2cd40a'
"
2025-03-28T15:21:22.365Z,CLI1,low,5,Registry Key Integrity Checksum Changed,"Registry Key '[x32] HKEY_LOCAL_MACHINE\System\CurrentControlSet\Services\WdFilter\Security' modified
Mode: scheduled
Changed attributes: mtime
Old modification time was: '1743172877', now it is '1743173534'
"
2025-03-28T15:21:22.659Z,OTDC1,low,3,Windows Logon Success,"""An account was successfully logged on.

Subject:
	Security ID:		S-1-0-0
	Account Name:		-
	Account Domain:		-
	Logon ID:		0x0

Logon Information:
	Logon Type:		3
	Restricted Admin Mode:	-
	Virtual Account:		No
	Elevated Token:		Yes

Impersonation Level:		Impersonation

New Logon:
	Security ID:		S-1-5-18
	Account Name:		OTDC1$
	Account Domain:		PLUMETECH-OT.LOCAL
	Logon ID:		0xE61069
	Linked Logon ID:		0x0
	Network Account Name:	-
	Network Account Domain:	-
	Logon GUID:		{99982c51-e415-ae13-681d-7d2645c0c847}

Process Information:
	Process ID:		0x0
	Process Name:		-

Network Information:
	Workstation Name:	-
	Source Network Address:	::1
	Source Port:		59433

Detailed Authentication Information:
	Logon Process:		Kerberos
	Authentication Package:	Kerberos
	Transited Services:	-
	Package Name (NTLM only):	-
	Key Length:		0

This event is generated when a logon session is created. It is generated on the computer that was accessed.

The subject fields indicate the account on the local system which requested the logon. This is most commonly a service such as the Server service, or a local process such as Winlogon.exe or Services.exe.

The logon type field indicates the kind of logon that occurred. The most common types are 2 (interactive) and 3 (network).

The New Logon fields indicate the account for whom the new logon was created, i.e. the account that was logged on.

The network fields indicate where a remote logon request originated. Workstation name is not always available and may be left blank in some cases.

The impersonation level field indicates the extent to which a process in the logon session can impersonate.

The authentication information fields provide detailed information about this specific logon request.
	- Logon GUID is a unique identifier that can be used to correlate this event with a KDC event.
	- Transited services indicate which intermediate services have participated in this logon request.
	- Package name indicates which sub-protocol was used among the NTLM protocols.
	- Key length indicates the length of the generated session key. This will be 0 if no session key was requested."""
2025-03-28T15:21:24.737Z,OTDC1,low,3,Windows Logon Success,"""An account was successfully logged on.

Subject:
	Security ID:		S-1-0-0
	Account Name:		-
	Account Domain:		-
	Logon ID:		0x0

Logon Information:
	Logon Type:		3
	Restricted Admin Mode:	-
	Virtual Account:		No
	Elevated Token:		Yes

Impersonation Level:		Impersonation

New Logon:
	Security ID:		S-1-5-18
	Account Name:		OTDC1$
	Account Domain:		PLUMETECH-OT.LOCAL
	Logon ID:		0xE69D1B
	Linked Logon ID:		0x0
	Network Account Name:	-
	Network Account Domain:	-
	Logon GUID:		{99982c51-e415-ae13-681d-7d2645c0c847}

Process Information:
	Process ID:		0x0
	Process Name:		-

Network Information:
	Workstation Name:	-
	Source Network Address:	fe80::750e:fdb0:28ba:2831
	Source Port:		59434

Detailed Authentication Information:
	Logon Process:		Kerberos
	Authentication Package:	Kerberos
	Transited Services:	-
	Package Name (NTLM only):	-
	Key Length:		0

This event is generated when a logon session is created. It is generated on the computer that was accessed.

The subject fields indicate the account on the local system which requested the logon. This is most commonly a service such as the Server service, or a local process such as Winlogon.exe or Services.exe.

The logon type field indicates the kind of logon that occurred. The most common types are 2 (interactive) and 3 (network).

The New Logon fields indicate the account for whom the new logon was created, i.e. the account that was logged on.

The network fields indicate where a remote logon request originated. Workstation name is not always available and may be left blank in some cases.

The impersonation level field indicates the extent to which a process in the logon session can impersonate.

The authentication information fields provide detailed information about this specific logon request.
	- Logon GUID is a unique identifier that can be used to correlate this event with a KDC event.
	- Transited services indicate which intermediate services have participated in this logon request.
	- Package name indicates which sub-protocol was used among the NTLM protocols.
	- Key length indicates the length of the generated session key. This will be 0 if no session key was requested."""
2025-03-28T15:21:24.739Z,OTDC1,low,3,Windows Logon Success,"""An account was successfully logged on.

Subject:
	Security ID:		S-1-0-0
	Account Name:		-
	Account Domain:		-
	Logon ID:		0x0

Logon Information:
	Logon Type:		3
	Restricted Admin Mode:	-
	Virtual Account:		No
	Elevated Token:		Yes

Impersonation Level:		Delegation

New Logon:
	Security ID:		S-1-5-18
	Account Name:		OTDC1$
	Account Domain:		PLUMETECH-OT.LOCAL
	Logon ID:		0xE69E06
	Linked Logon ID:		0x0
	Network Account Name:	-
	Network Account Domain:	-
	Logon GUID:		{e3e49aa6-7b1d-0c39-a4fc-a14df9d70599}

Process Information:
	Process ID:		0x0
	Process Name:		-

Network Information:
	Workstation Name:	-
	Source Network Address:	fe80::750e:fdb0:28ba:2831
	Source Port:		59435

Detailed Authentication Information:
	Logon Process:		Kerberos
	Authentication Package:	Kerberos
	Transited Services:	-
	Package Name (NTLM only):	-
	Key Length:		0

This event is generated when a logon session is created. It is generated on the computer that was accessed.

The subject fields indicate the account on the local system which requested the logon. This is most commonly a service such as the Server service, or a local process such as Winlogon.exe or Services.exe.

The logon type field indicates the kind of logon that occurred. The most common types are 2 (interactive) and 3 (network).

The New Logon fields indicate the account for whom the new logon was created, i.e. the account that was logged on.

The network fields indicate where a remote logon request originated. Workstation name is not always available and may be left blank in some cases.

The impersonation level field indicates the extent to which a process in the logon session can impersonate.

The authentication information fields provide detailed information about this specific logon request.
	- Logon GUID is a unique identifier that can be used to correlate this event with a KDC event.
	- Transited services indicate which intermediate services have participated in this logon request.
	- Package name indicates which sub-protocol was used among the NTLM protocols.
	- Key length indicates the length of the generated session key. This will be 0 if no session key was requested."""
2025-03-28T15:21:24.749Z,OTDC1,low,3,Windows Logon Success,"""An account was successfully logged on.

Subject:
	Security ID:		S-1-0-0
	Account Name:		-
	Account Domain:		-
	Logon ID:		0x0

Logon Information:
	Logon Type:		3
	Restricted Admin Mode:	-
	Virtual Account:		No
	Elevated Token:		Yes

Impersonation Level:		Impersonation

New Logon:
	Security ID:		S-1-5-18
	Account Name:		OTDC1$
	Account Domain:		PLUMETECH-OT.LOCAL
	Logon ID:		0xE6A005
	Linked Logon ID:		0x0
	Network Account Name:	-
	Network Account Domain:	-
	Logon GUID:		{3026577d-bd46-b128-e07f-7ea4f897cc0c}

Process Information:
	Process ID:		0x0
	Process Name:		-

Network Information:
	Workstation Name:	-
	Source Network Address:	::1
	Source Port:		0

Detailed Authentication Information:
	Logon Process:		Kerberos
	Authentication Package:	Kerberos
	Transited Services:	-
	Package Name (NTLM only):	-
	Key Length:		0

This event is generated when a logon session is created. It is generated on the computer that was accessed.

The subject fields indicate the account on the local system which requested the logon. This is most commonly a service such as the Server service, or a local process such as Winlogon.exe or Services.exe.

The logon type field indicates the kind of logon that occurred. The most common types are 2 (interactive) and 3 (network).

The New Logon fields indicate the account for whom the new logon was created, i.e. the account that was logged on.

The network fields indicate where a remote logon request originated. Workstation name is not always available and may be left blank in some cases.

The impersonation level field indicates the extent to which a process in the logon session can impersonate.

The authentication information fields provide detailed information about this specific logon request.
	- Logon GUID is a unique identifier that can be used to correlate this event with a KDC event.
	- Transited services indicate which intermediate services have participated in this logon request.
	- Package name indicates which sub-protocol was used among the NTLM protocols.
	- Key length indicates the length of the generated session key. This will be 0 if no session key was requested."""
2025-03-28T15:21:24.781Z,OTDC1,low,3,Windows Logon Success,"""An account was successfully logged on.

Subject:
	Security ID:		S-1-0-0
	Account Name:		-
	Account Domain:		-
	Logon ID:		0x0

Logon Information:
	Logon Type:		3
	Restricted Admin Mode:	-
	Virtual Account:		No
	Elevated Token:		Yes

Impersonation Level:		Impersonation

New Logon:
	Security ID:		S-1-5-18
	Account Name:		OTDC1$
	Account Domain:		PLUMETECH-OT.LOCAL
	Logon ID:		0xE6A335
	Linked Logon ID:		0x0
	Network Account Name:	-
	Network Account Domain:	-
	Logon GUID:		{3026577d-bd46-b128-e07f-7ea4f897cc0c}

Process Information:
	Process ID:		0x0
	Process Name:		-

Network Information:
	Workstation Name:	-
	Source Network Address:	::1
	Source Port:		0

Detailed Authentication Information:
	Logon Process:		Kerberos
	Authentication Package:	Kerberos
	Transited Services:	-
	Package Name (NTLM only):	-
	Key Length:		0

This event is generated when a logon session is created. It is generated on the computer that was accessed.

The subject fields indicate the account on the local system which requested the logon. This is most commonly a service such as the Server service, or a local process such as Winlogon.exe or Services.exe.

The logon type field indicates the kind of logon that occurred. The most common types are 2 (interactive) and 3 (network).

The New Logon fields indicate the account for whom the new logon was created, i.e. the account that was logged on.

The network fields indicate where a remote logon request originated. Workstation name is not always available and may be left blank in some cases.

The impersonation level field indicates the extent to which a process in the logon session can impersonate.

The authentication information fields provide detailed information about this specific logon request.
	- Logon GUID is a unique identifier that can be used to correlate this event with a KDC event.
	- Transited services indicate which intermediate services have participated in this logon request.
	- Package name indicates which sub-protocol was used among the NTLM protocols.
	- Key length indicates the length of the generated session key. This will be 0 if no session key was requested."""
2025-03-28T15:21:27.408Z,OTDC1,low,3,Windows Logon Success,"""An account was successfully logged on.

Subject:
	Security ID:		S-1-0-0
	Account Name:		-
	Account Domain:		-
	Logon ID:		0x0

Logon Information:
	Logon Type:		3
	Restricted Admin Mode:	-
	Virtual Account:		No
	Elevated Token:		Yes

Impersonation Level:		Impersonation

New Logon:
	Security ID:		S-1-5-18
	Account Name:		OTDC1$
	Account Domain:		PLUMETECH-OT.LOCAL
	Logon ID:		0xE75017
	Linked Logon ID:		0x0
	Network Account Name:	-
	Network Account Domain:	-
	Logon GUID:		{99982c51-e415-ae13-681d-7d2645c0c847}

Process Information:
	Process ID:		0x0
	Process Name:		-

Network Information:
	Workstation Name:	-
	Source Network Address:	fe80::750e:fdb0:28ba:2831
	Source Port:		59438

Detailed Authentication Information:
	Logon Process:		Kerberos
	Authentication Package:	Kerberos
	Transited Services:	-
	Package Name (NTLM only):	-
	Key Length:		0

This event is generated when a logon session is created. It is generated on the computer that was accessed.

The subject fields indicate the account on the local system which requested the logon. This is most commonly a service such as the Server service, or a local process such as Winlogon.exe or Services.exe.

The logon type field indicates the kind of logon that occurred. The most common types are 2 (interactive) and 3 (network).

The New Logon fields indicate the account for whom the new logon was created, i.e. the account that was logged on.

The network fields indicate where a remote logon request originated. Workstation name is not always available and may be left blank in some cases.

The impersonation level field indicates the extent to which a process in the logon session can impersonate.

The authentication information fields provide detailed information about this specific logon request.
	- Logon GUID is a unique identifier that can be used to correlate this event with a KDC event.
	- Transited services indicate which intermediate services have participated in this logon request.
	- Package name indicates which sub-protocol was used among the NTLM protocols.
	- Key length indicates the length of the generated session key. This will be 0 if no session key was requested."""
2025-03-28T15:21:27.411Z,OTDC1,low,3,Windows Logon Success,"""An account was successfully logged on.

Subject:
	Security ID:		S-1-0-0
	Account Name:		-
	Account Domain:		-
	Logon ID:		0x0

Logon Information:
	Logon Type:		3
	Restricted Admin Mode:	-
	Virtual Account:		No
	Elevated Token:		Yes

Impersonation Level:		Impersonation

New Logon:
	Security ID:		S-1-5-18
	Account Name:		OTDC1$
	Account Domain:		PLUMETECH-OT.LOCAL
	Logon ID:		0xE75147
	Linked Logon ID:		0x0
	Network Account Name:	-
	Network Account Domain:	-
	Logon GUID:		{99982c51-e415-ae13-681d-7d2645c0c847}

Process Information:
	Process ID:		0x0
	Process Name:		-

Network Information:
	Workstation Name:	-
	Source Network Address:	fe80::750e:fdb0:28ba:2831
	Source Port:		59439

Detailed Authentication Information:
	Logon Process:		Kerberos
	Authentication Package:	Kerberos
	Transited Services:	-
	Package Name (NTLM only):	-
	Key Length:		0

This event is generated when a logon session is created. It is generated on the computer that was accessed.

The subject fields indicate the account on the local system which requested the logon. This is most commonly a service such as the Server service, or a local process such as Winlogon.exe or Services.exe.

The logon type field indicates the kind of logon that occurred. The most common types are 2 (interactive) and 3 (network).

The New Logon fields indicate the account for whom the new logon was created, i.e. the account that was logged on.

The network fields indicate where a remote logon request originated. Workstation name is not always available and may be left blank in some cases.

The impersonation level field indicates the extent to which a process in the logon session can impersonate.

The authentication information fields provide detailed information about this specific logon request.
	- Logon GUID is a unique identifier that can be used to correlate this event with a KDC event.
	- Transited services indicate which intermediate services have participated in this logon request.
	- Package name indicates which sub-protocol was used among the NTLM protocols.
	- Key length indicates the length of the generated session key. This will be 0 if no session key was requested."""
2025-03-28T15:21:28.386Z,CLI1,low,5,Registry Key Integrity Checksum Changed,"Registry Key '[x64] HKEY_LOCAL_MACHINE\Software\Microsoft\Active Setup\Installed Components\{9459C573-B17A-45AE-9F64-1857B5D58CEE}' modified
Mode: scheduled
Changed attributes: mtime
Group ownership was 'S-1-5-32-544', now it is 'S-1-5-21-3013561609-1369422273-3827180519-513'
Old modification time was: '1743036018', now it is '1743173507'
"
2025-03-28T15:21:28.387Z,CLI1,low,5,Registry Value Integrity Checksum Changed,"Registry Value '[x64] HKEY_LOCAL_MACHINE\Software\Microsoft\Active Setup\Installed Components\{9459C573-B17A-45AE-9F64-1857B5D58CEE}\StubPath' modified
Mode: scheduled
Changed attributes: md5,sha1,sha256
Old md5sum was: '93dcf5f707c10888885083bc4cf4340c'
New md5sum is : 'fdf3e7fe54327ac930b6e4d075977859'
Old sha1sum was: 'bc24ac3fd6e33187781e93b0e95d6c3e42cb706e'
New sha1sum is : '2214cf1a10b37fa40a96331de9c245792127ce9b'
Old sha256sum was: 'd754a1346f57e9ba8f2f5f624b0fae3276eb6283d9d8baa29c4890271505df74'
New sha256sum is : '544f53475b30eb418f91011e7d94205f8341fbdd910f22da644d1a7f30a8b55e'
"
2025-03-28T15:21:28.689Z,CLI1,low,5,Registry Value Entry Deleted.,"Registry Value '[x32] HKEY_LOCAL_MACHINE\System\CurrentControlSet\Services\SharedAccess\Parameters\FirewallPolicy\FirewallRules\{3E91CDD6-36BB-435D-859A-E75224E3046E}' deleted
Mode: scheduled
"
2025-03-28T15:21:40.202Z,DC1,low,3,Windows Logon Success,"""An account was successfully logged on.

Subject:
	Security ID:		S-1-0-0
	Account Name:		-
	Account Domain:		-
	Logon ID:		0x0

Logon Information:
	Logon Type:		3
	Restricted Admin Mode:	-
	Virtual Account:		No
	Elevated Token:		Yes

Impersonation Level:		Impersonation

New Logon:
	Security ID:		S-1-5-18
	Account Name:		DC1$
	Account Domain:		PLUMETECH.LOCAL
	Logon ID:		0xE0CFCE
	Linked Logon ID:		0x0
	Network Account Name:	-
	Network Account Domain:	-
	Logon GUID:		{ef9e05fd-f9e9-a095-60e8-ad4a70240030}

Process Information:
	Process ID:		0x0
	Process Name:		-

Network Information:
	Workstation Name:	-
	Source Network Address:	::1
	Source Port:		62082

Detailed Authentication Information:
	Logon Process:		Kerberos
	Authentication Package:	Kerberos
	Transited Services:	-
	Package Name (NTLM only):	-
	Key Length:		0

This event is generated when a logon session is created. It is generated on the computer that was accessed.

The subject fields indicate the account on the local system which requested the logon. This is most commonly a service such as the Server service, or a local process such as Winlogon.exe or Services.exe.

The logon type field indicates the kind of logon that occurred. The most common types are 2 (interactive) and 3 (network).

The New Logon fields indicate the account for whom the new logon was created, i.e. the account that was logged on.

The network fields indicate where a remote logon request originated. Workstation name is not always available and may be left blank in some cases.

The impersonation level field indicates the extent to which a process in the logon session can impersonate.

The authentication information fields provide detailed information about this specific logon request.
	- Logon GUID is a unique identifier that can be used to correlate this event with a KDC event.
	- Transited services indicate which intermediate services have participated in this logon request.
	- Package name indicates which sub-protocol was used among the NTLM protocols.
	- Key length indicates the length of the generated session key. This will be 0 if no session key was requested."""
2025-03-28T15:21:44.439Z,DC1,low,3,Windows Logon Success,"""An account was successfully logged on.

Subject:
	Security ID:		S-1-0-0
	Account Name:		-
	Account Domain:		-
	Logon ID:		0x0

Logon Information:
	Logon Type:		3
	Restricted Admin Mode:	-
	Virtual Account:		No
	Elevated Token:		Yes

Impersonation Level:		Impersonation

New Logon:
	Security ID:		S-1-5-18
	Account Name:		DC1$
	Account Domain:		PLUMETECH.LOCAL
	Logon ID:		0xE1CB1D
	Linked Logon ID:		0x0
	Network Account Name:	-
	Network Account Domain:	-
	Logon GUID:		{ef9e05fd-f9e9-a095-60e8-ad4a70240030}

Process Information:
	Process ID:		0x0
	Process Name:		-

Network Information:
	Workstation Name:	-
	Source Network Address:	fe80::fb99:f4a5:ccd0:5773
	Source Port:		62084

Detailed Authentication Information:
	Logon Process:		Kerberos
	Authentication Package:	Kerberos
	Transited Services:	-
	Package Name (NTLM only):	-
	Key Length:		0

This event is generated when a logon session is created. It is generated on the computer that was accessed.

The subject fields indicate the account on the local system which requested the logon. This is most commonly a service such as the Server service, or a local process such as Winlogon.exe or Services.exe.

The logon type field indicates the kind of logon that occurred. The most common types are 2 (interactive) and 3 (network).

The New Logon fields indicate the account for whom the new logon was created, i.e. the account that was logged on.

The network fields indicate where a remote logon request originated. Workstation name is not always available and may be left blank in some cases.

The impersonation level field indicates the extent to which a process in the logon session can impersonate.

The authentication information fields provide detailed information about this specific logon request.
	- Logon GUID is a unique identifier that can be used to correlate this event with a KDC event.
	- Transited services indicate which intermediate services have participated in this logon request.
	- Package name indicates which sub-protocol was used among the NTLM protocols.
	- Key length indicates the length of the generated session key. This will be 0 if no session key was requested."""
2025-03-28T15:21:44.442Z,DC1,low,3,Windows Logon Success,"""An account was successfully logged on.

Subject:
	Security ID:		S-1-0-0
	Account Name:		-
	Account Domain:		-
	Logon ID:		0x0

Logon Information:
	Logon Type:		3
	Restricted Admin Mode:	-
	Virtual Account:		No
	Elevated Token:		Yes

Impersonation Level:		Impersonation

New Logon:
	Security ID:		S-1-5-18
	Account Name:		DC1$
	Account Domain:		PLUMETECH.LOCAL
	Logon ID:		0xE1CC42
	Linked Logon ID:		0x0
	Network Account Name:	-
	Network Account Domain:	-
	Logon GUID:		{ef9e05fd-f9e9-a095-60e8-ad4a70240030}

Process Information:
	Process ID:		0x0
	Process Name:		-

Network Information:
	Workstation Name:	-
	Source Network Address:	fe80::fb99:f4a5:ccd0:5773
	Source Port:		62085

Detailed Authentication Information:
	Logon Process:		Kerberos
	Authentication Package:	Kerberos
	Transited Services:	-
	Package Name (NTLM only):	-
	Key Length:		0

This event is generated when a logon session is created. It is generated on the computer that was accessed.

The subject fields indicate the account on the local system which requested the logon. This is most commonly a service such as the Server service, or a local process such as Winlogon.exe or Services.exe.

The logon type field indicates the kind of logon that occurred. The most common types are 2 (interactive) and 3 (network).

The New Logon fields indicate the account for whom the new logon was created, i.e. the account that was logged on.

The network fields indicate where a remote logon request originated. Workstation name is not always available and may be left blank in some cases.

The impersonation level field indicates the extent to which a process in the logon session can impersonate.

The authentication information fields provide detailed information about this specific logon request.
	- Logon GUID is a unique identifier that can be used to correlate this event with a KDC event.
	- Transited services indicate which intermediate services have participated in this logon request.
	- Package name indicates which sub-protocol was used among the NTLM protocols.
	- Key length indicates the length of the generated session key. This will be 0 if no session key was requested."""
2025-03-28T15:21:50.144Z,DC1,low,3,Windows Logon Success,"""An account was successfully logged on.

Subject:
	Security ID:		S-1-0-0
	Account Name:		-
	Account Domain:		-
	Logon ID:		0x0

Logon Information:
	Logon Type:		3
	Restricted Admin Mode:	-
	Virtual Account:		No
	Elevated Token:		Yes

Impersonation Level:		Impersonation

New Logon:
	Security ID:		S-1-5-18
	Account Name:		DC1$
	Account Domain:		PLUMETECH.LOCAL
	Logon ID:		0xE31212
	Linked Logon ID:		0x0
	Network Account Name:	-
	Network Account Domain:	-
	Logon GUID:		{ef9e05fd-f9e9-a095-60e8-ad4a70240030}

Process Information:
	Process ID:		0x0
	Process Name:		-

Network Information:
	Workstation Name:	-
	Source Network Address:	fe80::fb99:f4a5:ccd0:5773
	Source Port:		62086

Detailed Authentication Information:
	Logon Process:		Kerberos
	Authentication Package:	Kerberos
	Transited Services:	-
	Package Name (NTLM only):	-
	Key Length:		0

This event is generated when a logon session is created. It is generated on the computer that was accessed.

The subject fields indicate the account on the local system which requested the logon. This is most commonly a service such as the Server service, or a local process such as Winlogon.exe or Services.exe.

The logon type field indicates the kind of logon that occurred. The most common types are 2 (interactive) and 3 (network).

The New Logon fields indicate the account for whom the new logon was created, i.e. the account that was logged on.

The network fields indicate where a remote logon request originated. Workstation name is not always available and may be left blank in some cases.

The impersonation level field indicates the extent to which a process in the logon session can impersonate.

The authentication information fields provide detailed information about this specific logon request.
	- Logon GUID is a unique identifier that can be used to correlate this event with a KDC event.
	- Transited services indicate which intermediate services have participated in this logon request.
	- Package name indicates which sub-protocol was used among the NTLM protocols.
	- Key length indicates the length of the generated session key. This will be 0 if no session key was requested."""
