2025-03-28T15:20:42.370Z,DC1,low,3,Windows Logon Success,"""An account was successfully logged on.

Subject:
	Security ID:		S-1-0-0
	Account Name:		-
	Account Domain:		-
	Logon ID:		0x0

Logon Information:
	Logon Type:		3
	Restricted Admin Mode:	-
	Virtual Account:		No
	Elevated Token:		Yes

Impersonation Level:		Impersonation

New Logon:
	Security ID:		S-1-5-18
	Account Name:		DC1$
	Account Domain:		PLUMETECH.LOCAL
	Logon ID:		0xD433B7
	Linked Logon ID:		0x0
	Network Account Name:	-
	Network Account Domain:	-
	Logon GUID:		{ef9e05fd-f9e9-a095-60e8-ad4a70240030}

Process Information:
	Process ID:		0x0
	Process Name:		-

Network Information:
	Workstation Name:	-
	Source Network Address:	fe80::fb99:f4a5:ccd0:5773
	Source Port:		62064

Detailed Authentication Information:
	Logon Process:		Kerberos
	Authentication Package:	Kerberos
	Transited Services:	-
	Package Name (NTLM only):	-
	Key Length:		0

This event is generated when a logon session is created. It is generated on the computer that was accessed.

The subject fields indicate the account on the local system which requested the logon. This is most commonly a service such as the Server service, or a local process such as Winlogon.exe or Services.exe.

The logon type field indicates the kind of logon that occurred. The most common types are 2 (interactive) and 3 (network).

The New Logon fields indicate the account for whom the new logon was created, i.e. the account that was logged on.

The network fields indicate where a remote logon request originated. Workstation name is not always available and may be left blank in some cases.

The impersonation level field indicates the extent to which a process in the logon session can impersonate.

The authentication information fields provide detailed information about this specific logon request.
	- Logon GUID is a unique identifier that can be used to correlate this event with a KDC event.
	- Transited services indicate which intermediate services have participated in this logon request.
	- Package name indicates which sub-protocol was used among the NTLM protocols.
	- Key length indicates the length of the generated session key. This will be 0 if no session key was requested."""
2025-03-28T15:20:42.385Z,DC1,low,3,Windows Logon Success,"""A Kerberos service ticket was requested.

Account Information:
	Account Name:		DC1$@PLUMETECH.LOCAL
	Account Domain:		PLUMETECH.LOCAL
	Logon GUID:		{483fb657-b360-12c0-c638-b1913b6c89c2}
	MSDS-SupportedEncryptionTypes:	N/A
	Available Keys:	N/A

Service Information:
	Service Name:		DC1$
	Service ID:		S-1-5-21-514844351-3181471642-2638765006-1000
	MSDS-SupportedEncryptionTypes:	0x1F (DES, RC4, AES128-SHA96, AES256-SHA96)
	Available Keys:	AES-SHA1, RC4

Domain Controller Information:
	MSDS-SupportedEncryptionTypes:	0x1F (DES, RC4, AES128-SHA96, AES256-SHA96)
	Available Keys:	AES-SHA1, RC4

Network Information:
	Client Address:		::1
	Client Port:		0
	Advertized Etypes:	
		AES256-CTS-HMAC-SHA1-96
		AES128-CTS-HMAC-SHA1-96
		RC4-HMAC-NT
		RC4-HMAC-NT-EXP
		RC4-HMAC-OLD-EXP

Additional Information:
	Ticket Options:		0x40810000
	Ticket Encryption Type:	0x12
	Session Encryption Type:	0x12
	Failure Code:		0x0
	Transited Services:	-

Ticket information
	Request ticket hash:		gdCp8YmOAgvST5Vm7iDcXWuSsglxSzkAFt4U838mnto=
	Response ticket hash:		5TbUfCFmeabgXyibRKJmM3ldbytFwZCwvDIsQ0UYADY=

This event is generated every time access is requested to a resource such as a computer or a Windows service.  The service name indicates the resource to which access was requested.

This event can be correlated with Windows logon events by comparing the Logon GUID fields in each event.  The logon event occurs on the machine that was accessed, which is often a different machine than the domain controller which issued the service ticket.

Pre-authentication types, ticket options, encryption types and result codes are defined in RFC 4120."""
2025-03-28T15:20:42.417Z,DC1,low,3,Windows Logon Success,"""An account was successfully logged on.

Subject:
	Security ID:		S-1-5-18
	Account Name:		DC1$
	Account Domain:		PLUMETECH
	Logon ID:		0x3E7

Logon Information:
	Logon Type:		3
	Restricted Admin Mode:	-
	Virtual Account:		No
	Elevated Token:		Yes

Impersonation Level:		Identification

New Logon:
	Security ID:		S-1-5-21-514844351-3181471642-2638765006-500
	Account Name:		Administrator
	Account Domain:		PLUMETECH
	Logon ID:		0xD43423
	Linked Logon ID:		0x0
	Network Account Name:	-
	Network Account Domain:	-
	Logon GUID:		{9c6368b1-af71-b1eb-4847-e1e57e67d0cf}

Process Information:
	Process ID:		0x8ec
	Process Name:		C:\Windows\System32\OpenSSH\sshd.exe

Network Information:
	Workstation Name:	DC1
	Source Network Address:	-
	Source Port:		-

Detailed Authentication Information:
	Logon Process:		sshd
	Authentication Package:	Kerberos
	Transited Services:	-
	Package Name (NTLM only):	-
	Key Length:		0

This event is generated when a logon session is created. It is generated on the computer that was accessed.

The subject fields indicate the account on the local system which requested the logon. This is most commonly a service such as the Server service, or a local process such as Winlogon.exe or Services.exe.

The logon type field indicates the kind of logon that occurred. The most common types are 2 (interactive) and 3 (network).

The New Logon fields indicate the account for whom the new logon was created, i.e. the account that was logged on.

The network fields indicate where a remote logon request originated. Workstation name is not always available and may be left blank in some cases.

The impersonation level field indicates the extent to which a process in the logon session can impersonate.

The authentication information fields provide detailed information about this specific logon request.
	- Logon GUID is a unique identifier that can be used to correlate this event with a KDC event.
	- Transited services indicate which intermediate services have participated in this logon request.
	- Package name indicates which sub-protocol was used among the NTLM protocols.
	- Key length indicates the length of the generated session key. This will be 0 if no session key was requested."""
2025-03-28T15:20:42.448Z,DC1,low,3,Windows Logon Success,"""An account was successfully logged on.

Subject:
	Security ID:		S-1-5-18
	Account Name:		DC1$
	Account Domain:		PLUMETECH
	Logon ID:		0x3E7

Logon Information:
	Logon Type:		3
	Restricted Admin Mode:	-
	Virtual Account:		No
	Elevated Token:		Yes

Impersonation Level:		Impersonation

New Logon:
	Security ID:		S-1-5-21-514844351-3181471642-2638765006-500
	Account Name:		Administrator
	Account Domain:		PLUMETECH
	Logon ID:		0xD43699
	Linked Logon ID:		0x0
	Network Account Name:	-
	Network Account Domain:	-
	Logon GUID:		{9c6368b1-af71-b1eb-4847-e1e57e67d0cf}

Process Information:
	Process ID:		0x8ec
	Process Name:		C:\Windows\System32\OpenSSH\sshd.exe

Network Information:
	Workstation Name:	DC1
	Source Network Address:	-
	Source Port:		-

Detailed Authentication Information:
	Logon Process:		sshd
	Authentication Package:	Kerberos
	Transited Services:	-
	Package Name (NTLM only):	-
	Key Length:		0

This event is generated when a logon session is created. It is generated on the computer that was accessed.

The subject fields indicate the account on the local system which requested the logon. This is most commonly a service such as the Server service, or a local process such as Winlogon.exe or Services.exe.

The logon type field indicates the kind of logon that occurred. The most common types are 2 (interactive) and 3 (network).

The New Logon fields indicate the account for whom the new logon was created, i.e. the account that was logged on.

The network fields indicate where a remote logon request originated. Workstation name is not always available and may be left blank in some cases.

The impersonation level field indicates the extent to which a process in the logon session can impersonate.

The authentication information fields provide detailed information about this specific logon request.
	- Logon GUID is a unique identifier that can be used to correlate this event with a KDC event.
	- Transited services indicate which intermediate services have participated in this logon request.
	- Package name indicates which sub-protocol was used among the NTLM protocols.
	- Key length indicates the length of the generated session key. This will be 0 if no session key was requested."""
2025-03-28T15:20:44.561Z,DC1,low,3,Windows Logon Success,"""An account was successfully logged on.

Subject:
	Security ID:		S-1-0-0
	Account Name:		-
	Account Domain:		-
	Logon ID:		0x0

Logon Information:
	Logon Type:		3
	Restricted Admin Mode:	-
	Virtual Account:		No
	Elevated Token:		Yes

Impersonation Level:		Impersonation

New Logon:
	Security ID:		S-1-5-18
	Account Name:		DC1$
	Account Domain:		PLUMETECH.LOCAL
	Logon ID:		0xD4BCF9
	Linked Logon ID:		0x0
	Network Account Name:	-
	Network Account Domain:	-
	Logon GUID:		{ef9e05fd-f9e9-a095-60e8-ad4a70240030}

Process Information:
	Process ID:		0x0
	Process Name:		-

Network Information:
	Workstation Name:	-
	Source Network Address:	::1
	Source Port:		62068

Detailed Authentication Information:
	Logon Process:		Kerberos
	Authentication Package:	Kerberos
	Transited Services:	-
	Package Name (NTLM only):	-
	Key Length:		0

This event is generated when a logon session is created. It is generated on the computer that was accessed.

The subject fields indicate the account on the local system which requested the logon. This is most commonly a service such as the Server service, or a local process such as Winlogon.exe or Services.exe.

The logon type field indicates the kind of logon that occurred. The most common types are 2 (interactive) and 3 (network).

The New Logon fields indicate the account for whom the new logon was created, i.e. the account that was logged on.

The network fields indicate where a remote logon request originated. Workstation name is not always available and may be left blank in some cases.

The impersonation level field indicates the extent to which a process in the logon session can impersonate.

The authentication information fields provide detailed information about this specific logon request.
	- Logon GUID is a unique identifier that can be used to correlate this event with a KDC event.
	- Transited services indicate which intermediate services have participated in this logon request.
	- Package name indicates which sub-protocol was used among the NTLM protocols.
	- Key length indicates the length of the generated session key. This will be 0 if no session key was requested."""
2025-03-28T15:20:44.573Z,DC1,low,5,Registry Key Integrity Checksum Changed,"Registry Key '[x32] HKEY_LOCAL_MACHINE\System\CurrentControlSet\Services\W32Time\Config\Status' modified
Mode: scheduled
Changed attributes: mtime
Old modification time was: '1743173376', now it is '1743175088'
"
2025-03-28T15:20:44.588Z,DC1,low,5,Registry Value Integrity Checksum Changed,"Registry Value '[x32] HKEY_LOCAL_MACHINE\System\CurrentControlSet\Services\W32Time\Config\Status\LastGoodSampleInfo' modified
Mode: scheduled
Changed attributes: md5,sha1,sha256
Old md5sum was: '80677a570601ec25f8e4c109e4c363af'
New md5sum is : '225085b9387d2ade797ef4d3647a82cf'
Old sha1sum was: '1ddecf60415fdd7d32552921eba7e957352a9b1e'
New sha1sum is : '3018d0190bf371b3315907bae3203143c5e5f618'
Old sha256sum was: 'a65fd08f9a7b9f4e91a30d994af6d4f1b670ee5bd699029d9784e20a155be1ca'
New sha256sum is : 'd354f31da935c14f9d2b1a6c6fd8eccd85a97014e03fb24d5a562998a5b72353'
"
2025-03-28T15:20:44.604Z,DC1,low,5,Registry Key Integrity Checksum Changed,"Registry Key '[x32] HKEY_LOCAL_MACHINE\System\CurrentControlSet\Services\W32Time\Config' modified
Mode: scheduled
Changed attributes: mtime
Old modification time was: '1743173376', now it is '1743175088'
"
2025-03-28T15:20:44.619Z,DC1,low,5,Registry Value Integrity Checksum Changed,"Registry Value '[x32] HKEY_LOCAL_MACHINE\System\CurrentControlSet\Services\W32Time\Config\LastKnownGoodTime' modified
Mode: scheduled
Changed attributes: md5,sha1,sha256
Old md5sum was: '4241375290e2bad1f7951af8b84adcd6'
New md5sum is : 'e219d121cdd093d67e76601011cf181c'
Old sha1sum was: '7211e0698fbb75e9d7d7c52265f7ea65e4530faa'
New sha1sum is : '3ab8c09cb08b3dde799c57db8dcc840fdc991b27'
Old sha256sum was: '960486eac619ad326b2a12445837b17bcbd0f22a68b7fda5450a6a867dc24a27'
New sha256sum is : 'd970aa9f248b310a70d8c270afd9806130cdfe2ea137b1efc13194731d20ccbc'
"
2025-03-28T15:20:44.847Z,DC1,low,5,Registry Value Integrity Checksum Changed,"Registry Value '[x32] HKEY_LOCAL_MACHINE\System\CurrentControlSet\Services\W32Time\SecureTimeLimits\RunTime\SecureTimeTickCount' modified
Mode: scheduled
Changed attributes: md5,sha1,sha256
Old md5sum was: 'f3aafccc14f80ac85234b96894a1722d'
New md5sum is : 'e2813df63c303033bcf9cfc98106c5bc'
Old sha1sum was: 'b2804f2abfe20eede51c9fd8b36cfe369396dd0c'
New sha1sum is : 'd539377920ae96e0c5d27aefae84a33909805c0b'
Old sha256sum was: '0de5822fdba9b38263f85a340a0039f356a8484e3752fc4dad9d3ad6ad5c6a2a'
New sha256sum is : '703073df0906b6556cfa3474db9745e4bca96312fa5d116d7d129ed2c25857af'
"
2025-03-28T15:20:44.847Z,DC1,low,5,Registry Key Integrity Checksum Changed,"Registry Key '[x32] HKEY_LOCAL_MACHINE\System\CurrentControlSet\Services\W32Time\SecureTimeLimits\RunTime' modified
Mode: scheduled
Changed attributes: mtime
Group ownership was 'S-1-5-32-544', now it is 'S-1-5-18'
Old modification time was: '1743172987', now it is '1743174787'
"
2025-03-28T15:20:44.854Z,DC1,low,5,Registry Value Integrity Checksum Changed,"Registry Value '[x32] HKEY_LOCAL_MACHINE\System\CurrentControlSet\Services\W32Time\SecureTimeLimits\RunTime\SecureTimeConfidence' modified
Mode: scheduled
Changed attributes: md5,sha1,sha256
Old md5sum was: 'e5b546a8f4ea5a329bf0879d4fa694ae'
New md5sum is : '0da8b50c79e264eef2fcb9856d22fe76'
Old sha1sum was: '8714a3e63d2a34d6fe9f43bbd51ffdac7c630bf9'
New sha1sum is : '0f835c76ae44c0a75a4dba2725adeb99839f4e26'
Old sha256sum was: '405391cdcba508299713f0df3491fc39ee8044c599aac506de3456b6b3dd79e6'
New sha256sum is : 'f3e7abbeb6ac146724ce867c5b83e093f2059910f3293d8daca0ddc2e0ec7493'
"
2025-03-28T15:20:44.895Z,DC1,low,5,Registry Key Integrity Checksum Changed,"Registry Key '[x32] HKEY_LOCAL_MACHINE\System\CurrentControlSet\Services\W32Time\SecureTimeLimits' modified
Mode: scheduled
Changed attributes: mtime
Old modification time was: '1743172987', now it is '1743174787'
"
2025-03-28T15:20:44.895Z,DC1,low,5,Registry Value Integrity Checksum Changed,"Registry Value '[x32] HKEY_LOCAL_MACHINE\System\CurrentControlSet\Services\W32Time\SecureTimeLimits\SecureTimeEstimated' modified
Mode: scheduled
Changed attributes: md5,sha1,sha256
Old md5sum was: '63778c222b87f201ab5bab3afc2717fa'
New md5sum is : '5350d84dd2270390e06d5a4bd4bc9aec'
Old sha1sum was: 'f0827787b0e5bbe69b449c0ab49fdfc5ecb32d7c'
New sha1sum is : 'cdea5ec6bcf46384199bef64f1ae21de8a02b789'
Old sha256sum was: '1bd32ae5b64a14beab4794fe2212868ddf09cfe0b3135c8e060167600ebc5c2e'
New sha256sum is : 'e94646f70720f4b5386741464c2c62ca42780673ce0fdfd352fcf408b4e47099'
"
2025-03-28T15:20:44.901Z,DC1,low,5,Registry Value Integrity Checksum Changed,"Registry Value '[x32] HKEY_LOCAL_MACHINE\System\CurrentControlSet\Services\W32Time\SecureTimeLimits\SecureTimeHigh' modified
Mode: scheduled
Changed attributes: md5,sha1,sha256
Old md5sum was: '882e30e4c4c4314de5f09809a2f24b60'
New md5sum is : 'e85d10f73bdd74bc1f097f2e97d08862'
Old sha1sum was: '2dcca9b91c3e8f1f28e0900c4ecaa12c03437974'
New sha1sum is : '072e47f749f14dff87a6e13255a13e0036ea0a58'
Old sha256sum was: 'adad08019e32f87e282ae888724bd529519cf980ae36e680ca384812d0cd86dc'
New sha256sum is : 'ab4a51141bbfc723dd73f91647b5675f322bd1c99e49d3ee3fe9782b8720bea6'
"
2025-03-28T15:20:44.917Z,DC1,low,5,Registry Value Integrity Checksum Changed,"Registry Value '[x32] HKEY_LOCAL_MACHINE\System\CurrentControlSet\Services\W32Time\SecureTimeLimits\SecureTimeLow' modified
Mode: scheduled
Changed attributes: md5,sha1,sha256
Old md5sum was: '7bdb5ec8592a0a14e6099e299d838368'
New md5sum is : '4416efb93c266fb578418df94c9e18ab'
Old sha1sum was: 'ec4e40e0c09a04f856f3d700ab6b20a2dbb29a5a'
New sha1sum is : 'fd9f1d9c55ffefdc7a9222309030af055368c923'
Old sha256sum was: '70e8213f657f804b971f7486d44aa9fb28af9be3c5325b4ef820fb1f3c272b8b'
New sha256sum is : '1c1ab77d1cf2c1604d6a06b39c24f70b426561d38c8256b67372059d4228ca3d'
"
2025-03-28T15:20:45.399Z,CLI1,low,5,Registry Key Integrity Checksum Changed,"Registry Key '[x32] HKEY_LOCAL_MACHINE\System\CurrentControlSet\Services\bam\State\UserSettings\S-1-5-21-514844351-3181471642-2638765006-1104' modified
Mode: scheduled
Changed attributes: mtime
Group ownership was 'S-1-5-32-544', now it is 'S-1-5-18'
Old modification time was: '1743173356', now it is '1743175213'
"
2025-03-28T15:20:45.401Z,CLI1,low,5,Registry Value Integrity Checksum Changed,"Registry Value '[x32] HKEY_LOCAL_MACHINE\System\CurrentControlSet\Services\bam\State\UserSettings\S-1-5-21-514844351-3181471642-2638765006-1104\SequenceNumber' modified
Mode: scheduled
Changed attributes: md5,sha1,sha256
Old md5sum was: '2c0951c70dab8aa1ee4bafa4e0d6f9bf'
New md5sum is : '641f7bd3267babf4501b433cac30a487'
Old sha1sum was: 'e47e553ce5f8eeb290d1562fc9adb723300a5586'
New sha1sum is : '2569609f4a89e9a60249074bc12ed04010956e8b'
Old sha256sum was: 'ea7b1fffb1e3e878d8ec0893a8bb2df7bef067bd5dfc3ac1666d29993da5f538'
New sha256sum is : '5ea721a889e9885971c0f20571e3773778373ca5104a6a18d7dffc472f0cc08f'
"
2025-03-28T15:20:45.418Z,CLI1,low,5,Registry Value Integrity Checksum Changed,"Registry Value '[x32] HKEY_LOCAL_MACHINE\System\CurrentControlSet\Services\bam\State\UserSettings\S-1-5-21-514844351-3181471642-2638765006-1104\\Device\HarddiskVolume1\Windows\System32\WindowsPowerShell\v1.0\powershell.exe' modified
Mode: scheduled
Changed attributes: md5,sha1,sha256
Old md5sum was: 'c97c80cb2527604c016a367358f71d44'
New md5sum is : '3ac196abbadfdff6642d0f31b734f249'
Old sha1sum was: '74c3f2db6d3f0db6b79f06c5feef9e589bb7dc06'
New sha1sum is : 'a989b0fe26ddfd7d24b11af8f9adabf5e1902d44'
Old sha256sum was: '5f7d6bde4169d12bf0b7a4d77e3a97e037eadce2e4dd9d842e213c40ac3b7c8b'
New sha256sum is : '569cad810956e82b8a39aff44f6c698a4d4ce3ddb013fa9d382e2bd123935fdc'
"
2025-03-28T15:20:45.685Z,DC1,low,5,Registry Key Integrity Checksum Changed,"Registry Key '[x32] HKEY_LOCAL_MACHINE\System\CurrentControlSet\Services\WdFilter\Security' modified
Mode: scheduled
Changed attributes: mtime
Old modification time was: '1743172914', now it is '1743173548'
"
2025-03-28T15:20:45.905Z,CLI1,low,5,Registry Key Integrity Checksum Changed,"Registry Key '[x32] HKEY_LOCAL_MACHINE\System\CurrentControlSet\Services\BITS' modified
Mode: scheduled
Changed attributes: mtime
Old modification time was: '1743173354', now it is '1743173656'
"
2025-03-28T15:20:45.909Z,CLI1,low,5,Registry Value Integrity Checksum Changed,"Registry Value '[x32] HKEY_LOCAL_MACHINE\System\CurrentControlSet\Services\BITS\Start' modified
Mode: scheduled
Changed attributes: md5,sha1,sha256
Old md5sum was: 'cc540920e91f05e4f6e4beb72dd441ac'
New md5sum is : '82cf9fa647dd1b3fbd9de71bbfb83fb2'
Old sha1sum was: 'a8eddff2ec7d016b82d3e187c86b100e11502aaa'
New sha1sum is : 'f980f325b04d8f18f4fd73bb31f765806b3beda8'
Old sha256sum was: '5c6bed0d94b9be8afbc5c8cac1e9d4be03f556917c2611ec56f4e6f341ef60d9'
New sha256sum is : '50a9b9163ebb829080aecf9a7a5990715de9fd63d48e3ea3734f6bd77aa3df07'
"
2025-03-28T15:20:48.406Z,CLI1,low,5,Registry Key Integrity Checksum Changed,"Registry Key '[x32] HKEY_LOCAL_MACHINE\System\CurrentControlSet\Services\CSAgent\Sim' modified
Mode: scheduled
Changed attributes: mtime
Group ownership was 'S-1-5-32-544', now it is 'S-1-5-18'
Old modification time was: '1743173180', now it is '1743173878'
"
2025-03-28T15:20:48.407Z,CLI1,low,5,Registry Value Integrity Checksum Changed,"Registry Value '[x32] HKEY_LOCAL_MACHINE\System\CurrentControlSet\Services\CSAgent\Sim\NT' modified
Mode: scheduled
Changed attributes: md5,sha1,sha256
Old md5sum was: 'd8c974e55f930f8b9b7a4bb601810b1b'
New md5sum is : '4d8c94cc3f66917f08bffb685cddd399'
Old sha1sum was: 'bf5ea0d47b6c4fd51048eb12851f43b4f26b6f03'
New sha1sum is : 'dda431f16272ee042c8aa7a53ed1a442c64bd780'
Old sha256sum was: '347eb11ad9b31063cbc4595e2f1a72d4c57c88745736f416351a54329bce5227'
New sha256sum is : '7a6b6360c22e911e0aa6cbc33c667074c2ce2a7e7939e790e2586a615804e05d'
"
2025-03-28T15:20:48.704Z,DC1,low,3,Windows Logon Success,"""An account was successfully logged on.

Subject:
	Security ID:		S-1-0-0
	Account Name:		-
	Account Domain:		-
	Logon ID:		0x0

Logon Information:
	Logon Type:		3
	Restricted Admin Mode:	-
	Virtual Account:		No
	Elevated Token:		Yes

Impersonation Level:		Impersonation

New Logon:
	Security ID:		S-1-5-18
	Account Name:		DC1$
	Account Domain:		PLUMETECH.LOCAL
	Logon ID:		0xD5C61C
	Linked Logon ID:		0x0
	Network Account Name:	-
	Network Account Domain:	-
	Logon GUID:		{ef9e05fd-f9e9-a095-60e8-ad4a70240030}

Process Information:
	Process ID:		0x0
	Process Name:		-

Network Information:
	Workstation Name:	-
	Source Network Address:	fe80::fb99:f4a5:ccd0:5773
	Source Port:		62078

Detailed Authentication Information:
	Logon Process:		Kerberos
	Authentication Package:	Kerberos
	Transited Services:	-
	Package Name (NTLM only):	-
	Key Length:		0

This event is generated when a logon session is created. It is generated on the computer that was accessed.

The subject fields indicate the account on the local system which requested the logon. This is most commonly a service such as the Server service, or a local process such as Winlogon.exe or Services.exe.

The logon type field indicates the kind of logon that occurred. The most common types are 2 (interactive) and 3 (network).

The New Logon fields indicate the account for whom the new logon was created, i.e. the account that was logged on.

The network fields indicate where a remote logon request originated. Workstation name is not always available and may be left blank in some cases.

The impersonation level field indicates the extent to which a process in the logon session can impersonate.

The authentication information fields provide detailed information about this specific logon request.
	- Logon GUID is a unique identifier that can be used to correlate this event with a KDC event.
	- Transited services indicate which intermediate services have participated in this logon request.
	- Package name indicates which sub-protocol was used among the NTLM protocols.
	- Key length indicates the length of the generated session key. This will be 0 if no session key was requested."""
2025-03-28T15:20:48.713Z,DC1,low,3,Windows Logon Success,"""An account was successfully logged on.

Subject:
	Security ID:		S-1-0-0
	Account Name:		-
	Account Domain:		-
	Logon ID:		0x0

Logon Information:
	Logon Type:		3
	Restricted Admin Mode:	-
	Virtual Account:		No
	Elevated Token:		Yes

Impersonation Level:		Impersonation

New Logon:
	Security ID:		S-1-5-18
	Account Name:		DC1$
	Account Domain:		PLUMETECH.LOCAL
	Logon ID:		0xD5C6A8
	Linked Logon ID:		0x0
	Network Account Name:	-
	Network Account Domain:	-
	Logon GUID:		{ef9e05fd-f9e9-a095-60e8-ad4a70240030}

Process Information:
	Process ID:		0x0
	Process Name:		-

Network Information:
	Workstation Name:	-
	Source Network Address:	fe80::fb99:f4a5:ccd0:5773
	Source Port:		62079

Detailed Authentication Information:
	Logon Process:		Kerberos
	Authentication Package:	Kerberos
	Transited Services:	-
	Package Name (NTLM only):	-
	Key Length:		0

This event is generated when a logon session is created. It is generated on the computer that was accessed.

The subject fields indicate the account on the local system which requested the logon. This is most commonly a service such as the Server service, or a local process such as Winlogon.exe or Services.exe.

The logon type field indicates the kind of logon that occurred. The most common types are 2 (interactive) and 3 (network).

The New Logon fields indicate the account for whom the new logon was created, i.e. the account that was logged on.

The network fields indicate where a remote logon request originated. Workstation name is not always available and may be left blank in some cases.

The impersonation level field indicates the extent to which a process in the logon session can impersonate.

The authentication information fields provide detailed information about this specific logon request.
	- Logon GUID is a unique identifier that can be used to correlate this event with a KDC event.
	- Transited services indicate which intermediate services have participated in this logon request.
	- Package name indicates which sub-protocol was used among the NTLM protocols.
	- Key length indicates the length of the generated session key. This will be 0 if no session key was requested."""
2025-03-28T15:20:48.729Z,DC1,low,3,Windows Logon Success,"""An account was successfully logged on.

Subject:
	Security ID:		S-1-0-0
	Account Name:		-
	Account Domain:		-
	Logon ID:		0x0

Logon Information:
	Logon Type:		3
	Restricted Admin Mode:	-
	Virtual Account:		No
	Elevated Token:		Yes

Impersonation Level:		Impersonation

New Logon:
	Security ID:		S-1-5-18
	Account Name:		DC1$
	Account Domain:		PLUMETECH.LOCAL
	Logon ID:		0xD5C7DA
	Linked Logon ID:		0x0
	Network Account Name:	-
	Network Account Domain:	-
	Logon GUID:		{ef9e05fd-f9e9-a095-60e8-ad4a70240030}

Process Information:
	Process ID:		0x0
	Process Name:		-

Network Information:
	Workstation Name:	-
	Source Network Address:	fe80::fb99:f4a5:ccd0:5773
	Source Port:		62080

Detailed Authentication Information:
	Logon Process:		Kerberos
	Authentication Package:	Kerberos
	Transited Services:	-
	Package Name (NTLM only):	-
	Key Length:		0

This event is generated when a logon session is created. It is generated on the computer that was accessed.

The subject fields indicate the account on the local system which requested the logon. This is most commonly a service such as the Server service, or a local process such as Winlogon.exe or Services.exe.

The logon type field indicates the kind of logon that occurred. The most common types are 2 (interactive) and 3 (network).

The New Logon fields indicate the account for whom the new logon was created, i.e. the account that was logged on.

The network fields indicate where a remote logon request originated. Workstation name is not always available and may be left blank in some cases.

The impersonation level field indicates the extent to which a process in the logon session can impersonate.

The authentication information fields provide detailed information about this specific logon request.
	- Logon GUID is a unique identifier that can be used to correlate this event with a KDC event.
	- Transited services indicate which intermediate services have participated in this logon request.
	- Package name indicates which sub-protocol was used among the NTLM protocols.
	- Key length indicates the length of the generated session key. This will be 0 if no session key was requested."""
2025-03-28T15:20:48.745Z,DC1,low,3,Windows Logon Success,"""An account was successfully logged on.

Subject:
	Security ID:		S-1-0-0
	Account Name:		-
	Account Domain:		-
	Logon ID:		0x0

Logon Information:
	Logon Type:		3
	Restricted Admin Mode:	-
	Virtual Account:		No
	Elevated Token:		Yes

Impersonation Level:		Impersonation

New Logon:
	Security ID:		S-1-5-18
	Account Name:		DC1$
	Account Domain:		PLUMETECH.LOCAL
	Logon ID:		0xD5C91D
	Linked Logon ID:		0x0
	Network Account Name:	-
	Network Account Domain:	-
	Logon GUID:		{ef9e05fd-f9e9-a095-60e8-ad4a70240030}

Process Information:
	Process ID:		0x0
	Process Name:		-

Network Information:
	Workstation Name:	-
	Source Network Address:	fe80::fb99:f4a5:ccd0:5773
	Source Port:		62081

Detailed Authentication Information:
	Logon Process:		Kerberos
	Authentication Package:	Kerberos
	Transited Services:	-
	Package Name (NTLM only):	-
	Key Length:		0

This event is generated when a logon session is created. It is generated on the computer that was accessed.

The subject fields indicate the account on the local system which requested the logon. This is most commonly a service such as the Server service, or a local process such as Winlogon.exe or Services.exe.

The logon type field indicates the kind of logon that occurred. The most common types are 2 (interactive) and 3 (network).

The New Logon fields indicate the account for whom the new logon was created, i.e. the account that was logged on.

The network fields indicate where a remote logon request originated. Workstation name is not always available and may be left blank in some cases.

The impersonation level field indicates the extent to which a process in the logon session can impersonate.

The authentication information fields provide detailed information about this specific logon request.
	- Logon GUID is a unique identifier that can be used to correlate this event with a KDC event.
	- Transited services indicate which intermediate services have participated in this logon request.
	- Package name indicates which sub-protocol was used among the NTLM protocols.
	- Key length indicates the length of the generated session key. This will be 0 if no session key was requested."""
