2025-03-28T10:50:07.915Z,OTDC1,low,6,"Successful Remote Logon Detected - User:\JUMP$ - NTLM authentication, possible pass-the-hash attack - Possible RDP connection. Verify that JUMP is allowed to perform RDP connections","{""win"":{""system"":{""providerName"":""Microsoft-Windows-Security-Auditing"",""providerGuid"":""{54849625-5478-4994-a5ba-3e3b0328c30d}"",""eventID"":""4624"",""version"":""2"",""level"":""0"",""task"":""12544"",""opcode"":""0"",""keywords"":""0x8020000000000000"",""systemTime"":""2025-03-28T10:50:07.0128370Z"",""eventRecordID"":""259014"",""processID"":""828"",""threadID"":""2388"",""channel"":""Security"",""computer"":""OTDC1.PLUMETECH-OT.LOCAL"",""severityValue"":""AUDIT_SUCCESS"",""message"":""\""An account was successfully logged on.\r\n\r\nSubject:\r\n\tSecurity ID:\t\tS-1-0-0\r\n\tAccount Name:\t\t-\r\n\tAccount Domain:\t\t-\r\n\tLogon ID:\t\t0x0\r\n\r\nLogon Information:\r\n\tLogon Type:\t\t3\r\n\tRestricted Admin Mode:\t-\r\n\tVirtual Account:\t\tNo\r\n\tElevated Token:\t\tYes\r\n\r\nImpersonation Level:\t\tImpersonation\r\n\r\nNew Logon:\r\n\tSecurity ID:\t\tS-1-5-21-3151116497-701922017-2571581464-1117\r\n\tAccount Name:\t\tJUMP$\r\n\tAccount Domain:\t\tPLUMETECH-OT\r\n\tLogon ID:\t\t0x155B048\r\n\tLinked Logon ID:\t\t0x0\r\n\tNetwork Account Name:\t-\r\n\tNetwork Account Domain:\t-\r\n\tLogon GUID:\t\t{00000000-0000-0000-0000-000000000000}\r\n\r\nProcess Information:\r\n\tProcess ID:\t\t0x0\r\n\tProcess Name:\t\t-\r\n\r\nNetwork Information:\r\n\tWorkstation Name:\tJUMP\r\n\tSource Network Address:\t10.0.2.44\r\n\tSource Port:\t\t58410\r\n\r\nDetailed Authentication Information:\r\n\tLogon Process:\t\tNtLmSsp \r\n\tAuthentication Package:\tNTLM\r\n\tTransited Services:\t-\r\n\tPackage Name (NTLM only):\tNTLM V2\r\n\tKey Length:\t\t128\r\n\r\nThis event is generated when a logon session is created. It is generated on the computer that was accessed.\r\n\r\nThe subject fields indicate the account on the local system which requested the logon. This is most commonly a service such as the Server service, or a local process such as Winlogon.exe or Services.exe.\r\n\r\nThe logon type field indicates the kind of logon that occurred. The most common types are 2 (interactive) and 3 (network).\r\n\r\nThe New Logon fields indicate the account for whom the new logon was created, i.e. the account that was logged on.\r\n\r\nThe network fields indicate where a remote logon request originated. Workstation name is not always available and may be left blank in some cases.\r\n\r\nThe impersonation level field indicates the extent to which a process in the logon session can impersonate.\r\n\r\nThe authentication information fields provide detailed information about this specific logon request.\r\n\t- Logon GUID is a unique identifier that can be used to correlate this event with a KDC event.\r\n\t- Transited services indicate which intermediate services have participated in this logon request.\r\n\t- Package name indicates which sub-protocol was used among the NTLM protocols.\r\n\t- Key length indicates the length of the generated session key. This will be 0 if no session key was requested.\""""},""eventdata"":{""subjectUserSid"":""S-1-0-0"",""subjectLogonId"":""0x0"",""targetUserSid"":""S-1-5-21-3151116497-701922017-2571581464-1117"",""targetUserName"":""JUMP$"",""targetDomainName"":""PLUMETECH-OT"",""targetLogonId"":""0x155b048"",""logonType"":""3"",""logonProcessName"":""NtLmSsp"",""authenticationPackageName"":""NTLM"",""workstationName"":""JUMP"",""logonGuid"":""{00000000-0000-0000-0000-000000000000}"",""lmPackageName"":""NTLM V2"",""keyLength"":""128"",""processId"":""0x0"",""ipAddress"":""10.0.2.44"",""ipPort"":""58410"",""impersonationLevel"":""%%1833"",""virtualAccount"":""%%1843"",""targetLinkedLogonId"":""0x0"",""elevatedToken"":""%%1842""}}}"
2025-03-28T10:50:07.931Z,OTDC1,low,6,"Successful Remote Logon Detected - User:\JUMP$ - NTLM authentication, possible pass-the-hash attack - Possible RDP connection. Verify that JUMP is allowed to perform RDP connections","{""win"":{""system"":{""providerName"":""Microsoft-Windows-Security-Auditing"",""providerGuid"":""{54849625-5478-4994-a5ba-3e3b0328c30d}"",""eventID"":""4624"",""version"":""2"",""level"":""0"",""task"":""12544"",""opcode"":""0"",""keywords"":""0x8020000000000000"",""systemTime"":""2025-03-28T10:50:07.1215419Z"",""eventRecordID"":""259015"",""processID"":""828"",""threadID"":""2388"",""channel"":""Security"",""computer"":""OTDC1.PLUMETECH-OT.LOCAL"",""severityValue"":""AUDIT_SUCCESS"",""message"":""\""An account was successfully logged on.\r\n\r\nSubject:\r\n\tSecurity ID:\t\tS-1-0-0\r\n\tAccount Name:\t\t-\r\n\tAccount Domain:\t\t-\r\n\tLogon ID:\t\t0x0\r\n\r\nLogon Information:\r\n\tLogon Type:\t\t3\r\n\tRestricted Admin Mode:\t-\r\n\tVirtual Account:\t\tNo\r\n\tElevated Token:\t\tYes\r\n\r\nImpersonation Level:\t\tImpersonation\r\n\r\nNew Logon:\r\n\tSecurity ID:\t\tS-1-5-21-3151116497-701922017-2571581464-1117\r\n\tAccount Name:\t\tJUMP$\r\n\tAccount Domain:\t\tPLUMETECH-OT\r\n\tLogon ID:\t\t0x155B07B\r\n\tLinked Logon ID:\t\t0x0\r\n\tNetwork Account Name:\t-\r\n\tNetwork Account Domain:\t-\r\n\tLogon GUID:\t\t{00000000-0000-0000-0000-000000000000}\r\n\r\nProcess Information:\r\n\tProcess ID:\t\t0x0\r\n\tProcess Name:\t\t-\r\n\r\nNetwork Information:\r\n\tWorkstation Name:\tJUMP\r\n\tSource Network Address:\t10.0.2.44\r\n\tSource Port:\t\t58411\r\n\r\nDetailed Authentication Information:\r\n\tLogon Process:\t\tNtLmSsp \r\n\tAuthentication Package:\tNTLM\r\n\tTransited Services:\t-\r\n\tPackage Name (NTLM only):\tNTLM V2\r\n\tKey Length:\t\t128\r\n\r\nThis event is generated when a logon session is created. It is generated on the computer that was accessed.\r\n\r\nThe subject fields indicate the account on the local system which requested the logon. This is most commonly a service such as the Server service, or a local process such as Winlogon.exe or Services.exe.\r\n\r\nThe logon type field indicates the kind of logon that occurred. The most common types are 2 (interactive) and 3 (network).\r\n\r\nThe New Logon fields indicate the account for whom the new logon was created, i.e. the account that was logged on.\r\n\r\nThe network fields indicate where a remote logon request originated. Workstation name is not always available and may be left blank in some cases.\r\n\r\nThe impersonation level field indicates the extent to which a process in the logon session can impersonate.\r\n\r\nThe authentication information fields provide detailed information about this specific logon request.\r\n\t- Logon GUID is a unique identifier that can be used to correlate this event with a KDC event.\r\n\t- Transited services indicate which intermediate services have participated in this logon request.\r\n\t- Package name indicates which sub-protocol was used among the NTLM protocols.\r\n\t- Key length indicates the length of the generated session key. This will be 0 if no session key was requested.\""""},""eventdata"":{""subjectUserSid"":""S-1-0-0"",""subjectLogonId"":""0x0"",""targetUserSid"":""S-1-5-21-3151116497-701922017-2571581464-1117"",""targetUserName"":""JUMP$"",""targetDomainName"":""PLUMETECH-OT"",""targetLogonId"":""0x155b07b"",""logonType"":""3"",""logonProcessName"":""NtLmSsp"",""authenticationPackageName"":""NTLM"",""workstationName"":""JUMP"",""logonGuid"":""{00000000-0000-0000-0000-000000000000}"",""lmPackageName"":""NTLM V2"",""keyLength"":""128"",""processId"":""0x0"",""ipAddress"":""10.0.2.44"",""ipPort"":""58411"",""impersonationLevel"":""%%1833"",""virtualAccount"":""%%1843"",""targetLinkedLogonId"":""0x0"",""elevatedToken"":""%%1842""}}}"
2025-03-28T10:50:08.673Z,DC1,low,3,Windows Logon Success,"""An account was successfully logged on.

Subject:
	Security ID:		S-1-0-0
	Account Name:		-
	Account Domain:		-
	Logon ID:		0x0

Logon Information:
	Logon Type:		3
	Restricted Admin Mode:	-
	Virtual Account:		No
	Elevated Token:		Yes

Impersonation Level:		Impersonation

New Logon:
	Security ID:		S-1-5-18
	Account Name:		DC1$
	Account Domain:		PLUMETECH.LOCAL
	Logon ID:		0x1A12E37
	Linked Logon ID:		0x0
	Network Account Name:	-
	Network Account Domain:	-
	Logon GUID:		{135076b4-c946-31b9-05a5-29a4c0549096}

Process Information:
	Process ID:		0x0
	Process Name:		-

Network Information:
	Workstation Name:	-
	Source Network Address:	::1
	Source Port:		51779

Detailed Authentication Information:
	Logon Process:		Kerberos
	Authentication Package:	Kerberos
	Transited Services:	-
	Package Name (NTLM only):	-
	Key Length:		0

This event is generated when a logon session is created. It is generated on the computer that was accessed.

The subject fields indicate the account on the local system which requested the logon. This is most commonly a service such as the Server service, or a local process such as Winlogon.exe or Services.exe.

The logon type field indicates the kind of logon that occurred. The most common types are 2 (interactive) and 3 (network).

The New Logon fields indicate the account for whom the new logon was created, i.e. the account that was logged on.

The network fields indicate where a remote logon request originated. Workstation name is not always available and may be left blank in some cases.

The impersonation level field indicates the extent to which a process in the logon session can impersonate.

The authentication information fields provide detailed information about this specific logon request.
	- Logon GUID is a unique identifier that can be used to correlate this event with a KDC event.
	- Transited services indicate which intermediate services have participated in this logon request.
	- Package name indicates which sub-protocol was used among the NTLM protocols.
	- Key length indicates the length of the generated session key. This will be 0 if no session key was requested."""
2025-03-28T10:50:09.061Z,suricata,low,3,Informational Suricata Alert: ET INFO RDP - Response To External Host,"{""timestamp"":""2025-03-28T10:50:08.428453+0000"",""flow_id"":1921753560014966,""in_iface"":""ens5"",""event_type"":""alert"",""src_ip"":""10.0.2.44"",""src_port"":3389,""dest_ip"":""10.0.2.30"",""dest_port"":39516,""proto"":""TCP"",""pkt_src"":""vxlan encapsulation"",""metadata"":{""flowbits"":[""ms.rdp.established""]},""community_id"":""1:4ROWetQ6PQpcYWrjF4vafIgJ/s4="",""alert"":{""action"":""allowed"",""gid"":1,""signature_id"":2001330,""rev"":10,""signature"":""ET INFO RDP - Response To External Host"",""category"":""Misc activity"",""severity"":3,""source"":{""ip"":""10.0.2.30"",""port"":39516},""target"":{""ip"":""10.0.2.44"",""port"":3389},""metadata"":{""attack_target"":[""Client_and_Server""],""confidence"":[""Medium""],""created_at"":[""2010_07_30""],""deployment"":[""Perimeter""],""performance_impact"":[""Significant""],""reviewed_at"":[""2024_05_02""],""signature_severity"":[""Informational""],""updated_at"":[""2023_04_25""]}},""tunnel"":{""src_ip"":""10.0.2.9"",""src_port"":4789,""dest_ip"":""10.0.2.8"",""dest_port"":4789,""proto"":""UDP"",""depth"":1,""pkt_src"":""wire/pcap""},""app_proto"":""rdp"",""direction"":""to_client"",""flow"":{""pkts_toserver"":277,""pkts_toclient"":262,""bytes_toserver"":162108,""bytes_toclient"":45109,""start"":""2025-03-28T10:50:06.709587+0000"",""src_ip"":""10.0.2.30"",""dest_ip"":""10.0.2.44"",""src_port"":39516,""dest_port"":3389},""capture_file"":""/var/log/suricata/nsm_data//log.pcap.1743158505"",""source"":""suricata""}"
2025-03-28T10:50:09.401Z,JUMP,low,3,Non network or service local logon.,"""An account was successfully logged on.

Subject:
	Security ID:		S-1-5-18
	Account Name:		JUMP$
	Account Domain:		PLUMETECH-OT
	Logon ID:		0x3E7

Logon Information:
	Logon Type:		2
	Restricted Admin Mode:	-
	Virtual Account:		Yes
	Elevated Token:		No

Impersonation Level:		Impersonation

New Logon:
	Security ID:		S-1-5-96-0-2
	Account Name:		UMFD-2
	Account Domain:		Font Driver Host
	Logon ID:		0x25080A4
	Linked Logon ID:		0x0
	Network Account Name:	-
	Network Account Domain:	-
	Logon GUID:		{00000000-0000-0000-0000-000000000000}

Process Information:
	Process ID:		0x968
	Process Name:		C:\Windows\System32\winlogon.exe

Network Information:
	Workstation Name:	-
	Source Network Address:	-
	Source Port:		-

Detailed Authentication Information:
	Logon Process:		Advapi  
	Authentication Package:	Negotiate
	Transited Services:	-
	Package Name (NTLM only):	-
	Key Length:		0

This event is generated when a logon session is created. It is generated on the computer that was accessed.

The subject fields indicate the account on the local system which requested the logon. This is most commonly a service such as the Server service, or a local process such as Winlogon.exe or Services.exe.

The logon type field indicates the kind of logon that occurred. The most common types are 2 (interactive) and 3 (network).

The New Logon fields indicate the account for whom the new logon was created, i.e. the account that was logged on.

The network fields indicate where a remote logon request originated. Workstation name is not always available and may be left blank in some cases.

The impersonation level field indicates the extent to which a process in the logon session can impersonate.

The authentication information fields provide detailed information about this specific logon request.
	- Logon GUID is a unique identifier that can be used to correlate this event with a KDC event.
	- Transited services indicate which intermediate services have participated in this logon request.
	- Package name indicates which sub-protocol was used among the NTLM protocols.
	- Key length indicates the length of the generated session key. This will be 0 if no session key was requested."""
2025-03-28T10:50:09.573Z,JUMP,low,3,Non network or service local logon.,"""An account was successfully logged on.

Subject:
	Security ID:		S-1-5-18
	Account Name:		JUMP$
	Account Domain:		PLUMETECH-OT
	Logon ID:		0x3E7

Logon Information:
	Logon Type:		2
	Restricted Admin Mode:	-
	Virtual Account:		Yes
	Elevated Token:		Yes

Impersonation Level:		Impersonation

New Logon:
	Security ID:		S-1-5-90-0-2
	Account Name:		DWM-2
	Account Domain:		Window Manager
	Logon ID:		0x2508A35
	Linked Logon ID:		0x2508CAD
	Network Account Name:	-
	Network Account Domain:	-
	Logon GUID:		{00000000-0000-0000-0000-000000000000}

Process Information:
	Process ID:		0x968
	Process Name:		C:\Windows\System32\winlogon.exe

Network Information:
	Workstation Name:	-
	Source Network Address:	-
	Source Port:		-

Detailed Authentication Information:
	Logon Process:		Advapi  
	Authentication Package:	Negotiate
	Transited Services:	-
	Package Name (NTLM only):	-
	Key Length:		0

This event is generated when a logon session is created. It is generated on the computer that was accessed.

The subject fields indicate the account on the local system which requested the logon. This is most commonly a service such as the Server service, or a local process such as Winlogon.exe or Services.exe.

The logon type field indicates the kind of logon that occurred. The most common types are 2 (interactive) and 3 (network).

The New Logon fields indicate the account for whom the new logon was created, i.e. the account that was logged on.

The network fields indicate where a remote logon request originated. Workstation name is not always available and may be left blank in some cases.

The impersonation level field indicates the extent to which a process in the logon session can impersonate.

The authentication information fields provide detailed information about this specific logon request.
	- Logon GUID is a unique identifier that can be used to correlate this event with a KDC event.
	- Transited services indicate which intermediate services have participated in this logon request.
	- Package name indicates which sub-protocol was used among the NTLM protocols.
	- Key length indicates the length of the generated session key. This will be 0 if no session key was requested."""
2025-03-28T10:50:09.589Z,JUMP,low,3,Non network or service local logon.,"""An account was successfully logged on.

Subject:
	Security ID:		S-1-5-18
	Account Name:		JUMP$
	Account Domain:		PLUMETECH-OT
	Logon ID:		0x3E7

Logon Information:
	Logon Type:		2
	Restricted Admin Mode:	-
	Virtual Account:		Yes
	Elevated Token:		No

Impersonation Level:		Impersonation

New Logon:
	Security ID:		S-1-5-90-0-2
	Account Name:		DWM-2
	Account Domain:		Window Manager
	Logon ID:		0x2508CAD
	Linked Logon ID:		0x2508A35
	Network Account Name:	-
	Network Account Domain:	-
	Logon GUID:		{00000000-0000-0000-0000-000000000000}

Process Information:
	Process ID:		0x968
	Process Name:		C:\Windows\System32\winlogon.exe

Network Information:
	Workstation Name:	-
	Source Network Address:	-
	Source Port:		-

Detailed Authentication Information:
	Logon Process:		Advapi  
	Authentication Package:	Negotiate
	Transited Services:	-
	Package Name (NTLM only):	-
	Key Length:		0

This event is generated when a logon session is created. It is generated on the computer that was accessed.

The subject fields indicate the account on the local system which requested the logon. This is most commonly a service such as the Server service, or a local process such as Winlogon.exe or Services.exe.

The logon type field indicates the kind of logon that occurred. The most common types are 2 (interactive) and 3 (network).

The New Logon fields indicate the account for whom the new logon was created, i.e. the account that was logged on.

The network fields indicate where a remote logon request originated. Workstation name is not always available and may be left blank in some cases.

The impersonation level field indicates the extent to which a process in the logon session can impersonate.

The authentication information fields provide detailed information about this specific logon request.
	- Logon GUID is a unique identifier that can be used to correlate this event with a KDC event.
	- Transited services indicate which intermediate services have participated in this logon request.
	- Package name indicates which sub-protocol was used among the NTLM protocols.
	- Key length indicates the length of the generated session key. This will be 0 if no session key was requested."""
2025-03-28T10:50:19.059Z,suricata,low,3,NTLM Challenge from 10.0.2.43 to 10.0.2.44,"{""timestamp"":""2025-03-28T10:50:17.574825+0000"",""flow_id"":1930584079043266,""in_iface"":""ens5"",""event_type"":""alert"",""src_ip"":""10.0.2.43"",""src_port"":445,""dest_ip"":""10.0.2.44"",""dest_port"":58407,""proto"":""TCP"",""pkt_src"":""vxlan encapsulation"",""metadata"":{""flowbits"":[""stamus.lsad.service.LsarQueryInformationPolicy""]},""community_id"":""1:yRFx0mp+NP65p7w6AKWT88tjzJQ="",""alert"":{""action"":""allowed"",""gid"":1,""signature_id"":21,""rev"":2,""signature"":""NTLMSSP_CHALLENGE"",""category"":"""",""severity"":1,""metadata"":{""ntlmssp"":[""challenge""]}},""tunnel"":{""src_ip"":""10.0.2.9"",""src_port"":4789,""dest_ip"":""10.0.2.8"",""dest_port"":4789,""proto"":""UDP"",""depth"":1,""pkt_src"":""wire/pcap""},""app_proto"":""smb"",""direction"":""to_client"",""flow"":{""pkts_toserver"":97,""pkts_toclient"":90,""bytes_toserver"":19708,""bytes_toclient"":18408,""start"":""2025-03-28T10:50:06.842715+0000"",""src_ip"":""10.0.2.44"",""dest_ip"":""10.0.2.43"",""src_port"":58407,""dest_port"":445},""capture_file"":""/var/log/suricata/nsm_data//log.pcap.1743158505"",""source"":""suricata""}"
2025-03-28T10:50:19.060Z,suricata,low,3,NTLM Challenge from 10.0.2.43 to 10.0.2.44,"{""timestamp"":""2025-03-28T10:50:17.574825+0000"",""flow_id"":1930584079043266,""in_iface"":""ens5"",""event_type"":""alert"",""src_ip"":""10.0.2.43"",""src_port"":445,""dest_ip"":""10.0.2.44"",""dest_port"":58407,""proto"":""TCP"",""pkt_src"":""vxlan encapsulation"",""metadata"":{""flowbits"":[""stamus.lsad.service.LsarQueryInformationPolicy""]},""community_id"":""1:yRFx0mp+NP65p7w6AKWT88tjzJQ="",""alert"":{""action"":""allowed"",""gid"":1,""signature_id"":211,""rev"":2,""signature"":""NTLMSSP_CHALLENGE"",""category"":"""",""severity"":1,""metadata"":{""ntlmssp"":[""challenge""]}},""tunnel"":{""src_ip"":""10.0.2.9"",""src_port"":4789,""dest_ip"":""10.0.2.8"",""dest_port"":4789,""proto"":""UDP"",""depth"":1,""pkt_src"":""wire/pcap""},""app_proto"":""smb"",""direction"":""to_client"",""flow"":{""pkts_toserver"":97,""pkts_toclient"":90,""bytes_toserver"":19708,""bytes_toclient"":18408,""start"":""2025-03-28T10:50:06.842715+0000"",""src_ip"":""10.0.2.44"",""dest_ip"":""10.0.2.43"",""src_port"":58407,""dest_port"":445},""capture_file"":""/var/log/suricata/nsm_data//log.pcap.1743158505"",""source"":""suricata""}"
2025-03-28T10:50:19.061Z,suricata,low,3,NTLM Challenge from 10.0.2.43 to 10.0.2.44,"{""timestamp"":""2025-03-28T10:50:17.575976+0000"",""flow_id"":1820640433311094,""in_iface"":""ens5"",""event_type"":""alert"",""src_ip"":""10.0.2.43"",""src_port"":445,""dest_ip"":""10.0.2.44"",""dest_port"":58409,""proto"":""TCP"",""pkt_src"":""vxlan encapsulation"",""community_id"":""1:JfntKhFpyBRtX2RLsRhc1fRYFIc="",""alert"":{""action"":""allowed"",""gid"":1,""signature_id"":21,""rev"":2,""signature"":""NTLMSSP_CHALLENGE"",""category"":"""",""severity"":1,""metadata"":{""ntlmssp"":[""challenge""]}},""tunnel"":{""src_ip"":""10.0.2.9"",""src_port"":4789,""dest_ip"":""10.0.2.8"",""dest_port"":4789,""proto"":""UDP"",""depth"":1,""pkt_src"":""wire/pcap""},""app_proto"":""smb"",""direction"":""to_client"",""flow"":{""pkts_toserver"":49,""pkts_toclient"":39,""bytes_toserver"":9520,""bytes_toclient"":8296,""start"":""2025-03-28T10:50:06.882652+0000"",""src_ip"":""10.0.2.44"",""dest_ip"":""10.0.2.43"",""src_port"":58409,""dest_port"":445},""capture_file"":""/var/log/suricata/nsm_data//log.pcap.1743158505"",""source"":""suricata""}"
2025-03-28T10:50:19.062Z,suricata,low,3,NTLM Challenge from 10.0.2.43 to 10.0.2.44,"{""timestamp"":""2025-03-28T10:50:17.575976+0000"",""flow_id"":1820640433311094,""in_iface"":""ens5"",""event_type"":""alert"",""src_ip"":""10.0.2.43"",""src_port"":445,""dest_ip"":""10.0.2.44"",""dest_port"":58409,""proto"":""TCP"",""pkt_src"":""vxlan encapsulation"",""community_id"":""1:JfntKhFpyBRtX2RLsRhc1fRYFIc="",""alert"":{""action"":""allowed"",""gid"":1,""signature_id"":211,""rev"":2,""signature"":""NTLMSSP_CHALLENGE"",""category"":"""",""severity"":1,""metadata"":{""ntlmssp"":[""challenge""]}},""tunnel"":{""src_ip"":""10.0.2.9"",""src_port"":4789,""dest_ip"":""10.0.2.8"",""dest_port"":4789,""proto"":""UDP"",""depth"":1,""pkt_src"":""wire/pcap""},""app_proto"":""smb"",""direction"":""to_client"",""flow"":{""pkts_toserver"":49,""pkts_toclient"":39,""bytes_toserver"":9520,""bytes_toclient"":8296,""start"":""2025-03-28T10:50:06.882652+0000"",""src_ip"":""10.0.2.44"",""dest_ip"":""10.0.2.43"",""src_port"":58409,""dest_port"":445},""capture_file"":""/var/log/suricata/nsm_data//log.pcap.1743158505"",""source"":""suricata""}"
2025-03-28T10:50:26.743Z,JUMP,low,3,User: PLUMETECH-OT\jack logged using Remote Desktop Connection (RDP) from ip:10.0.2.30.,"{""win"":{""system"":{""providerName"":""Microsoft-Windows-Security-Auditing"",""providerGuid"":""{54849625-5478-4994-a5ba-3e3b0328c30d}"",""eventID"":""4624"",""version"":""2"",""level"":""0"",""task"":""12544"",""opcode"":""0"",""keywords"":""0x8020000000000000"",""systemTime"":""2025-03-28T10:50:25.7251843Z"",""eventRecordID"":""254826"",""processID"":""832"",""threadID"":""5896"",""channel"":""Security"",""computer"":""JUMP.PLUMETECH-OT.LOCAL"",""severityValue"":""AUDIT_SUCCESS"",""message"":""\""An account was successfully logged on.\r\n\r\nSubject:\r\n\tSecurity ID:\t\tS-1-5-18\r\n\tAccount Name:\t\tJUMP$\r\n\tAccount Domain:\t\tPLUMETECH-OT\r\n\tLogon ID:\t\t0x3E7\r\n\r\nLogon Information:\r\n\tLogon Type:\t\t10\r\n\tRestricted Admin Mode:\tNo\r\n\tVirtual Account:\t\tNo\r\n\tElevated Token:\t\tNo\r\n\r\nImpersonation Level:\t\tImpersonation\r\n\r\nNew Logon:\r\n\tSecurity ID:\t\tS-1-5-21-742041295-2727698780-1124300366-1107\r\n\tAccount Name:\t\tjack\r\n\tAccount Domain:\t\tPLUMETECH\r\n\tLogon ID:\t\t0x25254AB\r\n\tLinked Logon ID:\t\t0x0\r\n\tNetwork Account Name:\t-\r\n\tNetwork Account Domain:\t-\r\n\tLogon GUID:\t\t{00000000-0000-0000-0000-000000000000}\r\n\r\nProcess Information:\r\n\tProcess ID:\t\t0x970\r\n\tProcess Name:\t\tC:\\Windows\\System32\\svchost.exe\r\n\r\nNetwork Information:\r\n\tWorkstation Name:\tJUMP\r\n\tSource Network Address:\t10.0.2.30\r\n\tSource Port:\t\t0\r\n\r\nDetailed Authentication Information:\r\n\tLogon Process:\t\tUser32 \r\n\tAuthentication Package:\tNegotiate\r\n\tTransited Services:\t-\r\n\tPackage Name (NTLM only):\t-\r\n\tKey Length:\t\t0\r\n\r\nThis event is generated when a logon session is created. It is generated on the computer that was accessed.\r\n\r\nThe subject fields indicate the account on the local system which requested the logon. This is most commonly a service such as the Server service, or a local process such as Winlogon.exe or Services.exe.\r\n\r\nThe logon type field indicates the kind of logon that occurred. The most common types are 2 (interactive) and 3 (network).\r\n\r\nThe New Logon fields indicate the account for whom the new logon was created, i.e. the account that was logged on.\r\n\r\nThe network fields indicate where a remote logon request originated. Workstation name is not always available and may be left blank in some cases.\r\n\r\nThe impersonation level field indicates the extent to which a process in the logon session can impersonate.\r\n\r\nThe authentication information fields provide detailed information about this specific logon request.\r\n\t- Logon GUID is a unique identifier that can be used to correlate this event with a KDC event.\r\n\t- Transited services indicate which intermediate services have participated in this logon request.\r\n\t- Package name indicates which sub-protocol was used among the NTLM protocols.\r\n\t- Key length indicates the length of the generated session key. This will be 0 if no session key was requested.\""""},""eventdata"":{""subjectUserSid"":""S-1-5-18"",""subjectUserName"":""JUMP$"",""subjectDomainName"":""PLUMETECH-OT"",""subjectLogonId"":""0x3e7"",""targetUserSid"":""S-1-5-21-742041295-2727698780-1124300366-1107"",""targetUserName"":""jack"",""targetDomainName"":""PLUMETECH"",""targetLogonId"":""0x25254ab"",""logonType"":""10"",""logonProcessName"":""User32"",""authenticationPackageName"":""Negotiate"",""workstationName"":""JUMP"",""logonGuid"":""{00000000-0000-0000-0000-000000000000}"",""keyLength"":""0"",""processId"":""0x970"",""processName"":""C:\\\\Windows\\\\System32\\\\svchost.exe"",""ipAddress"":""10.0.2.30"",""ipPort"":""0"",""impersonationLevel"":""%%1833"",""restrictedAdminMode"":""%%1843"",""virtualAccount"":""%%1843"",""targetLinkedLogonId"":""0x0"",""elevatedToken"":""%%1843""}}}"
2025-03-28T10:50:43.577Z,OTDC1,low,3,Windows Logon Success,"""An account was successfully logged on.

Subject:
	Security ID:		S-1-0-0
	Account Name:		-
	Account Domain:		-
	Logon ID:		0x0

Logon Information:
	Logon Type:		3
	Restricted Admin Mode:	-
	Virtual Account:		No
	Elevated Token:		Yes

Impersonation Level:		Impersonation

New Logon:
	Security ID:		S-1-5-18
	Account Name:		OTDC1$
	Account Domain:		PLUMETECH-OT.LOCAL
	Logon ID:		0x155C667
	Linked Logon ID:		0x0
	Network Account Name:	-
	Network Account Domain:	-
	Logon GUID:		{7e70aad8-ff7c-445b-1e89-ec65cb914a8c}

Process Information:
	Process ID:		0x0
	Process Name:		-

Network Information:
	Workstation Name:	-
	Source Network Address:	::1
	Source Port:		58843

Detailed Authentication Information:
	Logon Process:		Kerberos
	Authentication Package:	Kerberos
	Transited Services:	-
	Package Name (NTLM only):	-
	Key Length:		0

This event is generated when a logon session is created. It is generated on the computer that was accessed.

The subject fields indicate the account on the local system which requested the logon. This is most commonly a service such as the Server service, or a local process such as Winlogon.exe or Services.exe.

The logon type field indicates the kind of logon that occurred. The most common types are 2 (interactive) and 3 (network).

The New Logon fields indicate the account for whom the new logon was created, i.e. the account that was logged on.

The network fields indicate where a remote logon request originated. Workstation name is not always available and may be left blank in some cases.

The impersonation level field indicates the extent to which a process in the logon session can impersonate.

The authentication information fields provide detailed information about this specific logon request.
	- Logon GUID is a unique identifier that can be used to correlate this event with a KDC event.
	- Transited services indicate which intermediate services have participated in this logon request.
	- Package name indicates which sub-protocol was used among the NTLM protocols.
	- Key length indicates the length of the generated session key. This will be 0 if no session key was requested."""
2025-03-28T10:50:48.882Z,JUMP,low,3,Windows Logon Success,"""An account was successfully logged on.

Subject:
	Security ID:		S-1-5-18
	Account Name:		JUMP$
	Account Domain:		PLUMETECH-OT
	Logon ID:		0x3E7

Logon Information:
	Logon Type:		5
	Restricted Admin Mode:	-
	Virtual Account:		No
	Elevated Token:		Yes

Impersonation Level:		Impersonation

New Logon:
	Security ID:		S-1-5-18
	Account Name:		SYSTEM
	Account Domain:		NT AUTHORITY
	Logon ID:		0x3E7
	Linked Logon ID:		0x0
	Network Account Name:	-
	Network Account Domain:	-
	Logon GUID:		{00000000-0000-0000-0000-000000000000}

Process Information:
	Process ID:		0x330
	Process Name:		C:\Windows\System32\services.exe

Network Information:
	Workstation Name:	-
	Source Network Address:	-
	Source Port:		-

Detailed Authentication Information:
	Logon Process:		Advapi  
	Authentication Package:	Negotiate
	Transited Services:	-
	Package Name (NTLM only):	-
	Key Length:		0

This event is generated when a logon session is created. It is generated on the computer that was accessed.

The subject fields indicate the account on the local system which requested the logon. This is most commonly a service such as the Server service, or a local process such as Winlogon.exe or Services.exe.

The logon type field indicates the kind of logon that occurred. The most common types are 2 (interactive) and 3 (network).

The New Logon fields indicate the account for whom the new logon was created, i.e. the account that was logged on.

The network fields indicate where a remote logon request originated. Workstation name is not always available and may be left blank in some cases.

The impersonation level field indicates the extent to which a process in the logon session can impersonate.

The authentication information fields provide detailed information about this specific logon request.
	- Logon GUID is a unique identifier that can be used to correlate this event with a KDC event.
	- Transited services indicate which intermediate services have participated in this logon request.
	- Package name indicates which sub-protocol was used among the NTLM protocols.
	- Key length indicates the length of the generated session key. This will be 0 if no session key was requested."""
2025-03-28T10:50:48.884Z,JUMP,low,3,Windows Logon Success,"""An account was successfully logged on.

Subject:
	Security ID:		S-1-5-18
	Account Name:		JUMP$
	Account Domain:		PLUMETECH-OT
	Logon ID:		0x3E7

Logon Information:
	Logon Type:		5
	Restricted Admin Mode:	-
	Virtual Account:		No
	Elevated Token:		Yes

Impersonation Level:		Impersonation

New Logon:
	Security ID:		S-1-5-18
	Account Name:		SYSTEM
	Account Domain:		NT AUTHORITY
	Logon ID:		0x3E7
	Linked Logon ID:		0x0
	Network Account Name:	-
	Network Account Domain:	-
	Logon GUID:		{00000000-0000-0000-0000-000000000000}

Process Information:
	Process ID:		0x330
	Process Name:		C:\Windows\System32\services.exe

Network Information:
	Workstation Name:	-
	Source Network Address:	-
	Source Port:		-

Detailed Authentication Information:
	Logon Process:		Advapi  
	Authentication Package:	Negotiate
	Transited Services:	-
	Package Name (NTLM only):	-
	Key Length:		0

This event is generated when a logon session is created. It is generated on the computer that was accessed.

The subject fields indicate the account on the local system which requested the logon. This is most commonly a service such as the Server service, or a local process such as Winlogon.exe or Services.exe.

The logon type field indicates the kind of logon that occurred. The most common types are 2 (interactive) and 3 (network).

The New Logon fields indicate the account for whom the new logon was created, i.e. the account that was logged on.

The network fields indicate where a remote logon request originated. Workstation name is not always available and may be left blank in some cases.

The impersonation level field indicates the extent to which a process in the logon session can impersonate.

The authentication information fields provide detailed information about this specific logon request.
	- Logon GUID is a unique identifier that can be used to correlate this event with a KDC event.
	- Transited services indicate which intermediate services have participated in this logon request.
	- Package name indicates which sub-protocol was used among the NTLM protocols.
	- Key length indicates the length of the generated session key. This will be 0 if no session key was requested."""
2025-03-28T10:50:49.190Z,JUMP,low,5,Windows error event.,2025 Mar 28 11:50:47 WinEvtLog: System: ERROR(1053): Microsoft-Windows-GroupPolicy: jack: PLUMETECH: JUMP.PLUMETECH-OT.LOCAL: The processing of Group Policy failed. Windows could not resolve the user name. This could be caused by one of more of the following:   a) Name Resolution failure on the current domain controller.   b) Active Directory Replication Latency (an account created on another domain controller has not replicated to the current domain controller).  
2025-03-28T10:50:49.822Z,JUMP,low,3,Evidence of new service creation found in registry under HKLM\\System\\CurrentControlSet\\Services\\CaptureService_254996f\\ImagePath binary is: C:\\Windows\\system32\\svchost.exe -k LocalService -p,"""Registry value set:
RuleName: T1031,T1050
EventType: SetValue
UtcTime: 2025-03-28 10:50:49.183
ProcessGuid: {0492b10a-47f1-67e6-0b00-000000001402}
ProcessId: 816
Image: C:\Windows\system32\services.exe
TargetObject: HKLM\System\CurrentControlSet\Services\CaptureService_254996f\ImagePath
Details: C:\Windows\system32\svchost.exe -k LocalService -p
User: NT AUTHORITY\SYSTEM"""
2025-03-28T10:50:49.853Z,JUMP,low,3,Evidence of new service creation found in registry under HKLM\\System\\CurrentControlSet\\Services\\cbdhsvc_254996f\\ImagePath binary is: C:\\Windows\\system32\\svchost.exe -k ClipboardSvcGroup -p,"""Registry value set:
RuleName: T1031,T1050
EventType: SetValue
UtcTime: 2025-03-28 10:50:49.198
ProcessGuid: {0492b10a-47f1-67e6-0b00-000000001402}
ProcessId: 816
Image: C:\Windows\system32\services.exe
TargetObject: HKLM\System\CurrentControlSet\Services\cbdhsvc_254996f\ImagePath
Details: C:\Windows\system32\svchost.exe -k ClipboardSvcGroup -p
User: NT AUTHORITY\SYSTEM"""
2025-03-28T10:50:49.967Z,JUMP,low,3,Evidence of new service creation found in registry under HKLM\\System\\CurrentControlSet\\Services\\CDPUserSvc_254996f\\ImagePath binary is: C:\\Windows\\system32\\svchost.exe -k UnistackSvcGroup,"""Registry value set:
RuleName: T1031,T1050
EventType: SetValue
UtcTime: 2025-03-28 10:50:49.203
ProcessGuid: {0492b10a-47f1-67e6-0b00-000000001402}
ProcessId: 816
Image: C:\Windows\system32\services.exe
TargetObject: HKLM\System\CurrentControlSet\Services\CDPUserSvc_254996f\ImagePath
Details: C:\Windows\system32\svchost.exe -k UnistackSvcGroup
User: NT AUTHORITY\SYSTEM"""
2025-03-28T10:50:50.005Z,JUMP,low,3,Evidence of new service creation found in registry under HKLM\\System\\CurrentControlSet\\Services\\ConsentUxUserSvc_254996f\\ImagePath binary is: C:\\Windows\\system32\\svchost.exe -k DevicesFlow,"""Registry value set:
RuleName: T1031,T1050
EventType: SetValue
UtcTime: 2025-03-28 10:50:49.203
ProcessGuid: {0492b10a-47f1-67e6-0b00-000000001402}
ProcessId: 816
Image: C:\Windows\system32\services.exe
TargetObject: HKLM\System\CurrentControlSet\Services\ConsentUxUserSvc_254996f\ImagePath
Details: C:\Windows\system32\svchost.exe -k DevicesFlow
User: NT AUTHORITY\SYSTEM"""
2025-03-28T10:50:50.037Z,JUMP,low,3,Evidence of new service creation found in registry under HKLM\\System\\CurrentControlSet\\Services\\CredentialEnrollmentManagerUserSvc_254996f\\ImagePath binary is: C:\\Windows\\system32\\CredentialEnrollmentManager.exe,"""Registry value set:
RuleName: T1031,T1050
EventType: SetValue
UtcTime: 2025-03-28 10:50:49.215
ProcessGuid: {0492b10a-47f1-67e6-0b00-000000001402}
ProcessId: 816
Image: C:\Windows\system32\services.exe
TargetObject: HKLM\System\CurrentControlSet\Services\CredentialEnrollmentManagerUserSvc_254996f\ImagePath
Details: C:\Windows\system32\CredentialEnrollmentManager.exe
User: NT AUTHORITY\SYSTEM"""
2025-03-28T10:50:50.135Z,JUMP,low,3,Evidence of new service creation found in registry under HKLM\\System\\CurrentControlSet\\Services\\DeviceAssociationBrokerSvc_254996f\\ImagePath binary is: C:\\Windows\\system32\\svchost.exe -k DevicesFlow -p,"""Registry value set:
RuleName: T1031,T1050
EventType: SetValue
UtcTime: 2025-03-28 10:50:49.215
ProcessGuid: {0492b10a-47f1-67e6-0b00-000000001402}
ProcessId: 816
Image: C:\Windows\system32\services.exe
TargetObject: HKLM\System\CurrentControlSet\Services\DeviceAssociationBrokerSvc_254996f\ImagePath
Details: C:\Windows\system32\svchost.exe -k DevicesFlow -p
User: NT AUTHORITY\SYSTEM"""
2025-03-28T10:50:50.267Z,JUMP,low,3,Evidence of new service creation found in registry under HKLM\\System\\CurrentControlSet\\Services\\DevicePickerUserSvc_254996f\\ImagePath binary is: C:\\Windows\\system32\\svchost.exe -k DevicesFlow,"""Registry value set:
RuleName: T1031,T1050
EventType: SetValue
UtcTime: 2025-03-28 10:50:49.215
ProcessGuid: {0492b10a-47f1-67e6-0b00-000000001402}
ProcessId: 816
Image: C:\Windows\system32\services.exe
TargetObject: HKLM\System\CurrentControlSet\Services\DevicePickerUserSvc_254996f\ImagePath
Details: C:\Windows\system32\svchost.exe -k DevicesFlow
User: NT AUTHORITY\SYSTEM"""
2025-03-28T10:50:50.349Z,JUMP,low,3,Evidence of new service creation found in registry under HKLM\\System\\CurrentControlSet\\Services\\DevicesFlowUserSvc_254996f\\ImagePath binary is: C:\\Windows\\system32\\svchost.exe -k DevicesFlow,"""Registry value set:
RuleName: T1031,T1050
EventType: SetValue
UtcTime: 2025-03-28 10:50:49.230
ProcessGuid: {0492b10a-47f1-67e6-0b00-000000001402}
ProcessId: 816
Image: C:\Windows\system32\services.exe
TargetObject: HKLM\System\CurrentControlSet\Services\DevicesFlowUserSvc_254996f\ImagePath
Details: C:\Windows\system32\svchost.exe -k DevicesFlow
User: NT AUTHORITY\SYSTEM"""
2025-03-28T10:50:50.382Z,JUMP,low,3,Evidence of new service creation found in registry under HKLM\\System\\CurrentControlSet\\Services\\PimIndexMaintenanceSvc_254996f\\ImagePath binary is: C:\\Windows\\system32\\svchost.exe -k UnistackSvcGroup,"""Registry value set:
RuleName: T1031,T1050
EventType: SetValue
UtcTime: 2025-03-28 10:50:49.235
ProcessGuid: {0492b10a-47f1-67e6-0b00-000000001402}
ProcessId: 816
Image: C:\Windows\system32\services.exe
TargetObject: HKLM\System\CurrentControlSet\Services\PimIndexMaintenanceSvc_254996f\ImagePath
Details: C:\Windows\system32\svchost.exe -k UnistackSvcGroup
User: NT AUTHORITY\SYSTEM"""
2025-03-28T10:50:50.435Z,JUMP,low,3,Evidence of new service creation found in registry under HKLM\\System\\CurrentControlSet\\Services\\PrintWorkflowUserSvc_254996f\\ImagePath binary is: C:\\Windows\\system32\\svchost.exe -k PrintWorkflow,"""Registry value set:
RuleName: T1031,T1050
EventType: SetValue
UtcTime: 2025-03-28 10:50:49.235
ProcessGuid: {0492b10a-47f1-67e6-0b00-000000001402}
ProcessId: 816
Image: C:\Windows\system32\services.exe
TargetObject: HKLM\System\CurrentControlSet\Services\PrintWorkflowUserSvc_254996f\ImagePath
Details: C:\Windows\system32\svchost.exe -k PrintWorkflow
User: NT AUTHORITY\SYSTEM"""
2025-03-28T10:50:50.479Z,JUMP,low,3,Evidence of new service creation found in registry under HKLM\\System\\CurrentControlSet\\Services\\UdkUserSvc_254996f\\ImagePath binary is: C:\\Windows\\system32\\svchost.exe -k UdkSvcGroup,"""Registry value set:
RuleName: T1031,T1050
EventType: SetValue
UtcTime: 2025-03-28 10:50:49.246
ProcessGuid: {0492b10a-47f1-67e6-0b00-000000001402}
ProcessId: 816
Image: C:\Windows\system32\services.exe
TargetObject: HKLM\System\CurrentControlSet\Services\UdkUserSvc_254996f\ImagePath
Details: C:\Windows\system32\svchost.exe -k UdkSvcGroup
User: NT AUTHORITY\SYSTEM"""
2025-03-28T10:50:50.526Z,JUMP,low,3,Evidence of new service creation found in registry under HKLM\\System\\CurrentControlSet\\Services\\UnistoreSvc_254996f\\ImagePath binary is: C:\\Windows\\System32\\svchost.exe -k UnistackSvcGroup,"""Registry value set:
RuleName: T1031,T1050
EventType: SetValue
UtcTime: 2025-03-28 10:50:49.246
ProcessGuid: {0492b10a-47f1-67e6-0b00-000000001402}
ProcessId: 816
Image: C:\Windows\system32\services.exe
TargetObject: HKLM\System\CurrentControlSet\Services\UnistoreSvc_254996f\ImagePath
Details: C:\Windows\System32\svchost.exe -k UnistackSvcGroup
User: NT AUTHORITY\SYSTEM"""
2025-03-28T10:50:50.563Z,JUMP,low,3,Evidence of new service creation found in registry under HKLM\\System\\CurrentControlSet\\Services\\UserDataSvc_254996f\\ImagePath binary is: C:\\Windows\\system32\\svchost.exe -k UnistackSvcGroup,"""Registry value set:
RuleName: T1031,T1050
EventType: SetValue
UtcTime: 2025-03-28 10:50:49.246
ProcessGuid: {0492b10a-47f1-67e6-0b00-000000001402}
ProcessId: 816
Image: C:\Windows\system32\services.exe
TargetObject: HKLM\System\CurrentControlSet\Services\UserDataSvc_254996f\ImagePath
Details: C:\Windows\system32\svchost.exe -k UnistackSvcGroup
User: NT AUTHORITY\SYSTEM"""
2025-03-28T10:50:50.636Z,JUMP,low,3,Evidence of new service creation found in registry under HKLM\\System\\CurrentControlSet\\Services\\WpnUserService_254996f\\ImagePath binary is: C:\\Windows\\system32\\svchost.exe -k UnistackSvcGroup,"""Registry value set:
RuleName: T1031,T1050
EventType: SetValue
UtcTime: 2025-03-28 10:50:49.266
ProcessGuid: {0492b10a-47f1-67e6-0b00-000000001402}
ProcessId: 816
Image: C:\Windows\system32\services.exe
TargetObject: HKLM\System\CurrentControlSet\Services\WpnUserService_254996f\ImagePath
Details: C:\Windows\system32\svchost.exe -k UnistackSvcGroup
User: NT AUTHORITY\SYSTEM"""
2025-03-28T10:50:53.002Z,JUMP,low,3,Windows Logon Success,"""An account was successfully logged on.

Subject:
	Security ID:		S-1-5-18
	Account Name:		JUMP$
	Account Domain:		PLUMETECH-OT
	Logon ID:		0x3E7

Logon Information:
	Logon Type:		5
	Restricted Admin Mode:	-
	Virtual Account:		No
	Elevated Token:		Yes

Impersonation Level:		Impersonation

New Logon:
	Security ID:		S-1-5-18
	Account Name:		SYSTEM
	Account Domain:		NT AUTHORITY
	Logon ID:		0x3E7
	Linked Logon ID:		0x0
	Network Account Name:	-
	Network Account Domain:	-
	Logon GUID:		{00000000-0000-0000-0000-000000000000}

Process Information:
	Process ID:		0x330
	Process Name:		C:\Windows\System32\services.exe

Network Information:
	Workstation Name:	-
	Source Network Address:	-
	Source Port:		-

Detailed Authentication Information:
	Logon Process:		Advapi  
	Authentication Package:	Negotiate
	Transited Services:	-
	Package Name (NTLM only):	-
	Key Length:		0

This event is generated when a logon session is created. It is generated on the computer that was accessed.

The subject fields indicate the account on the local system which requested the logon. This is most commonly a service such as the Server service, or a local process such as Winlogon.exe or Services.exe.

The logon type field indicates the kind of logon that occurred. The most common types are 2 (interactive) and 3 (network).

The New Logon fields indicate the account for whom the new logon was created, i.e. the account that was logged on.

The network fields indicate where a remote logon request originated. Workstation name is not always available and may be left blank in some cases.

The impersonation level field indicates the extent to which a process in the logon session can impersonate.

The authentication information fields provide detailed information about this specific logon request.
	- Logon GUID is a unique identifier that can be used to correlate this event with a KDC event.
	- Transited services indicate which intermediate services have participated in this logon request.
	- Package name indicates which sub-protocol was used among the NTLM protocols.
	- Key length indicates the length of the generated session key. This will be 0 if no session key was requested."""
2025-03-28T10:50:53.050Z,JUMP,low,3,Windows Logon Success,"""An account was successfully logged on.

Subject:
	Security ID:		S-1-5-18
	Account Name:		JUMP$
	Account Domain:		PLUMETECH-OT
	Logon ID:		0x3E7

Logon Information:
	Logon Type:		5
	Restricted Admin Mode:	-
	Virtual Account:		No
	Elevated Token:		Yes

Impersonation Level:		Impersonation

New Logon:
	Security ID:		S-1-5-18
	Account Name:		SYSTEM
	Account Domain:		NT AUTHORITY
	Logon ID:		0x3E7
	Linked Logon ID:		0x0
	Network Account Name:	-
	Network Account Domain:	-
	Logon GUID:		{00000000-0000-0000-0000-000000000000}

Process Information:
	Process ID:		0x330
	Process Name:		C:\Windows\System32\services.exe

Network Information:
	Workstation Name:	-
	Source Network Address:	-
	Source Port:		-

Detailed Authentication Information:
	Logon Process:		Advapi  
	Authentication Package:	Negotiate
	Transited Services:	-
	Package Name (NTLM only):	-
	Key Length:		0

This event is generated when a logon session is created. It is generated on the computer that was accessed.

The subject fields indicate the account on the local system which requested the logon. This is most commonly a service such as the Server service, or a local process such as Winlogon.exe or Services.exe.

The logon type field indicates the kind of logon that occurred. The most common types are 2 (interactive) and 3 (network).

The New Logon fields indicate the account for whom the new logon was created, i.e. the account that was logged on.

The network fields indicate where a remote logon request originated. Workstation name is not always available and may be left blank in some cases.

The impersonation level field indicates the extent to which a process in the logon session can impersonate.

The authentication information fields provide detailed information about this specific logon request.
	- Logon GUID is a unique identifier that can be used to correlate this event with a KDC event.
	- Transited services indicate which intermediate services have participated in this logon request.
	- Package name indicates which sub-protocol was used among the NTLM protocols.
	- Key length indicates the length of the generated session key. This will be 0 if no session key was requested."""
2025-03-28T10:50:55.577Z,JUMP,low,3,Windows Logon Success,"""An account was successfully logged on.

Subject:
	Security ID:		S-1-5-18
	Account Name:		JUMP$
	Account Domain:		PLUMETECH-OT
	Logon ID:		0x3E7

Logon Information:
	Logon Type:		5
	Restricted Admin Mode:	-
	Virtual Account:		No
	Elevated Token:		Yes

Impersonation Level:		Impersonation

New Logon:
	Security ID:		S-1-5-18
	Account Name:		SYSTEM
	Account Domain:		NT AUTHORITY
	Logon ID:		0x3E7
	Linked Logon ID:		0x0
	Network Account Name:	-
	Network Account Domain:	-
	Logon GUID:		{00000000-0000-0000-0000-000000000000}

Process Information:
	Process ID:		0x330
	Process Name:		C:\Windows\System32\services.exe

Network Information:
	Workstation Name:	-
	Source Network Address:	-
	Source Port:		-

Detailed Authentication Information:
	Logon Process:		Advapi  
	Authentication Package:	Negotiate
	Transited Services:	-
	Package Name (NTLM only):	-
	Key Length:		0

This event is generated when a logon session is created. It is generated on the computer that was accessed.

The subject fields indicate the account on the local system which requested the logon. This is most commonly a service such as the Server service, or a local process such as Winlogon.exe or Services.exe.

The logon type field indicates the kind of logon that occurred. The most common types are 2 (interactive) and 3 (network).

The New Logon fields indicate the account for whom the new logon was created, i.e. the account that was logged on.

The network fields indicate where a remote logon request originated. Workstation name is not always available and may be left blank in some cases.

The impersonation level field indicates the extent to which a process in the logon session can impersonate.

The authentication information fields provide detailed information about this specific logon request.
	- Logon GUID is a unique identifier that can be used to correlate this event with a KDC event.
	- Transited services indicate which intermediate services have participated in this logon request.
	- Package name indicates which sub-protocol was used among the NTLM protocols.
	- Key length indicates the length of the generated session key. This will be 0 if no session key was requested."""
