2025-03-28T14:45:53.344Z,DC1,low,3,Windows Logon Success,"""An account was successfully logged on.

Subject:
	Security ID:		S-1-0-0
	Account Name:		-
	Account Domain:		-
	Logon ID:		0x0

Logon Information:
	Logon Type:		3
	Restricted Admin Mode:	-
	Virtual Account:		No
	Elevated Token:		Yes

Impersonation Level:		Impersonation

New Logon:
	Security ID:		S-1-5-18
	Account Name:		DC1$
	Account Domain:		PLUMETECH.LOCAL
	Logon ID:		0xCF638D
	Linked Logon ID:		0x0
	Network Account Name:	-
	Network Account Domain:	-
	Logon GUID:		{6b19cd30-781f-8891-9ca3-bdf8a813497d}

Process Information:
	Process ID:		0x0
	Process Name:		-

Network Information:
	Workstation Name:	-
	Source Network Address:	fe80::959d:f1fc:b9b1:f472
	Source Port:		57073

Detailed Authentication Information:
	Logon Process:		Kerberos
	Authentication Package:	Kerberos
	Transited Services:	-
	Package Name (NTLM only):	-
	Key Length:		0

This event is generated when a logon session is created. It is generated on the computer that was accessed.

The subject fields indicate the account on the local system which requested the logon. This is most commonly a service such as the Server service, or a local process such as Winlogon.exe or Services.exe.

The logon type field indicates the kind of logon that occurred. The most common types are 2 (interactive) and 3 (network).

The New Logon fields indicate the account for whom the new logon was created, i.e. the account that was logged on.

The network fields indicate where a remote logon request originated. Workstation name is not always available and may be left blank in some cases.

The impersonation level field indicates the extent to which a process in the logon session can impersonate.

The authentication information fields provide detailed information about this specific logon request.
	- Logon GUID is a unique identifier that can be used to correlate this event with a KDC event.
	- Transited services indicate which intermediate services have participated in this logon request.
	- Package name indicates which sub-protocol was used among the NTLM protocols.
	- Key length indicates the length of the generated session key. This will be 0 if no session key was requested."""
2025-03-28T14:46:27.590Z,OTDC1,low,3,Windows Logon Success,"""An account was successfully logged on.

Subject:
	Security ID:		S-1-0-0
	Account Name:		-
	Account Domain:		-
	Logon ID:		0x0

Logon Information:
	Logon Type:		3
	Restricted Admin Mode:	-
	Virtual Account:		No
	Elevated Token:		Yes

Impersonation Level:		Impersonation

New Logon:
	Security ID:		S-1-5-18
	Account Name:		OTDC1$
	Account Domain:		PLUMETECH-OT.LOCAL
	Logon ID:		0xCEA6E3
	Linked Logon ID:		0x0
	Network Account Name:	-
	Network Account Domain:	-
	Logon GUID:		{4964931c-44d1-85be-58ab-4e10f1573232}

Process Information:
	Process ID:		0x0
	Process Name:		-

Network Information:
	Workstation Name:	-
	Source Network Address:	::1
	Source Port:		63106

Detailed Authentication Information:
	Logon Process:		Kerberos
	Authentication Package:	Kerberos
	Transited Services:	-
	Package Name (NTLM only):	-
	Key Length:		0

This event is generated when a logon session is created. It is generated on the computer that was accessed.

The subject fields indicate the account on the local system which requested the logon. This is most commonly a service such as the Server service, or a local process such as Winlogon.exe or Services.exe.

The logon type field indicates the kind of logon that occurred. The most common types are 2 (interactive) and 3 (network).

The New Logon fields indicate the account for whom the new logon was created, i.e. the account that was logged on.

The network fields indicate where a remote logon request originated. Workstation name is not always available and may be left blank in some cases.

The impersonation level field indicates the extent to which a process in the logon session can impersonate.

The authentication information fields provide detailed information about this specific logon request.
	- Logon GUID is a unique identifier that can be used to correlate this event with a KDC event.
	- Transited services indicate which intermediate services have participated in this logon request.
	- Package name indicates which sub-protocol was used among the NTLM protocols.
	- Key length indicates the length of the generated session key. This will be 0 if no session key was requested."""
2025-03-28T14:46:32.551Z,DC1,low,3,Windows Logon Success,"""An account was successfully logged on.

Subject:
	Security ID:		S-1-0-0
	Account Name:		-
	Account Domain:		-
	Logon ID:		0x0

Logon Information:
	Logon Type:		3
	Restricted Admin Mode:	-
	Virtual Account:		No
	Elevated Token:		Yes

Impersonation Level:		Impersonation

New Logon:
	Security ID:		S-1-5-18
	Account Name:		DC1$
	Account Domain:		PLUMETECH.LOCAL
	Logon ID:		0xD22610
	Linked Logon ID:		0x0
	Network Account Name:	-
	Network Account Domain:	-
	Logon GUID:		{60f44dcd-42e2-d957-2523-45f65dd0df4e}

Process Information:
	Process ID:		0x0
	Process Name:		-

Network Information:
	Workstation Name:	-
	Source Network Address:	fe80::959d:f1fc:b9b1:f472
	Source Port:		57074

Detailed Authentication Information:
	Logon Process:		Kerberos
	Authentication Package:	Kerberos
	Transited Services:	-
	Package Name (NTLM only):	-
	Key Length:		0

This event is generated when a logon session is created. It is generated on the computer that was accessed.

The subject fields indicate the account on the local system which requested the logon. This is most commonly a service such as the Server service, or a local process such as Winlogon.exe or Services.exe.

The logon type field indicates the kind of logon that occurred. The most common types are 2 (interactive) and 3 (network).

The New Logon fields indicate the account for whom the new logon was created, i.e. the account that was logged on.

The network fields indicate where a remote logon request originated. Workstation name is not always available and may be left blank in some cases.

The impersonation level field indicates the extent to which a process in the logon session can impersonate.

The authentication information fields provide detailed information about this specific logon request.
	- Logon GUID is a unique identifier that can be used to correlate this event with a KDC event.
	- Transited services indicate which intermediate services have participated in this logon request.
	- Package name indicates which sub-protocol was used among the NTLM protocols.
	- Key length indicates the length of the generated session key. This will be 0 if no session key was requested."""
2025-03-28T14:46:32.567Z,DC1,low,3,Windows Logon Success,"""An account was successfully logged on.

Subject:
	Security ID:		S-1-0-0
	Account Name:		-
	Account Domain:		-
	Logon ID:		0x0

Logon Information:
	Logon Type:		3
	Restricted Admin Mode:	-
	Virtual Account:		No
	Elevated Token:		Yes

Impersonation Level:		Delegation

New Logon:
	Security ID:		S-1-5-18
	Account Name:		DC1$
	Account Domain:		PLUMETECH.LOCAL
	Logon ID:		0xD226B2
	Linked Logon ID:		0x0
	Network Account Name:	-
	Network Account Domain:	-
	Logon GUID:		{e962d876-eaec-25ee-0e9c-0a84afd1808e}

Process Information:
	Process ID:		0x0
	Process Name:		-

Network Information:
	Workstation Name:	-
	Source Network Address:	fe80::959d:f1fc:b9b1:f472
	Source Port:		57075

Detailed Authentication Information:
	Logon Process:		Kerberos
	Authentication Package:	Kerberos
	Transited Services:	-
	Package Name (NTLM only):	-
	Key Length:		0

This event is generated when a logon session is created. It is generated on the computer that was accessed.

The subject fields indicate the account on the local system which requested the logon. This is most commonly a service such as the Server service, or a local process such as Winlogon.exe or Services.exe.

The logon type field indicates the kind of logon that occurred. The most common types are 2 (interactive) and 3 (network).

The New Logon fields indicate the account for whom the new logon was created, i.e. the account that was logged on.

The network fields indicate where a remote logon request originated. Workstation name is not always available and may be left blank in some cases.

The impersonation level field indicates the extent to which a process in the logon session can impersonate.

The authentication information fields provide detailed information about this specific logon request.
	- Logon GUID is a unique identifier that can be used to correlate this event with a KDC event.
	- Transited services indicate which intermediate services have participated in this logon request.
	- Package name indicates which sub-protocol was used among the NTLM protocols.
	- Key length indicates the length of the generated session key. This will be 0 if no session key was requested."""
2025-03-28T14:46:32.582Z,DC1,low,3,Windows Logon Success,"""An account was successfully logged on.

Subject:
	Security ID:		S-1-0-0
	Account Name:		-
	Account Domain:		-
	Logon ID:		0x0

Logon Information:
	Logon Type:		3
	Restricted Admin Mode:	-
	Virtual Account:		No
	Elevated Token:		Yes

Impersonation Level:		Impersonation

New Logon:
	Security ID:		S-1-5-18
	Account Name:		DC1$
	Account Domain:		PLUMETECH.LOCAL
	Logon ID:		0xD227A7
	Linked Logon ID:		0x0
	Network Account Name:	-
	Network Account Domain:	-
	Logon GUID:		{e962d876-eaec-25ee-0e9c-0a84afd1808e}

Process Information:
	Process ID:		0x0
	Process Name:		-

Network Information:
	Workstation Name:	-
	Source Network Address:	::1
	Source Port:		0

Detailed Authentication Information:
	Logon Process:		Kerberos
	Authentication Package:	Kerberos
	Transited Services:	-
	Package Name (NTLM only):	-
	Key Length:		0

This event is generated when a logon session is created. It is generated on the computer that was accessed.

The subject fields indicate the account on the local system which requested the logon. This is most commonly a service such as the Server service, or a local process such as Winlogon.exe or Services.exe.

The logon type field indicates the kind of logon that occurred. The most common types are 2 (interactive) and 3 (network).

The New Logon fields indicate the account for whom the new logon was created, i.e. the account that was logged on.

The network fields indicate where a remote logon request originated. Workstation name is not always available and may be left blank in some cases.

The impersonation level field indicates the extent to which a process in the logon session can impersonate.

The authentication information fields provide detailed information about this specific logon request.
	- Logon GUID is a unique identifier that can be used to correlate this event with a KDC event.
	- Transited services indicate which intermediate services have participated in this logon request.
	- Package name indicates which sub-protocol was used among the NTLM protocols.
	- Key length indicates the length of the generated session key. This will be 0 if no session key was requested."""
2025-03-28T14:46:32.614Z,DC1,low,3,Windows Logon Success,"""An account was successfully logged on.

Subject:
	Security ID:		S-1-0-0
	Account Name:		-
	Account Domain:		-
	Logon ID:		0x0

Logon Information:
	Logon Type:		3
	Restricted Admin Mode:	-
	Virtual Account:		No
	Elevated Token:		Yes

Impersonation Level:		Impersonation

New Logon:
	Security ID:		S-1-5-18
	Account Name:		DC1$
	Account Domain:		PLUMETECH.LOCAL
	Logon ID:		0xD22988
	Linked Logon ID:		0x0
	Network Account Name:	-
	Network Account Domain:	-
	Logon GUID:		{e962d876-eaec-25ee-0e9c-0a84afd1808e}

Process Information:
	Process ID:		0x0
	Process Name:		-

Network Information:
	Workstation Name:	-
	Source Network Address:	::1
	Source Port:		0

Detailed Authentication Information:
	Logon Process:		Kerberos
	Authentication Package:	Kerberos
	Transited Services:	-
	Package Name (NTLM only):	-
	Key Length:		0

This event is generated when a logon session is created. It is generated on the computer that was accessed.

The subject fields indicate the account on the local system which requested the logon. This is most commonly a service such as the Server service, or a local process such as Winlogon.exe or Services.exe.

The logon type field indicates the kind of logon that occurred. The most common types are 2 (interactive) and 3 (network).

The New Logon fields indicate the account for whom the new logon was created, i.e. the account that was logged on.

The network fields indicate where a remote logon request originated. Workstation name is not always available and may be left blank in some cases.

The impersonation level field indicates the extent to which a process in the logon session can impersonate.

The authentication information fields provide detailed information about this specific logon request.
	- Logon GUID is a unique identifier that can be used to correlate this event with a KDC event.
	- Transited services indicate which intermediate services have participated in this logon request.
	- Package name indicates which sub-protocol was used among the NTLM protocols.
	- Key length indicates the length of the generated session key. This will be 0 if no session key was requested."""
2025-03-28T14:46:35.905Z,OTDC1,low,3,Windows Logon Success,"""An account was successfully logged on.

Subject:
	Security ID:		S-1-0-0
	Account Name:		-
	Account Domain:		-
	Logon ID:		0x0

Logon Information:
	Logon Type:		3
	Restricted Admin Mode:	-
	Virtual Account:		No
	Elevated Token:		Yes

Impersonation Level:		Impersonation

New Logon:
	Security ID:		S-1-5-18
	Account Name:		OTDC1$
	Account Domain:		PLUMETECH-OT.LOCAL
	Logon ID:		0xD02470
	Linked Logon ID:		0x0
	Network Account Name:	-
	Network Account Domain:	-
	Logon GUID:		{4964931c-44d1-85be-58ab-4e10f1573232}

Process Information:
	Process ID:		0x0
	Process Name:		-

Network Information:
	Workstation Name:	-
	Source Network Address:	fe80::9d2e:7f23:409e:748d
	Source Port:		63108

Detailed Authentication Information:
	Logon Process:		Kerberos
	Authentication Package:	Kerberos
	Transited Services:	-
	Package Name (NTLM only):	-
	Key Length:		0

This event is generated when a logon session is created. It is generated on the computer that was accessed.

The subject fields indicate the account on the local system which requested the logon. This is most commonly a service such as the Server service, or a local process such as Winlogon.exe or Services.exe.

The logon type field indicates the kind of logon that occurred. The most common types are 2 (interactive) and 3 (network).

The New Logon fields indicate the account for whom the new logon was created, i.e. the account that was logged on.

The network fields indicate where a remote logon request originated. Workstation name is not always available and may be left blank in some cases.

The impersonation level field indicates the extent to which a process in the logon session can impersonate.

The authentication information fields provide detailed information about this specific logon request.
	- Logon GUID is a unique identifier that can be used to correlate this event with a KDC event.
	- Transited services indicate which intermediate services have participated in this logon request.
	- Package name indicates which sub-protocol was used among the NTLM protocols.
	- Key length indicates the length of the generated session key. This will be 0 if no session key was requested."""
2025-03-28T14:46:35.910Z,OTDC1,low,3,Windows Logon Success,"""An account was successfully logged on.

Subject:
	Security ID:		S-1-0-0
	Account Name:		-
	Account Domain:		-
	Logon ID:		0x0

Logon Information:
	Logon Type:		3
	Restricted Admin Mode:	-
	Virtual Account:		No
	Elevated Token:		Yes

Impersonation Level:		Impersonation

New Logon:
	Security ID:		S-1-5-18
	Account Name:		OTDC1$
	Account Domain:		PLUMETECH-OT.LOCAL
	Logon ID:		0xD025B6
	Linked Logon ID:		0x0
	Network Account Name:	-
	Network Account Domain:	-
	Logon GUID:		{4964931c-44d1-85be-58ab-4e10f1573232}

Process Information:
	Process ID:		0x0
	Process Name:		-

Network Information:
	Workstation Name:	-
	Source Network Address:	fe80::9d2e:7f23:409e:748d
	Source Port:		63109

Detailed Authentication Information:
	Logon Process:		Kerberos
	Authentication Package:	Kerberos
	Transited Services:	-
	Package Name (NTLM only):	-
	Key Length:		0

This event is generated when a logon session is created. It is generated on the computer that was accessed.

The subject fields indicate the account on the local system which requested the logon. This is most commonly a service such as the Server service, or a local process such as Winlogon.exe or Services.exe.

The logon type field indicates the kind of logon that occurred. The most common types are 2 (interactive) and 3 (network).

The New Logon fields indicate the account for whom the new logon was created, i.e. the account that was logged on.

The network fields indicate where a remote logon request originated. Workstation name is not always available and may be left blank in some cases.

The impersonation level field indicates the extent to which a process in the logon session can impersonate.

The authentication information fields provide detailed information about this specific logon request.
	- Logon GUID is a unique identifier that can be used to correlate this event with a KDC event.
	- Transited services indicate which intermediate services have participated in this logon request.
	- Package name indicates which sub-protocol was used among the NTLM protocols.
	- Key length indicates the length of the generated session key. This will be 0 if no session key was requested."""
2025-03-28T14:46:49.806Z,DC1,low,3,Windows Logon Success,"""An account was successfully logged on.

Subject:
	Security ID:		S-1-0-0
	Account Name:		-
	Account Domain:		-
	Logon ID:		0x0

Logon Information:
	Logon Type:		3
	Restricted Admin Mode:	-
	Virtual Account:		No
	Elevated Token:		Yes

Impersonation Level:		Impersonation

New Logon:
	Security ID:		S-1-5-18
	Account Name:		DC1$
	Account Domain:		PLUMETECH.LOCAL
	Logon ID:		0xD365D7
	Linked Logon ID:		0x0
	Network Account Name:	-
	Network Account Domain:	-
	Logon GUID:		{6b19cd30-781f-8891-9ca3-bdf8a813497d}

Process Information:
	Process ID:		0x0
	Process Name:		-

Network Information:
	Workstation Name:	-
	Source Network Address:	::1
	Source Port:		57077

Detailed Authentication Information:
	Logon Process:		Kerberos
	Authentication Package:	Kerberos
	Transited Services:	-
	Package Name (NTLM only):	-
	Key Length:		0

This event is generated when a logon session is created. It is generated on the computer that was accessed.

The subject fields indicate the account on the local system which requested the logon. This is most commonly a service such as the Server service, or a local process such as Winlogon.exe or Services.exe.

The logon type field indicates the kind of logon that occurred. The most common types are 2 (interactive) and 3 (network).

The New Logon fields indicate the account for whom the new logon was created, i.e. the account that was logged on.

The network fields indicate where a remote logon request originated. Workstation name is not always available and may be left blank in some cases.

The impersonation level field indicates the extent to which a process in the logon session can impersonate.

The authentication information fields provide detailed information about this specific logon request.
	- Logon GUID is a unique identifier that can be used to correlate this event with a KDC event.
	- Transited services indicate which intermediate services have participated in this logon request.
	- Package name indicates which sub-protocol was used among the NTLM protocols.
	- Key length indicates the length of the generated session key. This will be 0 if no session key was requested."""
2025-03-28T14:46:53.268Z,OTDC1,low,3,Windows Logon Success,"""An account was successfully logged on.

Subject:
	Security ID:		S-1-0-0
	Account Name:		-
	Account Domain:		-
	Logon ID:		0x0

Logon Information:
	Logon Type:		3
	Restricted Admin Mode:	-
	Virtual Account:		No
	Elevated Token:		Yes

Impersonation Level:		Impersonation

New Logon:
	Security ID:		S-1-5-18
	Account Name:		OTDC1$
	Account Domain:		PLUMETECH-OT.LOCAL
	Logon ID:		0xD465C9
	Linked Logon ID:		0x0
	Network Account Name:	-
	Network Account Domain:	-
	Logon GUID:		{4964931c-44d1-85be-58ab-4e10f1573232}

Process Information:
	Process ID:		0x0
	Process Name:		-

Network Information:
	Workstation Name:	-
	Source Network Address:	fe80::9d2e:7f23:409e:748d
	Source Port:		63110

Detailed Authentication Information:
	Logon Process:		Kerberos
	Authentication Package:	Kerberos
	Transited Services:	-
	Package Name (NTLM only):	-
	Key Length:		0

This event is generated when a logon session is created. It is generated on the computer that was accessed.

The subject fields indicate the account on the local system which requested the logon. This is most commonly a service such as the Server service, or a local process such as Winlogon.exe or Services.exe.

The logon type field indicates the kind of logon that occurred. The most common types are 2 (interactive) and 3 (network).

The New Logon fields indicate the account for whom the new logon was created, i.e. the account that was logged on.

The network fields indicate where a remote logon request originated. Workstation name is not always available and may be left blank in some cases.

The impersonation level field indicates the extent to which a process in the logon session can impersonate.

The authentication information fields provide detailed information about this specific logon request.
	- Logon GUID is a unique identifier that can be used to correlate this event with a KDC event.
	- Transited services indicate which intermediate services have participated in this logon request.
	- Package name indicates which sub-protocol was used among the NTLM protocols.
	- Key length indicates the length of the generated session key. This will be 0 if no session key was requested."""
2025-03-28T14:46:53.273Z,OTDC1,low,3,Windows Logon Success,"""An account was successfully logged on.

Subject:
	Security ID:		S-1-0-0
	Account Name:		-
	Account Domain:		-
	Logon ID:		0x0

Logon Information:
	Logon Type:		3
	Restricted Admin Mode:	-
	Virtual Account:		No
	Elevated Token:		Yes

Impersonation Level:		Delegation

New Logon:
	Security ID:		S-1-5-18
	Account Name:		OTDC1$
	Account Domain:		PLUMETECH-OT.LOCAL
	Logon ID:		0xD4669E
	Linked Logon ID:		0x0
	Network Account Name:	-
	Network Account Domain:	-
	Logon GUID:		{f5ddfa97-1d78-ee9f-a5ec-684698fe771d}

Process Information:
	Process ID:		0x0
	Process Name:		-

Network Information:
	Workstation Name:	-
	Source Network Address:	fe80::9d2e:7f23:409e:748d
	Source Port:		63111

Detailed Authentication Information:
	Logon Process:		Kerberos
	Authentication Package:	Kerberos
	Transited Services:	-
	Package Name (NTLM only):	-
	Key Length:		0

This event is generated when a logon session is created. It is generated on the computer that was accessed.

The subject fields indicate the account on the local system which requested the logon. This is most commonly a service such as the Server service, or a local process such as Winlogon.exe or Services.exe.

The logon type field indicates the kind of logon that occurred. The most common types are 2 (interactive) and 3 (network).

The New Logon fields indicate the account for whom the new logon was created, i.e. the account that was logged on.

The network fields indicate where a remote logon request originated. Workstation name is not always available and may be left blank in some cases.

The impersonation level field indicates the extent to which a process in the logon session can impersonate.

The authentication information fields provide detailed information about this specific logon request.
	- Logon GUID is a unique identifier that can be used to correlate this event with a KDC event.
	- Transited services indicate which intermediate services have participated in this logon request.
	- Package name indicates which sub-protocol was used among the NTLM protocols.
	- Key length indicates the length of the generated session key. This will be 0 if no session key was requested."""
2025-03-28T14:46:53.276Z,OTDC1,low,3,Windows Logon Success,"""An account was successfully logged on.

Subject:
	Security ID:		S-1-0-0
	Account Name:		-
	Account Domain:		-
	Logon ID:		0x0

Logon Information:
	Logon Type:		3
	Restricted Admin Mode:	-
	Virtual Account:		No
	Elevated Token:		Yes

Impersonation Level:		Impersonation

New Logon:
	Security ID:		S-1-5-18
	Account Name:		OTDC1$
	Account Domain:		PLUMETECH-OT.LOCAL
	Logon ID:		0xD46850
	Linked Logon ID:		0x0
	Network Account Name:	-
	Network Account Domain:	-
	Logon GUID:		{f5ddfa97-1d78-ee9f-a5ec-684698fe771d}

Process Information:
	Process ID:		0x0
	Process Name:		-

Network Information:
	Workstation Name:	-
	Source Network Address:	::1
	Source Port:		0

Detailed Authentication Information:
	Logon Process:		Kerberos
	Authentication Package:	Kerberos
	Transited Services:	-
	Package Name (NTLM only):	-
	Key Length:		0

This event is generated when a logon session is created. It is generated on the computer that was accessed.

The subject fields indicate the account on the local system which requested the logon. This is most commonly a service such as the Server service, or a local process such as Winlogon.exe or Services.exe.

The logon type field indicates the kind of logon that occurred. The most common types are 2 (interactive) and 3 (network).

The New Logon fields indicate the account for whom the new logon was created, i.e. the account that was logged on.

The network fields indicate where a remote logon request originated. Workstation name is not always available and may be left blank in some cases.

The impersonation level field indicates the extent to which a process in the logon session can impersonate.

The authentication information fields provide detailed information about this specific logon request.
	- Logon GUID is a unique identifier that can be used to correlate this event with a KDC event.
	- Transited services indicate which intermediate services have participated in this logon request.
	- Package name indicates which sub-protocol was used among the NTLM protocols.
	- Key length indicates the length of the generated session key. This will be 0 if no session key was requested."""
2025-03-28T14:46:53.307Z,OTDC1,low,3,Windows Logon Success,"""An account was successfully logged on.

Subject:
	Security ID:		S-1-0-0
	Account Name:		-
	Account Domain:		-
	Logon ID:		0x0

Logon Information:
	Logon Type:		3
	Restricted Admin Mode:	-
	Virtual Account:		No
	Elevated Token:		Yes

Impersonation Level:		Impersonation

New Logon:
	Security ID:		S-1-5-18
	Account Name:		OTDC1$
	Account Domain:		PLUMETECH-OT.LOCAL
	Logon ID:		0xD46B59
	Linked Logon ID:		0x0
	Network Account Name:	-
	Network Account Domain:	-
	Logon GUID:		{f5ddfa97-1d78-ee9f-a5ec-684698fe771d}

Process Information:
	Process ID:		0x0
	Process Name:		-

Network Information:
	Workstation Name:	-
	Source Network Address:	::1
	Source Port:		0

Detailed Authentication Information:
	Logon Process:		Kerberos
	Authentication Package:	Kerberos
	Transited Services:	-
	Package Name (NTLM only):	-
	Key Length:		0

This event is generated when a logon session is created. It is generated on the computer that was accessed.

The subject fields indicate the account on the local system which requested the logon. This is most commonly a service such as the Server service, or a local process such as Winlogon.exe or Services.exe.

The logon type field indicates the kind of logon that occurred. The most common types are 2 (interactive) and 3 (network).

The New Logon fields indicate the account for whom the new logon was created, i.e. the account that was logged on.

The network fields indicate where a remote logon request originated. Workstation name is not always available and may be left blank in some cases.

The impersonation level field indicates the extent to which a process in the logon session can impersonate.

The authentication information fields provide detailed information about this specific logon request.
	- Logon GUID is a unique identifier that can be used to correlate this event with a KDC event.
	- Transited services indicate which intermediate services have participated in this logon request.
	- Package name indicates which sub-protocol was used among the NTLM protocols.
	- Key length indicates the length of the generated session key. This will be 0 if no session key was requested."""
2025-03-28T14:47:05.119Z,suricata,low,3,Informational Suricata Alert: ET FILE_SHARING File Hosting Service Domain Domain in DNS Lookup (files .pythonhosted .org),"{""timestamp"":""2025-03-28T14:47:03.275195+0000"",""flow_id"":2026379351448849,""in_iface"":""ens5"",""event_type"":""alert"",""src_ip"":""10.0.8.30"",""src_port"":44734,""dest_ip"":""8.8.8.8"",""dest_port"":53,""proto"":""UDP"",""pkt_src"":""vxlan encapsulation"",""community_id"":""1:US+HTAcrshXnXKrNdzQVoMkCR2s="",""tx_id"":0,""alert"":{""action"":""allowed"",""gid"":1,""signature_id"":2049201,""rev"":2,""signature"":""ET FILE_SHARING File Hosting Service Domain Domain in DNS Lookup (files .pythonhosted .org)"",""category"":""Misc activity"",""severity"":3,""metadata"":{""attack_target"":[""Client_Endpoint""],""confidence"":[""High""],""created_at"":[""2023_11_15""],""deployment"":[""Perimeter""],""former_category"":[""INFO""],""performance_impact"":[""Low""],""reviewed_at"":[""2024_04_15""],""signature_severity"":[""Informational""],""updated_at"":[""2024_06_27""]}},""tunnel"":{""src_ip"":""10.0.8.30"",""src_port"":65450,""dest_ip"":""10.0.8.9"",""dest_port"":4789,""proto"":""UDP"",""depth"":1,""pkt_src"":""wire/pcap""},""dns"":{""query"":[{""type"":""query"",""id"":64002,""rrname"":""files.pythonhosted.org"",""rrtype"":""A"",""tx_id"":0,""opcode"":0}]},""app_proto"":""dns"",""direction"":""to_server"",""flow"":{""pkts_toserver"":1,""pkts_toclient"":0,""bytes_toserver"":68,""bytes_toclient"":0,""start"":""2025-03-28T14:47:03.275195+0000"",""src_ip"":""10.0.8.30"",""dest_ip"":""8.8.8.8"",""src_port"":44734,""dest_port"":53},""capture_file"":""/var/log/suricata/nsm_data//log.pcap.1743172839"",""source"":""suricata""}"
2025-03-28T14:47:05.121Z,suricata,low,3,Informational Suricata Alert: ET FILE_SHARING File Hosting Service Domain Domain in DNS Lookup (files .pythonhosted .org),"{""timestamp"":""2025-03-28T14:47:03.275195+0000"",""flow_id"":2026379351448849,""in_iface"":""ens5"",""event_type"":""alert"",""src_ip"":""10.0.8.30"",""src_port"":44734,""dest_ip"":""8.8.8.8"",""dest_port"":53,""proto"":""UDP"",""pkt_src"":""vxlan encapsulation"",""community_id"":""1:US+HTAcrshXnXKrNdzQVoMkCR2s="",""tx_id"":1,""alert"":{""action"":""allowed"",""gid"":1,""signature_id"":2049201,""rev"":2,""signature"":""ET FILE_SHARING File Hosting Service Domain Domain in DNS Lookup (files .pythonhosted .org)"",""category"":""Misc activity"",""severity"":3,""metadata"":{""attack_target"":[""Client_Endpoint""],""confidence"":[""High""],""created_at"":[""2023_11_15""],""deployment"":[""Perimeter""],""former_category"":[""INFO""],""performance_impact"":[""Low""],""reviewed_at"":[""2024_04_15""],""signature_severity"":[""Informational""],""updated_at"":[""2024_06_27""]}},""tunnel"":{""src_ip"":""10.0.8.30"",""src_port"":65450,""dest_ip"":""10.0.8.9"",""dest_port"":4789,""proto"":""UDP"",""depth"":1,""pkt_src"":""wire/pcap""},""dns"":{""query"":[{""type"":""query"",""id"":47876,""rrname"":""files.pythonhosted.org"",""rrtype"":""AAAA"",""tx_id"":1,""opcode"":0}]},""app_proto"":""dns"",""direction"":""to_server"",""flow"":{""pkts_toserver"":2,""pkts_toclient"":0,""bytes_toserver"":136,""bytes_toclient"":0,""start"":""2025-03-28T14:47:03.275195+0000"",""src_ip"":""10.0.8.30"",""dest_ip"":""8.8.8.8"",""src_port"":44734,""dest_port"":53},""capture_file"":""/var/log/suricata/nsm_data//log.pcap.1743172839"",""source"":""suricata""}"
2025-03-28T14:47:05.125Z,suricata,low,3,Informational Suricata Alert: ET INFO Observed File Hosting Service Domain (files .pythonhosted .org in TLS SNI),"{""timestamp"":""2025-03-28T14:47:03.305242+0000"",""flow_id"":2058837952057591,""in_iface"":""ens5"",""event_type"":""alert"",""src_ip"":""10.0.8.30"",""src_port"":42346,""dest_ip"":""151.101.128.223"",""dest_port"":443,""proto"":""TCP"",""pkt_src"":""vxlan encapsulation"",""community_id"":""1:PJ3r5xdWsKj5N4nQH7BaVYL+TWU="",""tx_id"":0,""alert"":{""action"":""allowed"",""gid"":1,""signature_id"":2049202,""rev"":1,""signature"":""ET INFO Observed File Hosting Service Domain (files .pythonhosted .org in TLS SNI)"",""category"":""Misc activity"",""severity"":3,""metadata"":{""attack_target"":[""Client_Endpoint""],""confidence"":[""High""],""created_at"":[""2023_11_15""],""deployment"":[""Perimeter""],""performance_impact"":[""Low""],""reviewed_at"":[""2024_04_15""],""signature_severity"":[""Informational""],""updated_at"":[""2023_11_15""]}},""tunnel"":{""src_ip"":""10.0.8.30"",""src_port"":65437,""dest_ip"":""10.0.8.9"",""dest_port"":4789,""proto"":""UDP"",""depth"":1,""pkt_src"":""wire/pcap""},""tls"":{""sni"":""files.pythonhosted.org"",""version"":""TLS 1.3"",""ja3"":{""hash"":""3012b23d5a2920d682b69a2c5fba99d7"",""string"":""771,4866-4867-4865-49196-49200-163-159-52393-52392-52394-49325-49311-49245-49249-49239-49235-167-49195-49199-162-158-49324-49310-49244-49248-49238-49234-166-49327-49326-49315-49314-49188-49192-107-106-49267-49271-196-195-109-197-49187-49191-103-64-49266-49270-190-189-108-191-49162-49172-57-56-136-135-49177-58-137-49161-49171-51-50-154-153-69-68-49176-52-155-70-157-49309-49233-156-49308-49232-49313-49312-61-192-60-186-53-132-47-150-65-255,0-11-10-35-16-22-23-13-43-45-51-27-21,29-23-30-25-24-256-257-258-259-260,0-1-2""},""ja3s"":{""hash"":""f4febc55ea12b31ae17cfb7e614afda8"",""string"":""771,4865,43-51""}},""app_proto"":""tls"",""direction"":""to_server"",""flow"":{""pkts_toserver"":4,""pkts_toclient"":5,""bytes_toserver"":733,""bytes_toclient"":3860,""start"":""2025-03-28T14:47:03.282752+0000"",""src_ip"":""10.0.8.30"",""dest_ip"":""151.101.128.223"",""src_port"":42346,""dest_port"":443},""capture_file"":""/var/log/suricata/nsm_data//log.pcap.1743172839"",""source"":""suricata""}"
2025-03-28T14:47:21.142Z,suricata,low,3,Informational Suricata Alert: ET FILE_SHARING File Hosting Service Domain Domain in DNS Lookup (files .pythonhosted .org),"{""timestamp"":""2025-03-28T14:47:20.897998+0000"",""flow_id"":197699832393195,""in_iface"":""ens5"",""event_type"":""alert"",""src_ip"":""10.0.8.30"",""src_port"":55945,""dest_ip"":""8.8.8.8"",""dest_port"":53,""proto"":""UDP"",""pkt_src"":""vxlan encapsulation"",""community_id"":""1:ppLziVo6xSdGIUs/tBkEtpM9SE0="",""tx_id"":0,""alert"":{""action"":""allowed"",""gid"":1,""signature_id"":2049201,""rev"":2,""signature"":""ET FILE_SHARING File Hosting Service Domain Domain in DNS Lookup (files .pythonhosted .org)"",""category"":""Misc activity"",""severity"":3,""metadata"":{""attack_target"":[""Client_Endpoint""],""confidence"":[""High""],""created_at"":[""2023_11_15""],""deployment"":[""Perimeter""],""former_category"":[""INFO""],""performance_impact"":[""Low""],""reviewed_at"":[""2024_04_15""],""signature_severity"":[""Informational""],""updated_at"":[""2024_06_27""]}},""tunnel"":{""src_ip"":""10.0.8.30"",""src_port"":65523,""dest_ip"":""10.0.8.9"",""dest_port"":4789,""proto"":""UDP"",""depth"":1,""pkt_src"":""wire/pcap""},""dns"":{""query"":[{""type"":""query"",""id"":44601,""rrname"":""files.pythonhosted.org"",""rrtype"":""A"",""tx_id"":0,""opcode"":0}]},""app_proto"":""dns"",""direction"":""to_server"",""flow"":{""pkts_toserver"":1,""pkts_toclient"":0,""bytes_toserver"":68,""bytes_toclient"":0,""start"":""2025-03-28T14:47:20.897998+0000"",""src_ip"":""10.0.8.30"",""dest_ip"":""8.8.8.8"",""src_port"":55945,""dest_port"":53},""capture_file"":""/var/log/suricata/nsm_data//log.pcap.1743172839"",""source"":""suricata""}"
2025-03-28T14:47:21.144Z,suricata,low,3,Informational Suricata Alert: ET FILE_SHARING File Hosting Service Domain Domain in DNS Lookup (files .pythonhosted .org),"{""timestamp"":""2025-03-28T14:47:20.897998+0000"",""flow_id"":197699832393195,""in_iface"":""ens5"",""event_type"":""alert"",""src_ip"":""10.0.8.30"",""src_port"":55945,""dest_ip"":""8.8.8.8"",""dest_port"":53,""proto"":""UDP"",""pkt_src"":""vxlan encapsulation"",""community_id"":""1:ppLziVo6xSdGIUs/tBkEtpM9SE0="",""tx_id"":1,""alert"":{""action"":""allowed"",""gid"":1,""signature_id"":2049201,""rev"":2,""signature"":""ET FILE_SHARING File Hosting Service Domain Domain in DNS Lookup (files .pythonhosted .org)"",""category"":""Misc activity"",""severity"":3,""metadata"":{""attack_target"":[""Client_Endpoint""],""confidence"":[""High""],""created_at"":[""2023_11_15""],""deployment"":[""Perimeter""],""former_category"":[""INFO""],""performance_impact"":[""Low""],""reviewed_at"":[""2024_04_15""],""signature_severity"":[""Informational""],""updated_at"":[""2024_06_27""]}},""tunnel"":{""src_ip"":""10.0.8.30"",""src_port"":65523,""dest_ip"":""10.0.8.9"",""dest_port"":4789,""proto"":""UDP"",""depth"":1,""pkt_src"":""wire/pcap""},""dns"":{""query"":[{""type"":""query"",""id"":30267,""rrname"":""files.pythonhosted.org"",""rrtype"":""AAAA"",""tx_id"":1,""opcode"":0}]},""app_proto"":""dns"",""direction"":""to_server"",""flow"":{""pkts_toserver"":2,""pkts_toclient"":0,""bytes_toserver"":136,""bytes_toclient"":0,""start"":""2025-03-28T14:47:20.897998+0000"",""src_ip"":""10.0.8.30"",""dest_ip"":""8.8.8.8"",""src_port"":55945,""dest_port"":53},""capture_file"":""/var/log/suricata/nsm_data//log.pcap.1743172839"",""source"":""suricata""}"
2025-03-28T14:47:21.188Z,suricata,low,3,Informational Suricata Alert: ET INFO Observed File Hosting Service Domain (files .pythonhosted .org in TLS SNI),"{""timestamp"":""2025-03-28T14:47:20.926306+0000"",""flow_id"":216542883694957,""in_iface"":""ens5"",""event_type"":""alert"",""src_ip"":""10.0.8.30"",""src_port"":60586,""dest_ip"":""151.101.64.223"",""dest_port"":443,""proto"":""TCP"",""pkt_src"":""vxlan encapsulation"",""community_id"":""1:E6G09wwpRJrEwuiEUphsQnchoMw="",""tx_id"":0,""alert"":{""action"":""allowed"",""gid"":1,""signature_id"":2049202,""rev"":1,""signature"":""ET INFO Observed File Hosting Service Domain (files .pythonhosted .org in TLS SNI)"",""category"":""Misc activity"",""severity"":3,""metadata"":{""attack_target"":[""Client_Endpoint""],""confidence"":[""High""],""created_at"":[""2023_11_15""],""deployment"":[""Perimeter""],""performance_impact"":[""Low""],""reviewed_at"":[""2024_04_15""],""signature_severity"":[""Informational""],""updated_at"":[""2023_11_15""]}},""tunnel"":{""src_ip"":""10.0.8.30"",""src_port"":65470,""dest_ip"":""10.0.8.9"",""dest_port"":4789,""proto"":""UDP"",""depth"":1,""pkt_src"":""wire/pcap""},""tls"":{""sni"":""files.pythonhosted.org"",""version"":""TLS 1.3"",""ja3"":{""hash"":""3012b23d5a2920d682b69a2c5fba99d7"",""string"":""771,4866-4867-4865-49196-49200-163-159-52393-52392-52394-49325-49311-49245-49249-49239-49235-167-49195-49199-162-158-49324-49310-49244-49248-49238-49234-166-49327-49326-49315-49314-49188-49192-107-106-49267-49271-196-195-109-197-49187-49191-103-64-49266-49270-190-189-108-191-49162-49172-57-56-136-135-49177-58-137-49161-49171-51-50-154-153-69-68-49176-52-155-70-157-49309-49233-156-49308-49232-49313-49312-61-192-60-186-53-132-47-150-65-255,0-11-10-35-16-22-23-13-43-45-51-27-21,29-23-30-25-24-256-257-258-259-260,0-1-2""},""ja3s"":{""hash"":""f4febc55ea12b31ae17cfb7e614afda8"",""string"":""771,4865,43-51""}},""app_proto"":""tls"",""direction"":""to_server"",""flow"":{""pkts_toserver"":4,""pkts_toclient"":5,""bytes_toserver"":733,""bytes_toclient"":3860,""start"":""2025-03-28T14:47:20.902385+0000"",""src_ip"":""10.0.8.30"",""dest_ip"":""151.101.64.223"",""src_port"":60586,""dest_port"":443},""source"":""suricata""}"
2025-03-28T14:47:23.134Z,suricata,low,3,Informational Suricata Alert: ET FILE_SHARING File Hosting Service Domain Domain in DNS Lookup (files .pythonhosted .org),"{""timestamp"":""2025-03-28T14:47:21.682795+0000"",""flow_id"":399311145142390,""in_iface"":""ens5"",""event_type"":""alert"",""src_ip"":""10.0.8.30"",""src_port"":51064,""dest_ip"":""8.8.8.8"",""dest_port"":53,""proto"":""UDP"",""pkt_src"":""vxlan encapsulation"",""community_id"":""1:1hd0cyesBovR22mAnlvj3NKrThM="",""tx_id"":0,""alert"":{""action"":""allowed"",""gid"":1,""signature_id"":2049201,""rev"":2,""signature"":""ET FILE_SHARING File Hosting Service Domain Domain in DNS Lookup (files .pythonhosted .org)"",""category"":""Misc activity"",""severity"":3,""metadata"":{""attack_target"":[""Client_Endpoint""],""confidence"":[""High""],""created_at"":[""2023_11_15""],""deployment"":[""Perimeter""],""former_category"":[""INFO""],""performance_impact"":[""Low""],""reviewed_at"":[""2024_04_15""],""signature_severity"":[""Informational""],""updated_at"":[""2024_06_27""]}},""tunnel"":{""src_ip"":""10.0.8.30"",""src_port"":65418,""dest_ip"":""10.0.8.9"",""dest_port"":4789,""proto"":""UDP"",""depth"":1,""pkt_src"":""wire/pcap""},""dns"":{""query"":[{""type"":""query"",""id"":43156,""rrname"":""files.pythonhosted.org"",""rrtype"":""A"",""tx_id"":0,""opcode"":0}]},""app_proto"":""dns"",""direction"":""to_server"",""flow"":{""pkts_toserver"":1,""pkts_toclient"":0,""bytes_toserver"":68,""bytes_toclient"":0,""start"":""2025-03-28T14:47:21.682795+0000"",""src_ip"":""10.0.8.30"",""dest_ip"":""8.8.8.8"",""src_port"":51064,""dest_port"":53},""capture_file"":""/var/log/suricata/nsm_data//log.pcap.1743172839"",""source"":""suricata""}"
2025-03-28T14:47:23.136Z,suricata,low,3,Informational Suricata Alert: ET FILE_SHARING File Hosting Service Domain Domain in DNS Lookup (files .pythonhosted .org),"{""timestamp"":""2025-03-28T14:47:21.682795+0000"",""flow_id"":399311145142390,""in_iface"":""ens5"",""event_type"":""alert"",""src_ip"":""10.0.8.30"",""src_port"":51064,""dest_ip"":""8.8.8.8"",""dest_port"":53,""proto"":""UDP"",""pkt_src"":""vxlan encapsulation"",""community_id"":""1:1hd0cyesBovR22mAnlvj3NKrThM="",""tx_id"":1,""alert"":{""action"":""allowed"",""gid"":1,""signature_id"":2049201,""rev"":2,""signature"":""ET FILE_SHARING File Hosting Service Domain Domain in DNS Lookup (files .pythonhosted .org)"",""category"":""Misc activity"",""severity"":3,""metadata"":{""attack_target"":[""Client_Endpoint""],""confidence"":[""High""],""created_at"":[""2023_11_15""],""deployment"":[""Perimeter""],""former_category"":[""INFO""],""performance_impact"":[""Low""],""reviewed_at"":[""2024_04_15""],""signature_severity"":[""Informational""],""updated_at"":[""2024_06_27""]}},""tunnel"":{""src_ip"":""10.0.8.30"",""src_port"":65418,""dest_ip"":""10.0.8.9"",""dest_port"":4789,""proto"":""UDP"",""depth"":1,""pkt_src"":""wire/pcap""},""dns"":{""query"":[{""type"":""query"",""id"":38034,""rrname"":""files.pythonhosted.org"",""rrtype"":""AAAA"",""tx_id"":1,""opcode"":0}]},""app_proto"":""dns"",""direction"":""to_server"",""flow"":{""pkts_toserver"":2,""pkts_toclient"":0,""bytes_toserver"":136,""bytes_toclient"":0,""start"":""2025-03-28T14:47:21.682795+0000"",""src_ip"":""10.0.8.30"",""dest_ip"":""8.8.8.8"",""src_port"":51064,""dest_port"":53},""capture_file"":""/var/log/suricata/nsm_data//log.pcap.1743172839"",""source"":""suricata""}"
2025-03-28T14:47:23.141Z,suricata,low,3,Informational Suricata Alert: ET INFO Observed File Hosting Service Domain (files .pythonhosted .org in TLS SNI),"{""timestamp"":""2025-03-28T14:47:21.705097+0000"",""flow_id"":422026177996613,""in_iface"":""ens5"",""event_type"":""alert"",""src_ip"":""10.0.8.30"",""src_port"":40484,""dest_ip"":""151.101.192.223"",""dest_port"":443,""proto"":""TCP"",""pkt_src"":""vxlan encapsulation"",""community_id"":""1:KFkieEYo+Z7He483ixPqVz/7/BU="",""tx_id"":0,""alert"":{""action"":""allowed"",""gid"":1,""signature_id"":2049202,""rev"":1,""signature"":""ET INFO Observed File Hosting Service Domain (files .pythonhosted .org in TLS SNI)"",""category"":""Misc activity"",""severity"":3,""metadata"":{""attack_target"":[""Client_Endpoint""],""confidence"":[""High""],""created_at"":[""2023_11_15""],""deployment"":[""Perimeter""],""performance_impact"":[""Low""],""reviewed_at"":[""2024_04_15""],""signature_severity"":[""Informational""],""updated_at"":[""2023_11_15""]}},""tunnel"":{""src_ip"":""10.0.8.30"",""src_port"":65426,""dest_ip"":""10.0.8.9"",""dest_port"":4789,""proto"":""UDP"",""depth"":1,""pkt_src"":""wire/pcap""},""tls"":{""sni"":""files.pythonhosted.org"",""version"":""TLS 1.3"",""ja3"":{""hash"":""3012b23d5a2920d682b69a2c5fba99d7"",""string"":""771,4866-4867-4865-49196-49200-163-159-52393-52392-52394-49325-49311-49245-49249-49239-49235-167-49195-49199-162-158-49324-49310-49244-49248-49238-49234-166-49327-49326-49315-49314-49188-49192-107-106-49267-49271-196-195-109-197-49187-49191-103-64-49266-49270-190-189-108-191-49162-49172-57-56-136-135-49177-58-137-49161-49171-51-50-154-153-69-68-49176-52-155-70-157-49309-49233-156-49308-49232-49313-49312-61-192-60-186-53-132-47-150-65-255,0-11-10-35-16-22-23-13-43-45-51-27-21,29-23-30-25-24-256-257-258-259-260,0-1-2""},""ja3s"":{""hash"":""f4febc55ea12b31ae17cfb7e614afda8"",""string"":""771,4865,43-51""}},""app_proto"":""tls"",""direction"":""to_server"",""flow"":{""pkts_toserver"":4,""pkts_toclient"":5,""bytes_toserver"":733,""bytes_toclient"":3860,""start"":""2025-03-28T14:47:21.688084+0000"",""src_ip"":""10.0.8.30"",""dest_ip"":""151.101.192.223"",""src_port"":40484,""dest_port"":443},""source"":""suricata""}"
2025-03-28T14:47:27.577Z,OTDC1,low,3,Windows Logon Success,"""An account was successfully logged on.

Subject:
	Security ID:		S-1-0-0
	Account Name:		-
	Account Domain:		-
	Logon ID:		0x0

Logon Information:
	Logon Type:		3
	Restricted Admin Mode:	-
	Virtual Account:		No
	Elevated Token:		Yes

Impersonation Level:		Impersonation

New Logon:
	Security ID:		S-1-5-18
	Account Name:		OTDC1$
	Account Domain:		PLUMETECH-OT.LOCAL
	Logon ID:		0xDC794F
	Linked Logon ID:		0x0
	Network Account Name:	-
	Network Account Domain:	-
	Logon GUID:		{4964931c-44d1-85be-58ab-4e10f1573232}

Process Information:
	Process ID:		0x0
	Process Name:		-

Network Information:
	Workstation Name:	-
	Source Network Address:	::1
	Source Port:		63113

Detailed Authentication Information:
	Logon Process:		Kerberos
	Authentication Package:	Kerberos
	Transited Services:	-
	Package Name (NTLM only):	-
	Key Length:		0

This event is generated when a logon session is created. It is generated on the computer that was accessed.

The subject fields indicate the account on the local system which requested the logon. This is most commonly a service such as the Server service, or a local process such as Winlogon.exe or Services.exe.

The logon type field indicates the kind of logon that occurred. The most common types are 2 (interactive) and 3 (network).

The New Logon fields indicate the account for whom the new logon was created, i.e. the account that was logged on.

The network fields indicate where a remote logon request originated. Workstation name is not always available and may be left blank in some cases.

The impersonation level field indicates the extent to which a process in the logon session can impersonate.

The authentication information fields provide detailed information about this specific logon request.
	- Logon GUID is a unique identifier that can be used to correlate this event with a KDC event.
	- Transited services indicate which intermediate services have participated in this logon request.
	- Package name indicates which sub-protocol was used among the NTLM protocols.
	- Key length indicates the length of the generated session key. This will be 0 if no session key was requested."""
