2025-03-28T09:51:53.396Z,suricata,low,3,NTLM Challenge from 10.0.2.29 to 10.0.2.30,"{""timestamp"":""2025-03-28T09:51:52.253728+0000"",""flow_id"":199022354439590,""in_iface"":""ens5"",""event_type"":""alert"",""src_ip"":""10.0.2.29"",""src_port"":445,""dest_ip"":""10.0.2.30"",""dest_port"":33610,""proto"":""TCP"",""pkt_src"":""vxlan encapsulation"",""community_id"":""1:BuX0AnnYaWP6N+A3FZO3H8YD5so="",""alert"":{""action"":""allowed"",""gid"":1,""signature_id"":211,""rev"":2,""signature"":""NTLMSSP_CHALLENGE"",""category"":"""",""severity"":1,""metadata"":{""ntlmssp"":[""challenge""]}},""tunnel"":{""src_ip"":""10.0.2.30"",""src_port"":65459,""dest_ip"":""10.0.2.9"",""dest_port"":4789,""proto"":""UDP"",""depth"":1,""pkt_src"":""wire/pcap""},""direction"":""to_client"",""flow"":{""pkts_toserver"":19,""pkts_toclient"":9,""bytes_toserver"":1764,""bytes_toclient"":2829,""start"":""2025-03-28T09:51:52.242946+0000"",""src_ip"":""10.0.2.30"",""dest_ip"":""10.0.2.29"",""src_port"":33610,""dest_port"":445},""capture_file"":""/var/log/suricata/nsm_data//log.pcap.1743155225"",""source"":""suricata""}"
2025-03-28T09:51:53.399Z,suricata,low,3,NTLM Challenge from 10.0.2.29 to 10.0.2.30,"{""timestamp"":""2025-03-28T09:51:52.253747+0000"",""flow_id"":199022354439590,""in_iface"":""ens5"",""event_type"":""alert"",""src_ip"":""10.0.2.29"",""src_port"":445,""dest_ip"":""10.0.2.30"",""dest_port"":33610,""proto"":""TCP"",""pkt_src"":""vxlan encapsulation"",""community_id"":""1:BuX0AnnYaWP6N+A3FZO3H8YD5so="",""alert"":{""action"":""allowed"",""gid"":1,""signature_id"":211,""rev"":2,""signature"":""NTLMSSP_CHALLENGE"",""category"":"""",""severity"":1,""metadata"":{""ntlmssp"":[""challenge""]}},""tunnel"":{""src_ip"":""10.0.2.9"",""src_port"":4789,""dest_ip"":""10.0.2.8"",""dest_port"":4789,""proto"":""UDP"",""depth"":1,""pkt_src"":""wire/pcap""},""direction"":""to_client"",""flow"":{""pkts_toserver"":23,""pkts_toclient"":11,""bytes_toserver"":2611,""bytes_toclient"":3354,""start"":""2025-03-28T09:51:52.242946+0000"",""src_ip"":""10.0.2.30"",""dest_ip"":""10.0.2.29"",""src_port"":33610,""dest_port"":445},""capture_file"":""/var/log/suricata/nsm_data//log.pcap.1743155225"",""source"":""suricata""}"
2025-03-28T09:51:53.400Z,suricata,low,3,NTLM Challenge from 10.0.2.29 to 10.0.2.30,"{""timestamp"":""2025-03-28T09:51:52.253981+0000"",""flow_id"":199022354439590,""in_iface"":""ens5"",""event_type"":""alert"",""src_ip"":""10.0.2.29"",""src_port"":445,""dest_ip"":""10.0.2.30"",""dest_port"":33610,""proto"":""TCP"",""pkt_src"":""vxlan encapsulation"",""community_id"":""1:BuX0AnnYaWP6N+A3FZO3H8YD5so="",""alert"":{""action"":""allowed"",""gid"":1,""signature_id"":211,""rev"":2,""signature"":""NTLMSSP_CHALLENGE"",""category"":"""",""severity"":1,""metadata"":{""ntlmssp"":[""challenge""]}},""tunnel"":{""src_ip"":""10.0.2.29"",""src_port"":65508,""dest_ip"":""10.0.2.9"",""dest_port"":4789,""proto"":""UDP"",""depth"":1,""pkt_src"":""wire/pcap""},""direction"":""to_client"",""flow"":{""pkts_toserver"":23,""pkts_toclient"":12,""bytes_toserver"":2611,""bytes_toclient"":3751,""start"":""2025-03-28T09:51:52.242946+0000"",""src_ip"":""10.0.2.30"",""dest_ip"":""10.0.2.29"",""src_port"":33610,""dest_port"":445},""capture_file"":""/var/log/suricata/nsm_data//log.pcap.1743155225"",""source"":""suricata""}"
2025-03-28T09:51:53.401Z,suricata,low,3,NTLM Challenge from 10.0.2.29 to 10.0.2.30,"{""timestamp"":""2025-03-28T09:51:52.253998+0000"",""flow_id"":199022354439590,""in_iface"":""ens5"",""event_type"":""alert"",""src_ip"":""10.0.2.29"",""src_port"":445,""dest_ip"":""10.0.2.30"",""dest_port"":33610,""proto"":""TCP"",""pkt_src"":""vxlan encapsulation"",""community_id"":""1:BuX0AnnYaWP6N+A3FZO3H8YD5so="",""alert"":{""action"":""allowed"",""gid"":1,""signature_id"":211,""rev"":2,""signature"":""NTLMSSP_CHALLENGE"",""category"":"""",""severity"":1,""metadata"":{""ntlmssp"":[""challenge""]}},""tunnel"":{""src_ip"":""10.0.2.9"",""src_port"":4789,""dest_ip"":""10.0.2.8"",""dest_port"":4789,""proto"":""UDP"",""depth"":1,""pkt_src"":""wire/pcap""},""direction"":""to_client"",""flow"":{""pkts_toserver"":23,""pkts_toclient"":13,""bytes_toserver"":2611,""bytes_toclient"":4148,""start"":""2025-03-28T09:51:52.242946+0000"",""src_ip"":""10.0.2.30"",""dest_ip"":""10.0.2.29"",""src_port"":33610,""dest_port"":445},""capture_file"":""/var/log/suricata/nsm_data//log.pcap.1743155225"",""source"":""suricata""}"
2025-03-28T09:51:53.469Z,suricata,low,3,NTLM Challenge from 10.0.2.29 to 10.0.2.30,"{""timestamp"":""2025-03-28T09:51:52.474411+0000"",""flow_id"":64928927847341,""in_iface"":""ens5"",""event_type"":""alert"",""src_ip"":""10.0.2.29"",""src_port"":445,""dest_ip"":""10.0.2.30"",""dest_port"":33624,""proto"":""TCP"",""pkt_src"":""vxlan encapsulation"",""community_id"":""1:nVDriYx9EsWy7U9/8OEBg6eOQDI="",""alert"":{""action"":""allowed"",""gid"":1,""signature_id"":21,""rev"":2,""signature"":""NTLMSSP_CHALLENGE"",""category"":"""",""severity"":1,""metadata"":{""ntlmssp"":[""challenge""]}},""tunnel"":{""src_ip"":""10.0.2.30"",""src_port"":65495,""dest_ip"":""10.0.2.9"",""dest_port"":4789,""proto"":""UDP"",""depth"":1,""pkt_src"":""wire/pcap""},""app_proto"":""smb"",""direction"":""to_client"",""flow"":{""pkts_toserver"":53,""pkts_toclient"":50,""bytes_toserver"":10910,""bytes_toclient"":10508,""start"":""2025-03-28T09:51:52.277261+0000"",""src_ip"":""10.0.2.30"",""dest_ip"":""10.0.2.29"",""src_port"":33624,""dest_port"":445},""capture_file"":""/var/log/suricata/nsm_data//log.pcap.1743155225"",""source"":""suricata""}"
2025-03-28T09:51:53.471Z,suricata,low,3,NTLM Challenge from 10.0.2.29 to 10.0.2.30,"{""timestamp"":""2025-03-28T09:51:52.474411+0000"",""flow_id"":64928927847341,""in_iface"":""ens5"",""event_type"":""alert"",""src_ip"":""10.0.2.29"",""src_port"":445,""dest_ip"":""10.0.2.30"",""dest_port"":33624,""proto"":""TCP"",""pkt_src"":""vxlan encapsulation"",""community_id"":""1:nVDriYx9EsWy7U9/8OEBg6eOQDI="",""alert"":{""action"":""allowed"",""gid"":1,""signature_id"":211,""rev"":2,""signature"":""NTLMSSP_CHALLENGE"",""category"":"""",""severity"":1,""metadata"":{""ntlmssp"":[""challenge""]}},""tunnel"":{""src_ip"":""10.0.2.30"",""src_port"":65495,""dest_ip"":""10.0.2.9"",""dest_port"":4789,""proto"":""UDP"",""depth"":1,""pkt_src"":""wire/pcap""},""app_proto"":""smb"",""direction"":""to_client"",""flow"":{""pkts_toserver"":53,""pkts_toclient"":50,""bytes_toserver"":10910,""bytes_toclient"":10508,""start"":""2025-03-28T09:51:52.277261+0000"",""src_ip"":""10.0.2.30"",""dest_ip"":""10.0.2.29"",""src_port"":33624,""dest_port"":445},""capture_file"":""/var/log/suricata/nsm_data//log.pcap.1743155225"",""source"":""suricata""}"
2025-03-28T09:51:54.687Z,DC1,low,6,"Successful Remote Logon Detected - User:\CLI1$ - NTLM authentication, possible pass-the-hash attack - Possible RDP connection. Verify that CLI1 is allowed to perform RDP connections","{""win"":{""system"":{""providerName"":""Microsoft-Windows-Security-Auditing"",""providerGuid"":""{54849625-5478-4994-a5ba-3e3b0328c30d}"",""eventID"":""4624"",""version"":""2"",""level"":""0"",""task"":""12544"",""opcode"":""0"",""keywords"":""0x8020000000000000"",""systemTime"":""2025-03-28T09:51:53.8573526Z"",""eventRecordID"":""260415"",""processID"":""832"",""threadID"":""6084"",""channel"":""Security"",""computer"":""DC1.PLUMETECH.LOCAL"",""severityValue"":""AUDIT_SUCCESS"",""message"":""\""An account was successfully logged on.\r\n\r\nSubject:\r\n\tSecurity ID:\t\tS-1-0-0\r\n\tAccount Name:\t\t-\r\n\tAccount Domain:\t\t-\r\n\tLogon ID:\t\t0x0\r\n\r\nLogon Information:\r\n\tLogon Type:\t\t3\r\n\tRestricted Admin Mode:\t-\r\n\tVirtual Account:\t\tNo\r\n\tElevated Token:\t\tYes\r\n\r\nImpersonation Level:\t\tImpersonation\r\n\r\nNew Logon:\r\n\tSecurity ID:\t\tS-1-5-21-742041295-2727698780-1124300366-1118\r\n\tAccount Name:\t\tCLI1$\r\n\tAccount Domain:\t\tPLUMETECH\r\n\tLogon ID:\t\t0x1614833\r\n\tLinked Logon ID:\t\t0x0\r\n\tNetwork Account Name:\t-\r\n\tNetwork Account Domain:\t-\r\n\tLogon GUID:\t\t{00000000-0000-0000-0000-000000000000}\r\n\r\nProcess Information:\r\n\tProcess ID:\t\t0x0\r\n\tProcess Name:\t\t-\r\n\r\nNetwork Information:\r\n\tWorkstation Name:\tCLI1\r\n\tSource Network Address:\t10.0.2.29\r\n\tSource Port:\t\t58678\r\n\r\nDetailed Authentication Information:\r\n\tLogon Process:\t\tNtLmSsp \r\n\tAuthentication Package:\tNTLM\r\n\tTransited Services:\t-\r\n\tPackage Name (NTLM only):\tNTLM V2\r\n\tKey Length:\t\t128\r\n\r\nThis event is generated when a logon session is created. It is generated on the computer that was accessed.\r\n\r\nThe subject fields indicate the account on the local system which requested the logon. This is most commonly a service such as the Server service, or a local process such as Winlogon.exe or Services.exe.\r\n\r\nThe logon type field indicates the kind of logon that occurred. The most common types are 2 (interactive) and 3 (network).\r\n\r\nThe New Logon fields indicate the account for whom the new logon was created, i.e. the account that was logged on.\r\n\r\nThe network fields indicate where a remote logon request originated. Workstation name is not always available and may be left blank in some cases.\r\n\r\nThe impersonation level field indicates the extent to which a process in the logon session can impersonate.\r\n\r\nThe authentication information fields provide detailed information about this specific logon request.\r\n\t- Logon GUID is a unique identifier that can be used to correlate this event with a KDC event.\r\n\t- Transited services indicate which intermediate services have participated in this logon request.\r\n\t- Package name indicates which sub-protocol was used among the NTLM protocols.\r\n\t- Key length indicates the length of the generated session key. This will be 0 if no session key was requested.\""""},""eventdata"":{""subjectUserSid"":""S-1-0-0"",""subjectLogonId"":""0x0"",""targetUserSid"":""S-1-5-21-742041295-2727698780-1124300366-1118"",""targetUserName"":""CLI1$"",""targetDomainName"":""PLUMETECH"",""targetLogonId"":""0x1614833"",""logonType"":""3"",""logonProcessName"":""NtLmSsp"",""authenticationPackageName"":""NTLM"",""workstationName"":""CLI1"",""logonGuid"":""{00000000-0000-0000-0000-000000000000}"",""lmPackageName"":""NTLM V2"",""keyLength"":""128"",""processId"":""0x0"",""ipAddress"":""10.0.2.29"",""ipPort"":""58678"",""impersonationLevel"":""%%1833"",""virtualAccount"":""%%1843"",""targetLinkedLogonId"":""0x0"",""elevatedToken"":""%%1842""}}}"
2025-03-28T09:51:54.691Z,DC1,low,6,"Successful Remote Logon Detected - User:\CLI1$ - NTLM authentication, possible pass-the-hash attack - Possible RDP connection. Verify that CLI1 is allowed to perform RDP connections","{""win"":{""system"":{""providerName"":""Microsoft-Windows-Security-Auditing"",""providerGuid"":""{54849625-5478-4994-a5ba-3e3b0328c30d}"",""eventID"":""4624"",""version"":""2"",""level"":""0"",""task"":""12544"",""opcode"":""0"",""keywords"":""0x8020000000000000"",""systemTime"":""2025-03-28T09:51:53.8857245Z"",""eventRecordID"":""260416"",""processID"":""832"",""threadID"":""6084"",""channel"":""Security"",""computer"":""DC1.PLUMETECH.LOCAL"",""severityValue"":""AUDIT_SUCCESS"",""message"":""\""An account was successfully logged on.\r\n\r\nSubject:\r\n\tSecurity ID:\t\tS-1-0-0\r\n\tAccount Name:\t\t-\r\n\tAccount Domain:\t\t-\r\n\tLogon ID:\t\t0x0\r\n\r\nLogon Information:\r\n\tLogon Type:\t\t3\r\n\tRestricted Admin Mode:\t-\r\n\tVirtual Account:\t\tNo\r\n\tElevated Token:\t\tYes\r\n\r\nImpersonation Level:\t\tImpersonation\r\n\r\nNew Logon:\r\n\tSecurity ID:\t\tS-1-5-21-742041295-2727698780-1124300366-1118\r\n\tAccount Name:\t\tCLI1$\r\n\tAccount Domain:\t\tPLUMETECH\r\n\tLogon ID:\t\t0x1614880\r\n\tLinked Logon ID:\t\t0x0\r\n\tNetwork Account Name:\t-\r\n\tNetwork Account Domain:\t-\r\n\tLogon GUID:\t\t{00000000-0000-0000-0000-000000000000}\r\n\r\nProcess Information:\r\n\tProcess ID:\t\t0x0\r\n\tProcess Name:\t\t-\r\n\r\nNetwork Information:\r\n\tWorkstation Name:\tCLI1\r\n\tSource Network Address:\t10.0.2.29\r\n\tSource Port:\t\t58680\r\n\r\nDetailed Authentication Information:\r\n\tLogon Process:\t\tNtLmSsp \r\n\tAuthentication Package:\tNTLM\r\n\tTransited Services:\t-\r\n\tPackage Name (NTLM only):\tNTLM V2\r\n\tKey Length:\t\t128\r\n\r\nThis event is generated when a logon session is created. It is generated on the computer that was accessed.\r\n\r\nThe subject fields indicate the account on the local system which requested the logon. This is most commonly a service such as the Server service, or a local process such as Winlogon.exe or Services.exe.\r\n\r\nThe logon type field indicates the kind of logon that occurred. The most common types are 2 (interactive) and 3 (network).\r\n\r\nThe New Logon fields indicate the account for whom the new logon was created, i.e. the account that was logged on.\r\n\r\nThe network fields indicate where a remote logon request originated. Workstation name is not always available and may be left blank in some cases.\r\n\r\nThe impersonation level field indicates the extent to which a process in the logon session can impersonate.\r\n\r\nThe authentication information fields provide detailed information about this specific logon request.\r\n\t- Logon GUID is a unique identifier that can be used to correlate this event with a KDC event.\r\n\t- Transited services indicate which intermediate services have participated in this logon request.\r\n\t- Package name indicates which sub-protocol was used among the NTLM protocols.\r\n\t- Key length indicates the length of the generated session key. This will be 0 if no session key was requested.\""""},""eventdata"":{""subjectUserSid"":""S-1-0-0"",""subjectLogonId"":""0x0"",""targetUserSid"":""S-1-5-21-742041295-2727698780-1124300366-1118"",""targetUserName"":""CLI1$"",""targetDomainName"":""PLUMETECH"",""targetLogonId"":""0x1614880"",""logonType"":""3"",""logonProcessName"":""NtLmSsp"",""authenticationPackageName"":""NTLM"",""workstationName"":""CLI1"",""logonGuid"":""{00000000-0000-0000-0000-000000000000}"",""lmPackageName"":""NTLM V2"",""keyLength"":""128"",""processId"":""0x0"",""ipAddress"":""10.0.2.29"",""ipPort"":""58680"",""impersonationLevel"":""%%1833"",""virtualAccount"":""%%1843"",""targetLinkedLogonId"":""0x0"",""elevatedToken"":""%%1842""}}}"
2025-03-28T09:51:54.698Z,DC1,low,6,"Successful Remote Logon Detected - User:\CLI1$ - NTLM authentication, possible pass-the-hash attack - Possible RDP connection. Verify that CLI1 is allowed to perform RDP connections","{""win"":{""system"":{""providerName"":""Microsoft-Windows-Security-Auditing"",""providerGuid"":""{54849625-5478-4994-a5ba-3e3b0328c30d}"",""eventID"":""4624"",""version"":""2"",""level"":""0"",""task"":""12544"",""opcode"":""0"",""keywords"":""0x8020000000000000"",""systemTime"":""2025-03-28T09:51:53.9962503Z"",""eventRecordID"":""260417"",""processID"":""832"",""threadID"":""4616"",""channel"":""Security"",""computer"":""DC1.PLUMETECH.LOCAL"",""severityValue"":""AUDIT_SUCCESS"",""message"":""\""An account was successfully logged on.\r\n\r\nSubject:\r\n\tSecurity ID:\t\tS-1-0-0\r\n\tAccount Name:\t\t-\r\n\tAccount Domain:\t\t-\r\n\tLogon ID:\t\t0x0\r\n\r\nLogon Information:\r\n\tLogon Type:\t\t3\r\n\tRestricted Admin Mode:\t-\r\n\tVirtual Account:\t\tNo\r\n\tElevated Token:\t\tYes\r\n\r\nImpersonation Level:\t\tImpersonation\r\n\r\nNew Logon:\r\n\tSecurity ID:\t\tS-1-5-21-742041295-2727698780-1124300366-1118\r\n\tAccount Name:\t\tCLI1$\r\n\tAccount Domain:\t\tPLUMETECH\r\n\tLogon ID:\t\t0x16148E6\r\n\tLinked Logon ID:\t\t0x0\r\n\tNetwork Account Name:\t-\r\n\tNetwork Account Domain:\t-\r\n\tLogon GUID:\t\t{00000000-0000-0000-0000-000000000000}\r\n\r\nProcess Information:\r\n\tProcess ID:\t\t0x0\r\n\tProcess Name:\t\t-\r\n\r\nNetwork Information:\r\n\tWorkstation Name:\tCLI1\r\n\tSource Network Address:\t10.0.2.29\r\n\tSource Port:\t\t58681\r\n\r\nDetailed Authentication Information:\r\n\tLogon Process:\t\tNtLmSsp \r\n\tAuthentication Package:\tNTLM\r\n\tTransited Services:\t-\r\n\tPackage Name (NTLM only):\tNTLM V2\r\n\tKey Length:\t\t128\r\n\r\nThis event is generated when a logon session is created. It is generated on the computer that was accessed.\r\n\r\nThe subject fields indicate the account on the local system which requested the logon. This is most commonly a service such as the Server service, or a local process such as Winlogon.exe or Services.exe.\r\n\r\nThe logon type field indicates the kind of logon that occurred. The most common types are 2 (interactive) and 3 (network).\r\n\r\nThe New Logon fields indicate the account for whom the new logon was created, i.e. the account that was logged on.\r\n\r\nThe network fields indicate where a remote logon request originated. Workstation name is not always available and may be left blank in some cases.\r\n\r\nThe impersonation level field indicates the extent to which a process in the logon session can impersonate.\r\n\r\nThe authentication information fields provide detailed information about this specific logon request.\r\n\t- Logon GUID is a unique identifier that can be used to correlate this event with a KDC event.\r\n\t- Transited services indicate which intermediate services have participated in this logon request.\r\n\t- Package name indicates which sub-protocol was used among the NTLM protocols.\r\n\t- Key length indicates the length of the generated session key. This will be 0 if no session key was requested.\""""},""eventdata"":{""subjectUserSid"":""S-1-0-0"",""subjectLogonId"":""0x0"",""targetUserSid"":""S-1-5-21-742041295-2727698780-1124300366-1118"",""targetUserName"":""CLI1$"",""targetDomainName"":""PLUMETECH"",""targetLogonId"":""0x16148e6"",""logonType"":""3"",""logonProcessName"":""NtLmSsp"",""authenticationPackageName"":""NTLM"",""workstationName"":""CLI1"",""logonGuid"":""{00000000-0000-0000-0000-000000000000}"",""lmPackageName"":""NTLM V2"",""keyLength"":""128"",""processId"":""0x0"",""ipAddress"":""10.0.2.29"",""ipPort"":""58681"",""impersonationLevel"":""%%1833"",""virtualAccount"":""%%1843"",""targetLinkedLogonId"":""0x0"",""elevatedToken"":""%%1842""}}}"
2025-03-28T09:51:54.714Z,DC1,low,6,"Successful Remote Logon Detected - User:\CLI1$ - NTLM authentication, possible pass-the-hash attack - Possible RDP connection. Verify that CLI1 is allowed to perform RDP connections","{""win"":{""system"":{""providerName"":""Microsoft-Windows-Security-Auditing"",""providerGuid"":""{54849625-5478-4994-a5ba-3e3b0328c30d}"",""eventID"":""4624"",""version"":""2"",""level"":""0"",""task"":""12544"",""opcode"":""0"",""keywords"":""0x8020000000000000"",""systemTime"":""2025-03-28T09:51:54.1059082Z"",""eventRecordID"":""260418"",""processID"":""832"",""threadID"":""4616"",""channel"":""Security"",""computer"":""DC1.PLUMETECH.LOCAL"",""severityValue"":""AUDIT_SUCCESS"",""message"":""\""An account was successfully logged on.\r\n\r\nSubject:\r\n\tSecurity ID:\t\tS-1-0-0\r\n\tAccount Name:\t\t-\r\n\tAccount Domain:\t\t-\r\n\tLogon ID:\t\t0x0\r\n\r\nLogon Information:\r\n\tLogon Type:\t\t3\r\n\tRestricted Admin Mode:\t-\r\n\tVirtual Account:\t\tNo\r\n\tElevated Token:\t\tYes\r\n\r\nImpersonation Level:\t\tImpersonation\r\n\r\nNew Logon:\r\n\tSecurity ID:\t\tS-1-5-21-742041295-2727698780-1124300366-1118\r\n\tAccount Name:\t\tCLI1$\r\n\tAccount Domain:\t\tPLUMETECH\r\n\tLogon ID:\t\t0x1614918\r\n\tLinked Logon ID:\t\t0x0\r\n\tNetwork Account Name:\t-\r\n\tNetwork Account Domain:\t-\r\n\tLogon GUID:\t\t{00000000-0000-0000-0000-000000000000}\r\n\r\nProcess Information:\r\n\tProcess ID:\t\t0x0\r\n\tProcess Name:\t\t-\r\n\r\nNetwork Information:\r\n\tWorkstation Name:\tCLI1\r\n\tSource Network Address:\t10.0.2.29\r\n\tSource Port:\t\t58682\r\n\r\nDetailed Authentication Information:\r\n\tLogon Process:\t\tNtLmSsp \r\n\tAuthentication Package:\tNTLM\r\n\tTransited Services:\t-\r\n\tPackage Name (NTLM only):\tNTLM V2\r\n\tKey Length:\t\t128\r\n\r\nThis event is generated when a logon session is created. It is generated on the computer that was accessed.\r\n\r\nThe subject fields indicate the account on the local system which requested the logon. This is most commonly a service such as the Server service, or a local process such as Winlogon.exe or Services.exe.\r\n\r\nThe logon type field indicates the kind of logon that occurred. The most common types are 2 (interactive) and 3 (network).\r\n\r\nThe New Logon fields indicate the account for whom the new logon was created, i.e. the account that was logged on.\r\n\r\nThe network fields indicate where a remote logon request originated. Workstation name is not always available and may be left blank in some cases.\r\n\r\nThe impersonation level field indicates the extent to which a process in the logon session can impersonate.\r\n\r\nThe authentication information fields provide detailed information about this specific logon request.\r\n\t- Logon GUID is a unique identifier that can be used to correlate this event with a KDC event.\r\n\t- Transited services indicate which intermediate services have participated in this logon request.\r\n\t- Package name indicates which sub-protocol was used among the NTLM protocols.\r\n\t- Key length indicates the length of the generated session key. This will be 0 if no session key was requested.\""""},""eventdata"":{""subjectUserSid"":""S-1-0-0"",""subjectLogonId"":""0x0"",""targetUserSid"":""S-1-5-21-742041295-2727698780-1124300366-1118"",""targetUserName"":""CLI1$"",""targetDomainName"":""PLUMETECH"",""targetLogonId"":""0x1614918"",""logonType"":""3"",""logonProcessName"":""NtLmSsp"",""authenticationPackageName"":""NTLM"",""workstationName"":""CLI1"",""logonGuid"":""{00000000-0000-0000-0000-000000000000}"",""lmPackageName"":""NTLM V2"",""keyLength"":""128"",""processId"":""0x0"",""ipAddress"":""10.0.2.29"",""ipPort"":""58682"",""impersonationLevel"":""%%1833"",""virtualAccount"":""%%1843"",""targetLinkedLogonId"":""0x0"",""elevatedToken"":""%%1842""}}}"
2025-03-28T09:51:55.423Z,suricata,low,3,Informational Suricata Alert: Stamus Networks MS-LSAD service - LsarQueryInformationPolicy,"{""timestamp"":""2025-03-28T09:51:53.660128+0000"",""flow_id"":481864328096251,""in_iface"":""ens5"",""event_type"":""alert"",""src_ip"":""10.0.2.29"",""src_port"":58678,""dest_ip"":""10.0.2.11"",""dest_port"":445,""proto"":""TCP"",""pkt_src"":""vxlan encapsulation"",""metadata"":{""flowbits"":[""stamus.lsad.service.LsarQueryInformationPolicy""]},""community_id"":""1:lc07dhVduWhl5r4wSoFNxEX7nME="",""tx_id"":9,""alert"":{""action"":""allowed"",""gid"":1,""signature_id"":3115259,""rev"":4,""signature"":""Stamus Networks MS-LSAD service - LsarQueryInformationPolicy"",""category"":"""",""severity"":3,""source"":{""ip"":""10.0.2.29"",""port"":58678},""target"":{""ip"":""10.0.2.11"",""port"":445},""metadata"":{""created_at"":[""2022_04_02""],""lateral_asset"":[""src_ip""],""lateral_function"":[""LsarQueryInformationPolicy""],""lateral_key"":[""dcerpc.iface""],""provider"":[""Stamus""],""signature_severity"":[""Informational""],""source"":[""smb_lateral""],""stamus_classification"":[""lateral""],""updated_at"":[""2024_08_05""]}},""tunnel"":{""src_ip"":""10.0.2.29"",""src_port"":65463,""dest_ip"":""10.0.2.9"",""dest_port"":4789,""proto"":""UDP"",""depth"":1,""pkt_src"":""wire/pcap""},""smb"":{""id"":10,""dialect"":""3.11"",""command"":""SMB2_COMMAND_IOCTL"",""status"":""STATUS_SUCCESS"",""status_code"":""0x0"",""session_id"":79165038526573,""tree_id"":1,""dcerpc"":{""request"":""REQUEST"",""response"":""RESPONSE"",""opnum"":7,""req"":{""frag_cnt"":1,""stub_data_size"":24},""res"":{""frag_cnt"":1,""stub_data_size"":124},""call_id"":3}},""app_proto"":""smb"",""direction"":""to_server"",""flow"":{""pkts_toserver"":56,""pkts_toclient"":46,""bytes_toserver"":10697,""bytes_toclient"":10120,""start"":""2025-03-28T09:51:53.505408+0000"",""src_ip"":""10.0.2.29"",""dest_ip"":""10.0.2.11"",""src_port"":58678,""dest_port"":445},""capture_file"":""/var/log/suricata/nsm_data//log.pcap.1743155225"",""source"":""suricata""}"
2025-03-28T09:51:55.437Z,suricata,low,3,Informational Suricata Alert: Stamus Networks MS-SAMR service - SamrLookupNamesInDomain,"{""timestamp"":""2025-03-28T09:51:53.681784+0000"",""flow_id"":481864328096251,""in_iface"":""ens5"",""event_type"":""alert"",""src_ip"":""10.0.2.29"",""src_port"":58678,""dest_ip"":""10.0.2.11"",""dest_port"":445,""proto"":""TCP"",""pkt_src"":""vxlan encapsulation"",""metadata"":{""flowbits"":[""stamus.lsad.service.LsarQueryInformationPolicy"",""stamus.samr.service.SamrLookupNamesInDomain""]},""community_id"":""1:lc07dhVduWhl5r4wSoFNxEX7nME="",""tx_id"":15,""alert"":{""action"":""allowed"",""gid"":1,""signature_id"":3115607,""rev"":4,""signature"":""Stamus Networks MS-SAMR service - SamrLookupNamesInDomain"",""category"":"""",""severity"":3,""source"":{""ip"":""10.0.2.29"",""port"":58678},""target"":{""ip"":""10.0.2.11"",""port"":445},""metadata"":{""created_at"":[""2022_04_03""],""lateral_asset"":[""src_ip""],""lateral_function"":[""SamrLookupNamesInDomain""],""lateral_key"":[""dcerpc.iface""],""provider"":[""Stamus""],""signature_severity"":[""Informational""],""source"":[""smb_lateral""],""stamus_classification"":[""lateral""],""updated_at"":[""2024_08_05""]}},""tunnel"":{""src_ip"":""10.0.2.29"",""src_port"":65463,""dest_ip"":""10.0.2.9"",""dest_port"":4789,""proto"":""UDP"",""depth"":1,""pkt_src"":""wire/pcap""},""smb"":{""id"":16,""dialect"":""3.11"",""command"":""SMB2_COMMAND_IOCTL"",""status"":""STATUS_SUCCESS"",""status_code"":""0x0"",""session_id"":79165038526573,""tree_id"":1,""dcerpc"":{""request"":""REQUEST"",""response"":""RESPONSE"",""opnum"":17,""req"":{""frag_cnt"":1,""stub_data_size"":100},""res"":{""frag_cnt"":1,""stub_data_size"":64},""call_id"":4}},""app_proto"":""smb"",""direction"":""to_server"",""flow"":{""pkts_toserver"":91,""pkts_toclient"":81,""bytes_toserver"":17864,""bytes_toclient"":17048,""start"":""2025-03-28T09:51:53.505408+0000"",""src_ip"":""10.0.2.29"",""dest_ip"":""10.0.2.11"",""src_port"":58678,""dest_port"":445},""capture_file"":""/var/log/suricata/nsm_data//log.pcap.1743155225"",""source"":""suricata""}"
2025-03-28T09:51:55.438Z,suricata,low,3,Informational Suricata Alert: Stamus Networks MS-SAMR service - SamrOpenUser,"{""timestamp"":""2025-03-28T09:51:53.687331+0000"",""flow_id"":481864328096251,""in_iface"":""ens5"",""event_type"":""alert"",""src_ip"":""10.0.2.29"",""src_port"":58678,""dest_ip"":""10.0.2.11"",""dest_port"":445,""proto"":""TCP"",""pkt_src"":""vxlan encapsulation"",""metadata"":{""flowbits"":[""stamus.lsad.service.LsarQueryInformationPolicy"",""stamus.samr.service.SamrLookupNamesInDomain"",""stamus.samr.service.SamrOpenUser""]},""community_id"":""1:lc07dhVduWhl5r4wSoFNxEX7nME="",""tx_id"":16,""alert"":{""action"":""allowed"",""gid"":1,""signature_id"":3115624,""rev"":4,""signature"":""Stamus Networks MS-SAMR service - SamrOpenUser"",""category"":"""",""severity"":3,""source"":{""ip"":""10.0.2.29"",""port"":58678},""target"":{""ip"":""10.0.2.11"",""port"":445},""metadata"":{""created_at"":[""2022_04_03""],""lateral_asset"":[""src_ip""],""lateral_function"":[""SamrOpenUser""],""lateral_key"":[""dcerpc.iface""],""provider"":[""Stamus""],""signature_severity"":[""Informational""],""source"":[""smb_lateral""],""stamus_classification"":[""lateral""],""updated_at"":[""2024_08_05""]}},""tunnel"":{""src_ip"":""10.0.2.9"",""src_port"":4789,""dest_ip"":""10.0.2.8"",""dest_port"":4789,""proto"":""UDP"",""depth"":1,""pkt_src"":""wire/pcap""},""smb"":{""id"":17,""dialect"":""3.11"",""command"":""SMB2_COMMAND_IOCTL"",""status"":""STATUS_SUCCESS"",""status_code"":""0x0"",""session_id"":79165038526573,""tree_id"":1,""dcerpc"":{""request"":""REQUEST"",""response"":""RESPONSE"",""opnum"":34,""req"":{""frag_cnt"":1,""stub_data_size"":28},""res"":{""frag_cnt"":1,""stub_data_size"":24},""call_id"":6}},""app_proto"":""smb"",""direction"":""to_server"",""flow"":{""pkts_toserver"":101,""pkts_toclient"":91,""bytes_toserver"":20400,""bytes_toclient"":19292,""start"":""2025-03-28T09:51:53.505408+0000"",""src_ip"":""10.0.2.29"",""dest_ip"":""10.0.2.11"",""src_port"":58678,""dest_port"":445},""capture_file"":""/var/log/suricata/nsm_data//log.pcap.1743155225"",""source"":""suricata""}"
2025-03-28T09:51:55.439Z,suricata,critical,16,Certain NTLM relaying from 10.0.2.11 to 10.0.2.29,"{""timestamp"":""2025-03-28T09:51:53.692918+0000"",""flow_id"":481864328096251,""in_iface"":""ens5"",""event_type"":""alert"",""src_ip"":""10.0.2.11"",""src_port"":445,""dest_ip"":""10.0.2.29"",""dest_port"":58678,""proto"":""TCP"",""pkt_src"":""vxlan encapsulation"",""metadata"":{""flowbits"":[""stamus.lsad.service.LsarQueryInformationPolicy"",""stamus.samr.service.SamrLookupNamesInDomain"",""stamus.samr.service.SamrOpenUser""]},""community_id"":""1:lc07dhVduWhl5r4wSoFNxEX7nME="",""alert"":{""action"":""allowed"",""gid"":1,""signature_id"":21,""rev"":2,""signature"":""NTLMSSP_CHALLENGE"",""category"":"""",""severity"":1,""metadata"":{""ntlmssp"":[""challenge""]}},""tunnel"":{""src_ip"":""10.0.2.11"",""src_port"":65417,""dest_ip"":""10.0.2.9"",""dest_port"":4789,""proto"":""UDP"",""depth"":1,""pkt_src"":""wire/pcap""},""app_proto"":""smb"",""direction"":""to_client"",""flow"":{""pkts_toserver"":106,""pkts_toclient"":95,""bytes_toserver"":21212,""bytes_toclient"":20072,""start"":""2025-03-28T09:51:53.505408+0000"",""src_ip"":""10.0.2.29"",""dest_ip"":""10.0.2.11"",""src_port"":58678,""dest_port"":445},""capture_file"":""/var/log/suricata/nsm_data//log.pcap.1743155225"",""source"":""suricata""}"
2025-03-28T09:51:55.439Z,suricata,critical,16,Certain NTLM relaying from 10.0.2.11 to 10.0.2.29,"{""timestamp"":""2025-03-28T09:51:53.692918+0000"",""flow_id"":481864328096251,""in_iface"":""ens5"",""event_type"":""alert"",""src_ip"":""10.0.2.11"",""src_port"":445,""dest_ip"":""10.0.2.29"",""dest_port"":58678,""proto"":""TCP"",""pkt_src"":""vxlan encapsulation"",""metadata"":{""flowbits"":[""stamus.lsad.service.LsarQueryInformationPolicy"",""stamus.samr.service.SamrLookupNamesInDomain"",""stamus.samr.service.SamrOpenUser""]},""community_id"":""1:lc07dhVduWhl5r4wSoFNxEX7nME="",""alert"":{""action"":""allowed"",""gid"":1,""signature_id"":211,""rev"":2,""signature"":""NTLMSSP_CHALLENGE"",""category"":"""",""severity"":1,""metadata"":{""ntlmssp"":[""challenge""]}},""tunnel"":{""src_ip"":""10.0.2.11"",""src_port"":65417,""dest_ip"":""10.0.2.9"",""dest_port"":4789,""proto"":""UDP"",""depth"":1,""pkt_src"":""wire/pcap""},""app_proto"":""smb"",""direction"":""to_client"",""flow"":{""pkts_toserver"":106,""pkts_toclient"":95,""bytes_toserver"":21212,""bytes_toclient"":20072,""start"":""2025-03-28T09:51:53.505408+0000"",""src_ip"":""10.0.2.29"",""dest_ip"":""10.0.2.11"",""src_port"":58678,""dest_port"":445},""capture_file"":""/var/log/suricata/nsm_data//log.pcap.1743155225"",""source"":""suricata""}"
2025-03-28T09:52:01.405Z,suricata,low,3,NTLM Challenge from 10.0.2.11 to 10.0.2.12,"{""timestamp"":""2025-03-28T09:51:59.488730+0000"",""flow_id"":1296558258799497,""in_iface"":""ens5"",""event_type"":""alert"",""src_ip"":""10.0.2.11"",""src_port"":445,""dest_ip"":""10.0.2.12"",""dest_port"":61018,""proto"":""TCP"",""pkt_src"":""vxlan encapsulation"",""metadata"":{""flowbits"":[""stamus.lsad.service.LsarQueryInformationPolicy""]},""community_id"":""1:oay1yph7Ibu6PuLj5c04pEG6ueU="",""alert"":{""action"":""allowed"",""gid"":1,""signature_id"":21,""rev"":2,""signature"":""NTLMSSP_CHALLENGE"",""category"":"""",""severity"":1,""metadata"":{""ntlmssp"":[""challenge""]}},""tunnel"":{""src_ip"":""10.0.2.11"",""src_port"":65496,""dest_ip"":""10.0.2.9"",""dest_port"":4789,""proto"":""UDP"",""depth"":1,""pkt_src"":""wire/pcap""},""app_proto"":""smb"",""direction"":""to_client"",""flow"":{""pkts_toserver"":105,""pkts_toclient"":97,""bytes_toserver"":21020,""bytes_toclient"":20136,""start"":""2025-03-28T09:51:48.695094+0000"",""src_ip"":""10.0.2.12"",""dest_ip"":""10.0.2.11"",""src_port"":61018,""dest_port"":445},""capture_file"":""/var/log/suricata/nsm_data//log.pcap.1743155225"",""source"":""suricata""}"
2025-03-28T09:52:01.405Z,suricata,low,3,NTLM Challenge from 10.0.2.11 to 10.0.2.12,"{""timestamp"":""2025-03-28T09:51:59.488730+0000"",""flow_id"":1296558258799497,""in_iface"":""ens5"",""event_type"":""alert"",""src_ip"":""10.0.2.11"",""src_port"":445,""dest_ip"":""10.0.2.12"",""dest_port"":61018,""proto"":""TCP"",""pkt_src"":""vxlan encapsulation"",""metadata"":{""flowbits"":[""stamus.lsad.service.LsarQueryInformationPolicy""]},""community_id"":""1:oay1yph7Ibu6PuLj5c04pEG6ueU="",""alert"":{""action"":""allowed"",""gid"":1,""signature_id"":211,""rev"":2,""signature"":""NTLMSSP_CHALLENGE"",""category"":"""",""severity"":1,""metadata"":{""ntlmssp"":[""challenge""]}},""tunnel"":{""src_ip"":""10.0.2.11"",""src_port"":65496,""dest_ip"":""10.0.2.9"",""dest_port"":4789,""proto"":""UDP"",""depth"":1,""pkt_src"":""wire/pcap""},""app_proto"":""smb"",""direction"":""to_client"",""flow"":{""pkts_toserver"":105,""pkts_toclient"":97,""bytes_toserver"":21020,""bytes_toclient"":20136,""start"":""2025-03-28T09:51:48.695094+0000"",""src_ip"":""10.0.2.12"",""dest_ip"":""10.0.2.11"",""src_port"":61018,""dest_port"":445},""capture_file"":""/var/log/suricata/nsm_data//log.pcap.1743155225"",""source"":""suricata""}"
2025-03-28T09:52:01.406Z,suricata,low,3,NTLM Challenge from 10.0.2.11 to 10.0.2.12,"{""timestamp"":""2025-03-28T09:51:59.488362+0000"",""flow_id"":1234558199541487,""in_iface"":""ens5"",""event_type"":""alert"",""src_ip"":""10.0.2.11"",""src_port"":445,""dest_ip"":""10.0.2.12"",""dest_port"":61022,""proto"":""TCP"",""pkt_src"":""vxlan encapsulation"",""community_id"":""1:Q0Go74z5gfEwRsqPEBaZr6tqGzs="",""alert"":{""action"":""allowed"",""gid"":1,""signature_id"":21,""rev"":2,""signature"":""NTLMSSP_CHALLENGE"",""category"":"""",""severity"":1,""metadata"":{""ntlmssp"":[""challenge""]}},""tunnel"":{""src_ip"":""10.0.2.12"",""src_port"":65505,""dest_ip"":""10.0.2.9"",""dest_port"":4789,""proto"":""UDP"",""depth"":1,""pkt_src"":""wire/pcap""},""smb"":{""id"":1,""dialect"":""3.11"",""command"":""SMB2_COMMAND_NEGOTIATE_PROTOCOL"",""session_id"":0,""tree_id"":0,""client_dialects"":[""3.11""],""client_guid"":""96cedfd8-0ba1-11f0-fdba-640269772c4a"",""server_guid"":"""",""max_read_size"":8388608,""max_write_size"":8388608},""app_proto"":""smb"",""direction"":""to_client"",""flow"":{""pkts_toserver"":29,""pkts_toclient"":20,""bytes_toserver"":5740,""bytes_toclient"":4424,""start"":""2025-03-28T09:51:48.942802+0000"",""src_ip"":""10.0.2.12"",""dest_ip"":""10.0.2.11"",""src_port"":61022,""dest_port"":445},""capture_file"":""/var/log/suricata/nsm_data//log.pcap.1743155225"",""source"":""suricata""}"
2025-03-28T09:52:01.407Z,suricata,low,3,NTLM Challenge from 10.0.2.11 to 10.0.2.12,"{""timestamp"":""2025-03-28T09:51:59.488362+0000"",""flow_id"":1234558199541487,""in_iface"":""ens5"",""event_type"":""alert"",""src_ip"":""10.0.2.11"",""src_port"":445,""dest_ip"":""10.0.2.12"",""dest_port"":61022,""proto"":""TCP"",""pkt_src"":""vxlan encapsulation"",""community_id"":""1:Q0Go74z5gfEwRsqPEBaZr6tqGzs="",""alert"":{""action"":""allowed"",""gid"":1,""signature_id"":211,""rev"":2,""signature"":""NTLMSSP_CHALLENGE"",""category"":"""",""severity"":1,""metadata"":{""ntlmssp"":[""challenge""]}},""tunnel"":{""src_ip"":""10.0.2.12"",""src_port"":65505,""dest_ip"":""10.0.2.9"",""dest_port"":4789,""proto"":""UDP"",""depth"":1,""pkt_src"":""wire/pcap""},""smb"":{""id"":1,""dialect"":""3.11"",""command"":""SMB2_COMMAND_NEGOTIATE_PROTOCOL"",""session_id"":0,""tree_id"":0,""client_dialects"":[""3.11""],""client_guid"":""96cedfd8-0ba1-11f0-fdba-640269772c4a"",""server_guid"":"""",""max_read_size"":8388608,""max_write_size"":8388608},""app_proto"":""smb"",""direction"":""to_client"",""flow"":{""pkts_toserver"":29,""pkts_toclient"":20,""bytes_toserver"":5740,""bytes_toclient"":4424,""start"":""2025-03-28T09:51:48.942802+0000"",""src_ip"":""10.0.2.12"",""dest_ip"":""10.0.2.11"",""src_port"":61022,""dest_port"":445},""capture_file"":""/var/log/suricata/nsm_data//log.pcap.1743155225"",""source"":""suricata""}"
2025-03-28T09:52:01.751Z,OTDC1,low,3,Windows Logon Success,"""An account was successfully logged on.

Subject:
	Security ID:		S-1-0-0
	Account Name:		-
	Account Domain:		-
	Logon ID:		0x0

Logon Information:
	Logon Type:		3
	Restricted Admin Mode:	-
	Virtual Account:		No
	Elevated Token:		Yes

Impersonation Level:		Impersonation

New Logon:
	Security ID:		S-1-5-18
	Account Name:		OTDC1$
	Account Domain:		PLUMETECH-OT.LOCAL
	Logon ID:		0x1359E35
	Linked Logon ID:		0x0
	Network Account Name:	-
	Network Account Domain:	-
	Logon GUID:		{7e70aad8-ff7c-445b-1e89-ec65cb914a8c}

Process Information:
	Process ID:		0x0
	Process Name:		-

Network Information:
	Workstation Name:	-
	Source Network Address:	fe80::5d66:be3:b9e3:32ae
	Source Port:		49813

Detailed Authentication Information:
	Logon Process:		Kerberos
	Authentication Package:	Kerberos
	Transited Services:	-
	Package Name (NTLM only):	-
	Key Length:		0

This event is generated when a logon session is created. It is generated on the computer that was accessed.

The subject fields indicate the account on the local system which requested the logon. This is most commonly a service such as the Server service, or a local process such as Winlogon.exe or Services.exe.

The logon type field indicates the kind of logon that occurred. The most common types are 2 (interactive) and 3 (network).

The New Logon fields indicate the account for whom the new logon was created, i.e. the account that was logged on.

The network fields indicate where a remote logon request originated. Workstation name is not always available and may be left blank in some cases.

The impersonation level field indicates the extent to which a process in the logon session can impersonate.

The authentication information fields provide detailed information about this specific logon request.
	- Logon GUID is a unique identifier that can be used to correlate this event with a KDC event.
	- Transited services indicate which intermediate services have participated in this logon request.
	- Package name indicates which sub-protocol was used among the NTLM protocols.
	- Key length indicates the length of the generated session key. This will be 0 if no session key was requested."""
2025-03-28T09:52:01.755Z,OTDC1,low,3,Windows Logon Success,"""An account was successfully logged on.

Subject:
	Security ID:		S-1-0-0
	Account Name:		-
	Account Domain:		-
	Logon ID:		0x0

Logon Information:
	Logon Type:		3
	Restricted Admin Mode:	-
	Virtual Account:		No
	Elevated Token:		Yes

Impersonation Level:		Impersonation

New Logon:
	Security ID:		S-1-5-18
	Account Name:		OTDC1$
	Account Domain:		PLUMETECH-OT.LOCAL
	Logon ID:		0x1359ED9
	Linked Logon ID:		0x0
	Network Account Name:	-
	Network Account Domain:	-
	Logon GUID:		{7e70aad8-ff7c-445b-1e89-ec65cb914a8c}

Process Information:
	Process ID:		0x0
	Process Name:		-

Network Information:
	Workstation Name:	-
	Source Network Address:	fe80::5d66:be3:b9e3:32ae
	Source Port:		49814

Detailed Authentication Information:
	Logon Process:		Kerberos
	Authentication Package:	Kerberos
	Transited Services:	-
	Package Name (NTLM only):	-
	Key Length:		0

This event is generated when a logon session is created. It is generated on the computer that was accessed.

The subject fields indicate the account on the local system which requested the logon. This is most commonly a service such as the Server service, or a local process such as Winlogon.exe or Services.exe.

The logon type field indicates the kind of logon that occurred. The most common types are 2 (interactive) and 3 (network).

The New Logon fields indicate the account for whom the new logon was created, i.e. the account that was logged on.

The network fields indicate where a remote logon request originated. Workstation name is not always available and may be left blank in some cases.

The impersonation level field indicates the extent to which a process in the logon session can impersonate.

The authentication information fields provide detailed information about this specific logon request.
	- Logon GUID is a unique identifier that can be used to correlate this event with a KDC event.
	- Transited services indicate which intermediate services have participated in this logon request.
	- Package name indicates which sub-protocol was used among the NTLM protocols.
	- Key length indicates the length of the generated session key. This will be 0 if no session key was requested."""
2025-03-28T09:52:07.765Z,DC1,low,3,Windows Logon Success,"""An account was successfully logged on.

Subject:
	Security ID:		S-1-0-0
	Account Name:		-
	Account Domain:		-
	Logon ID:		0x0

Logon Information:
	Logon Type:		3
	Restricted Admin Mode:	-
	Virtual Account:		No
	Elevated Token:		Yes

Impersonation Level:		Impersonation

New Logon:
	Security ID:		S-1-5-18
	Account Name:		DC1$
	Account Domain:		PLUMETECH.LOCAL
	Logon ID:		0x1615081
	Linked Logon ID:		0x0
	Network Account Name:	-
	Network Account Domain:	-
	Logon GUID:		{135076b4-c946-31b9-05a5-29a4c0549096}

Process Information:
	Process ID:		0x0
	Process Name:		-

Network Information:
	Workstation Name:	-
	Source Network Address:	::1
	Source Port:		63250

Detailed Authentication Information:
	Logon Process:		Kerberos
	Authentication Package:	Kerberos
	Transited Services:	-
	Package Name (NTLM only):	-
	Key Length:		0

This event is generated when a logon session is created. It is generated on the computer that was accessed.

The subject fields indicate the account on the local system which requested the logon. This is most commonly a service such as the Server service, or a local process such as Winlogon.exe or Services.exe.

The logon type field indicates the kind of logon that occurred. The most common types are 2 (interactive) and 3 (network).

The New Logon fields indicate the account for whom the new logon was created, i.e. the account that was logged on.

The network fields indicate where a remote logon request originated. Workstation name is not always available and may be left blank in some cases.

The impersonation level field indicates the extent to which a process in the logon session can impersonate.

The authentication information fields provide detailed information about this specific logon request.
	- Logon GUID is a unique identifier that can be used to correlate this event with a KDC event.
	- Transited services indicate which intermediate services have participated in this logon request.
	- Package name indicates which sub-protocol was used among the NTLM protocols.
	- Key length indicates the length of the generated session key. This will be 0 if no session key was requested."""
2025-03-28T09:52:11.415Z,suricata,low,3,NTLM Challenge from 10.0.2.12 to 10.0.2.30,"{""timestamp"":""2025-03-28T09:52:10.052895+0000"",""flow_id"":654473168925447,""in_iface"":""ens5"",""event_type"":""alert"",""src_ip"":""10.0.2.12"",""src_port"":445,""dest_ip"":""10.0.2.30"",""dest_port"":42178,""proto"":""TCP"",""pkt_src"":""vxlan encapsulation"",""metadata"":{""flowbits"":[""stamus.scmr.service.ROpenSCManagerW""]},""community_id"":""1:q0eTqAK7fYCrMq0Mw0JrCSovg+I="",""alert"":{""action"":""allowed"",""gid"":1,""signature_id"":21,""rev"":2,""signature"":""NTLMSSP_CHALLENGE"",""category"":"""",""severity"":1,""metadata"":{""ntlmssp"":[""challenge""]}},""tunnel"":{""src_ip"":""10.0.2.30"",""src_port"":65510,""dest_ip"":""10.0.2.9"",""dest_port"":4789,""proto"":""UDP"",""depth"":1,""pkt_src"":""wire/pcap""},""app_proto"":""smb"",""direction"":""to_client"",""flow"":{""pkts_toserver"":92,""pkts_toclient"":83,""bytes_toserver"":12348,""bytes_toclient"":10294,""start"":""2025-03-28T09:33:14.283453+0000"",""src_ip"":""10.0.2.30"",""dest_ip"":""10.0.2.12"",""src_port"":42178,""dest_port"":445},""capture_file"":""/var/log/suricata/nsm_data//log.pcap.1743155225"",""source"":""suricata""}"
2025-03-28T09:52:11.415Z,suricata,low,3,NTLM Challenge from 10.0.2.12 to 10.0.2.30,"{""timestamp"":""2025-03-28T09:52:10.052895+0000"",""flow_id"":654473168925447,""in_iface"":""ens5"",""event_type"":""alert"",""src_ip"":""10.0.2.12"",""src_port"":445,""dest_ip"":""10.0.2.30"",""dest_port"":42178,""proto"":""TCP"",""pkt_src"":""vxlan encapsulation"",""metadata"":{""flowbits"":[""stamus.scmr.service.ROpenSCManagerW""]},""community_id"":""1:q0eTqAK7fYCrMq0Mw0JrCSovg+I="",""alert"":{""action"":""allowed"",""gid"":1,""signature_id"":211,""rev"":2,""signature"":""NTLMSSP_CHALLENGE"",""category"":"""",""severity"":1,""metadata"":{""ntlmssp"":[""challenge""]}},""tunnel"":{""src_ip"":""10.0.2.30"",""src_port"":65510,""dest_ip"":""10.0.2.9"",""dest_port"":4789,""proto"":""UDP"",""depth"":1,""pkt_src"":""wire/pcap""},""app_proto"":""smb"",""direction"":""to_client"",""flow"":{""pkts_toserver"":92,""pkts_toclient"":83,""bytes_toserver"":12348,""bytes_toclient"":10294,""start"":""2025-03-28T09:33:14.283453+0000"",""src_ip"":""10.0.2.30"",""dest_ip"":""10.0.2.12"",""src_port"":42178,""dest_port"":445},""capture_file"":""/var/log/suricata/nsm_data//log.pcap.1743155225"",""source"":""suricata""}"
2025-03-28T09:52:15.192Z,OTDC1,low,3,Windows Logon Success,"""An account was successfully logged on.

Subject:
	Security ID:		S-1-0-0
	Account Name:		-
	Account Domain:		-
	Logon ID:		0x0

Logon Information:
	Logon Type:		3
	Restricted Admin Mode:	-
	Virtual Account:		No
	Elevated Token:		Yes

Impersonation Level:		Impersonation

New Logon:
	Security ID:		S-1-5-18
	Account Name:		OTDC1$
	Account Domain:		PLUMETECH-OT.LOCAL
	Logon ID:		0x135E167
	Linked Logon ID:		0x0
	Network Account Name:	-
	Network Account Domain:	-
	Logon GUID:		{ba34cf4d-dccf-9d29-11df-322365aded76}

Process Information:
	Process ID:		0x0
	Process Name:		-

Network Information:
	Workstation Name:	-
	Source Network Address:	fe80::5d66:be3:b9e3:32ae
	Source Port:		49815

Detailed Authentication Information:
	Logon Process:		Kerberos
	Authentication Package:	Kerberos
	Transited Services:	-
	Package Name (NTLM only):	-
	Key Length:		0

This event is generated when a logon session is created. It is generated on the computer that was accessed.

The subject fields indicate the account on the local system which requested the logon. This is most commonly a service such as the Server service, or a local process such as Winlogon.exe or Services.exe.

The logon type field indicates the kind of logon that occurred. The most common types are 2 (interactive) and 3 (network).

The New Logon fields indicate the account for whom the new logon was created, i.e. the account that was logged on.

The network fields indicate where a remote logon request originated. Workstation name is not always available and may be left blank in some cases.

The impersonation level field indicates the extent to which a process in the logon session can impersonate.

The authentication information fields provide detailed information about this specific logon request.
	- Logon GUID is a unique identifier that can be used to correlate this event with a KDC event.
	- Transited services indicate which intermediate services have participated in this logon request.
	- Package name indicates which sub-protocol was used among the NTLM protocols.
	- Key length indicates the length of the generated session key. This will be 0 if no session key was requested."""
2025-03-28T09:52:15.195Z,OTDC1,low,3,Windows Logon Success,"""An account was successfully logged on.

Subject:
	Security ID:		S-1-0-0
	Account Name:		-
	Account Domain:		-
	Logon ID:		0x0

Logon Information:
	Logon Type:		3
	Restricted Admin Mode:	-
	Virtual Account:		No
	Elevated Token:		Yes

Impersonation Level:		Delegation

New Logon:
	Security ID:		S-1-5-18
	Account Name:		OTDC1$
	Account Domain:		PLUMETECH-OT.LOCAL
	Logon ID:		0x135E1FD
	Linked Logon ID:		0x0
	Network Account Name:	-
	Network Account Domain:	-
	Logon GUID:		{cef423a1-137b-87e4-9359-83b45a671066}

Process Information:
	Process ID:		0x0
	Process Name:		-

Network Information:
	Workstation Name:	-
	Source Network Address:	fe80::5d66:be3:b9e3:32ae
	Source Port:		49816

Detailed Authentication Information:
	Logon Process:		Kerberos
	Authentication Package:	Kerberos
	Transited Services:	-
	Package Name (NTLM only):	-
	Key Length:		0

This event is generated when a logon session is created. It is generated on the computer that was accessed.

The subject fields indicate the account on the local system which requested the logon. This is most commonly a service such as the Server service, or a local process such as Winlogon.exe or Services.exe.

The logon type field indicates the kind of logon that occurred. The most common types are 2 (interactive) and 3 (network).

The New Logon fields indicate the account for whom the new logon was created, i.e. the account that was logged on.

The network fields indicate where a remote logon request originated. Workstation name is not always available and may be left blank in some cases.

The impersonation level field indicates the extent to which a process in the logon session can impersonate.

The authentication information fields provide detailed information about this specific logon request.
	- Logon GUID is a unique identifier that can be used to correlate this event with a KDC event.
	- Transited services indicate which intermediate services have participated in this logon request.
	- Package name indicates which sub-protocol was used among the NTLM protocols.
	- Key length indicates the length of the generated session key. This will be 0 if no session key was requested."""
