2025-03-28T09:58:12.489Z,DC1,low,6,"Successful Remote Logon Detected - User:\martin - NTLM authentication, possible pass-the-hash attack.","{""win"":{""system"":{""providerName"":""Microsoft-Windows-Security-Auditing"",""providerGuid"":""{54849625-5478-4994-a5ba-3e3b0328c30d}"",""eventID"":""4624"",""version"":""2"",""level"":""0"",""task"":""12544"",""opcode"":""0"",""keywords"":""0x8020000000000000"",""systemTime"":""2025-03-28T09:58:11.7595439Z"",""eventRecordID"":""260457"",""processID"":""832"",""threadID"":""2532"",""channel"":""Security"",""computer"":""DC1.PLUMETECH.LOCAL"",""severityValue"":""AUDIT_SUCCESS"",""message"":""\""An account was successfully logged on.\r\n\r\nSubject:\r\n\tSecurity ID:\t\tS-1-0-0\r\n\tAccount Name:\t\t-\r\n\tAccount Domain:\t\t-\r\n\tLogon ID:\t\t0x0\r\n\r\nLogon Information:\r\n\tLogon Type:\t\t3\r\n\tRestricted Admin Mode:\t-\r\n\tVirtual Account:\t\tNo\r\n\tElevated Token:\t\tYes\r\n\r\nImpersonation Level:\t\tImpersonation\r\n\r\nNew Logon:\r\n\tSecurity ID:\t\tS-1-5-21-742041295-2727698780-1124300366-1105\r\n\tAccount Name:\t\tmartin\r\n\tAccount Domain:\t\tPLUMETECH\r\n\tLogon ID:\t\t0x167AE4D\r\n\tLinked Logon ID:\t\t0x0\r\n\tNetwork Account Name:\t-\r\n\tNetwork Account Domain:\t-\r\n\tLogon GUID:\t\t{00000000-0000-0000-0000-000000000000}\r\n\r\nProcess Information:\r\n\tProcess ID:\t\t0x0\r\n\tProcess Name:\t\t-\r\n\r\nNetwork Information:\r\n\tWorkstation Name:\t-\r\n\tSource Network Address:\t10.0.2.30\r\n\tSource Port:\t\t57094\r\n\r\nDetailed Authentication Information:\r\n\tLogon Process:\t\tNtLmSsp \r\n\tAuthentication Package:\tNTLM\r\n\tTransited Services:\t-\r\n\tPackage Name (NTLM only):\tNTLM V2\r\n\tKey Length:\t\t0\r\n\r\nThis event is generated when a logon session is created. It is generated on the computer that was accessed.\r\n\r\nThe subject fields indicate the account on the local system which requested the logon. This is most commonly a service such as the Server service, or a local process such as Winlogon.exe or Services.exe.\r\n\r\nThe logon type field indicates the kind of logon that occurred. The most common types are 2 (interactive) and 3 (network).\r\n\r\nThe New Logon fields indicate the account for whom the new logon was created, i.e. the account that was logged on.\r\n\r\nThe network fields indicate where a remote logon request originated. Workstation name is not always available and may be left blank in some cases.\r\n\r\nThe impersonation level field indicates the extent to which a process in the logon session can impersonate.\r\n\r\nThe authentication information fields provide detailed information about this specific logon request.\r\n\t- Logon GUID is a unique identifier that can be used to correlate this event with a KDC event.\r\n\t- Transited services indicate which intermediate services have participated in this logon request.\r\n\t- Package name indicates which sub-protocol was used among the NTLM protocols.\r\n\t- Key length indicates the length of the generated session key. This will be 0 if no session key was requested.\""""},""eventdata"":{""subjectUserSid"":""S-1-0-0"",""subjectLogonId"":""0x0"",""targetUserSid"":""S-1-5-21-742041295-2727698780-1124300366-1105"",""targetUserName"":""martin"",""targetDomainName"":""PLUMETECH"",""targetLogonId"":""0x167ae4d"",""logonType"":""3"",""logonProcessName"":""NtLmSsp"",""authenticationPackageName"":""NTLM"",""logonGuid"":""{00000000-0000-0000-0000-000000000000}"",""lmPackageName"":""NTLM V2"",""keyLength"":""0"",""processId"":""0x0"",""ipAddress"":""10.0.2.30"",""ipPort"":""57094"",""impersonationLevel"":""%%1833"",""virtualAccount"":""%%1843"",""targetLinkedLogonId"":""0x0"",""elevatedToken"":""%%1842""}}}"
2025-03-28T09:58:12.515Z,DC1,high,13,Possible Keberoasting attack - Single RC4 encrypted TGS issued,"{""win"":{""system"":{""providerName"":""Microsoft-Windows-Security-Auditing"",""providerGuid"":""{54849625-5478-4994-a5ba-3e3b0328c30d}"",""eventID"":""4769"",""version"":""2"",""level"":""0"",""task"":""14337"",""opcode"":""0"",""keywords"":""0x8020000000000000"",""systemTime"":""2025-03-28T09:58:11.8305427Z"",""eventRecordID"":""260459"",""processID"":""832"",""threadID"":""2532"",""channel"":""Security"",""computer"":""DC1.PLUMETECH.LOCAL"",""severityValue"":""AUDIT_SUCCESS"",""message"":""\""A Kerberos service ticket was requested.\r\n\r\nAccount Information:\r\n\tAccount Name:\t\tmartin@PLUMETECH.LOCAL\r\n\tAccount Domain:\t\tPLUMETECH.LOCAL\r\n\tLogon GUID:\t\t{dd06e7e9-d90a-7659-7824-4cc9db8bdbc7}\r\n\tMSDS-SupportedEncryptionTypes:\tN/A\r\n\tAvailable Keys:\tN/A\r\n\r\nService Information:\r\n\tService Name:\t\tbackup\r\n\tService ID:\t\tS-1-5-21-742041295-2727698780-1124300366-1116\r\n\tMSDS-SupportedEncryptionTypes:\t0x27 (DES, RC4, AES-Sk)\r\n\tAvailable Keys:\tAES-SHA1, RC4\r\n\r\nDomain Controller Information:\r\n\tMSDS-SupportedEncryptionTypes:\t0x1F (DES, RC4, AES128-SHA96, AES256-SHA96)\r\n\tAvailable Keys:\tAES-SHA1, RC4\r\n\r\nNetwork Information:\r\n\tClient Address:\t\t::ffff:10.0.2.30\r\n\tClient Port:\t\t55452\r\n\tAdvertized Etypes:\t\n\t\tRC4-HMAC-NT\n\t\t16\n\t\tDES-CBC-MD5\n\t\tRC4-HMAC-NT\r\n\r\nAdditional Information:\r\n\tTicket Options:\t\t0x40810010\r\n\tTicket Encryption Type:\t0x17\r\n\tSession Encryption Type:\t0x17\r\n\tFailure Code:\t\t0x0\r\n\tTransited Services:\t-\r\n\r\nTicket information\r\n\tRequest ticket hash:\t\tNl+VdfNKLWFnzCa3nq3II+PtnryT8Xy0mSiVSY5+V7Y=\r\n\tResponse ticket hash:\t\tGLfckTfTWvvMiEacGVaIyOEw1YS2CEygzfOOuRaWGw8=\r\n\r\nThis event is generated every time access is requested to a resource such as a computer or a Windows service.  The service name indicates the resource to which access was requested.\r\n\r\nThis event can be correlated with Windows logon events by comparing the Logon GUID fields in each event.  The logon event occurs on the machine that was accessed, which is often a different machine than the domain controller which issued the service ticket.\r\n\r\nPre-authentication types, ticket options, encryption types and result codes are defined in RFC 4120.\""""},""eventdata"":{""targetUserName"":""martin@PLUMETECH.LOCAL"",""targetDomainName"":""PLUMETECH.LOCAL"",""serviceName"":""backup"",""serviceSid"":""S-1-5-21-742041295-2727698780-1124300366-1116"",""ticketOptions"":""0x40810010"",""ticketEncryptionType"":""0x17"",""ipAddress"":""::ffff:10.0.2.30"",""ipPort"":""55452"",""status"":""0x0"",""logonGuid"":""{dd06e7e9-d90a-7659-7824-4cc9db8bdbc7}"",""requestTicketHash"":""Nl+VdfNKLWFnzCa3nq3II+PtnryT8Xy0mSiVSY5+V7Y="",""responseTicketHash"":""GLfckTfTWvvMiEacGVaIyOEw1YS2CEygzfOOuRaWGw8="",""accountSupportedEncryptionTypes"":""N/A"",""accountAvailableKeys"":""N/A"",""serviceSupportedEncryptionTypes"":""0x27 (DES, RC4, AES-Sk)"",""serviceAvailableKeys"":""AES-SHA1, RC4"",""dCSupportedEncryptionTypes"":""0x1F (DES, RC4, AES128-SHA96, AES256-SHA96)"",""dCAvailableKeys"":""AES-SHA1, RC4"",""clientAdvertizedEncryptionTypes"":""   RC4-HMAC-NT   16   DES-CBC-MD5   RC4-HMAC-NT"",""sessionKeyEncryptionType"":""0x17""}}}"
2025-03-28T09:58:12.530Z,DC1,critical,16,Certain Kerberoasting attack - Multiple RC4 encrypted TGS issued in 1s,"{""win"":{""system"":{""providerName"":""Microsoft-Windows-Security-Auditing"",""providerGuid"":""{54849625-5478-4994-a5ba-3e3b0328c30d}"",""eventID"":""4769"",""version"":""2"",""level"":""0"",""task"":""14337"",""opcode"":""0"",""keywords"":""0x8020000000000000"",""systemTime"":""2025-03-28T09:58:11.8515239Z"",""eventRecordID"":""260460"",""processID"":""832"",""threadID"":""5808"",""channel"":""Security"",""computer"":""DC1.PLUMETECH.LOCAL"",""severityValue"":""AUDIT_SUCCESS"",""message"":""\""A Kerberos service ticket was requested.\r\n\r\nAccount Information:\r\n\tAccount Name:\t\tmartin@PLUMETECH.LOCAL\r\n\tAccount Domain:\t\tPLUMETECH.LOCAL\r\n\tLogon GUID:\t\t{dd06e7e9-d90a-7659-7824-4cc9db8bdbc7}\r\n\tMSDS-SupportedEncryptionTypes:\tN/A\r\n\tAvailable Keys:\tN/A\r\n\r\nService Information:\r\n\tService Name:\t\ttaylor\r\n\tService ID:\t\tS-1-5-21-742041295-2727698780-1124300366-1114\r\n\tMSDS-SupportedEncryptionTypes:\t0x27 (DES, RC4, AES-Sk)\r\n\tAvailable Keys:\tAES-SHA1, RC4\r\n\r\nDomain Controller Information:\r\n\tMSDS-SupportedEncryptionTypes:\t0x1F (DES, RC4, AES128-SHA96, AES256-SHA96)\r\n\tAvailable Keys:\tAES-SHA1, RC4\r\n\r\nNetwork Information:\r\n\tClient Address:\t\t::ffff:10.0.2.30\r\n\tClient Port:\t\t55464\r\n\tAdvertized Etypes:\t\n\t\tRC4-HMAC-NT\n\t\t16\n\t\tDES-CBC-MD5\n\t\tRC4-HMAC-NT\r\n\r\nAdditional Information:\r\n\tTicket Options:\t\t0x40810010\r\n\tTicket Encryption Type:\t0x17\r\n\tSession Encryption Type:\t0x17\r\n\tFailure Code:\t\t0x0\r\n\tTransited Services:\t-\r\n\r\nTicket information\r\n\tRequest ticket hash:\t\tNl+VdfNKLWFnzCa3nq3II+PtnryT8Xy0mSiVSY5+V7Y=\r\n\tResponse ticket hash:\t\tcCG0eBgMcIOztK1b2ChW259NB636oE3UQ4hbKhZZ+do=\r\n\r\nThis event is generated every time access is requested to a resource such as a computer or a Windows service.  The service name indicates the resource to which access was requested.\r\n\r\nThis event can be correlated with Windows logon events by comparing the Logon GUID fields in each event.  The logon event occurs on the machine that was accessed, which is often a different machine than the domain controller which issued the service ticket.\r\n\r\nPre-authentication types, ticket options, encryption types and result codes are defined in RFC 4120.\""""},""eventdata"":{""targetUserName"":""martin@PLUMETECH.LOCAL"",""targetDomainName"":""PLUMETECH.LOCAL"",""serviceName"":""taylor"",""serviceSid"":""S-1-5-21-742041295-2727698780-1124300366-1114"",""ticketOptions"":""0x40810010"",""ticketEncryptionType"":""0x17"",""ipAddress"":""::ffff:10.0.2.30"",""ipPort"":""55464"",""status"":""0x0"",""logonGuid"":""{dd06e7e9-d90a-7659-7824-4cc9db8bdbc7}"",""requestTicketHash"":""Nl+VdfNKLWFnzCa3nq3II+PtnryT8Xy0mSiVSY5+V7Y="",""responseTicketHash"":""cCG0eBgMcIOztK1b2ChW259NB636oE3UQ4hbKhZZ+do="",""accountSupportedEncryptionTypes"":""N/A"",""accountAvailableKeys"":""N/A"",""serviceSupportedEncryptionTypes"":""0x27 (DES, RC4, AES-Sk)"",""serviceAvailableKeys"":""AES-SHA1, RC4"",""dCSupportedEncryptionTypes"":""0x1F (DES, RC4, AES128-SHA96, AES256-SHA96)"",""dCAvailableKeys"":""AES-SHA1, RC4"",""clientAdvertizedEncryptionTypes"":""   RC4-HMAC-NT   16   DES-CBC-MD5   RC4-HMAC-NT"",""sessionKeyEncryptionType"":""0x17""}}}"
2025-03-28T09:58:12.546Z,DC1,critical,16,Honey Token Service Account Ticket requested from ::ffff:10.0.2.30 with 0x17 and 0x40810010 for User martin@PLUMETECH.LOCAL,"{""win"":{""system"":{""providerName"":""Microsoft-Windows-Security-Auditing"",""providerGuid"":""{54849625-5478-4994-a5ba-3e3b0328c30d}"",""eventID"":""4769"",""version"":""2"",""level"":""0"",""task"":""14337"",""opcode"":""0"",""keywords"":""0x8020000000000000"",""systemTime"":""2025-03-28T09:58:11.8698998Z"",""eventRecordID"":""260461"",""processID"":""832"",""threadID"":""2532"",""channel"":""Security"",""computer"":""DC1.PLUMETECH.LOCAL"",""severityValue"":""AUDIT_SUCCESS"",""message"":""\""A Kerberos service ticket was requested.\r\n\r\nAccount Information:\r\n\tAccount Name:\t\tmartin@PLUMETECH.LOCAL\r\n\tAccount Domain:\t\tPLUMETECH.LOCAL\r\n\tLogon GUID:\t\t{dd06e7e9-d90a-7659-7824-4cc9db8bdbc7}\r\n\tMSDS-SupportedEncryptionTypes:\tN/A\r\n\tAvailable Keys:\tN/A\r\n\r\nService Information:\r\n\tService Name:\t\ttracy\r\n\tService ID:\t\tS-1-5-21-742041295-2727698780-1124300366-1110\r\n\tMSDS-SupportedEncryptionTypes:\t0x27 (DES, RC4, AES-Sk)\r\n\tAvailable Keys:\tAES-SHA1, RC4\r\n\r\nDomain Controller Information:\r\n\tMSDS-SupportedEncryptionTypes:\t0x1F (DES, RC4, AES128-SHA96, AES256-SHA96)\r\n\tAvailable Keys:\tAES-SHA1, RC4\r\n\r\nNetwork Information:\r\n\tClient Address:\t\t::ffff:10.0.2.30\r\n\tClient Port:\t\t55474\r\n\tAdvertized Etypes:\t\n\t\tRC4-HMAC-NT\n\t\t16\n\t\tDES-CBC-MD5\n\t\tRC4-HMAC-NT\r\n\r\nAdditional Information:\r\n\tTicket Options:\t\t0x40810010\r\n\tTicket Encryption Type:\t0x17\r\n\tSession Encryption Type:\t0x17\r\n\tFailure Code:\t\t0x0\r\n\tTransited Services:\t-\r\n\r\nTicket information\r\n\tRequest ticket hash:\t\tNl+VdfNKLWFnzCa3nq3II+PtnryT8Xy0mSiVSY5+V7Y=\r\n\tResponse ticket hash:\t\ti7kE5E2tXUq8Z8z1PQZc+IZwQ2KDOSzw1s6KJrj50Dg=\r\n\r\nThis event is generated every time access is requested to a resource such as a computer or a Windows service.  The service name indicates the resource to which access was requested.\r\n\r\nThis event can be correlated with Windows logon events by comparing the Logon GUID fields in each event.  The logon event occurs on the machine that was accessed, which is often a different machine than the domain controller which issued the service ticket.\r\n\r\nPre-authentication types, ticket options, encryption types and result codes are defined in RFC 4120.\""""},""eventdata"":{""targetUserName"":""martin@PLUMETECH.LOCAL"",""targetDomainName"":""PLUMETECH.LOCAL"",""serviceName"":""tracy"",""serviceSid"":""S-1-5-21-742041295-2727698780-1124300366-1110"",""ticketOptions"":""0x40810010"",""ticketEncryptionType"":""0x17"",""ipAddress"":""::ffff:10.0.2.30"",""ipPort"":""55474"",""status"":""0x0"",""logonGuid"":""{dd06e7e9-d90a-7659-7824-4cc9db8bdbc7}"",""requestTicketHash"":""Nl+VdfNKLWFnzCa3nq3II+PtnryT8Xy0mSiVSY5+V7Y="",""responseTicketHash"":""i7kE5E2tXUq8Z8z1PQZc+IZwQ2KDOSzw1s6KJrj50Dg="",""accountSupportedEncryptionTypes"":""N/A"",""accountAvailableKeys"":""N/A"",""serviceSupportedEncryptionTypes"":""0x27 (DES, RC4, AES-Sk)"",""serviceAvailableKeys"":""AES-SHA1, RC4"",""dCSupportedEncryptionTypes"":""0x1F (DES, RC4, AES128-SHA96, AES256-SHA96)"",""dCAvailableKeys"":""AES-SHA1, RC4"",""clientAdvertizedEncryptionTypes"":""   RC4-HMAC-NT   16   DES-CBC-MD5   RC4-HMAC-NT"",""sessionKeyEncryptionType"":""0x17""}}}"
2025-03-28T09:58:12.562Z,DC1,critical,16,Certain Kerberoasting attack - Multiple RC4 encrypted TGS issued in 1s,"{""win"":{""system"":{""providerName"":""Microsoft-Windows-Security-Auditing"",""providerGuid"":""{54849625-5478-4994-a5ba-3e3b0328c30d}"",""eventID"":""4769"",""version"":""2"",""level"":""0"",""task"":""14337"",""opcode"":""0"",""keywords"":""0x8020000000000000"",""systemTime"":""2025-03-28T09:58:11.8901247Z"",""eventRecordID"":""260462"",""processID"":""832"",""threadID"":""2532"",""channel"":""Security"",""computer"":""DC1.PLUMETECH.LOCAL"",""severityValue"":""AUDIT_SUCCESS"",""message"":""\""A Kerberos service ticket was requested.\r\n\r\nAccount Information:\r\n\tAccount Name:\t\tmartin@PLUMETECH.LOCAL\r\n\tAccount Domain:\t\tPLUMETECH.LOCAL\r\n\tLogon GUID:\t\t{dd06e7e9-d90a-7659-7824-4cc9db8bdbc7}\r\n\tMSDS-SupportedEncryptionTypes:\tN/A\r\n\tAvailable Keys:\tN/A\r\n\r\nService Information:\r\n\tService Name:\t\tdominic\r\n\tService ID:\t\tS-1-5-21-742041295-2727698780-1124300366-1112\r\n\tMSDS-SupportedEncryptionTypes:\t0x27 (DES, RC4, AES-Sk)\r\n\tAvailable Keys:\tAES-SHA1, RC4\r\n\r\nDomain Controller Information:\r\n\tMSDS-SupportedEncryptionTypes:\t0x1F (DES, RC4, AES128-SHA96, AES256-SHA96)\r\n\tAvailable Keys:\tAES-SHA1, RC4\r\n\r\nNetwork Information:\r\n\tClient Address:\t\t::ffff:10.0.2.30\r\n\tClient Port:\t\t55484\r\n\tAdvertized Etypes:\t\n\t\tRC4-HMAC-NT\n\t\t16\n\t\tDES-CBC-MD5\n\t\tRC4-HMAC-NT\r\n\r\nAdditional Information:\r\n\tTicket Options:\t\t0x40810010\r\n\tTicket Encryption Type:\t0x17\r\n\tSession Encryption Type:\t0x17\r\n\tFailure Code:\t\t0x0\r\n\tTransited Services:\t-\r\n\r\nTicket information\r\n\tRequest ticket hash:\t\tNl+VdfNKLWFnzCa3nq3II+PtnryT8Xy0mSiVSY5+V7Y=\r\n\tResponse ticket hash:\t\tMWuyju6SqbX6yhmAgWHkFogrquaNRFD/scKHpir3oR0=\r\n\r\nThis event is generated every time access is requested to a resource such as a computer or a Windows service.  The service name indicates the resource to which access was requested.\r\n\r\nThis event can be correlated with Windows logon events by comparing the Logon GUID fields in each event.  The logon event occurs on the machine that was accessed, which is often a different machine than the domain controller which issued the service ticket.\r\n\r\nPre-authentication types, ticket options, encryption types and result codes are defined in RFC 4120.\""""},""eventdata"":{""targetUserName"":""martin@PLUMETECH.LOCAL"",""targetDomainName"":""PLUMETECH.LOCAL"",""serviceName"":""dominic"",""serviceSid"":""S-1-5-21-742041295-2727698780-1124300366-1112"",""ticketOptions"":""0x40810010"",""ticketEncryptionType"":""0x17"",""ipAddress"":""::ffff:10.0.2.30"",""ipPort"":""55484"",""status"":""0x0"",""logonGuid"":""{dd06e7e9-d90a-7659-7824-4cc9db8bdbc7}"",""requestTicketHash"":""Nl+VdfNKLWFnzCa3nq3II+PtnryT8Xy0mSiVSY5+V7Y="",""responseTicketHash"":""MWuyju6SqbX6yhmAgWHkFogrquaNRFD/scKHpir3oR0="",""accountSupportedEncryptionTypes"":""N/A"",""accountAvailableKeys"":""N/A"",""serviceSupportedEncryptionTypes"":""0x27 (DES, RC4, AES-Sk)"",""serviceAvailableKeys"":""AES-SHA1, RC4"",""dCSupportedEncryptionTypes"":""0x1F (DES, RC4, AES128-SHA96, AES256-SHA96)"",""dCAvailableKeys"":""AES-SHA1, RC4"",""clientAdvertizedEncryptionTypes"":""   RC4-HMAC-NT   16   DES-CBC-MD5   RC4-HMAC-NT"",""sessionKeyEncryptionType"":""0x17""}}}"
2025-03-28T09:58:12.577Z,DC1,critical,16,Certain Kerberoasting attack - Multiple RC4 encrypted TGS issued in 1s,"{""win"":{""system"":{""providerName"":""Microsoft-Windows-Security-Auditing"",""providerGuid"":""{54849625-5478-4994-a5ba-3e3b0328c30d}"",""eventID"":""4769"",""version"":""2"",""level"":""0"",""task"":""14337"",""opcode"":""0"",""keywords"":""0x8020000000000000"",""systemTime"":""2025-03-28T09:58:11.9081209Z"",""eventRecordID"":""260463"",""processID"":""832"",""threadID"":""2532"",""channel"":""Security"",""computer"":""DC1.PLUMETECH.LOCAL"",""severityValue"":""AUDIT_SUCCESS"",""message"":""\""A Kerberos service ticket was requested.\r\n\r\nAccount Information:\r\n\tAccount Name:\t\tmartin@PLUMETECH.LOCAL\r\n\tAccount Domain:\t\tPLUMETECH.LOCAL\r\n\tLogon GUID:\t\t{dd06e7e9-d90a-7659-7824-4cc9db8bdbc7}\r\n\tMSDS-SupportedEncryptionTypes:\tN/A\r\n\tAvailable Keys:\tN/A\r\n\r\nService Information:\r\n\tService Name:\t\tfrank\r\n\tService ID:\t\tS-1-5-21-742041295-2727698780-1124300366-1115\r\n\tMSDS-SupportedEncryptionTypes:\t0x27 (DES, RC4, AES-Sk)\r\n\tAvailable Keys:\tAES-SHA1, RC4\r\n\r\nDomain Controller Information:\r\n\tMSDS-SupportedEncryptionTypes:\t0x1F (DES, RC4, AES128-SHA96, AES256-SHA96)\r\n\tAvailable Keys:\tAES-SHA1, RC4\r\n\r\nNetwork Information:\r\n\tClient Address:\t\t::ffff:10.0.2.30\r\n\tClient Port:\t\t55490\r\n\tAdvertized Etypes:\t\n\t\tRC4-HMAC-NT\n\t\t16\n\t\tDES-CBC-MD5\n\t\tRC4-HMAC-NT\r\n\r\nAdditional Information:\r\n\tTicket Options:\t\t0x40810010\r\n\tTicket Encryption Type:\t0x17\r\n\tSession Encryption Type:\t0x17\r\n\tFailure Code:\t\t0x0\r\n\tTransited Services:\t-\r\n\r\nTicket information\r\n\tRequest ticket hash:\t\tNl+VdfNKLWFnzCa3nq3II+PtnryT8Xy0mSiVSY5+V7Y=\r\n\tResponse ticket hash:\t\tu4gS2qbimqtbqPlB4TSKncjLImzJGn044m6f9BNs+38=\r\n\r\nThis event is generated every time access is requested to a resource such as a computer or a Windows service.  The service name indicates the resource to which access was requested.\r\n\r\nThis event can be correlated with Windows logon events by comparing the Logon GUID fields in each event.  The logon event occurs on the machine that was accessed, which is often a different machine than the domain controller which issued the service ticket.\r\n\r\nPre-authentication types, ticket options, encryption types and result codes are defined in RFC 4120.\""""},""eventdata"":{""targetUserName"":""martin@PLUMETECH.LOCAL"",""targetDomainName"":""PLUMETECH.LOCAL"",""serviceName"":""frank"",""serviceSid"":""S-1-5-21-742041295-2727698780-1124300366-1115"",""ticketOptions"":""0x40810010"",""ticketEncryptionType"":""0x17"",""ipAddress"":""::ffff:10.0.2.30"",""ipPort"":""55490"",""status"":""0x0"",""logonGuid"":""{dd06e7e9-d90a-7659-7824-4cc9db8bdbc7}"",""requestTicketHash"":""Nl+VdfNKLWFnzCa3nq3II+PtnryT8Xy0mSiVSY5+V7Y="",""responseTicketHash"":""u4gS2qbimqtbqPlB4TSKncjLImzJGn044m6f9BNs+38="",""accountSupportedEncryptionTypes"":""N/A"",""accountAvailableKeys"":""N/A"",""serviceSupportedEncryptionTypes"":""0x27 (DES, RC4, AES-Sk)"",""serviceAvailableKeys"":""AES-SHA1, RC4"",""dCSupportedEncryptionTypes"":""0x1F (DES, RC4, AES128-SHA96, AES256-SHA96)"",""dCAvailableKeys"":""AES-SHA1, RC4"",""clientAdvertizedEncryptionTypes"":""   RC4-HMAC-NT   16   DES-CBC-MD5   RC4-HMAC-NT"",""sessionKeyEncryptionType"":""0x17""}}}"
2025-03-28T09:58:13.769Z,suricata,low,3,NTLM Challenge from 10.0.2.11 to 10.0.2.30,"{""timestamp"":""2025-03-28T09:58:11.816911+0000"",""flow_id"":1065587506572626,""in_iface"":""ens5"",""event_type"":""alert"",""src_ip"":""10.0.2.11"",""src_port"":445,""dest_ip"":""10.0.2.30"",""dest_port"":52118,""proto"":""TCP"",""pkt_src"":""vxlan encapsulation"",""community_id"":""1:gjKSwOP9z42bXaPGqxISvCjuJI8="",""alert"":{""action"":""allowed"",""gid"":1,""signature_id"":21,""rev"":2,""signature"":""NTLMSSP_CHALLENGE"",""category"":"""",""severity"":1,""metadata"":{""ntlmssp"":[""challenge""]}},""tunnel"":{""src_ip"":""10.0.2.11"",""src_port"":65505,""dest_ip"":""10.0.2.9"",""dest_port"":4789,""proto"":""UDP"",""depth"":1,""pkt_src"":""wire/pcap""},""app_proto"":""smb"",""direction"":""to_client"",""flow"":{""pkts_toserver"":37,""pkts_toclient"":25,""bytes_toserver"":4332,""bytes_toclient"":5340,""start"":""2025-03-28T09:58:11.444709+0000"",""src_ip"":""10.0.2.30"",""dest_ip"":""10.0.2.11"",""src_port"":52118,""dest_port"":445},""capture_file"":""/var/log/suricata/nsm_data//log.pcap.1743155225"",""source"":""suricata""}"
2025-03-28T09:58:13.769Z,suricata,low,3,NTLM Challenge from 10.0.2.11 to 10.0.2.30,"{""timestamp"":""2025-03-28T09:58:11.816911+0000"",""flow_id"":1065587506572626,""in_iface"":""ens5"",""event_type"":""alert"",""src_ip"":""10.0.2.11"",""src_port"":445,""dest_ip"":""10.0.2.30"",""dest_port"":52118,""proto"":""TCP"",""pkt_src"":""vxlan encapsulation"",""community_id"":""1:gjKSwOP9z42bXaPGqxISvCjuJI8="",""alert"":{""action"":""allowed"",""gid"":1,""signature_id"":211,""rev"":2,""signature"":""NTLMSSP_CHALLENGE"",""category"":"""",""severity"":1,""metadata"":{""ntlmssp"":[""challenge""]}},""tunnel"":{""src_ip"":""10.0.2.11"",""src_port"":65505,""dest_ip"":""10.0.2.9"",""dest_port"":4789,""proto"":""UDP"",""depth"":1,""pkt_src"":""wire/pcap""},""app_proto"":""smb"",""direction"":""to_client"",""flow"":{""pkts_toserver"":37,""pkts_toclient"":25,""bytes_toserver"":4332,""bytes_toclient"":5340,""start"":""2025-03-28T09:58:11.444709+0000"",""src_ip"":""10.0.2.30"",""dest_ip"":""10.0.2.11"",""src_port"":52118,""dest_port"":445},""capture_file"":""/var/log/suricata/nsm_data//log.pcap.1743155225"",""source"":""suricata""}"
2025-03-28T09:58:19.583Z,OTDC1,low,3,Windows Logon Success,"""An account was successfully logged on.

Subject:
	Security ID:		S-1-5-18
	Account Name:		OTDC1$
	Account Domain:		PLUMETECH-OT
	Logon ID:		0x3E7

Logon Information:
	Logon Type:		5
	Restricted Admin Mode:	-
	Virtual Account:		No
	Elevated Token:		Yes

Impersonation Level:		Impersonation

New Logon:
	Security ID:		S-1-5-18
	Account Name:		SYSTEM
	Account Domain:		NT AUTHORITY
	Logon ID:		0x3E7
	Linked Logon ID:		0x0
	Network Account Name:	-
	Network Account Domain:	-
	Logon GUID:		{00000000-0000-0000-0000-000000000000}

Process Information:
	Process ID:		0x330
	Process Name:		C:\Windows\System32\services.exe

Network Information:
	Workstation Name:	-
	Source Network Address:	-
	Source Port:		-

Detailed Authentication Information:
	Logon Process:		Advapi  
	Authentication Package:	Negotiate
	Transited Services:	-
	Package Name (NTLM only):	-
	Key Length:		0

This event is generated when a logon session is created. It is generated on the computer that was accessed.

The subject fields indicate the account on the local system which requested the logon. This is most commonly a service such as the Server service, or a local process such as Winlogon.exe or Services.exe.

The logon type field indicates the kind of logon that occurred. The most common types are 2 (interactive) and 3 (network).

The New Logon fields indicate the account for whom the new logon was created, i.e. the account that was logged on.

The network fields indicate where a remote logon request originated. Workstation name is not always available and may be left blank in some cases.

The impersonation level field indicates the extent to which a process in the logon session can impersonate.

The authentication information fields provide detailed information about this specific logon request.
	- Logon GUID is a unique identifier that can be used to correlate this event with a KDC event.
	- Transited services indicate which intermediate services have participated in this logon request.
	- Package name indicates which sub-protocol was used among the NTLM protocols.
	- Key length indicates the length of the generated session key. This will be 0 if no session key was requested."""
2025-03-28T09:58:22.427Z,FS1,low,5,Registry Key Integrity Checksum Changed,"Registry Key '[x32] HKEY_LOCAL_MACHINE\System\CurrentControlSet\Services\Tcpip\Parameters\Interfaces\{efdcc438-1368-4889-b23e-1841c6d0bdb5}' modified
Mode: scheduled
Changed attributes: mtime
Old modification time was: '1743153918', now it is '1743155718'
"
2025-03-28T09:58:22.446Z,FS1,low,5,Registry Value Integrity Checksum Changed,"Registry Value '[x32] HKEY_LOCAL_MACHINE\System\CurrentControlSet\Services\Tcpip\Parameters\Interfaces\{efdcc438-1368-4889-b23e-1841c6d0bdb5}\T1' modified
Mode: scheduled
Changed attributes: md5,sha1,sha256
Old md5sum was: '4f74cb6f45559a153f1d4ed69309247d'
New md5sum is : 'ba753b521c3f4c8a9613a35e6944c94b'
Old sha1sum was: 'a9d251694fad8592c3b208bdf9cd4d1097877084'
New sha1sum is : '57f0704c24cc285393f564386da1c84facd0fdbe'
Old sha256sum was: 'a205b0a90161ab272238a81eea0954052687b1bb0edf14c2878b4e787318b2ac'
New sha256sum is : '7e2c076048630d0a5dae568ae5930eb5d56f72f90ef5004e6912c6de7421d234'
"
2025-03-28T09:58:22.446Z,FS1,low,5,Registry Value Integrity Checksum Changed,"Registry Value '[x32] HKEY_LOCAL_MACHINE\System\CurrentControlSet\Services\Tcpip\Parameters\Interfaces\{efdcc438-1368-4889-b23e-1841c6d0bdb5}\T2' modified
Mode: scheduled
Changed attributes: md5,sha1,sha256
Old md5sum was: 'c5d3680c2ccc89271a60810bbdb8fc6b'
New md5sum is : '51e154e075ae1dc4fd125d4162d80d7a'
Old sha1sum was: 'ec36121748dfe6146644835d860d5923e9834466'
New sha1sum is : 'e6c6a5aa810ede1c390fdeb52261263154de66b9'
Old sha256sum was: 'e3d2d6b97a17d27e277b9dd132d1c7521c0519f98a0c0a78f8f31cf36a6cc13d'
New sha256sum is : 'dc81251c168abec80e886b176295fdf24693bb26908a1d3a8a11a14e08e975c3'
"
2025-03-28T09:58:22.446Z,FS1,low,5,Registry Value Integrity Checksum Changed,"Registry Value '[x32] HKEY_LOCAL_MACHINE\System\CurrentControlSet\Services\Tcpip\Parameters\Interfaces\{efdcc438-1368-4889-b23e-1841c6d0bdb5}\LeaseObtainedTime' modified
Mode: scheduled
Changed attributes: md5,sha1,sha256
Old md5sum was: 'b3b082adc925bc8f61d5e933fe682154'
New md5sum is : '4f74cb6f45559a153f1d4ed69309247d'
Old sha1sum was: 'ecae80cba4843293fa8fb9dc97572f1c4c83bf55'
New sha1sum is : 'a9d251694fad8592c3b208bdf9cd4d1097877084'
Old sha256sum was: '7ea9c2905f6da672476e9ff7a95baa509ce4e3d197b1bb2ee525cdfbf5d1546a'
New sha256sum is : 'a205b0a90161ab272238a81eea0954052687b1bb0edf14c2878b4e787318b2ac'
"
2025-03-28T09:58:22.463Z,FS1,low,5,Registry Value Integrity Checksum Changed,"Registry Value '[x32] HKEY_LOCAL_MACHINE\System\CurrentControlSet\Services\Tcpip\Parameters\Interfaces\{efdcc438-1368-4889-b23e-1841c6d0bdb5}\LeaseTerminatesTime' modified
Mode: scheduled
Changed attributes: md5,sha1,sha256
Old md5sum was: 'ba753b521c3f4c8a9613a35e6944c94b'
New md5sum is : 'd0d7e83df7f4f35106cfb9d578cbd3ea'
Old sha1sum was: '57f0704c24cc285393f564386da1c84facd0fdbe'
New sha1sum is : '0c67cc9936b0d0e80a51e20173c74d605924b517'
Old sha256sum was: '7e2c076048630d0a5dae568ae5930eb5d56f72f90ef5004e6912c6de7421d234'
New sha256sum is : '534d0b1c239e15d5c6d2663456dabae92f4e4013cbdc052930b5a0f48524c851'
"
2025-03-28T09:58:22.503Z,FS1,low,5,Registry Value Integrity Checksum Changed,"Registry Value '[x32] HKEY_LOCAL_MACHINE\System\CurrentControlSet\Services\Tcpip\Parameters\Interfaces\{efdcc438-1368-4889-b23e-1841c6d0bdb5}\DhcpInterfaceOptions' modified
Mode: scheduled
Changed attributes: md5,sha1,sha256
Old md5sum was: 'b818d27958ee838b20eb789d78bac38d'
New md5sum is : '5a84d70d0aa105111349c9b047c056ed'
Old sha1sum was: 'ccb1b7b5932e29ef05567867b6324778d9842ccb'
New sha1sum is : 'dd62018d0364b5f9b4d0ad50c46259a946312cad'
Old sha256sum was: 'ea7b6816b6ce2f7b8f363a6199186fff16fe1df705613e7068cc59f8ce5afa12'
New sha256sum is : '181015eb15de7685951766d66ee7cdeebf1044034e5191c37b4029d1b165a71a'
"
2025-03-28T09:58:25.172Z,FS1,low,5,Registry Value Integrity Checksum Changed,"Registry Value '[x32] HKEY_LOCAL_MACHINE\System\CurrentControlSet\Services\W32Time\Config\Status\LastGoodSampleInfo' modified
Mode: scheduled
Changed attributes: md5,sha1,sha256
Old md5sum was: 'e925be43706214c255f22fdb5b74c451'
New md5sum is : 'a9f5ede7e222f7016c0c6a22931091e5'
Old sha1sum was: 'e5af441504461bab4c6a45855e26c99b6bb4d6c0'
New sha1sum is : 'f537a9ef745fd87b3f2b1e0fe8e5379d439bccfe'
Old sha256sum was: '421bb103317a25fab6e16bd178bbad1f3994ffe7a2012e4e5dc5f7c590ee748d'
New sha256sum is : 'c652bd2c349d8975c4907a6c410e0a7994c8a8e067676361eb583be5bfac9254'
"
2025-03-28T09:58:25.172Z,FS1,low,5,Registry Key Integrity Checksum Changed,"Registry Key '[x32] HKEY_LOCAL_MACHINE\System\CurrentControlSet\Services\W32Time\Config\Status' modified
Mode: scheduled
Changed attributes: mtime
Old modification time was: '1743147923', now it is '1743155869'
"
2025-03-28T09:58:25.181Z,FS1,low,5,Registry Key Integrity Checksum Changed,"Registry Key '[x32] HKEY_LOCAL_MACHINE\System\CurrentControlSet\Services\W32Time\Config' modified
Mode: scheduled
Changed attributes: mtime
Old modification time was: '1743147923', now it is '1743155869'
"
2025-03-28T09:58:25.197Z,FS1,low,5,Registry Value Integrity Checksum Changed,"Registry Value '[x32] HKEY_LOCAL_MACHINE\System\CurrentControlSet\Services\W32Time\Config\LastKnownGoodTime' modified
Mode: scheduled
Changed attributes: md5,sha1,sha256
Old md5sum was: '9bf9d06a391a8943b80aa548c18eeb36'
New md5sum is : '749dff8dde211d7d76be87eca5fc054f'
Old sha1sum was: 'c30cc0b7a49bcc317207b940287c1a3ba2999652'
New sha1sum is : 'b93d3cfaf524e241b776537726603fdf9da1be10'
Old sha256sum was: 'b3e1df8dac2106fe5ee8883102d5ffc0fc0120a5d9e2bd0de800edb03c9450ee'
New sha256sum is : '753a40c1c78278e759c774808a45bf13457b83342288a2b9bbbdd3b94e2e2e50'
"
2025-03-28T09:58:25.216Z,FS1,low,5,Registry Key Integrity Checksum Changed,"Registry Key '[x32] HKEY_LOCAL_MACHINE\System\CurrentControlSet\Services\W32Time\SecureTimeLimits\RunTime' modified
Mode: scheduled
Changed attributes: mtime
Group ownership was 'S-1-5-32-544', now it is 'S-1-5-18'
Old modification time was: '1743153100', now it is '1743154900'
"
2025-03-28T09:58:25.229Z,FS1,low,5,Registry Value Integrity Checksum Changed,"Registry Value '[x32] HKEY_LOCAL_MACHINE\System\CurrentControlSet\Services\W32Time\SecureTimeLimits\RunTime\SecureTimeTickCount' modified
Mode: scheduled
Changed attributes: md5,sha1,sha256
Old md5sum was: '330c68eb73fe51c8e0f57493e373fc51'
New md5sum is : '450c1e46d791954972e2bcfdf3e7682c'
Old sha1sum was: '12213f856105ab8f82f7c8871cf9708cd3593de1'
New sha1sum is : '7be43aa91d83ff6afcfcbdcb67f0330349dd22e5'
Old sha256sum was: '097e541a597ea2c968c7c9b573c5f7f6fcf68c59c2fb248d3c84d8763652e64c'
New sha256sum is : '831b38ee61531b6d089467f0f08c8ea8940fb6d1bdc5a2a97c8add8319692aec'
"
2025-03-28T09:58:25.246Z,FS1,low,5,Registry Key Integrity Checksum Changed,"Registry Key '[x32] HKEY_LOCAL_MACHINE\System\CurrentControlSet\Services\W32Time\SecureTimeLimits' modified
Mode: scheduled
Changed attributes: mtime
Old modification time was: '1743153100', now it is '1743154900'
"
2025-03-28T09:58:25.260Z,FS1,low,5,Registry Value Integrity Checksum Changed,"Registry Value '[x32] HKEY_LOCAL_MACHINE\System\CurrentControlSet\Services\W32Time\SecureTimeLimits\SecureTimeEstimated' modified
Mode: scheduled
Changed attributes: md5,sha1,sha256
Old md5sum was: 'cb72ba6a2048f434d35c33e354852a37'
New md5sum is : '4b514bf6aaa894bdceeb900fcd581630'
Old sha1sum was: 'd34d07752d91104cbc5b573734d8b6417773354c'
New sha1sum is : '5513baa22835db54cae2bb31201a8ab9f1bca720'
Old sha256sum was: 'c1bfad119832c0f5eac4cbc55898995b6136bd5b57e87a3592bf8425c08561eb'
New sha256sum is : '8a2143aebee16d2972db100d840d495e3804e80eef016b7febf38e944e99e17a'
"
2025-03-28T09:58:25.277Z,FS1,low,5,Registry Value Integrity Checksum Changed,"Registry Value '[x32] HKEY_LOCAL_MACHINE\System\CurrentControlSet\Services\W32Time\SecureTimeLimits\SecureTimeHigh' modified
Mode: scheduled
Changed attributes: md5,sha1,sha256
Old md5sum was: 'a40016074c92f5948e6f4c81f410b947'
New md5sum is : '7a146c0e369274ec378057cf61a2e11c'
Old sha1sum was: '591242db17083cbdd6545e0c7cc83e61024cef2e'
New sha1sum is : '41647f46f4d90c5270164ba9463ef445257127d2'
Old sha256sum was: '084135dc5e0019e8f694fbe78d9fedc5eebdceb042dd60ea61c1e03a15de5aa1'
New sha256sum is : '1b6ce7794d80650d096830fb468a6e454c7e52de39d98300c5a794beb1d63b01'
"
2025-03-28T09:58:25.293Z,FS1,low,5,Registry Value Integrity Checksum Changed,"Registry Value '[x32] HKEY_LOCAL_MACHINE\System\CurrentControlSet\Services\W32Time\SecureTimeLimits\SecureTimeLow' modified
Mode: scheduled
Changed attributes: md5,sha1,sha256
Old md5sum was: 'f1d03ab08fda76035efbb8866f33af05'
New md5sum is : '7fad9b5b9d8b4b4199d7d737d2e3e08f'
Old sha1sum was: 'c90bf8f735bc7013d6cfb9f372e5b7f4635c3c32'
New sha1sum is : 'ea0101315245191a620da8f46ce954f9d00bc92f'
Old sha256sum was: '5a587219084052f69b3833c5a4e77963ade81a64d23396127601cef4ef74a06a'
New sha256sum is : 'db0357f86aaf7cabd5a97d85a89c3bfdb27bd3a4513bc13eed01fc13790e9b4a'
"
2025-03-28T09:58:30.734Z,JUMP,low,5,Registry Key Integrity Checksum Changed,"Registry Key '[x32] HKEY_LOCAL_MACHINE\Security\Policy\Accounts' modified
Mode: scheduled
Changed attributes: mtime
Group ownership was 'S-1-5-32-544', now it is 'S-1-5-18'
Old modification time was: '1743152342', now it is '1743154142'
"
2025-03-28T09:58:30.769Z,JUMP,low,5,Registry Key Integrity Checksum Changed,"Registry Key '[x32] HKEY_LOCAL_MACHINE\Security\RXACT' modified
Mode: scheduled
Changed attributes: mtime
Group ownership was 'S-1-5-32-544', now it is 'S-1-5-18'
Old modification time was: '1743152810', now it is '1743154142'
"
2025-03-28T09:58:42.911Z,OTDC1,low,3,Windows Logon Success,"""An account was successfully logged on.

Subject:
	Security ID:		S-1-0-0
	Account Name:		-
	Account Domain:		-
	Logon ID:		0x0

Logon Information:
	Logon Type:		3
	Restricted Admin Mode:	-
	Virtual Account:		No
	Elevated Token:		Yes

Impersonation Level:		Impersonation

New Logon:
	Security ID:		S-1-5-18
	Account Name:		OTDC1$
	Account Domain:		PLUMETECH-OT.LOCAL
	Logon ID:		0x13BDB53
	Linked Logon ID:		0x0
	Network Account Name:	-
	Network Account Domain:	-
	Logon GUID:		{7e70aad8-ff7c-445b-1e89-ec65cb914a8c}

Process Information:
	Process ID:		0x0
	Process Name:		-

Network Information:
	Workstation Name:	-
	Source Network Address:	::1
	Source Port:		57599

Detailed Authentication Information:
	Logon Process:		Kerberos
	Authentication Package:	Kerberos
	Transited Services:	-
	Package Name (NTLM only):	-
	Key Length:		0

This event is generated when a logon session is created. It is generated on the computer that was accessed.

The subject fields indicate the account on the local system which requested the logon. This is most commonly a service such as the Server service, or a local process such as Winlogon.exe or Services.exe.

The logon type field indicates the kind of logon that occurred. The most common types are 2 (interactive) and 3 (network).

The New Logon fields indicate the account for whom the new logon was created, i.e. the account that was logged on.

The network fields indicate where a remote logon request originated. Workstation name is not always available and may be left blank in some cases.

The impersonation level field indicates the extent to which a process in the logon session can impersonate.

The authentication information fields provide detailed information about this specific logon request.
	- Logon GUID is a unique identifier that can be used to correlate this event with a KDC event.
	- Transited services indicate which intermediate services have participated in this logon request.
	- Package name indicates which sub-protocol was used among the NTLM protocols.
	- Key length indicates the length of the generated session key. This will be 0 if no session key was requested."""
2025-03-28T09:58:48.245Z,JUMP,low,5,Registry Key Integrity Checksum Changed,"Registry Key '[x32] HKEY_LOCAL_MACHINE\System\CurrentControlSet\Services\CSAgent\Sim' modified
Mode: scheduled
Changed attributes: mtime
Group ownership was 'S-1-5-32-544', now it is 'S-1-5-18'
Old modification time was: '1743151927', now it is '1743155148'
"
2025-03-28T09:58:48.286Z,JUMP,low,5,Registry Value Integrity Checksum Changed,"Registry Value '[x32] HKEY_LOCAL_MACHINE\System\CurrentControlSet\Services\CSAgent\Sim\NT' modified
Mode: scheduled
Changed attributes: md5,sha1,sha256
Old md5sum was: 'e04f971d65b3af07b9355c0efef6e42b'
New md5sum is : 'ce642b8593f90a2af825df9219935d20'
Old sha1sum was: '7c41732ba151d250b515dcc494163124f0be6360'
New sha1sum is : 'a1c5c8a2fd635456df543c0467b5912f774979eb'
Old sha256sum was: '4befa7022ad08e924c7fed86fbf9444b33c8ed29a242be16f9e53b8efe9077e9'
New sha256sum is : '786553ddc224429016522e8060b356e80908434b66e36fc931c4231c292c8b8d'
"
2025-03-28T09:58:51.614Z,CLI1,low,3,Windows Logon Success,"""An account was successfully logged on.

Subject:
	Security ID:		S-1-5-18
	Account Name:		CLI1$
	Account Domain:		PLUMETECH
	Logon ID:		0x3E7

Logon Information:
	Logon Type:		5
	Restricted Admin Mode:	-
	Virtual Account:		No
	Elevated Token:		Yes

Impersonation Level:		Impersonation

New Logon:
	Security ID:		S-1-5-18
	Account Name:		SYSTEM
	Account Domain:		NT AUTHORITY
	Logon ID:		0x3E7
	Linked Logon ID:		0x0
	Network Account Name:	-
	Network Account Domain:	-
	Logon GUID:		{00000000-0000-0000-0000-000000000000}

Process Information:
	Process ID:		0x328
	Process Name:		C:\Windows\System32\services.exe

Network Information:
	Workstation Name:	-
	Source Network Address:	-
	Source Port:		-

Detailed Authentication Information:
	Logon Process:		Advapi  
	Authentication Package:	Negotiate
	Transited Services:	-
	Package Name (NTLM only):	-
	Key Length:		0

This event is generated when a logon session is created. It is generated on the computer that was accessed.

The subject fields indicate the account on the local system which requested the logon. This is most commonly a service such as the Server service, or a local process such as Winlogon.exe or Services.exe.

The logon type field indicates the kind of logon that occurred. The most common types are 2 (interactive) and 3 (network).

The New Logon fields indicate the account for whom the new logon was created, i.e. the account that was logged on.

The network fields indicate where a remote logon request originated. Workstation name is not always available and may be left blank in some cases.

The impersonation level field indicates the extent to which a process in the logon session can impersonate.

The authentication information fields provide detailed information about this specific logon request.
	- Logon GUID is a unique identifier that can be used to correlate this event with a KDC event.
	- Transited services indicate which intermediate services have participated in this logon request.
	- Package name indicates which sub-protocol was used among the NTLM protocols.
	- Key length indicates the length of the generated session key. This will be 0 if no session key was requested."""
2025-03-28T09:59:03.175Z,ENG1,low,3,Service logon event registered from non standard service account.,"""An account was successfully logged on.

Subject:
	Security ID:		S-1-5-18
	Account Name:		ENG1$
	Account Domain:		WORKGROUP
	Logon ID:		0x3E7

Logon Information:
	Logon Type:		5
	Restricted Admin Mode:	-
	Remote Credential Guard:	-
	Virtual Account:		Yes
	Elevated Token:		Yes

Impersonation Level:		Impersonation

New Logon:
	Security ID:		S-1-5-111-3847866527-469524349-687026318-516638107-1125189541-3252
	Account Name:		sshd_3252
	Account Domain:		VIRTUAL USERS
	Logon ID:		0x4CEAE3
	Linked Logon ID:		0x0
	Network Account Name:	-
	Network Account Domain:	-
	Logon GUID:		{00000000-0000-0000-0000-000000000000}

Process Information:
	Process ID:		0xcb4
	Process Name:		C:\Windows\System32\OpenSSH\sshd.exe

Network Information:
	Workstation Name:	-
	Source Network Address:	-
	Source Port:		-

Detailed Authentication Information:
	Logon Process:		Advapi  
	Authentication Package:	Negotiate
	Transited Services:	-
	Package Name (NTLM only):	-
	Key Length:		0

This event is generated when a logon session is created. It is generated on the computer that was accessed.

The subject fields indicate the account on the local system which requested the logon. This is most commonly a service such as the Server service, or a local process such as Winlogon.exe or Services.exe.

The logon type field indicates the kind of logon that occurred. The most common types are 2 (interactive) and 3 (network).

The New Logon fields indicate the account for whom the new logon was created, i.e. the account that was logged on.

The network fields indicate where a remote logon request originated. Workstation name is not always available and may be left blank in some cases.

The impersonation level field indicates the extent to which a process in the logon session can impersonate.

The authentication information fields provide detailed information about this specific logon request.
	- Logon GUID is a unique identifier that can be used to correlate this event with a KDC event.
	- Transited services indicate which intermediate services have participated in this logon request.
	- Package name indicates which sub-protocol was used among the NTLM protocols.
	- Key length indicates the length of the generated session key. This will be 0 if no session key was requested."""
2025-03-28T09:59:03.205Z,ENG1,low,3,Special privileges assigned to new logon.,"""Special privileges assigned to new logon.

Subject:
	Security ID:		S-1-5-111-3847866527-469524349-687026318-516638107-1125189541-3252
	Account Name:		sshd_3252
	Account Domain:		VIRTUAL USERS
	Logon ID:		0x4CEAE3

Privileges:		SeImpersonatePrivilege"""
2025-03-28T09:59:03.232Z,JUMP,low,3,Service logon event registered from non standard service account.,"""An account was successfully logged on.

Subject:
	Security ID:		S-1-5-18
	Account Name:		JUMP$
	Account Domain:		PLUMETECH-OT
	Logon ID:		0x3E7

Logon Information:
	Logon Type:		5
	Restricted Admin Mode:	-
	Virtual Account:		Yes
	Elevated Token:		Yes

Impersonation Level:		Impersonation

New Logon:
	Security ID:		S-1-5-111-3847866527-469524349-687026318-516638107-1125189541-6792
	Account Name:		sshd_6792
	Account Domain:		VIRTUAL USERS
	Logon ID:		0x2056CC1
	Linked Logon ID:		0x0
	Network Account Name:	-
	Network Account Domain:	-
	Logon GUID:		{00000000-0000-0000-0000-000000000000}

Process Information:
	Process ID:		0x1a88
	Process Name:		C:\Windows\System32\OpenSSH\sshd.exe

Network Information:
	Workstation Name:	-
	Source Network Address:	-
	Source Port:		-

Detailed Authentication Information:
	Logon Process:		Advapi  
	Authentication Package:	Negotiate
	Transited Services:	-
	Package Name (NTLM only):	-
	Key Length:		0

This event is generated when a logon session is created. It is generated on the computer that was accessed.

The subject fields indicate the account on the local system which requested the logon. This is most commonly a service such as the Server service, or a local process such as Winlogon.exe or Services.exe.

The logon type field indicates the kind of logon that occurred. The most common types are 2 (interactive) and 3 (network).

The New Logon fields indicate the account for whom the new logon was created, i.e. the account that was logged on.

The network fields indicate where a remote logon request originated. Workstation name is not always available and may be left blank in some cases.

The impersonation level field indicates the extent to which a process in the logon session can impersonate.

The authentication information fields provide detailed information about this specific logon request.
	- Logon GUID is a unique identifier that can be used to correlate this event with a KDC event.
	- Transited services indicate which intermediate services have participated in this logon request.
	- Package name indicates which sub-protocol was used among the NTLM protocols.
	- Key length indicates the length of the generated session key. This will be 0 if no session key was requested."""
2025-03-28T09:59:03.249Z,DC1,low,3,Windows Logon Success,"""An account was successfully logged on.

Subject:
	Security ID:		S-1-0-0
	Account Name:		-
	Account Domain:		-
	Logon ID:		0x0

Logon Information:
	Logon Type:		3
	Restricted Admin Mode:	-
	Virtual Account:		No
	Elevated Token:		Yes

Impersonation Level:		Delegation

New Logon:
	Security ID:		S-1-5-18
	Account Name:		DC1$
	Account Domain:		PLUMETECH.LOCAL
	Logon ID:		0x168C5F9
	Linked Logon ID:		0x0
	Network Account Name:	-
	Network Account Domain:	-
	Logon GUID:		{79d9c2e7-9aff-677e-7c4b-ade90baa45b3}

Process Information:
	Process ID:		0x0
	Process Name:		-

Network Information:
	Workstation Name:	-
	Source Network Address:	fe80::dc08:d404:2a99:3a5d
	Source Port:		59132

Detailed Authentication Information:
	Logon Process:		Kerberos
	Authentication Package:	Kerberos
	Transited Services:	-
	Package Name (NTLM only):	-
	Key Length:		0

This event is generated when a logon session is created. It is generated on the computer that was accessed.

The subject fields indicate the account on the local system which requested the logon. This is most commonly a service such as the Server service, or a local process such as Winlogon.exe or Services.exe.

The logon type field indicates the kind of logon that occurred. The most common types are 2 (interactive) and 3 (network).

The New Logon fields indicate the account for whom the new logon was created, i.e. the account that was logged on.

The network fields indicate where a remote logon request originated. Workstation name is not always available and may be left blank in some cases.

The impersonation level field indicates the extent to which a process in the logon session can impersonate.

The authentication information fields provide detailed information about this specific logon request.
	- Logon GUID is a unique identifier that can be used to correlate this event with a KDC event.
	- Transited services indicate which intermediate services have participated in this logon request.
	- Package name indicates which sub-protocol was used among the NTLM protocols.
	- Key length indicates the length of the generated session key. This will be 0 if no session key was requested."""
2025-03-28T09:59:03.252Z,OTDC1,low,3,Windows Logon Success,"""An account was successfully logged on.

Subject:
	Security ID:		S-1-0-0
	Account Name:		-
	Account Domain:		-
	Logon ID:		0x0

Logon Information:
	Logon Type:		3
	Restricted Admin Mode:	-
	Virtual Account:		No
	Elevated Token:		Yes

Impersonation Level:		Delegation

New Logon:
	Security ID:		S-1-5-18
	Account Name:		OTDC1$
	Account Domain:		PLUMETECH-OT.LOCAL
	Logon ID:		0x13CA348
	Linked Logon ID:		0x0
	Network Account Name:	-
	Network Account Domain:	-
	Logon GUID:		{2e3ee6d8-9614-d468-69f5-1ac850a6d5e0}

Process Information:
	Process ID:		0x0
	Process Name:		-

Network Information:
	Workstation Name:	-
	Source Network Address:	fe80::5d66:be3:b9e3:32ae
	Source Port:		57600

Detailed Authentication Information:
	Logon Process:		Kerberos
	Authentication Package:	Kerberos
	Transited Services:	-
	Package Name (NTLM only):	-
	Key Length:		0

This event is generated when a logon session is created. It is generated on the computer that was accessed.

The subject fields indicate the account on the local system which requested the logon. This is most commonly a service such as the Server service, or a local process such as Winlogon.exe or Services.exe.

The logon type field indicates the kind of logon that occurred. The most common types are 2 (interactive) and 3 (network).

The New Logon fields indicate the account for whom the new logon was created, i.e. the account that was logged on.

The network fields indicate where a remote logon request originated. Workstation name is not always available and may be left blank in some cases.

The impersonation level field indicates the extent to which a process in the logon session can impersonate.

The authentication information fields provide detailed information about this specific logon request.
	- Logon GUID is a unique identifier that can be used to correlate this event with a KDC event.
	- Transited services indicate which intermediate services have participated in this logon request.
	- Package name indicates which sub-protocol was used among the NTLM protocols.
	- Key length indicates the length of the generated session key. This will be 0 if no session key was requested."""
