2025-03-28T08:52:42.014Z,OTDC1,low,3,Windows Logon Success,"""An account was successfully logged on.

Subject:
	Security ID:		S-1-0-0
	Account Name:		-
	Account Domain:		-
	Logon ID:		0x0

Logon Information:
	Logon Type:		3
	Restricted Admin Mode:	-
	Virtual Account:		No
	Elevated Token:		Yes

Impersonation Level:		Impersonation

New Logon:
	Security ID:		S-1-5-18
	Account Name:		OTDC1$
	Account Domain:		PLUMETECH-OT.LOCAL
	Logon ID:		0x1155746
	Linked Logon ID:		0x0
	Network Account Name:	-
	Network Account Domain:	-
	Logon GUID:		{7e70aad8-ff7c-445b-1e89-ec65cb914a8c}

Process Information:
	Process ID:		0x0
	Process Name:		-

Network Information:
	Workstation Name:	-
	Source Network Address:	::1
	Source Port:		50571

Detailed Authentication Information:
	Logon Process:		Kerberos
	Authentication Package:	Kerberos
	Transited Services:	-
	Package Name (NTLM only):	-
	Key Length:		0

This event is generated when a logon session is created. It is generated on the computer that was accessed.

The subject fields indicate the account on the local system which requested the logon. This is most commonly a service such as the Server service, or a local process such as Winlogon.exe or Services.exe.

The logon type field indicates the kind of logon that occurred. The most common types are 2 (interactive) and 3 (network).

The New Logon fields indicate the account for whom the new logon was created, i.e. the account that was logged on.

The network fields indicate where a remote logon request originated. Workstation name is not always available and may be left blank in some cases.

The impersonation level field indicates the extent to which a process in the logon session can impersonate.

The authentication information fields provide detailed information about this specific logon request.
	- Logon GUID is a unique identifier that can be used to correlate this event with a KDC event.
	- Transited services indicate which intermediate services have participated in this logon request.
	- Package name indicates which sub-protocol was used among the NTLM protocols.
	- Key length indicates the length of the generated session key. This will be 0 if no session key was requested."""
2025-03-28T08:53:07.021Z,DC1,low,3,Windows Logon Success,"""An account was successfully logged on.

Subject:
	Security ID:		S-1-0-0
	Account Name:		-
	Account Domain:		-
	Logon ID:		0x0

Logon Information:
	Logon Type:		3
	Restricted Admin Mode:	-
	Virtual Account:		No
	Elevated Token:		Yes

Impersonation Level:		Impersonation

New Logon:
	Security ID:		S-1-5-18
	Account Name:		DC1$
	Account Domain:		PLUMETECH.LOCAL
	Logon ID:		0x13CABCE
	Linked Logon ID:		0x0
	Network Account Name:	-
	Network Account Domain:	-
	Logon GUID:		{135076b4-c946-31b9-05a5-29a4c0549096}

Process Information:
	Process ID:		0x0
	Process Name:		-

Network Information:
	Workstation Name:	-
	Source Network Address:	::1
	Source Port:		61001

Detailed Authentication Information:
	Logon Process:		Kerberos
	Authentication Package:	Kerberos
	Transited Services:	-
	Package Name (NTLM only):	-
	Key Length:		0

This event is generated when a logon session is created. It is generated on the computer that was accessed.

The subject fields indicate the account on the local system which requested the logon. This is most commonly a service such as the Server service, or a local process such as Winlogon.exe or Services.exe.

The logon type field indicates the kind of logon that occurred. The most common types are 2 (interactive) and 3 (network).

The New Logon fields indicate the account for whom the new logon was created, i.e. the account that was logged on.

The network fields indicate where a remote logon request originated. Workstation name is not always available and may be left blank in some cases.

The impersonation level field indicates the extent to which a process in the logon session can impersonate.

The authentication information fields provide detailed information about this specific logon request.
	- Logon GUID is a unique identifier that can be used to correlate this event with a KDC event.
	- Transited services indicate which intermediate services have participated in this logon request.
	- Package name indicates which sub-protocol was used among the NTLM protocols.
	- Key length indicates the length of the generated session key. This will be 0 if no session key was requested."""
2025-03-28T08:53:42.016Z,OTDC1,low,3,Windows Logon Success,"""An account was successfully logged on.

Subject:
	Security ID:		S-1-0-0
	Account Name:		-
	Account Domain:		-
	Logon ID:		0x0

Logon Information:
	Logon Type:		3
	Restricted Admin Mode:	-
	Virtual Account:		No
	Elevated Token:		Yes

Impersonation Level:		Impersonation

New Logon:
	Security ID:		S-1-5-18
	Account Name:		OTDC1$
	Account Domain:		PLUMETECH-OT.LOCAL
	Logon ID:		0x115B1A2
	Linked Logon ID:		0x0
	Network Account Name:	-
	Network Account Domain:	-
	Logon GUID:		{7e70aad8-ff7c-445b-1e89-ec65cb914a8c}

Process Information:
	Process ID:		0x0
	Process Name:		-

Network Information:
	Workstation Name:	-
	Source Network Address:	::1
	Source Port:		50572

Detailed Authentication Information:
	Logon Process:		Kerberos
	Authentication Package:	Kerberos
	Transited Services:	-
	Package Name (NTLM only):	-
	Key Length:		0

This event is generated when a logon session is created. It is generated on the computer that was accessed.

The subject fields indicate the account on the local system which requested the logon. This is most commonly a service such as the Server service, or a local process such as Winlogon.exe or Services.exe.

The logon type field indicates the kind of logon that occurred. The most common types are 2 (interactive) and 3 (network).

The New Logon fields indicate the account for whom the new logon was created, i.e. the account that was logged on.

The network fields indicate where a remote logon request originated. Workstation name is not always available and may be left blank in some cases.

The impersonation level field indicates the extent to which a process in the logon session can impersonate.

The authentication information fields provide detailed information about this specific logon request.
	- Logon GUID is a unique identifier that can be used to correlate this event with a KDC event.
	- Transited services indicate which intermediate services have participated in this logon request.
	- Package name indicates which sub-protocol was used among the NTLM protocols.
	- Key length indicates the length of the generated session key. This will be 0 if no session key was requested."""
2025-03-28T08:54:07.022Z,DC1,low,3,Windows Logon Success,"""An account was successfully logged on.

Subject:
	Security ID:		S-1-0-0
	Account Name:		-
	Account Domain:		-
	Logon ID:		0x0

Logon Information:
	Logon Type:		3
	Restricted Admin Mode:	-
	Virtual Account:		No
	Elevated Token:		Yes

Impersonation Level:		Impersonation

New Logon:
	Security ID:		S-1-5-18
	Account Name:		DC1$
	Account Domain:		PLUMETECH.LOCAL
	Logon ID:		0x13D089C
	Linked Logon ID:		0x0
	Network Account Name:	-
	Network Account Domain:	-
	Logon GUID:		{135076b4-c946-31b9-05a5-29a4c0549096}

Process Information:
	Process ID:		0x0
	Process Name:		-

Network Information:
	Workstation Name:	-
	Source Network Address:	::1
	Source Port:		61002

Detailed Authentication Information:
	Logon Process:		Kerberos
	Authentication Package:	Kerberos
	Transited Services:	-
	Package Name (NTLM only):	-
	Key Length:		0

This event is generated when a logon session is created. It is generated on the computer that was accessed.

The subject fields indicate the account on the local system which requested the logon. This is most commonly a service such as the Server service, or a local process such as Winlogon.exe or Services.exe.

The logon type field indicates the kind of logon that occurred. The most common types are 2 (interactive) and 3 (network).

The New Logon fields indicate the account for whom the new logon was created, i.e. the account that was logged on.

The network fields indicate where a remote logon request originated. Workstation name is not always available and may be left blank in some cases.

The impersonation level field indicates the extent to which a process in the logon session can impersonate.

The authentication information fields provide detailed information about this specific logon request.
	- Logon GUID is a unique identifier that can be used to correlate this event with a KDC event.
	- Transited services indicate which intermediate services have participated in this logon request.
	- Package name indicates which sub-protocol was used among the NTLM protocols.
	- Key length indicates the length of the generated session key. This will be 0 if no session key was requested."""
2025-03-28T08:54:42.032Z,OTDC1,low,3,Windows Logon Success,"""An account was successfully logged on.

Subject:
	Security ID:		S-1-0-0
	Account Name:		-
	Account Domain:		-
	Logon ID:		0x0

Logon Information:
	Logon Type:		3
	Restricted Admin Mode:	-
	Virtual Account:		No
	Elevated Token:		Yes

Impersonation Level:		Impersonation

New Logon:
	Security ID:		S-1-5-18
	Account Name:		OTDC1$
	Account Domain:		PLUMETECH-OT.LOCAL
	Logon ID:		0x1160CE9
	Linked Logon ID:		0x0
	Network Account Name:	-
	Network Account Domain:	-
	Logon GUID:		{7e70aad8-ff7c-445b-1e89-ec65cb914a8c}

Process Information:
	Process ID:		0x0
	Process Name:		-

Network Information:
	Workstation Name:	-
	Source Network Address:	::1
	Source Port:		50573

Detailed Authentication Information:
	Logon Process:		Kerberos
	Authentication Package:	Kerberos
	Transited Services:	-
	Package Name (NTLM only):	-
	Key Length:		0

This event is generated when a logon session is created. It is generated on the computer that was accessed.

The subject fields indicate the account on the local system which requested the logon. This is most commonly a service such as the Server service, or a local process such as Winlogon.exe or Services.exe.

The logon type field indicates the kind of logon that occurred. The most common types are 2 (interactive) and 3 (network).

The New Logon fields indicate the account for whom the new logon was created, i.e. the account that was logged on.

The network fields indicate where a remote logon request originated. Workstation name is not always available and may be left blank in some cases.

The impersonation level field indicates the extent to which a process in the logon session can impersonate.

The authentication information fields provide detailed information about this specific logon request.
	- Logon GUID is a unique identifier that can be used to correlate this event with a KDC event.
	- Transited services indicate which intermediate services have participated in this logon request.
	- Package name indicates which sub-protocol was used among the NTLM protocols.
	- Key length indicates the length of the generated session key. This will be 0 if no session key was requested."""
2025-03-28T08:54:49.731Z,ENG1,low,5,Registry Key Integrity Checksum Changed,"Registry Key '[x32] HKEY_LOCAL_MACHINE\Security\Policy\Accounts' modified
Mode: scheduled
Changed attributes: mtime
Group ownership was 'S-1-5-32-544', now it is 'S-1-5-18'
Old modification time was: '1743148740', now it is '1743150540'
"
2025-03-28T08:54:49.772Z,ENG1,low,5,Registry Key Integrity Checksum Changed,"Registry Key '[x32] HKEY_LOCAL_MACHINE\Security\RXACT' modified
Mode: scheduled
Changed attributes: mtime
Group ownership was 'S-1-5-32-544', now it is 'S-1-5-18'
Old modification time was: '1743148740', now it is '1743150540'
"
2025-03-28T08:54:59.122Z,ENG1,low,5,Registry Key Integrity Checksum Changed,"Registry Key '[x32] HKEY_LOCAL_MACHINE\System\CurrentControlSet\Services\bam\State\UserSettings\S-1-5-21-3248427853-3497112689-1838513565-500' modified
Mode: scheduled
Changed attributes: mtime
Group ownership was 'S-1-5-32-544', now it is 'S-1-5-18'
Old modification time was: '1743148754', now it is '1743150553'
"
2025-03-28T08:54:59.125Z,ENG1,low,5,Registry Value Integrity Checksum Changed,"Registry Value '[x32] HKEY_LOCAL_MACHINE\System\CurrentControlSet\Services\bam\State\UserSettings\S-1-5-21-3248427853-3497112689-1838513565-500\\Device\HarddiskVolume3\Windows\System32\WindowsPowerShell\v1.0\powershell.exe' modified
Mode: scheduled
Changed attributes: md5,sha1,sha256
Old md5sum was: '12e1e0278b51bf0d09ede6e530135c8a'
New md5sum is : 'b315390e2365f5231f77a8e64748f9b4'
Old sha1sum was: '1ed51837bec5a3abaaf1a4199d1ba41ffa6cb0a6'
New sha1sum is : '05e850d38999e364690de081c641c083499619fe'
Old sha256sum was: 'abc66a11312eedfb33ec41053c53339164cef8acaedfccaf987a54d9055dea8b'
New sha256sum is : '567fd9835b82f4e00f161af66688370285fe9030411b0bf256fee6811807aed4'
"
2025-03-28T08:54:59.277Z,ENG1,low,5,Registry Key Integrity Checksum Changed,"Registry Key '[x32] HKEY_LOCAL_MACHINE\System\CurrentControlSet\Services\BFE\Parameters\Policy\BootTime\Filter' modified
Mode: scheduled
Changed attributes: mtime
Old modification time was: '1743148658', now it is '1743151585'
"
2025-03-28T08:54:59.318Z,ENG1,low,5,Registry Key Integrity Checksum Changed,"Registry Key '[x32] HKEY_LOCAL_MACHINE\System\CurrentControlSet\Services\BFE\Parameters\Policy\Persistent\Filter' modified
Mode: scheduled
Changed attributes: mtime
Old modification time was: '1743148658', now it is '1743151585'
"
2025-03-28T08:54:59.318Z,ENG1,low,5,Registry Value Entry Added to the System,"Registry Value '[x32] HKEY_LOCAL_MACHINE\System\CurrentControlSet\Services\BFE\Parameters\Policy\BootTime\Filter\{c5996155-fd4e-4838-fb00-000000000000}' added
Mode: scheduled
"
2025-03-28T08:54:59.332Z,ENG1,low,5,Registry Value Entry Added to the System,"Registry Value '[x32] HKEY_LOCAL_MACHINE\System\CurrentControlSet\Services\BFE\Parameters\Policy\Persistent\Filter\{c5996155-fd4e-4838-fa00-000000000000}' added
Mode: scheduled
"
2025-03-28T08:54:59.334Z,ENG1,low,5,Registry Value Entry Added to the System,"Registry Value '[x32] HKEY_LOCAL_MACHINE\System\CurrentControlSet\Services\BFE\Parameters\Policy\Persistent\Filter\{c5996155-fd4e-4838-fb00-000000000000}' added
Mode: scheduled
"
2025-03-28T08:55:07.102Z,DC1,low,3,Windows Logon Success,"""An account was successfully logged on.

Subject:
	Security ID:		S-1-0-0
	Account Name:		-
	Account Domain:		-
	Logon ID:		0x0

Logon Information:
	Logon Type:		3
	Restricted Admin Mode:	-
	Virtual Account:		No
	Elevated Token:		Yes

Impersonation Level:		Impersonation

New Logon:
	Security ID:		S-1-5-18
	Account Name:		DC1$
	Account Domain:		PLUMETECH.LOCAL
	Logon ID:		0x13D6227
	Linked Logon ID:		0x0
	Network Account Name:	-
	Network Account Domain:	-
	Logon GUID:		{135076b4-c946-31b9-05a5-29a4c0549096}

Process Information:
	Process ID:		0x0
	Process Name:		-

Network Information:
	Workstation Name:	-
	Source Network Address:	::1
	Source Port:		61003

Detailed Authentication Information:
	Logon Process:		Kerberos
	Authentication Package:	Kerberos
	Transited Services:	-
	Package Name (NTLM only):	-
	Key Length:		0

This event is generated when a logon session is created. It is generated on the computer that was accessed.

The subject fields indicate the account on the local system which requested the logon. This is most commonly a service such as the Server service, or a local process such as Winlogon.exe or Services.exe.

The logon type field indicates the kind of logon that occurred. The most common types are 2 (interactive) and 3 (network).

The New Logon fields indicate the account for whom the new logon was created, i.e. the account that was logged on.

The network fields indicate where a remote logon request originated. Workstation name is not always available and may be left blank in some cases.

The impersonation level field indicates the extent to which a process in the logon session can impersonate.

The authentication information fields provide detailed information about this specific logon request.
	- Logon GUID is a unique identifier that can be used to correlate this event with a KDC event.
	- Transited services indicate which intermediate services have participated in this logon request.
	- Package name indicates which sub-protocol was used among the NTLM protocols.
	- Key length indicates the length of the generated session key. This will be 0 if no session key was requested."""
2025-03-28T08:55:09.418Z,ENG1,low,5,Registry Key Integrity Checksum Changed,"Registry Key '[x32] HKEY_LOCAL_MACHINE\System\CurrentControlSet\Services\SharedAccess\Epoch2' modified
Mode: scheduled
Changed attributes: mtime
Old modification time was: '1743149427', now it is '1743151227'
"
2025-03-28T08:55:09.456Z,ENG1,low,5,Registry Value Integrity Checksum Changed,"Registry Value '[x32] HKEY_LOCAL_MACHINE\System\CurrentControlSet\Services\SharedAccess\Epoch2\Epoch' modified
Mode: scheduled
Changed attributes: md5,sha1,sha256
Old md5sum was: 'ece0a4717a56b435986b16118931803d'
New md5sum is : '5abec07f9a5337a54ef3ec532e9246a6'
Old sha1sum was: '848ef6a38c423e3518f00eb1016908fcbbcbbcc3'
New sha1sum is : 'a00f444626489b2876a605fd4b8af63c8774b90f'
Old sha256sum was: '9249cab836065ae215fda3f1fa09dfc8eb641b2ebef7e9ec996329cca1f8948b'
New sha256sum is : '632d0baa59c215540ec2b2d7daed74b29df9d496fb872bbd072a4aac11c25422'
"
2025-03-28T08:55:10.477Z,ENG1,low,5,Registry Key Integrity Checksum Changed,"Registry Key '[x32] HKEY_LOCAL_MACHINE\System\CurrentControlSet\Services\Tcpip\Parameters\Interfaces\{0a68dbb1-37c8-4dff-b635-6e8c058be0d5}' modified
Mode: scheduled
Changed attributes: mtime
Old modification time was: '1743148521', now it is '1743150321'
"
2025-03-28T08:55:10.479Z,ENG1,low,5,Registry Value Integrity Checksum Changed,"Registry Value '[x32] HKEY_LOCAL_MACHINE\System\CurrentControlSet\Services\Tcpip\Parameters\Interfaces\{0a68dbb1-37c8-4dff-b635-6e8c058be0d5}\LeaseObtainedTime' modified
Mode: scheduled
Changed attributes: md5,sha1,sha256
Old md5sum was: '48601599453c3efb143d72425e53a02f'
New md5sum is : '30e6404da2262977aca69a63aa242594'
Old sha1sum was: '610824e16d5006927b1bc08c41bc65661ab8301e'
New sha1sum is : 'a0810fc400a47f7e785ef1614c4b879c4dd91dcc'
Old sha256sum was: '8fa4007bbb536d85104eb330936add5b682d6802412bd58f52582be733544fc3'
New sha256sum is : 'd8574a264e8e4add1af738c3f3c70701c34eb0026a8cbd0ebafca5f7a62a9c94'
"
2025-03-28T08:55:10.480Z,ENG1,low,5,Registry Value Integrity Checksum Changed,"Registry Value '[x32] HKEY_LOCAL_MACHINE\System\CurrentControlSet\Services\Tcpip\Parameters\Interfaces\{0a68dbb1-37c8-4dff-b635-6e8c058be0d5}\T2' modified
Mode: scheduled
Changed attributes: md5,sha1,sha256
Old md5sum was: '35eb4ed3b21856848ea64602be3712e9'
New md5sum is : 'a9fec189f94603c51049390305c6051e'
Old sha1sum was: '43898ca462887741ff7226ef6379146ca4d97532'
New sha1sum is : '63e612eaa7d26b796e85aeee1e04b17a0e3dbd64'
Old sha256sum was: 'a250429972c7c4c5138fbad1be95949427a59e956acf3b7eaf021bd59049a094'
New sha256sum is : '046a4216d01214196fae7de48f2c85921c423c1d429146acc3a36f664e4acec8'
"
2025-03-28T08:55:10.480Z,ENG1,low,5,Registry Value Integrity Checksum Changed,"Registry Value '[x32] HKEY_LOCAL_MACHINE\System\CurrentControlSet\Services\Tcpip\Parameters\Interfaces\{0a68dbb1-37c8-4dff-b635-6e8c058be0d5}\T1' modified
Mode: scheduled
Changed attributes: md5,sha1,sha256
Old md5sum was: '30e6404da2262977aca69a63aa242594'
New md5sum is : 'ec3da2c3b7491bdf5fe84c76cdd72d70'
Old sha1sum was: 'a0810fc400a47f7e785ef1614c4b879c4dd91dcc'
New sha1sum is : 'e2108a7c5f23772a99127b2ae320630487ca3b84'
Old sha256sum was: 'd8574a264e8e4add1af738c3f3c70701c34eb0026a8cbd0ebafca5f7a62a9c94'
New sha256sum is : 'b7fc593f26a0014c38e30a90a52c477be4ed8a103bc362570d3b7455024ec9b9'
"
2025-03-28T08:55:10.493Z,ENG1,low,5,Registry Value Integrity Checksum Changed,"Registry Value '[x32] HKEY_LOCAL_MACHINE\System\CurrentControlSet\Services\Tcpip\Parameters\Interfaces\{0a68dbb1-37c8-4dff-b635-6e8c058be0d5}\LeaseTerminatesTime' modified
Mode: scheduled
Changed attributes: md5,sha1,sha256
Old md5sum was: 'ec3da2c3b7491bdf5fe84c76cdd72d70'
New md5sum is : '0e21ae3435e11d62065361b979ef851a'
Old sha1sum was: 'e2108a7c5f23772a99127b2ae320630487ca3b84'
New sha1sum is : '170a2bceea872e5d86828f09f2c158a652352b53'
Old sha256sum was: 'b7fc593f26a0014c38e30a90a52c477be4ed8a103bc362570d3b7455024ec9b9'
New sha256sum is : 'b5c1dc3e716d8260a29bed92ee56cb417fbb708810ae44fd089ad50dcffed1bf'
"
2025-03-28T08:55:10.495Z,ENG1,low,5,Registry Value Integrity Checksum Changed,"Registry Value '[x32] HKEY_LOCAL_MACHINE\System\CurrentControlSet\Services\Tcpip\Parameters\Interfaces\{0a68dbb1-37c8-4dff-b635-6e8c058be0d5}\DhcpInterfaceOptions' modified
Mode: scheduled
Changed attributes: md5,sha1,sha256
Old md5sum was: 'a84562984978f128cfe305b335c97c77'
New md5sum is : '19dc8ef682f8f27bd3c0eb9e52bc917c'
Old sha1sum was: '913d91ecb60044459a5666dfb8decb88f9ca5742'
New sha1sum is : '4ffbeed9411603aa3aeb1d2359b5dfe27e8d8011'
Old sha256sum was: '6de105c78ebeeb22d60baf5be18f96091f290dd6a5d450ff0a4d6f86a2a494b5'
New sha256sum is : 'f2a6ef5071a62cb240168d77b8754b857e69e6a375dfc08fc3170f3cedb3b1c4'
"
2025-03-28T08:55:10.527Z,ENG1,low,5,Registry Key Integrity Checksum Changed,"Registry Key '[x32] HKEY_LOCAL_MACHINE\System\CurrentControlSet\Services\Tcpip\Parameters' modified
Mode: scheduled
Changed attributes: mtime
Old modification time was: '1743148498', now it is '1743152098'
"
2025-03-28T08:55:10.530Z,ENG1,low,5,Registry Value Integrity Checksum Changed,"Registry Value '[x32] HKEY_LOCAL_MACHINE\System\CurrentControlSet\Services\Tcpip\Parameters\Health' modified
Mode: scheduled
Changed attributes: md5,sha1,sha256
Old md5sum was: '7c02034489e605498a970d51f4b0f0d6'
New md5sum is : 'f2b81a56d360832697192b07121166ea'
Old sha1sum was: '11c5f6ae347b67f1f74ebf8d49025847e3b167de'
New sha1sum is : '180abc3c0234d25cd443ff43f6ad49a274911eef'
Old sha256sum was: 'a22c6971dce9d86475ee66baf8e6d9b01d39f2a7069c8ddd0051185059014d30'
New sha256sum is : '9fa7f0e106f6d1dd6f5c33a24faec74283a49b6b1cb35064cd3fe0d3e955f96a'
"
2025-03-28T08:55:14.722Z,ENG1,low,5,Registry Value Entry Deleted.,"Registry Value '[x32] HKEY_LOCAL_MACHINE\System\CurrentControlSet\Services\BFE\Parameters\Policy\BootTime\Filter\{c5996155-fd4e-4838-8d00-000000000000}' deleted
Mode: scheduled
"
2025-03-28T08:55:14.723Z,ENG1,low,5,Registry Value Entry Deleted.,"Registry Value '[x32] HKEY_LOCAL_MACHINE\System\CurrentControlSet\Services\BFE\Parameters\Policy\Persistent\Filter\{c5996155-fd4e-4838-8c00-000000000000}' deleted
Mode: scheduled
"
2025-03-28T08:55:14.723Z,ENG1,low,5,Registry Value Entry Deleted.,"Registry Value '[x32] HKEY_LOCAL_MACHINE\System\CurrentControlSet\Services\BFE\Parameters\Policy\Persistent\Filter\{c5996155-fd4e-4838-8d00-000000000000}' deleted
Mode: scheduled
"
2025-03-28T08:55:19.234Z,OTDC1,low,5,Registry Key Integrity Checksum Changed,"Registry Key '[x32] HKEY_LOCAL_MACHINE\Security\Policy\Accounts' modified
Mode: scheduled
Changed attributes: mtime
Group ownership was 'S-1-5-32-544', now it is 'S-1-5-18'
Old modification time was: '1743148742', now it is '1743150541'
"
2025-03-28T08:55:19.269Z,OTDC1,low,5,Registry Key Integrity Checksum Changed,"Registry Key '[x32] HKEY_LOCAL_MACHINE\Security\RXACT' modified
Mode: scheduled
Changed attributes: mtime
Group ownership was 'S-1-5-32-544', now it is 'S-1-5-18'
Old modification time was: '1743150132', now it is '1743151932'
"
2025-03-28T08:55:27.819Z,OTDC1,low,5,Registry Key Integrity Checksum Changed,"Registry Key '[x32] HKEY_LOCAL_MACHINE\System\CurrentControlSet\Services\CSAgent\Sim' modified
Mode: scheduled
Changed attributes: mtime
Group ownership was 'S-1-5-32-544', now it is 'S-1-5-18'
Old modification time was: '1743150138', now it is '1743151943'
"
2025-03-28T08:55:27.842Z,OTDC1,low,5,Registry Value Integrity Checksum Changed,"Registry Value '[x32] HKEY_LOCAL_MACHINE\System\CurrentControlSet\Services\CSAgent\Sim\IDP:Watchdog.ServiceTicksUnderThreshold' modified
Mode: scheduled
Changed attributes: md5,sha1,sha256
Old md5sum was: 'f86b1425b401b9e5b08fcfd7c0cee677'
New md5sum is : '40e972f1c5ec2cf5cd98664bb9401c4e'
Old sha1sum was: 'b5be75a45d48e7f1ef97b7805e83ef279d914f7a'
New sha1sum is : 'd27b216b878b94b59281142b2b6adf642426d23c'
Old sha256sum was: 'fe87a77625b901682780c0c10f8dfdcdc5bb36de8abfd36248f29d51391d7679'
New sha256sum is : '7f9a97483e93e8110e1d71e33a5a9711b1dcad362dc028a708ebaf9bbb21ae0b'
"
2025-03-28T08:55:27.842Z,OTDC1,low,5,Registry Value Integrity Checksum Changed,"Registry Value '[x32] HKEY_LOCAL_MACHINE\System\CurrentControlSet\Services\CSAgent\Sim\NT' modified
Mode: scheduled
Changed attributes: md5,sha1,sha256
Old md5sum was: '353eb827d60388b8eb5c13d9f76881a5'
New md5sum is : 'e04f971d65b3af07b9355c0efef6e42b'
Old sha1sum was: '1deb034bfb25008801d7f32e4a4f87b1e4935006'
New sha1sum is : '7c41732ba151d250b515dcc494163124f0be6360'
Old sha256sum was: 'f26bdb0dc0225a9c6f649b2163302b65a15c31b16613df5f189768fd7167211b'
New sha256sum is : '4befa7022ad08e924c7fed86fbf9444b33c8ed29a242be16f9e53b8efe9077e9'
"
2025-03-28T08:55:27.842Z,OTDC1,low,5,Registry Value Integrity Checksum Changed,"Registry Value '[x32] HKEY_LOCAL_MACHINE\System\CurrentControlSet\Services\CSAgent\Sim\IDP:Watchdog.TicksUnderThreshold' modified
Mode: scheduled
Changed attributes: md5,sha1,sha256
Old md5sum was: 'f86b1425b401b9e5b08fcfd7c0cee677'
New md5sum is : '40e972f1c5ec2cf5cd98664bb9401c4e'
Old sha1sum was: 'b5be75a45d48e7f1ef97b7805e83ef279d914f7a'
New sha1sum is : 'd27b216b878b94b59281142b2b6adf642426d23c'
Old sha256sum was: 'fe87a77625b901682780c0c10f8dfdcdc5bb36de8abfd36248f29d51391d7679'
New sha256sum is : '7f9a97483e93e8110e1d71e33a5a9711b1dcad362dc028a708ebaf9bbb21ae0b'
"
2025-03-28T08:55:28.050Z,OTDC1,low,5,Registry Key Integrity Checksum Changed,"Registry Key '[x32] HKEY_LOCAL_MACHINE\System\CurrentControlSet\Services\DFSR\Access Checks\Replication Groups\CF2F1EA2-F760-47FC-8150-5C1C212DB08D' modified
Mode: scheduled
Changed attributes: mtime
Old modification time was: '1743150110', now it is '1743151914'
"
2025-03-28T08:55:28.963Z,DC1,low,3,Windows Logon Success,"""An account was successfully logged on.

Subject:
	Security ID:		S-1-0-0
	Account Name:		-
	Account Domain:		-
	Logon ID:		0x0

Logon Information:
	Logon Type:		3
	Restricted Admin Mode:	-
	Virtual Account:		No
	Elevated Token:		Yes

Impersonation Level:		Delegation

New Logon:
	Security ID:		S-1-5-21-742041295-2727698780-1124300366-1000
	Account Name:		DC1$
	Account Domain:		PLUMETECH.LOCAL
	Logon ID:		0x13DA45B
	Linked Logon ID:		0x0
	Network Account Name:	-
	Network Account Domain:	-
	Logon GUID:		{566e1333-d671-97b6-f303-40d5f81b81c7}

Process Information:
	Process ID:		0x0
	Process Name:		-

Network Information:
	Workstation Name:	-
	Source Network Address:	-
	Source Port:		-

Detailed Authentication Information:
	Logon Process:		Kerberos
	Authentication Package:	Kerberos
	Transited Services:	-
	Package Name (NTLM only):	-
	Key Length:		0

This event is generated when a logon session is created. It is generated on the computer that was accessed.

The subject fields indicate the account on the local system which requested the logon. This is most commonly a service such as the Server service, or a local process such as Winlogon.exe or Services.exe.

The logon type field indicates the kind of logon that occurred. The most common types are 2 (interactive) and 3 (network).

The New Logon fields indicate the account for whom the new logon was created, i.e. the account that was logged on.

The network fields indicate where a remote logon request originated. Workstation name is not always available and may be left blank in some cases.

The impersonation level field indicates the extent to which a process in the logon session can impersonate.

The authentication information fields provide detailed information about this specific logon request.
	- Logon GUID is a unique identifier that can be used to correlate this event with a KDC event.
	- Transited services indicate which intermediate services have participated in this logon request.
	- Package name indicates which sub-protocol was used among the NTLM protocols.
	- Key length indicates the length of the generated session key. This will be 0 if no session key was requested."""
2025-03-28T08:55:31.363Z,DC1,low,5,Registry Key Integrity Checksum Changed,"Registry Key '[x32] HKEY_LOCAL_MACHINE\Security\Policy\Accounts' modified
Mode: scheduled
Changed attributes: mtime
Group ownership was 'S-1-5-32-544', now it is 'S-1-5-18'
Old modification time was: '1743148742', now it is '1743150542'
"
2025-03-28T08:55:31.420Z,DC1,low,5,Registry Key Integrity Checksum Changed,"Registry Key '[x32] HKEY_LOCAL_MACHINE\Security\RXACT' modified
Mode: scheduled
Changed attributes: mtime
Group ownership was 'S-1-5-32-544', now it is 'S-1-5-18'
Old modification time was: '1743150071', now it is '1743151872'
"
2025-03-28T08:55:36.866Z,OTDC1,low,5,Registry Key Integrity Checksum Changed,"Registry Key '[x32] HKEY_LOCAL_MACHINE\System\CurrentControlSet\Services\Tcpip\Parameters\Interfaces\{efdcc438-1368-4889-b23e-1841c6d0bdb5}' modified
Mode: scheduled
Changed attributes: mtime
Old modification time was: '1743148564', now it is '1743150364'
"
2025-03-28T08:55:36.889Z,OTDC1,low,5,Registry Value Integrity Checksum Changed,"Registry Value '[x32] HKEY_LOCAL_MACHINE\System\CurrentControlSet\Services\Tcpip\Parameters\Interfaces\{efdcc438-1368-4889-b23e-1841c6d0bdb5}\T2' modified
Mode: scheduled
Changed attributes: md5,sha1,sha256
Old md5sum was: 'e3bc693f740b650f7c5679b7035432d0'
New md5sum is : '26f247a2958b4f7eb60d34384eeb8eb2'
Old sha1sum was: '90ddf5add31126b92f3240efa06ee6a6b32d0881'
New sha1sum is : '780952d7cb444a9a04e29d10c9f201fb67d64ae2'
Old sha256sum was: 'dd7b885f1d7e61880f0b74cbc1c9eb225f73f5b718f335ce4a070ad4cc8d29be'
New sha256sum is : 'b8520891f0e03d311d9408914780214483f746d369f6baef2953243c3cdf8458'
"
2025-03-28T08:55:36.889Z,OTDC1,low,5,Registry Value Integrity Checksum Changed,"Registry Value '[x32] HKEY_LOCAL_MACHINE\System\CurrentControlSet\Services\Tcpip\Parameters\Interfaces\{efdcc438-1368-4889-b23e-1841c6d0bdb5}\T1' modified
Mode: scheduled
Changed attributes: md5,sha1,sha256
Old md5sum was: '13855f96a73dce7cbe71e093698ac66a'
New md5sum is : 'e4b5e295418d1035a1a0573263b1a333'
Old sha1sum was: '7ff07d6f9ab2b0d5f6ed925b6587dac072f1d0f8'
New sha1sum is : 'f6606b062a40ed23eeb07c7d53016c2287982fda'
Old sha256sum was: '81ae59ca2000e023255fcabfdd6d95ade984ee85a6f32c11d76eb4cd17073e82'
New sha256sum is : '663868dfd02999f72b7ed120ffec6f091a2e5f52be7db336c576bc542c572a78'
"
2025-03-28T08:55:36.889Z,OTDC1,low,5,Registry Value Integrity Checksum Changed,"Registry Value '[x32] HKEY_LOCAL_MACHINE\System\CurrentControlSet\Services\Tcpip\Parameters\Interfaces\{efdcc438-1368-4889-b23e-1841c6d0bdb5}\LeaseObtainedTime' modified
Mode: scheduled
Changed attributes: md5,sha1,sha256
Old md5sum was: '50fed47b74d53cb28c28faecd5432f37'
New md5sum is : '13855f96a73dce7cbe71e093698ac66a'
Old sha1sum was: '23e92a524a58827188536ef99ca3131f2c5a6d31'
New sha1sum is : '7ff07d6f9ab2b0d5f6ed925b6587dac072f1d0f8'
Old sha256sum was: '863aa3fe97c735f8371c1c8446f4c8ab5b12eb95f82b34534bdcd4f0d3e7ad56'
New sha256sum is : '81ae59ca2000e023255fcabfdd6d95ade984ee85a6f32c11d76eb4cd17073e82'
"
2025-03-28T08:55:36.905Z,OTDC1,low,5,Registry Value Integrity Checksum Changed,"Registry Value '[x32] HKEY_LOCAL_MACHINE\System\CurrentControlSet\Services\Tcpip\Parameters\Interfaces\{efdcc438-1368-4889-b23e-1841c6d0bdb5}\LeaseTerminatesTime' modified
Mode: scheduled
Changed attributes: md5,sha1,sha256
Old md5sum was: 'e4b5e295418d1035a1a0573263b1a333'
New md5sum is : 'ffc25b3653e6294cef39e7c8ac573447'
Old sha1sum was: 'f6606b062a40ed23eeb07c7d53016c2287982fda'
New sha1sum is : '4bd025c9c71ca7df14bdcbfd048bf3c851d479a5'
Old sha256sum was: '663868dfd02999f72b7ed120ffec6f091a2e5f52be7db336c576bc542c572a78'
New sha256sum is : 'c262d7ad50eca25c8fc9720dc8f90f7e8c3e52a70257a9be6499dceaac7e9eb2'
"
2025-03-28T08:55:36.946Z,OTDC1,low,5,Registry Value Integrity Checksum Changed,"Registry Value '[x32] HKEY_LOCAL_MACHINE\System\CurrentControlSet\Services\Tcpip\Parameters\Interfaces\{efdcc438-1368-4889-b23e-1841c6d0bdb5}\DhcpInterfaceOptions' modified
Mode: scheduled
Changed attributes: md5,sha1,sha256
Old md5sum was: 'dac3d887307801dbae8b1bc09f11751f'
New md5sum is : '518aa71e1fe3d64da5ea75b3ace3c770'
Old sha1sum was: 'd55871b8292b78248c9fd79b1de5e9d0e659b8be'
New sha1sum is : '13a9190b958362a0c857473fe6300cf7bda69c6a'
Old sha256sum was: '548dae422180a7a51fa3f3213a716e1672169c08c18a1ffcecebc772ff6d8494'
New sha256sum is : 'a1905a005bd8cc34f4f161bd824e2fc154c97e775d20afe6caa5ee7dbb55a8e0'
"
2025-03-28T08:55:38.163Z,OTDC1,low,5,Registry Key Integrity Checksum Changed,"Registry Key '[x32] HKEY_LOCAL_MACHINE\System\CurrentControlSet\Services\W32Time\Config\Status' modified
Mode: scheduled
Changed attributes: mtime
Old modification time was: '1743150113', now it is '1743151137'
"
2025-03-28T08:55:38.164Z,OTDC1,low,5,Registry Value Integrity Checksum Changed,"Registry Value '[x32] HKEY_LOCAL_MACHINE\System\CurrentControlSet\Services\W32Time\Config\Status\LastGoodSampleInfo' modified
Mode: scheduled
Changed attributes: md5,sha1,sha256
Old md5sum was: '4d30f4f5f09eba468b05353261edf1e4'
New md5sum is : '16685f170db37a43f58a7adcdef5c809'
Old sha1sum was: 'a970d2e2ad3d8e888b9658ffd429e69085974d4e'
New sha1sum is : 'c6cc9800fdee69cb96ecbf93973edad8130a360c'
Old sha256sum was: 'a04a8580e4d697b719ebcf4cc2ad7b6747fac65640fe688fe20ae085ed83c1e1'
New sha256sum is : 'dae078d51b3ec52b481370ca50326082b8e9157a989c48bdfa80e762bdabafb4'
"
2025-03-28T08:55:38.170Z,OTDC1,low,5,Registry Key Integrity Checksum Changed,"Registry Key '[x32] HKEY_LOCAL_MACHINE\System\CurrentControlSet\Services\W32Time\Config' modified
Mode: scheduled
Changed attributes: mtime
Old modification time was: '1743150113', now it is '1743151137'
"
2025-03-28T08:55:38.186Z,OTDC1,low,5,Registry Value Integrity Checksum Changed,"Registry Value '[x32] HKEY_LOCAL_MACHINE\System\CurrentControlSet\Services\W32Time\Config\LastKnownGoodTime' modified
Mode: scheduled
Changed attributes: md5,sha1,sha256
Old md5sum was: '8d5511d8f176808a41973740c8e0de64'
New md5sum is : '40f3f2dbfba0c6d430d004f5be65e2da'
Old sha1sum was: '87766b22b39c974c9b0bf8b00450fc01873c5bce'
New sha1sum is : '53bd4c9259878777c7f02287d542e559e9169b99'
Old sha256sum was: 'e55b872f0a4b74f816143cad4945833163f6084d43c1df6c3026a366cfb75167'
New sha256sum is : 'db5972da477e2167c3d153f23e7857272957f1aff562d052ad82c13ad50e342e'
"
2025-03-28T08:55:40.595Z,DC1,low,5,Registry Key Integrity Checksum Changed,"Registry Key '[x32] HKEY_LOCAL_MACHINE\System\CurrentControlSet\Services\BFE\Parameters\Policy\BootTime\Filter' modified
Mode: scheduled
Changed attributes: mtime
Old modification time was: '1743148874', now it is '1743151523'
"
2025-03-28T08:55:40.636Z,DC1,low,5,Registry Value Entry Added to the System,"Registry Value '[x32] HKEY_LOCAL_MACHINE\System\CurrentControlSet\Services\BFE\Parameters\Policy\BootTime\Filter\{c5996155-fd4e-4838-e100-000000000000}' added
Mode: scheduled
"
2025-03-28T08:55:40.636Z,DC1,low,5,Registry Key Integrity Checksum Changed,"Registry Key '[x32] HKEY_LOCAL_MACHINE\System\CurrentControlSet\Services\BFE\Parameters\Policy\Persistent\Filter' modified
Mode: scheduled
Changed attributes: mtime
Old modification time was: '1743148874', now it is '1743151523'
"
2025-03-28T08:55:40.643Z,DC1,low,5,Registry Value Entry Added to the System,"Registry Value '[x32] HKEY_LOCAL_MACHINE\System\CurrentControlSet\Services\BFE\Parameters\Policy\Persistent\Filter\{c5996155-fd4e-4838-e000-000000000000}' added
Mode: scheduled
"
2025-03-28T08:55:40.644Z,DC1,low,5,Registry Value Entry Added to the System,"Registry Value '[x32] HKEY_LOCAL_MACHINE\System\CurrentControlSet\Services\BFE\Parameters\Policy\Persistent\Filter\{c5996155-fd4e-4838-e100-000000000000}' added
Mode: scheduled
"
2025-03-28T08:55:41.502Z,DC1,low,5,Registry Value Integrity Checksum Changed,"Registry Value '[x32] HKEY_LOCAL_MACHINE\System\CurrentControlSet\Services\CSAgent\Sim\NT' modified
Mode: scheduled
Changed attributes: md5,sha1,sha256
Old md5sum was: '353eb827d60388b8eb5c13d9f76881a5'
New md5sum is : 'e04f971d65b3af07b9355c0efef6e42b'
Old sha1sum was: '1deb034bfb25008801d7f32e4a4f87b1e4935006'
New sha1sum is : '7c41732ba151d250b515dcc494163124f0be6360'
Old sha256sum was: 'f26bdb0dc0225a9c6f649b2163302b65a15c31b16613df5f189768fd7167211b'
New sha256sum is : '4befa7022ad08e924c7fed86fbf9444b33c8ed29a242be16f9e53b8efe9077e9'
"
2025-03-28T08:55:41.502Z,DC1,low,5,Registry Key Integrity Checksum Changed,"Registry Key '[x32] HKEY_LOCAL_MACHINE\System\CurrentControlSet\Services\CSAgent\Sim' modified
Mode: scheduled
Changed attributes: mtime
Group ownership was 'S-1-5-32-544', now it is 'S-1-5-18'
Old modification time was: '1743150132', now it is '1743151932'
"
2025-03-28T08:55:41.505Z,DC1,low,5,Registry Value Integrity Checksum Changed,"Registry Value '[x32] HKEY_LOCAL_MACHINE\System\CurrentControlSet\Services\CSAgent\Sim\IDP:Watchdog.ServiceTicksUnderThreshold' modified
Mode: scheduled
Changed attributes: md5,sha1,sha256
Old md5sum was: 'f86b1425b401b9e5b08fcfd7c0cee677'
New md5sum is : '40e972f1c5ec2cf5cd98664bb9401c4e'
Old sha1sum was: 'b5be75a45d48e7f1ef97b7805e83ef279d914f7a'
New sha1sum is : 'd27b216b878b94b59281142b2b6adf642426d23c'
Old sha256sum was: 'fe87a77625b901682780c0c10f8dfdcdc5bb36de8abfd36248f29d51391d7679'
New sha256sum is : '7f9a97483e93e8110e1d71e33a5a9711b1dcad362dc028a708ebaf9bbb21ae0b'
"
2025-03-28T08:55:41.518Z,DC1,low,5,Registry Value Integrity Checksum Changed,"Registry Value '[x32] HKEY_LOCAL_MACHINE\System\CurrentControlSet\Services\CSAgent\Sim\IDP:Watchdog.TicksUnderThreshold' modified
Mode: scheduled
Changed attributes: md5,sha1,sha256
Old md5sum was: 'f86b1425b401b9e5b08fcfd7c0cee677'
New md5sum is : '40e972f1c5ec2cf5cd98664bb9401c4e'
Old sha1sum was: 'b5be75a45d48e7f1ef97b7805e83ef279d914f7a'
New sha1sum is : 'd27b216b878b94b59281142b2b6adf642426d23c'
Old sha256sum was: 'fe87a77625b901682780c0c10f8dfdcdc5bb36de8abfd36248f29d51391d7679'
New sha256sum is : '7f9a97483e93e8110e1d71e33a5a9711b1dcad362dc028a708ebaf9bbb21ae0b'
"
2025-03-28T08:55:41.742Z,DC1,low,5,Registry Key Integrity Checksum Changed,"Registry Key '[x32] HKEY_LOCAL_MACHINE\System\CurrentControlSet\Services\DFSR\Access Checks\Replication Groups\3C7BE164-54A8-44D3-A0AC-D7AC128E58DA' modified
Mode: scheduled
Changed attributes: mtime
Old modification time was: '1743150077', now it is '1743151880'
"
2025-03-28T08:55:42.065Z,OTDC1,low,3,Windows Logon Success,"""An account was successfully logged on.

Subject:
	Security ID:		S-1-0-0
	Account Name:		-
	Account Domain:		-
	Logon ID:		0x0

Logon Information:
	Logon Type:		3
	Restricted Admin Mode:	-
	Virtual Account:		No
	Elevated Token:		Yes

Impersonation Level:		Impersonation

New Logon:
	Security ID:		S-1-5-18
	Account Name:		OTDC1$
	Account Domain:		PLUMETECH-OT.LOCAL
	Logon ID:		0x1197900
	Linked Logon ID:		0x0
	Network Account Name:	-
	Network Account Domain:	-
	Logon GUID:		{7e70aad8-ff7c-445b-1e89-ec65cb914a8c}

Process Information:
	Process ID:		0x0
	Process Name:		-

Network Information:
	Workstation Name:	-
	Source Network Address:	::1
	Source Port:		50574

Detailed Authentication Information:
	Logon Process:		Kerberos
	Authentication Package:	Kerberos
	Transited Services:	-
	Package Name (NTLM only):	-
	Key Length:		0

This event is generated when a logon session is created. It is generated on the computer that was accessed.

The subject fields indicate the account on the local system which requested the logon. This is most commonly a service such as the Server service, or a local process such as Winlogon.exe or Services.exe.

The logon type field indicates the kind of logon that occurred. The most common types are 2 (interactive) and 3 (network).

The New Logon fields indicate the account for whom the new logon was created, i.e. the account that was logged on.

The network fields indicate where a remote logon request originated. Workstation name is not always available and may be left blank in some cases.

The impersonation level field indicates the extent to which a process in the logon session can impersonate.

The authentication information fields provide detailed information about this specific logon request.
	- Logon GUID is a unique identifier that can be used to correlate this event with a KDC event.
	- Transited services indicate which intermediate services have participated in this logon request.
	- Package name indicates which sub-protocol was used among the NTLM protocols.
	- Key length indicates the length of the generated session key. This will be 0 if no session key was requested."""
