2025-03-28T16:02:34.312Z,suricata,critical,16,Certain NTLM relaying from 10.0.3.11 to 10.0.3.12,"{""timestamp"":""2025-03-28T16:02:32.875048+0000"",""flow_id"":69912391354123,""in_iface"":""ens5"",""event_type"":""alert"",""src_ip"":""10.0.3.11"",""src_port"":445,""dest_ip"":""10.0.3.12"",""dest_port"":49614,""proto"":""TCP"",""pkt_src"":""vxlan encapsulation"",""community_id"":""1:YqeY76MxRtIjSLqRTTIgDiYq/N0="",""alert"":{""action"":""allowed"",""gid"":1,""signature_id"":211,""rev"":2,""signature"":""NTLMSSP_CHALLENGE"",""category"":"""",""severity"":1,""metadata"":{""ntlmssp"":[""challenge""]}},""tunnel"":{""src_ip"":""10.0.3.12"",""src_port"":65468,""dest_ip"":""10.0.3.9"",""dest_port"":4789,""proto"":""UDP"",""depth"":1,""pkt_src"":""wire/pcap""},""direction"":""to_client"",""flow"":{""pkts_toserver"":3,""pkts_toclient"":4,""bytes_toserver"":310,""bytes_toclient"":901,""start"":""2025-03-28T16:02:32.868245+0000"",""src_ip"":""10.0.3.12"",""dest_ip"":""10.0.3.11"",""src_port"":49614,""dest_port"":445},""source"":""suricata""}"
2025-03-28T16:02:34.314Z,suricata,low,3,Informational Suricata Alert: Stamus Networks MS-LSAD service - LsarQueryInformationPolicy,"{""timestamp"":""2025-03-28T16:02:32.873552+0000"",""flow_id"":135963889322449,""in_iface"":""ens5"",""event_type"":""alert"",""src_ip"":""10.0.3.12"",""src_port"":49612,""dest_ip"":""10.0.3.11"",""dest_port"":445,""proto"":""TCP"",""pkt_src"":""vxlan encapsulation"",""metadata"":{""flowbits"":[""stamus.lsad.service.LsarQueryInformationPolicy""]},""community_id"":""1:hHOSWi1RUJf1YniWb7dIJOixesA="",""tx_id"":9,""alert"":{""action"":""allowed"",""gid"":1,""signature_id"":3115259,""rev"":4,""signature"":""Stamus Networks MS-LSAD service - LsarQueryInformationPolicy"",""category"":"""",""severity"":3,""source"":{""ip"":""10.0.3.12"",""port"":49612},""target"":{""ip"":""10.0.3.11"",""port"":445},""metadata"":{""created_at"":[""2022_04_02""],""lateral_asset"":[""src_ip""],""lateral_function"":[""LsarQueryInformationPolicy""],""lateral_key"":[""dcerpc.iface""],""provider"":[""Stamus""],""signature_severity"":[""Informational""],""source"":[""smb_lateral""],""stamus_classification"":[""lateral""],""updated_at"":[""2024_08_05""]}},""tunnel"":{""src_ip"":""10.0.3.12"",""src_port"":65482,""dest_ip"":""10.0.3.9"",""dest_port"":4789,""proto"":""UDP"",""depth"":1,""pkt_src"":""wire/pcap""},""smb"":{""id"":10,""dialect"":""3.11"",""command"":""SMB2_COMMAND_IOCTL"",""status"":""STATUS_SUCCESS"",""status_code"":""0x0"",""session_id"":79164837199929,""tree_id"":1,""dcerpc"":{""request"":""REQUEST"",""response"":""RESPONSE"",""opnum"":7,""req"":{""frag_cnt"":1,""stub_data_size"":24},""res"":{""frag_cnt"":1,""stub_data_size"":124},""call_id"":3}},""app_proto"":""smb"",""direction"":""to_server"",""flow"":{""pkts_toserver"":32,""pkts_toclient"":27,""bytes_toserver"":6198,""bytes_toclient"":5892,""start"":""2025-03-28T16:02:32.818088+0000"",""src_ip"":""10.0.3.12"",""dest_ip"":""10.0.3.11"",""src_port"":49612,""dest_port"":445},""source"":""suricata""}"
2025-03-28T16:02:34.337Z,suricata,critical,16,Certain NTLM relaying from 10.0.3.11 to 10.0.3.12,"{""timestamp"":""2025-03-28T16:02:33.084063+0000"",""flow_id"":340221238840952,""in_iface"":""ens5"",""event_type"":""alert"",""src_ip"":""10.0.3.11"",""src_port"":445,""dest_ip"":""10.0.3.12"",""dest_port"":49616,""proto"":""TCP"",""pkt_src"":""vxlan encapsulation"",""community_id"":""1:FP2YJebd4dbswGHG1zm4DUQZL9A="",""alert"":{""action"":""allowed"",""gid"":1,""signature_id"":211,""rev"":2,""signature"":""NTLMSSP_CHALLENGE"",""category"":"""",""severity"":1,""metadata"":{""ntlmssp"":[""challenge""]}},""tunnel"":{""src_ip"":""10.0.3.12"",""src_port"":65489,""dest_ip"":""10.0.3.9"",""dest_port"":4789,""proto"":""UDP"",""depth"":1,""pkt_src"":""wire/pcap""},""direction"":""to_client"",""flow"":{""pkts_toserver"":6,""pkts_toclient"":3,""bytes_toserver"":974,""bytes_toclient"":1213,""start"":""2025-03-28T16:02:33.079213+0000"",""src_ip"":""10.0.3.12"",""dest_ip"":""10.0.3.11"",""src_port"":49616,""dest_port"":445},""source"":""suricata""}"
2025-03-28T16:02:34.337Z,suricata,critical,16,Certain NTLM relaying from 10.0.3.11 to 10.0.3.12,"{""timestamp"":""2025-03-28T16:02:33.083783+0000"",""flow_id"":340221238840952,""in_iface"":""ens5"",""event_type"":""alert"",""src_ip"":""10.0.3.11"",""src_port"":445,""dest_ip"":""10.0.3.12"",""dest_port"":49616,""proto"":""TCP"",""pkt_src"":""vxlan encapsulation"",""community_id"":""1:FP2YJebd4dbswGHG1zm4DUQZL9A="",""alert"":{""action"":""allowed"",""gid"":1,""signature_id"":211,""rev"":2,""signature"":""NTLMSSP_CHALLENGE"",""category"":"""",""severity"":1,""metadata"":{""ntlmssp"":[""challenge""]}},""tunnel"":{""src_ip"":""10.0.3.11"",""src_port"":65449,""dest_ip"":""10.0.3.9"",""dest_port"":4789,""proto"":""UDP"",""depth"":1,""pkt_src"":""wire/pcap""},""direction"":""to_client"",""flow"":{""pkts_toserver"":8,""pkts_toclient"":4,""bytes_toserver"":1843,""bytes_toclient"":1594,""start"":""2025-03-28T16:02:33.079213+0000"",""src_ip"":""10.0.3.12"",""dest_ip"":""10.0.3.11"",""src_port"":49616,""dest_port"":445},""capture_file"":""/var/log/suricata/nsm_data//log.pcap.1743176949"",""source"":""suricata""}"
2025-03-28T16:02:44.309Z,suricata,low,3,NTLM Challenge from 10.0.3.11 to 10.0.3.12,"{""timestamp"":""2025-03-28T16:02:43.578808+0000"",""flow_id"":135963889322449,""in_iface"":""ens5"",""event_type"":""alert"",""src_ip"":""10.0.3.11"",""src_port"":445,""dest_ip"":""10.0.3.12"",""dest_port"":49612,""proto"":""TCP"",""pkt_src"":""vxlan encapsulation"",""metadata"":{""flowbits"":[""stamus.lsad.service.LsarQueryInformationPolicy""]},""community_id"":""1:hHOSWi1RUJf1YniWb7dIJOixesA="",""alert"":{""action"":""allowed"",""gid"":1,""signature_id"":21,""rev"":2,""signature"":""NTLMSSP_CHALLENGE"",""category"":"""",""severity"":1,""metadata"":{""ntlmssp"":[""challenge""]}},""tunnel"":{""src_ip"":""10.0.3.12"",""src_port"":65482,""dest_ip"":""10.0.3.9"",""dest_port"":4789,""proto"":""UDP"",""depth"":1,""pkt_src"":""wire/pcap""},""app_proto"":""smb"",""direction"":""to_client"",""flow"":{""pkts_toserver"":57,""pkts_toclient"":50,""bytes_toserver"":10734,""bytes_toclient"":10164,""start"":""2025-03-28T16:02:32.818088+0000"",""src_ip"":""10.0.3.12"",""dest_ip"":""10.0.3.11"",""src_port"":49612,""dest_port"":445},""source"":""suricata""}"
2025-03-28T16:02:44.310Z,suricata,low,3,NTLM Challenge from 10.0.3.11 to 10.0.3.12,"{""timestamp"":""2025-03-28T16:02:43.578808+0000"",""flow_id"":135963889322449,""in_iface"":""ens5"",""event_type"":""alert"",""src_ip"":""10.0.3.11"",""src_port"":445,""dest_ip"":""10.0.3.12"",""dest_port"":49612,""proto"":""TCP"",""pkt_src"":""vxlan encapsulation"",""metadata"":{""flowbits"":[""stamus.lsad.service.LsarQueryInformationPolicy""]},""community_id"":""1:hHOSWi1RUJf1YniWb7dIJOixesA="",""alert"":{""action"":""allowed"",""gid"":1,""signature_id"":211,""rev"":2,""signature"":""NTLMSSP_CHALLENGE"",""category"":"""",""severity"":1,""metadata"":{""ntlmssp"":[""challenge""]}},""tunnel"":{""src_ip"":""10.0.3.12"",""src_port"":65482,""dest_ip"":""10.0.3.9"",""dest_port"":4789,""proto"":""UDP"",""depth"":1,""pkt_src"":""wire/pcap""},""app_proto"":""smb"",""direction"":""to_client"",""flow"":{""pkts_toserver"":57,""pkts_toclient"":50,""bytes_toserver"":10734,""bytes_toclient"":10164,""start"":""2025-03-28T16:02:32.818088+0000"",""src_ip"":""10.0.3.12"",""dest_ip"":""10.0.3.11"",""src_port"":49612,""dest_port"":445},""source"":""suricata""}"
2025-03-28T16:03:16.527Z,OTDC1,low,3,Windows Logon Success,"""An account was successfully logged on.

Subject:
	Security ID:		S-1-0-0
	Account Name:		-
	Account Domain:		-
	Logon ID:		0x0

Logon Information:
	Logon Type:		3
	Restricted Admin Mode:	-
	Virtual Account:		No
	Elevated Token:		Yes

Impersonation Level:		Impersonation

New Logon:
	Security ID:		S-1-5-18
	Account Name:		OTDC1$
	Account Domain:		PLUMETECH-OT.LOCAL
	Logon ID:		0x62CA5A
	Linked Logon ID:		0x0
	Network Account Name:	-
	Network Account Domain:	-
	Logon GUID:		{8106fa6f-b3ce-218c-5f43-7aa78859dafe}

Process Information:
	Process ID:		0x0
	Process Name:		-

Network Information:
	Workstation Name:	-
	Source Network Address:	::1
	Source Port:		58003

Detailed Authentication Information:
	Logon Process:		Kerberos
	Authentication Package:	Kerberos
	Transited Services:	-
	Package Name (NTLM only):	-
	Key Length:		0

This event is generated when a logon session is created. It is generated on the computer that was accessed.

The subject fields indicate the account on the local system which requested the logon. This is most commonly a service such as the Server service, or a local process such as Winlogon.exe or Services.exe.

The logon type field indicates the kind of logon that occurred. The most common types are 2 (interactive) and 3 (network).

The New Logon fields indicate the account for whom the new logon was created, i.e. the account that was logged on.

The network fields indicate where a remote logon request originated. Workstation name is not always available and may be left blank in some cases.

The impersonation level field indicates the extent to which a process in the logon session can impersonate.

The authentication information fields provide detailed information about this specific logon request.
	- Logon GUID is a unique identifier that can be used to correlate this event with a KDC event.
	- Transited services indicate which intermediate services have participated in this logon request.
	- Package name indicates which sub-protocol was used among the NTLM protocols.
	- Key length indicates the length of the generated session key. This will be 0 if no session key was requested."""
2025-03-28T16:03:16.783Z,DC1,low,3,Windows Logon Success,"""An account was successfully logged on.

Subject:
	Security ID:		S-1-0-0
	Account Name:		-
	Account Domain:		-
	Logon ID:		0x0

Logon Information:
	Logon Type:		3
	Restricted Admin Mode:	-
	Virtual Account:		No
	Elevated Token:		Yes

Impersonation Level:		Impersonation

New Logon:
	Security ID:		S-1-5-18
	Account Name:		DC1$
	Account Domain:		PLUMETECH.LOCAL
	Logon ID:		0x400B1C
	Linked Logon ID:		0x0
	Network Account Name:	-
	Network Account Domain:	-
	Logon GUID:		{09ce1f90-1058-144b-c1d0-a01d51d0a3fc}

Process Information:
	Process ID:		0x0
	Process Name:		-

Network Information:
	Workstation Name:	-
	Source Network Address:	::1
	Source Port:		61421

Detailed Authentication Information:
	Logon Process:		Kerberos
	Authentication Package:	Kerberos
	Transited Services:	-
	Package Name (NTLM only):	-
	Key Length:		0

This event is generated when a logon session is created. It is generated on the computer that was accessed.

The subject fields indicate the account on the local system which requested the logon. This is most commonly a service such as the Server service, or a local process such as Winlogon.exe or Services.exe.

The logon type field indicates the kind of logon that occurred. The most common types are 2 (interactive) and 3 (network).

The New Logon fields indicate the account for whom the new logon was created, i.e. the account that was logged on.

The network fields indicate where a remote logon request originated. Workstation name is not always available and may be left blank in some cases.

The impersonation level field indicates the extent to which a process in the logon session can impersonate.

The authentication information fields provide detailed information about this specific logon request.
	- Logon GUID is a unique identifier that can be used to correlate this event with a KDC event.
	- Transited services indicate which intermediate services have participated in this logon request.
	- Package name indicates which sub-protocol was used among the NTLM protocols.
	- Key length indicates the length of the generated session key. This will be 0 if no session key was requested."""
2025-03-28T16:03:46.383Z,suricata,low,3,NTLM Challenge from 10.0.3.11 to 10.0.3.12,"{""timestamp"":""2025-03-28T16:03:45.799975+0000"",""flow_id"":69912391354123,""in_iface"":""ens5"",""event_type"":""alert"",""src_ip"":""10.0.3.11"",""src_port"":445,""dest_ip"":""10.0.3.12"",""dest_port"":49614,""proto"":""TCP"",""pkt_src"":""stream (flow timeout)"",""community_id"":""1:YqeY76MxRtIjSLqRTTIgDiYq/N0="",""alert"":{""action"":""allowed"",""gid"":1,""signature_id"":21,""rev"":2,""signature"":""NTLMSSP_CHALLENGE"",""category"":"""",""severity"":1,""metadata"":{""ntlmssp"":[""challenge""]}},""app_proto"":""smb"",""direction"":""to_client"",""flow"":{""pkts_toserver"":22,""pkts_toclient"":18,""bytes_toserver"":4412,""bytes_toclient"":5340,""start"":""2025-03-28T16:02:32.868245+0000"",""src_ip"":""10.0.3.12"",""dest_ip"":""10.0.3.11"",""src_port"":49614,""dest_port"":445},""source"":""suricata""}"
2025-03-28T16:03:46.385Z,suricata,low,3,NTLM Challenge from 10.0.3.11 to 10.0.3.12,"{""timestamp"":""2025-03-28T16:03:45.799975+0000"",""flow_id"":69912391354123,""in_iface"":""ens5"",""event_type"":""alert"",""src_ip"":""10.0.3.11"",""src_port"":445,""dest_ip"":""10.0.3.12"",""dest_port"":49614,""proto"":""TCP"",""pkt_src"":""stream (flow timeout)"",""community_id"":""1:YqeY76MxRtIjSLqRTTIgDiYq/N0="",""alert"":{""action"":""allowed"",""gid"":1,""signature_id"":211,""rev"":2,""signature"":""NTLMSSP_CHALLENGE"",""category"":"""",""severity"":1,""metadata"":{""ntlmssp"":[""challenge""]}},""app_proto"":""smb"",""direction"":""to_client"",""flow"":{""pkts_toserver"":22,""pkts_toclient"":18,""bytes_toserver"":4412,""bytes_toclient"":5340,""start"":""2025-03-28T16:02:32.868245+0000"",""src_ip"":""10.0.3.12"",""dest_ip"":""10.0.3.11"",""src_port"":49614,""dest_port"":445},""source"":""suricata""}"
2025-03-28T16:03:48.375Z,suricata,low,3,NTLM Challenge from 10.0.3.11 to 10.0.3.12,"{""timestamp"":""2025-03-28T16:03:46.686857+0000"",""flow_id"":219559086058536,""in_iface"":""ens5"",""event_type"":""alert"",""src_ip"":""10.0.3.11"",""src_port"":445,""dest_ip"":""10.0.3.12"",""dest_port"":49615,""proto"":""TCP"",""pkt_src"":""stream (flow timeout)"",""community_id"":""1:bMiABzjzYIZJE3iKac29gGTGNxg="",""alert"":{""action"":""allowed"",""gid"":1,""signature_id"":21,""rev"":2,""signature"":""NTLMSSP_CHALLENGE"",""category"":"""",""severity"":1,""metadata"":{""ntlmssp"":[""challenge""]}},""app_proto"":""smb"",""direction"":""to_client"",""flow"":{""pkts_toserver"":14,""pkts_toclient"":8,""bytes_toserver"":2706,""bytes_toclient"":1988,""start"":""2025-03-28T16:02:32.968624+0000"",""src_ip"":""10.0.3.12"",""dest_ip"":""10.0.3.11"",""src_port"":49615,""dest_port"":445},""capture_file"":""/var/log/suricata/nsm_data//log.pcap.1743177754"",""source"":""suricata""}"
2025-03-28T16:03:48.375Z,suricata,low,3,NTLM Challenge from 10.0.3.11 to 10.0.3.12,"{""timestamp"":""2025-03-28T16:03:46.686857+0000"",""flow_id"":219559086058536,""in_iface"":""ens5"",""event_type"":""alert"",""src_ip"":""10.0.3.11"",""src_port"":445,""dest_ip"":""10.0.3.12"",""dest_port"":49615,""proto"":""TCP"",""pkt_src"":""stream (flow timeout)"",""community_id"":""1:bMiABzjzYIZJE3iKac29gGTGNxg="",""alert"":{""action"":""allowed"",""gid"":1,""signature_id"":211,""rev"":2,""signature"":""NTLMSSP_CHALLENGE"",""category"":"""",""severity"":1,""metadata"":{""ntlmssp"":[""challenge""]}},""app_proto"":""smb"",""direction"":""to_client"",""flow"":{""pkts_toserver"":14,""pkts_toclient"":8,""bytes_toserver"":2706,""bytes_toclient"":1988,""start"":""2025-03-28T16:02:32.968624+0000"",""src_ip"":""10.0.3.12"",""dest_ip"":""10.0.3.11"",""src_port"":49615,""dest_port"":445},""capture_file"":""/var/log/suricata/nsm_data//log.pcap.1743177754"",""source"":""suricata""}"
2025-03-28T16:04:16.487Z,OTDC1,low,3,Windows Logon Success,"""An account was successfully logged on.

Subject:
	Security ID:		S-1-0-0
	Account Name:		-
	Account Domain:		-
	Logon ID:		0x0

Logon Information:
	Logon Type:		3
	Restricted Admin Mode:	-
	Virtual Account:		No
	Elevated Token:		Yes

Impersonation Level:		Impersonation

New Logon:
	Security ID:		S-1-5-18
	Account Name:		OTDC1$
	Account Domain:		PLUMETECH-OT.LOCAL
	Logon ID:		0x6E4C7F
	Linked Logon ID:		0x0
	Network Account Name:	-
	Network Account Domain:	-
	Logon GUID:		{8106fa6f-b3ce-218c-5f43-7aa78859dafe}

Process Information:
	Process ID:		0x0
	Process Name:		-

Network Information:
	Workstation Name:	-
	Source Network Address:	::1
	Source Port:		58004

Detailed Authentication Information:
	Logon Process:		Kerberos
	Authentication Package:	Kerberos
	Transited Services:	-
	Package Name (NTLM only):	-
	Key Length:		0

This event is generated when a logon session is created. It is generated on the computer that was accessed.

The subject fields indicate the account on the local system which requested the logon. This is most commonly a service such as the Server service, or a local process such as Winlogon.exe or Services.exe.

The logon type field indicates the kind of logon that occurred. The most common types are 2 (interactive) and 3 (network).

The New Logon fields indicate the account for whom the new logon was created, i.e. the account that was logged on.

The network fields indicate where a remote logon request originated. Workstation name is not always available and may be left blank in some cases.

The impersonation level field indicates the extent to which a process in the logon session can impersonate.

The authentication information fields provide detailed information about this specific logon request.
	- Logon GUID is a unique identifier that can be used to correlate this event with a KDC event.
	- Transited services indicate which intermediate services have participated in this logon request.
	- Package name indicates which sub-protocol was used among the NTLM protocols.
	- Key length indicates the length of the generated session key. This will be 0 if no session key was requested."""
2025-03-28T16:04:16.779Z,DC1,low,3,Windows Logon Success,"""An account was successfully logged on.

Subject:
	Security ID:		S-1-0-0
	Account Name:		-
	Account Domain:		-
	Logon ID:		0x0

Logon Information:
	Logon Type:		3
	Restricted Admin Mode:	-
	Virtual Account:		No
	Elevated Token:		Yes

Impersonation Level:		Impersonation

New Logon:
	Security ID:		S-1-5-18
	Account Name:		DC1$
	Account Domain:		PLUMETECH.LOCAL
	Logon ID:		0x497DEF
	Linked Logon ID:		0x0
	Network Account Name:	-
	Network Account Domain:	-
	Logon GUID:		{09ce1f90-1058-144b-c1d0-a01d51d0a3fc}

Process Information:
	Process ID:		0x0
	Process Name:		-

Network Information:
	Workstation Name:	-
	Source Network Address:	::1
	Source Port:		61422

Detailed Authentication Information:
	Logon Process:		Kerberos
	Authentication Package:	Kerberos
	Transited Services:	-
	Package Name (NTLM only):	-
	Key Length:		0

This event is generated when a logon session is created. It is generated on the computer that was accessed.

The subject fields indicate the account on the local system which requested the logon. This is most commonly a service such as the Server service, or a local process such as Winlogon.exe or Services.exe.

The logon type field indicates the kind of logon that occurred. The most common types are 2 (interactive) and 3 (network).

The New Logon fields indicate the account for whom the new logon was created, i.e. the account that was logged on.

The network fields indicate where a remote logon request originated. Workstation name is not always available and may be left blank in some cases.

The impersonation level field indicates the extent to which a process in the logon session can impersonate.

The authentication information fields provide detailed information about this specific logon request.
	- Logon GUID is a unique identifier that can be used to correlate this event with a KDC event.
	- Transited services indicate which intermediate services have participated in this logon request.
	- Package name indicates which sub-protocol was used among the NTLM protocols.
	- Key length indicates the length of the generated session key. This will be 0 if no session key was requested."""
2025-03-28T16:04:38.439Z,DC1,low,6,"Successful Remote Logon Detected - User:\ANONYMOUS LOGON - NTLM authentication, possible pass-the-hash attack.","{""win"":{""system"":{""providerName"":""Microsoft-Windows-Security-Auditing"",""providerGuid"":""{54849625-5478-4994-a5ba-3e3b0328c30d}"",""eventID"":""4624"",""version"":""2"",""level"":""0"",""task"":""12544"",""opcode"":""0"",""keywords"":""0x8020000000000000"",""systemTime"":""2025-03-28T16:04:37.5585649Z"",""eventRecordID"":""259410"",""processID"":""836"",""threadID"":""312"",""channel"":""Security"",""computer"":""DC1.PLUMETECH.LOCAL"",""severityValue"":""AUDIT_SUCCESS"",""message"":""\""An account was successfully logged on.\r\n\r\nSubject:\r\n\tSecurity ID:\t\tS-1-0-0\r\n\tAccount Name:\t\t-\r\n\tAccount Domain:\t\t-\r\n\tLogon ID:\t\t0x0\r\n\r\nLogon Information:\r\n\tLogon Type:\t\t3\r\n\tRestricted Admin Mode:\t-\r\n\tVirtual Account:\t\tNo\r\n\tElevated Token:\t\tNo\r\n\r\nImpersonation Level:\t\tImpersonation\r\n\r\nNew Logon:\r\n\tSecurity ID:\t\tS-1-5-7\r\n\tAccount Name:\t\tANONYMOUS LOGON\r\n\tAccount Domain:\t\tNT AUTHORITY\r\n\tLogon ID:\t\t0x4D36B7\r\n\tLinked Logon ID:\t\t0x0\r\n\tNetwork Account Name:\t-\r\n\tNetwork Account Domain:\t-\r\n\tLogon GUID:\t\t{00000000-0000-0000-0000-000000000000}\r\n\r\nProcess Information:\r\n\tProcess ID:\t\t0x0\r\n\tProcess Name:\t\t-\r\n\r\nNetwork Information:\r\n\tWorkstation Name:\t-\r\n\tSource Network Address:\t10.0.3.30\r\n\tSource Port:\t\t44802\r\n\r\nDetailed Authentication Information:\r\n\tLogon Process:\t\tNtLmSsp \r\n\tAuthentication Package:\tNTLM\r\n\tTransited Services:\t-\r\n\tPackage Name (NTLM only):\tNTLM V1\r\n\tKey Length:\t\t128\r\n\r\nThis event is generated when a logon session is created. It is generated on the computer that was accessed.\r\n\r\nThe subject fields indicate the account on the local system which requested the logon. This is most commonly a service such as the Server service, or a local process such as Winlogon.exe or Services.exe.\r\n\r\nThe logon type field indicates the kind of logon that occurred. The most common types are 2 (interactive) and 3 (network).\r\n\r\nThe New Logon fields indicate the account for whom the new logon was created, i.e. the account that was logged on.\r\n\r\nThe network fields indicate where a remote logon request originated. Workstation name is not always available and may be left blank in some cases.\r\n\r\nThe impersonation level field indicates the extent to which a process in the logon session can impersonate.\r\n\r\nThe authentication information fields provide detailed information about this specific logon request.\r\n\t- Logon GUID is a unique identifier that can be used to correlate this event with a KDC event.\r\n\t- Transited services indicate which intermediate services have participated in this logon request.\r\n\t- Package name indicates which sub-protocol was used among the NTLM protocols.\r\n\t- Key length indicates the length of the generated session key. This will be 0 if no session key was requested.\""""},""eventdata"":{""subjectUserSid"":""S-1-0-0"",""subjectLogonId"":""0x0"",""targetUserSid"":""S-1-5-7"",""targetUserName"":""ANONYMOUS LOGON"",""targetDomainName"":""NT AUTHORITY"",""targetLogonId"":""0x4d36b7"",""logonType"":""3"",""logonProcessName"":""NtLmSsp"",""authenticationPackageName"":""NTLM"",""logonGuid"":""{00000000-0000-0000-0000-000000000000}"",""lmPackageName"":""NTLM V1"",""keyLength"":""128"",""processId"":""0x0"",""ipAddress"":""10.0.3.30"",""ipPort"":""44802"",""impersonationLevel"":""%%1833"",""virtualAccount"":""%%1843"",""targetLinkedLogonId"":""0x0"",""elevatedToken"":""%%1843""}}}"
2025-03-28T16:04:38.444Z,DC1,low,6,"Successful Remote Logon Detected - User:\lorenzo - NTLM authentication, possible pass-the-hash attack.","{""win"":{""system"":{""providerName"":""Microsoft-Windows-Security-Auditing"",""providerGuid"":""{54849625-5478-4994-a5ba-3e3b0328c30d}"",""eventID"":""4624"",""version"":""2"",""level"":""0"",""task"":""12544"",""opcode"":""0"",""keywords"":""0x8020000000000000"",""systemTime"":""2025-03-28T16:04:37.6293272Z"",""eventRecordID"":""259411"",""processID"":""836"",""threadID"":""5632"",""channel"":""Security"",""computer"":""DC1.PLUMETECH.LOCAL"",""severityValue"":""AUDIT_SUCCESS"",""message"":""\""An account was successfully logged on.\r\n\r\nSubject:\r\n\tSecurity ID:\t\tS-1-0-0\r\n\tAccount Name:\t\t-\r\n\tAccount Domain:\t\t-\r\n\tLogon ID:\t\t0x0\r\n\r\nLogon Information:\r\n\tLogon Type:\t\t3\r\n\tRestricted Admin Mode:\t-\r\n\tVirtual Account:\t\tNo\r\n\tElevated Token:\t\tYes\r\n\r\nImpersonation Level:\t\tImpersonation\r\n\r\nNew Logon:\r\n\tSecurity ID:\t\tS-1-5-21-1754575515-22446835-1993822327-1106\r\n\tAccount Name:\t\tlorenzo\r\n\tAccount Domain:\t\tPLUMETECH\r\n\tLogon ID:\t\t0x4D3950\r\n\tLinked Logon ID:\t\t0x0\r\n\tNetwork Account Name:\t-\r\n\tNetwork Account Domain:\t-\r\n\tLogon GUID:\t\t{00000000-0000-0000-0000-000000000000}\r\n\r\nProcess Information:\r\n\tProcess ID:\t\t0x0\r\n\tProcess Name:\t\t-\r\n\r\nNetwork Information:\r\n\tWorkstation Name:\t-\r\n\tSource Network Address:\t10.0.3.30\r\n\tSource Port:\t\t55466\r\n\r\nDetailed Authentication Information:\r\n\tLogon Process:\t\tNtLmSsp \r\n\tAuthentication Package:\tNTLM\r\n\tTransited Services:\t-\r\n\tPackage Name (NTLM only):\tNTLM V2\r\n\tKey Length:\t\t0\r\n\r\nThis event is generated when a logon session is created. It is generated on the computer that was accessed.\r\n\r\nThe subject fields indicate the account on the local system which requested the logon. This is most commonly a service such as the Server service, or a local process such as Winlogon.exe or Services.exe.\r\n\r\nThe logon type field indicates the kind of logon that occurred. The most common types are 2 (interactive) and 3 (network).\r\n\r\nThe New Logon fields indicate the account for whom the new logon was created, i.e. the account that was logged on.\r\n\r\nThe network fields indicate where a remote logon request originated. Workstation name is not always available and may be left blank in some cases.\r\n\r\nThe impersonation level field indicates the extent to which a process in the logon session can impersonate.\r\n\r\nThe authentication information fields provide detailed information about this specific logon request.\r\n\t- Logon GUID is a unique identifier that can be used to correlate this event with a KDC event.\r\n\t- Transited services indicate which intermediate services have participated in this logon request.\r\n\t- Package name indicates which sub-protocol was used among the NTLM protocols.\r\n\t- Key length indicates the length of the generated session key. This will be 0 if no session key was requested.\""""},""eventdata"":{""subjectUserSid"":""S-1-0-0"",""subjectLogonId"":""0x0"",""targetUserSid"":""S-1-5-21-1754575515-22446835-1993822327-1106"",""targetUserName"":""lorenzo"",""targetDomainName"":""PLUMETECH"",""targetLogonId"":""0x4d3950"",""logonType"":""3"",""logonProcessName"":""NtLmSsp"",""authenticationPackageName"":""NTLM"",""logonGuid"":""{00000000-0000-0000-0000-000000000000}"",""lmPackageName"":""NTLM V2"",""keyLength"":""0"",""processId"":""0x0"",""ipAddress"":""10.0.3.30"",""ipPort"":""55466"",""impersonationLevel"":""%%1833"",""virtualAccount"":""%%1843"",""targetLinkedLogonId"":""0x0"",""elevatedToken"":""%%1842""}}}"
2025-03-28T16:04:38.463Z,suricata,high,13,High Suricata Alert: Unexpected RDP connection,"{""timestamp"":""2025-03-28T16:04:37.550154+0000"",""flow_id"":1514262751140639,""in_iface"":""ens5"",""event_type"":""alert"",""src_ip"":""10.0.3.11"",""src_port"":61431,""dest_ip"":""10.0.3.30"",""dest_port"":3389,""proto"":""TCP"",""pkt_src"":""vxlan encapsulation"",""community_id"":""1:f+v8lKnjGh51sMEMU2EEehsKKHk="",""alert"":{""action"":""allowed"",""gid"":1,""signature_id"":1341,""rev"":1,""signature"":""Unexpected RDP connection"",""category"":""Targeted Malicious Activity was Detected"",""severity"":3},""tunnel"":{""src_ip"":""10.0.3.30"",""src_port"":65508,""dest_ip"":""10.0.3.9"",""dest_port"":4789,""proto"":""UDP"",""depth"":1,""pkt_src"":""wire/pcap""},""direction"":""to_server"",""flow"":{""pkts_toserver"":2,""pkts_toclient"":2,""bytes_toserver"":104,""bytes_toclient"":80,""start"":""2025-03-28T16:04:37.549174+0000"",""src_ip"":""10.0.3.11"",""dest_ip"":""10.0.3.30"",""src_port"":61431,""dest_port"":3389},""source"":""suricata""}"
2025-03-28T16:04:38.471Z,suricata,low,3,Informational Suricata Alert: ET SCAN Behavioral Unusually fast Terminal Server Traffic Potential Scan or Infection (Outbound),"{""timestamp"":""2025-03-28T16:04:38.073248+0000"",""flow_id"":1.56810377848189e+15,""in_iface"":""ens5"",""event_type"":""alert"",""src_ip"":""10.0.3.11"",""src_port"":61434,""dest_ip"":""10.0.3.30"",""dest_port"":3389,""proto"":""TCP"",""pkt_src"":""vxlan encapsulation"",""community_id"":""1:2Yya/04bSrvjPeyNOXpjw3Eujhw="",""alert"":{""action"":""allowed"",""gid"":1,""signature_id"":2013479,""rev"":5,""signature"":""ET SCAN Behavioral Unusually fast Terminal Server Traffic Potential Scan or Infection (Outbound)"",""category"":""Misc activity"",""severity"":3,""metadata"":{""confidence"":[""Medium""],""created_at"":[""2011_08_29""],""signature_severity"":[""Informational""],""updated_at"":[""2019_07_26""]}},""tunnel"":{""src_ip"":""10.0.3.11"",""src_port"":65523,""dest_ip"":""10.0.3.9"",""dest_port"":4789,""proto"":""UDP"",""depth"":1,""pkt_src"":""wire/pcap""},""direction"":""to_server"",""flow"":{""pkts_toserver"":4,""pkts_toclient"":2,""bytes_toserver"":208,""bytes_toclient"":80,""start"":""2025-03-28T16:04:37.561710+0000"",""src_ip"":""10.0.3.11"",""dest_ip"":""10.0.3.30"",""src_port"":61434,""dest_port"":3389},""source"":""suricata""}"
2025-03-28T16:04:38.472Z,suricata,low,3,NTLM Challenge from 10.0.3.11 to 10.0.3.30,"{""timestamp"":""2025-03-28T16:04:38.223088+0000"",""flow_id"":1509696701789652,""in_iface"":""ens5"",""event_type"":""alert"",""src_ip"":""10.0.3.11"",""src_port"":445,""dest_ip"":""10.0.3.30"",""dest_port"":44802,""proto"":""TCP"",""pkt_src"":""vxlan encapsulation"",""community_id"":""1:zqxn+ecap22b+4cYXmuDxVtwmqw="",""alert"":{""action"":""allowed"",""gid"":1,""signature_id"":21,""rev"":2,""signature"":""NTLMSSP_CHALLENGE"",""category"":"""",""severity"":1,""metadata"":{""ntlmssp"":[""challenge""]}},""tunnel"":{""src_ip"":""10.0.3.30"",""src_port"":65445,""dest_ip"":""10.0.3.9"",""dest_port"":4789,""proto"":""UDP"",""depth"":1,""pkt_src"":""wire/pcap""},""app_proto"":""smb"",""direction"":""to_client"",""flow"":{""pkts_toserver"":19,""pkts_toclient"":13,""bytes_toserver"":2192,""bytes_toclient"":2696,""start"":""2025-03-28T16:04:37.417039+0000"",""src_ip"":""10.0.3.30"",""dest_ip"":""10.0.3.11"",""src_port"":44802,""dest_port"":445},""source"":""suricata""}"
2025-03-28T16:04:38.473Z,suricata,low,3,NTLM Challenge from 10.0.3.11 to 10.0.3.30,"{""timestamp"":""2025-03-28T16:04:38.223088+0000"",""flow_id"":1509696701789652,""in_iface"":""ens5"",""event_type"":""alert"",""src_ip"":""10.0.3.11"",""src_port"":445,""dest_ip"":""10.0.3.30"",""dest_port"":44802,""proto"":""TCP"",""pkt_src"":""vxlan encapsulation"",""community_id"":""1:zqxn+ecap22b+4cYXmuDxVtwmqw="",""alert"":{""action"":""allowed"",""gid"":1,""signature_id"":211,""rev"":2,""signature"":""NTLMSSP_CHALLENGE"",""category"":"""",""severity"":1,""metadata"":{""ntlmssp"":[""challenge""]}},""tunnel"":{""src_ip"":""10.0.3.30"",""src_port"":65445,""dest_ip"":""10.0.3.9"",""dest_port"":4789,""proto"":""UDP"",""depth"":1,""pkt_src"":""wire/pcap""},""app_proto"":""smb"",""direction"":""to_client"",""flow"":{""pkts_toserver"":19,""pkts_toclient"":13,""bytes_toserver"":2192,""bytes_toclient"":2696,""start"":""2025-03-28T16:04:37.417039+0000"",""src_ip"":""10.0.3.30"",""dest_ip"":""10.0.3.11"",""src_port"":44802,""dest_port"":445},""source"":""suricata""}"
2025-03-28T16:05:04.471Z,suricata,high,13,High Suricata Alert: ET EXPLOIT Possible GoldenPac Priv Esc in-use,"{""timestamp"":""2025-03-28T16:05:03.504218+0000"",""flow_id"":2128922178335232,""in_iface"":""ens5"",""event_type"":""alert"",""src_ip"":""10.0.3.30"",""src_port"":50162,""dest_ip"":""10.0.3.11"",""dest_port"":88,""proto"":""TCP"",""pkt_src"":""vxlan encapsulation"",""community_id"":""1:egYK83ZTzIFACHsViYY5xDopliA="",""alert"":{""action"":""allowed"",""gid"":1,""signature_id"":2019922,""rev"":4,""signature"":""ET EXPLOIT Possible GoldenPac Priv Esc in-use"",""category"":""Attempted Administrator Privilege Gain"",""severity"":1,""metadata"":{""confidence"":[""Medium""],""created_at"":[""2014_12_12""],""reviewed_at"":[""2024_03_26""],""signature_severity"":[""Major""],""tag"":[""CISA_KEV""],""updated_at"":[""2022_03_24""]}},""tunnel"":{""src_ip"":""10.0.3.11"",""src_port"":65489,""dest_ip"":""10.0.3.9"",""dest_port"":4789,""proto"":""UDP"",""depth"":1,""pkt_src"":""wire/pcap""},""app_proto"":""krb5"",""direction"":""to_server"",""flow"":{""pkts_toserver"":6,""pkts_toclient"":4,""bytes_toserver"":516,""bytes_toclient"":1726,""start"":""2025-03-28T16:05:03.495678+0000"",""src_ip"":""10.0.3.30"",""dest_ip"":""10.0.3.11"",""src_port"":50162,""dest_port"":88},""source"":""suricata""}"
2025-03-28T16:05:04.489Z,suricata,low,3,NTLM Challenge from 10.0.3.11 to 10.0.3.30,"{""timestamp"":""2025-03-28T16:05:03.645910+0000"",""flow_id"":2223232530828725,""in_iface"":""ens5"",""event_type"":""alert"",""src_ip"":""10.0.3.11"",""src_port"":445,""dest_ip"":""10.0.3.30"",""dest_port"":40910,""proto"":""TCP"",""pkt_src"":""vxlan encapsulation"",""community_id"":""1:IW19ZgHz6CmzWdo9dVe56NeFfvc="",""alert"":{""action"":""allowed"",""gid"":1,""signature_id"":21,""rev"":2,""signature"":""NTLMSSP_CHALLENGE"",""category"":"""",""severity"":1,""metadata"":{""ntlmssp"":[""challenge""]}},""tunnel"":{""src_ip"":""10.0.3.30"",""src_port"":65450,""dest_ip"":""10.0.3.9"",""dest_port"":4789,""proto"":""UDP"",""depth"":1,""pkt_src"":""wire/pcap""},""app_proto"":""smb"",""direction"":""to_client"",""flow"":{""pkts_toserver"":19,""pkts_toclient"":13,""bytes_toserver"":2192,""bytes_toclient"":2696,""start"":""2025-03-28T16:05:03.386564+0000"",""src_ip"":""10.0.3.30"",""dest_ip"":""10.0.3.11"",""src_port"":40910,""dest_port"":445},""capture_file"":""/var/log/suricata/nsm_data//log.pcap.1743177885"",""source"":""suricata""}"
2025-03-28T16:05:04.490Z,suricata,low,3,NTLM Challenge from 10.0.3.11 to 10.0.3.30,"{""timestamp"":""2025-03-28T16:05:03.645910+0000"",""flow_id"":2223232530828725,""in_iface"":""ens5"",""event_type"":""alert"",""src_ip"":""10.0.3.11"",""src_port"":445,""dest_ip"":""10.0.3.30"",""dest_port"":40910,""proto"":""TCP"",""pkt_src"":""vxlan encapsulation"",""community_id"":""1:IW19ZgHz6CmzWdo9dVe56NeFfvc="",""alert"":{""action"":""allowed"",""gid"":1,""signature_id"":211,""rev"":2,""signature"":""NTLMSSP_CHALLENGE"",""category"":"""",""severity"":1,""metadata"":{""ntlmssp"":[""challenge""]}},""tunnel"":{""src_ip"":""10.0.3.30"",""src_port"":65450,""dest_ip"":""10.0.3.9"",""dest_port"":4789,""proto"":""UDP"",""depth"":1,""pkt_src"":""wire/pcap""},""app_proto"":""smb"",""direction"":""to_client"",""flow"":{""pkts_toserver"":19,""pkts_toclient"":13,""bytes_toserver"":2192,""bytes_toclient"":2696,""start"":""2025-03-28T16:05:03.386564+0000"",""src_ip"":""10.0.3.30"",""dest_ip"":""10.0.3.11"",""src_port"":40910,""dest_port"":445},""capture_file"":""/var/log/suricata/nsm_data//log.pcap.1743177885"",""source"":""suricata""}"
2025-03-28T16:05:04.532Z,DC1,low,6,"Successful Remote Logon Detected - User:\ANONYMOUS LOGON - NTLM authentication, possible pass-the-hash attack.","{""win"":{""system"":{""providerName"":""Microsoft-Windows-Security-Auditing"",""providerGuid"":""{54849625-5478-4994-a5ba-3e3b0328c30d}"",""eventID"":""4624"",""version"":""2"",""level"":""0"",""task"":""12544"",""opcode"":""0"",""keywords"":""0x8020000000000000"",""systemTime"":""2025-03-28T16:05:03.5307322Z"",""eventRecordID"":""259422"",""processID"":""836"",""threadID"":""2152"",""channel"":""Security"",""computer"":""DC1.PLUMETECH.LOCAL"",""severityValue"":""AUDIT_SUCCESS"",""message"":""\""An account was successfully logged on.\r\n\r\nSubject:\r\n\tSecurity ID:\t\tS-1-0-0\r\n\tAccount Name:\t\t-\r\n\tAccount Domain:\t\t-\r\n\tLogon ID:\t\t0x0\r\n\r\nLogon Information:\r\n\tLogon Type:\t\t3\r\n\tRestricted Admin Mode:\t-\r\n\tVirtual Account:\t\tNo\r\n\tElevated Token:\t\tNo\r\n\r\nImpersonation Level:\t\tImpersonation\r\n\r\nNew Logon:\r\n\tSecurity ID:\t\tS-1-5-7\r\n\tAccount Name:\t\tANONYMOUS LOGON\r\n\tAccount Domain:\t\tNT AUTHORITY\r\n\tLogon ID:\t\t0x519052\r\n\tLinked Logon ID:\t\t0x0\r\n\tNetwork Account Name:\t-\r\n\tNetwork Account Domain:\t-\r\n\tLogon GUID:\t\t{00000000-0000-0000-0000-000000000000}\r\n\r\nProcess Information:\r\n\tProcess ID:\t\t0x0\r\n\tProcess Name:\t\t-\r\n\r\nNetwork Information:\r\n\tWorkstation Name:\t-\r\n\tSource Network Address:\t10.0.3.30\r\n\tSource Port:\t\t40910\r\n\r\nDetailed Authentication Information:\r\n\tLogon Process:\t\tNtLmSsp \r\n\tAuthentication Package:\tNTLM\r\n\tTransited Services:\t-\r\n\tPackage Name (NTLM only):\tNTLM V1\r\n\tKey Length:\t\t128\r\n\r\nThis event is generated when a logon session is created. It is generated on the computer that was accessed.\r\n\r\nThe subject fields indicate the account on the local system which requested the logon. This is most commonly a service such as the Server service, or a local process such as Winlogon.exe or Services.exe.\r\n\r\nThe logon type field indicates the kind of logon that occurred. The most common types are 2 (interactive) and 3 (network).\r\n\r\nThe New Logon fields indicate the account for whom the new logon was created, i.e. the account that was logged on.\r\n\r\nThe network fields indicate where a remote logon request originated. Workstation name is not always available and may be left blank in some cases.\r\n\r\nThe impersonation level field indicates the extent to which a process in the logon session can impersonate.\r\n\r\nThe authentication information fields provide detailed information about this specific logon request.\r\n\t- Logon GUID is a unique identifier that can be used to correlate this event with a KDC event.\r\n\t- Transited services indicate which intermediate services have participated in this logon request.\r\n\t- Package name indicates which sub-protocol was used among the NTLM protocols.\r\n\t- Key length indicates the length of the generated session key. This will be 0 if no session key was requested.\""""},""eventdata"":{""subjectUserSid"":""S-1-0-0"",""subjectLogonId"":""0x0"",""targetUserSid"":""S-1-5-7"",""targetUserName"":""ANONYMOUS LOGON"",""targetDomainName"":""NT AUTHORITY"",""targetLogonId"":""0x519052"",""logonType"":""3"",""logonProcessName"":""NtLmSsp"",""authenticationPackageName"":""NTLM"",""logonGuid"":""{00000000-0000-0000-0000-000000000000}"",""lmPackageName"":""NTLM V1"",""keyLength"":""128"",""processId"":""0x0"",""ipAddress"":""10.0.3.30"",""ipPort"":""40910"",""impersonationLevel"":""%%1833"",""virtualAccount"":""%%1843"",""targetLinkedLogonId"":""0x0"",""elevatedToken"":""%%1843""}}}"
2025-03-28T16:05:04.537Z,DC1,low,6,"Successful Remote Logon Detected - User:\lorenzo - NTLM authentication, possible pass-the-hash attack.","{""win"":{""system"":{""providerName"":""Microsoft-Windows-Security-Auditing"",""providerGuid"":""{54849625-5478-4994-a5ba-3e3b0328c30d}"",""eventID"":""4624"",""version"":""2"",""level"":""0"",""task"":""12544"",""opcode"":""0"",""keywords"":""0x8020000000000000"",""systemTime"":""2025-03-28T16:05:03.5753349Z"",""eventRecordID"":""259423"",""processID"":""836"",""threadID"":""2468"",""channel"":""Security"",""computer"":""DC1.PLUMETECH.LOCAL"",""severityValue"":""AUDIT_SUCCESS"",""message"":""\""An account was successfully logged on.\r\n\r\nSubject:\r\n\tSecurity ID:\t\tS-1-0-0\r\n\tAccount Name:\t\t-\r\n\tAccount Domain:\t\t-\r\n\tLogon ID:\t\t0x0\r\n\r\nLogon Information:\r\n\tLogon Type:\t\t3\r\n\tRestricted Admin Mode:\t-\r\n\tVirtual Account:\t\tNo\r\n\tElevated Token:\t\tYes\r\n\r\nImpersonation Level:\t\tImpersonation\r\n\r\nNew Logon:\r\n\tSecurity ID:\t\tS-1-5-21-1754575515-22446835-1993822327-1106\r\n\tAccount Name:\t\tlorenzo\r\n\tAccount Domain:\t\tPLUMETECH\r\n\tLogon ID:\t\t0x5192C8\r\n\tLinked Logon ID:\t\t0x0\r\n\tNetwork Account Name:\t-\r\n\tNetwork Account Domain:\t-\r\n\tLogon GUID:\t\t{00000000-0000-0000-0000-000000000000}\r\n\r\nProcess Information:\r\n\tProcess ID:\t\t0x0\r\n\tProcess Name:\t\t-\r\n\r\nNetwork Information:\r\n\tWorkstation Name:\t-\r\n\tSource Network Address:\t10.0.3.30\r\n\tSource Port:\t\t37954\r\n\r\nDetailed Authentication Information:\r\n\tLogon Process:\t\tNtLmSsp \r\n\tAuthentication Package:\tNTLM\r\n\tTransited Services:\t-\r\n\tPackage Name (NTLM only):\tNTLM V2\r\n\tKey Length:\t\t0\r\n\r\nThis event is generated when a logon session is created. It is generated on the computer that was accessed.\r\n\r\nThe subject fields indicate the account on the local system which requested the logon. This is most commonly a service such as the Server service, or a local process such as Winlogon.exe or Services.exe.\r\n\r\nThe logon type field indicates the kind of logon that occurred. The most common types are 2 (interactive) and 3 (network).\r\n\r\nThe New Logon fields indicate the account for whom the new logon was created, i.e. the account that was logged on.\r\n\r\nThe network fields indicate where a remote logon request originated. Workstation name is not always available and may be left blank in some cases.\r\n\r\nThe impersonation level field indicates the extent to which a process in the logon session can impersonate.\r\n\r\nThe authentication information fields provide detailed information about this specific logon request.\r\n\t- Logon GUID is a unique identifier that can be used to correlate this event with a KDC event.\r\n\t- Transited services indicate which intermediate services have participated in this logon request.\r\n\t- Package name indicates which sub-protocol was used among the NTLM protocols.\r\n\t- Key length indicates the length of the generated session key. This will be 0 if no session key was requested.\""""},""eventdata"":{""subjectUserSid"":""S-1-0-0"",""subjectLogonId"":""0x0"",""targetUserSid"":""S-1-5-21-1754575515-22446835-1993822327-1106"",""targetUserName"":""lorenzo"",""targetDomainName"":""PLUMETECH"",""targetLogonId"":""0x5192c8"",""logonType"":""3"",""logonProcessName"":""NtLmSsp"",""authenticationPackageName"":""NTLM"",""logonGuid"":""{00000000-0000-0000-0000-000000000000}"",""lmPackageName"":""NTLM V2"",""keyLength"":""0"",""processId"":""0x0"",""ipAddress"":""10.0.3.30"",""ipPort"":""37954"",""impersonationLevel"":""%%1833"",""virtualAccount"":""%%1843"",""targetLinkedLogonId"":""0x0"",""elevatedToken"":""%%1842""}}}"
2025-03-28T16:05:04.808Z,DC1,high,12,"Suspicious LDAP Query for Users without Kerberos Pre-Authentication found from 10.0.3.30: ( &  (userAccountControl&4194304) ( !  (userAccountControl&2) ) ( !  (objectCategory=CN=Computer,CN=Schema,CN=Configuration,DC=PLUMETECH,DC=LOCAL) ) )","2025-03-28T17:04:37.668+01:00 DC1.PLUMETECH.LOCAL LDAPQueryLogParser: date=2025-03-28 time=17:04:37 hostname=DC1.PLUMETECH.LOCAL srcip=10.0.3.30 win.eventdata.ipAddress=::ffff:10.0.3.30 srcport=55466 user=PLUMETECH\lorenzo filter=""( &  (userAccountControl&4194304) ( !  (userAccountControl&2) ) ( !  (objectCategory=CN=Computer,CN=Schema,CN=Configuration,DC=PLUMETECH,DC=LOCAL) ) )"" scope=subtree startingnode=DC=PLUMETECH,DC=LOCAL attributeselection=sAMAccountName,pwdLastSet,memberOf,userAccountControl,lastLogon"
2025-03-28T16:05:04.809Z,DC1,low,4,LDAP Query from : ,"2025-03-28T17:04:37.652+01:00 DC1.PLUMETECH.LOCAL LDAPQueryLogParser: date=2025-03-28 time=17:04:37 hostname=DC1.PLUMETECH.LOCAL srcip=10.0.3.30 win.eventdata.ipAddress=::ffff:10.0.3.30 srcport=55466 user=PLUMETECH\lorenzo filter=""( &  (objectCategory=CN=Person,CN=Schema,CN=Configuration,DC=PLUMETECH,DC=LOCAL)  (sAMAccountName=lorenzo)  ( |  (memberOf<==>CN=Server Operators,CN=Builtin,DC=PLUMETECH,DC=LOCAL)  (memberOf<==>CN=Backup Operators,CN=Builtin,DC=PLUMETECH,DC=LOCAL)  (memberOf<==>CN=Domain Admins,CN=Users,DC=PLUMETECH,DC=LOCAL)  (memberOf<==>CN=Enterprise Admins,CN=Users,DC=PLUMETECH,DC=LOCAL) ) )"" scope=subtree startingnode=DC=PLUMETECH,DC=LOCAL attributeselection=[]"
2025-03-28T16:05:04.822Z,DC1,low,4,LDAP Query from 10.0.3.30: (userAccountControl&8192),"2025-03-28T17:04:37.637+01:00 DC1.PLUMETECH.LOCAL LDAPQueryLogParser: date=2025-03-28 time=17:04:37 hostname=DC1.PLUMETECH.LOCAL srcip=10.0.3.30 win.eventdata.ipAddress=::ffff:10.0.3.30 srcport=55466 user=PLUMETECH\lorenzo filter=""(userAccountControl&8192)"" scope=subtree startingnode=DC=PLUMETECH,DC=LOCAL attributeselection=objectSid"
2025-03-28T16:05:16.507Z,OTDC1,low,3,Windows Logon Success,"""An account was successfully logged on.

Subject:
	Security ID:		S-1-0-0
	Account Name:		-
	Account Domain:		-
	Logon ID:		0x0

Logon Information:
	Logon Type:		3
	Restricted Admin Mode:	-
	Virtual Account:		No
	Elevated Token:		Yes

Impersonation Level:		Impersonation

New Logon:
	Security ID:		S-1-5-18
	Account Name:		OTDC1$
	Account Domain:		PLUMETECH-OT.LOCAL
	Logon ID:		0x78EDEF
	Linked Logon ID:		0x0
	Network Account Name:	-
	Network Account Domain:	-
	Logon GUID:		{8106fa6f-b3ce-218c-5f43-7aa78859dafe}

Process Information:
	Process ID:		0x0
	Process Name:		-

Network Information:
	Workstation Name:	-
	Source Network Address:	::1
	Source Port:		58010

Detailed Authentication Information:
	Logon Process:		Kerberos
	Authentication Package:	Kerberos
	Transited Services:	-
	Package Name (NTLM only):	-
	Key Length:		0

This event is generated when a logon session is created. It is generated on the computer that was accessed.

The subject fields indicate the account on the local system which requested the logon. This is most commonly a service such as the Server service, or a local process such as Winlogon.exe or Services.exe.

The logon type field indicates the kind of logon that occurred. The most common types are 2 (interactive) and 3 (network).

The New Logon fields indicate the account for whom the new logon was created, i.e. the account that was logged on.

The network fields indicate where a remote logon request originated. Workstation name is not always available and may be left blank in some cases.

The impersonation level field indicates the extent to which a process in the logon session can impersonate.

The authentication information fields provide detailed information about this specific logon request.
	- Logon GUID is a unique identifier that can be used to correlate this event with a KDC event.
	- Transited services indicate which intermediate services have participated in this logon request.
	- Package name indicates which sub-protocol was used among the NTLM protocols.
	- Key length indicates the length of the generated session key. This will be 0 if no session key was requested."""
2025-03-28T16:05:16.947Z,DC1,low,3,Windows Logon Success,"""An account was successfully logged on.

Subject:
	Security ID:		S-1-0-0
	Account Name:		-
	Account Domain:		-
	Logon ID:		0x0

Logon Information:
	Logon Type:		3
	Restricted Admin Mode:	-
	Virtual Account:		No
	Elevated Token:		Yes

Impersonation Level:		Impersonation

New Logon:
	Security ID:		S-1-5-18
	Account Name:		DC1$
	Account Domain:		PLUMETECH.LOCAL
	Logon ID:		0x53AF5A
	Linked Logon ID:		0x0
	Network Account Name:	-
	Network Account Domain:	-
	Logon GUID:		{09ce1f90-1058-144b-c1d0-a01d51d0a3fc}

Process Information:
	Process ID:		0x0
	Process Name:		-

Network Information:
	Workstation Name:	-
	Source Network Address:	::1
	Source Port:		61444

Detailed Authentication Information:
	Logon Process:		Kerberos
	Authentication Package:	Kerberos
	Transited Services:	-
	Package Name (NTLM only):	-
	Key Length:		0

This event is generated when a logon session is created. It is generated on the computer that was accessed.

The subject fields indicate the account on the local system which requested the logon. This is most commonly a service such as the Server service, or a local process such as Winlogon.exe or Services.exe.

The logon type field indicates the kind of logon that occurred. The most common types are 2 (interactive) and 3 (network).

The New Logon fields indicate the account for whom the new logon was created, i.e. the account that was logged on.

The network fields indicate where a remote logon request originated. Workstation name is not always available and may be left blank in some cases.

The impersonation level field indicates the extent to which a process in the logon session can impersonate.

The authentication information fields provide detailed information about this specific logon request.
	- Logon GUID is a unique identifier that can be used to correlate this event with a KDC event.
	- Transited services indicate which intermediate services have participated in this logon request.
	- Package name indicates which sub-protocol was used among the NTLM protocols.
	- Key length indicates the length of the generated session key. This will be 0 if no session key was requested."""
