2025-03-28T16:41:08.817Z,DC1,low,3,Windows Logon Success,"""An account was successfully logged on.

Subject:
	Security ID:		S-1-0-0
	Account Name:		-
	Account Domain:		-
	Logon ID:		0x0

Logon Information:
	Logon Type:		3
	Restricted Admin Mode:	-
	Virtual Account:		No
	Elevated Token:		Yes

Impersonation Level:		Impersonation

New Logon:
	Security ID:		S-1-5-18
	Account Name:		DC1$
	Account Domain:		PLUMETECH.LOCAL
	Logon ID:		0x13A7706
	Linked Logon ID:		0x0
	Network Account Name:	-
	Network Account Domain:	-
	Logon GUID:		{846a2c73-bc98-e4a3-397a-a2db38028c87}

Process Information:
	Process ID:		0x0
	Process Name:		-

Network Information:
	Workstation Name:	-
	Source Network Address:	::1
	Source Port:		57586

Detailed Authentication Information:
	Logon Process:		Kerberos
	Authentication Package:	Kerberos
	Transited Services:	-
	Package Name (NTLM only):	-
	Key Length:		0

This event is generated when a logon session is created. It is generated on the computer that was accessed.

The subject fields indicate the account on the local system which requested the logon. This is most commonly a service such as the Server service, or a local process such as Winlogon.exe or Services.exe.

The logon type field indicates the kind of logon that occurred. The most common types are 2 (interactive) and 3 (network).

The New Logon fields indicate the account for whom the new logon was created, i.e. the account that was logged on.

The network fields indicate where a remote logon request originated. Workstation name is not always available and may be left blank in some cases.

The impersonation level field indicates the extent to which a process in the logon session can impersonate.

The authentication information fields provide detailed information about this specific logon request.
	- Logon GUID is a unique identifier that can be used to correlate this event with a KDC event.
	- Transited services indicate which intermediate services have participated in this logon request.
	- Package name indicates which sub-protocol was used among the NTLM protocols.
	- Key length indicates the length of the generated session key. This will be 0 if no session key was requested."""
2025-03-28T16:41:13.778Z,suricata,low,3,Informational Suricata Alert: ET INFO GNU/Linux APT User-Agent Outbound likely related to package management,"{""timestamp"":""2025-03-28T16:41:12.025030+0000"",""flow_id"":2.03037098963477e+15,""in_iface"":""ens5"",""event_type"":""alert"",""src_ip"":""10.0.7.30"",""src_port"":39586,""dest_ip"":""104.17.254.239"",""dest_port"":80,""proto"":""TCP"",""pkt_src"":""vxlan encapsulation"",""metadata"":{""flowbits"":[""ET.SuspExeTLDs""]},""community_id"":""1:s2n8EA+ix4G6C1bcMw9Fulmn1BU="",""tx_id"":0,""alert"":{""action"":""allowed"",""gid"":1,""signature_id"":2013504,""rev"":6,""signature"":""ET INFO GNU/Linux APT User-Agent Outbound likely related to package management"",""category"":""Not Suspicious Traffic"",""severity"":3,""metadata"":{""confidence"":[""High""],""created_at"":[""2011_08_31""],""signature_severity"":[""Informational""],""updated_at"":[""2020_04_22""]}},""tunnel"":{""src_ip"":""10.0.7.30"",""src_port"":65418,""dest_ip"":""10.0.7.9"",""dest_port"":4789,""proto"":""UDP"",""depth"":1,""pkt_src"":""wire/pcap""},""http"":{""hostname"":""kali.download"",""url"":""/kali/dists/kali-rolling/InRelease"",""http_user_agent"":""Debian APT-HTTP/1.3 (2.9.29)"",""http_content_type"":""application/octet-stream"",""http_method"":""GET"",""protocol"":""HTTP/1.1"",""status"":200,""length"":11195},""app_proto"":""http"",""direction"":""to_server"",""flow"":{""pkts_toserver"":4,""pkts_toclient"":22,""bytes_toserver"":422,""bytes_toclient"":30112,""start"":""2025-03-28T16:41:11.997020+0000"",""src_ip"":""10.0.7.30"",""dest_ip"":""104.17.254.239"",""src_port"":39586,""dest_port"":80},""capture_file"":""/var/log/suricata/nsm_data//log.pcap.1743179262"",""source"":""suricata""}"
2025-03-28T16:41:13.781Z,suricata,low,3,Informational Suricata Alert: ET INFO GNU/Linux APT User-Agent Outbound likely related to package management,"{""timestamp"":""2025-03-28T16:41:12.108595+0000"",""flow_id"":2.03037098963477e+15,""in_iface"":""ens5"",""event_type"":""alert"",""src_ip"":""10.0.7.30"",""src_port"":39586,""dest_ip"":""104.17.254.239"",""dest_port"":80,""proto"":""TCP"",""pkt_src"":""vxlan encapsulation"",""metadata"":{""flowbits"":[""ET.SuspExeTLDs""]},""community_id"":""1:s2n8EA+ix4G6C1bcMw9Fulmn1BU="",""tx_id"":1,""alert"":{""action"":""allowed"",""gid"":1,""signature_id"":2013504,""rev"":6,""signature"":""ET INFO GNU/Linux APT User-Agent Outbound likely related to package management"",""category"":""Not Suspicious Traffic"",""severity"":3,""metadata"":{""confidence"":[""High""],""created_at"":[""2011_08_31""],""signature_severity"":[""Informational""],""updated_at"":[""2020_04_22""]}},""tunnel"":{""src_ip"":""10.0.7.30"",""src_port"":65418,""dest_ip"":""10.0.7.9"",""dest_port"":4789,""proto"":""UDP"",""depth"":1,""pkt_src"":""wire/pcap""},""http"":{""hostname"":""kali.download"",""url"":""/kali/dists/kali-rolling/main/binary-amd64/Packages.gz"",""http_user_agent"":""Debian APT-HTTP/1.3 (2.9.29)"",""http_content_type"":""application/gzip"",""http_method"":""GET"",""protocol"":""HTTP/1.1"",""status"":200,""length"":9749},""app_proto"":""http"",""direction"":""to_server"",""flow"":{""pkts_toserver"":10,""pkts_toclient"":47,""bytes_toserver"":894,""bytes_toclient"":66035,""start"":""2025-03-28T16:41:11.997020+0000"",""src_ip"":""10.0.7.30"",""dest_ip"":""104.17.254.239"",""src_port"":39586,""dest_port"":80},""capture_file"":""/var/log/suricata/nsm_data//log.pcap.1743179262"",""source"":""suricata""}"
2025-03-28T16:41:13.784Z,suricata,low,3,Informational Suricata Alert: ET INFO GNU/Linux APT User-Agent Outbound likely related to package management,"{""timestamp"":""2025-03-28T16:41:12.437711+0000"",""flow_id"":2.03037098963477e+15,""in_iface"":""ens5"",""event_type"":""alert"",""src_ip"":""10.0.7.30"",""src_port"":39586,""dest_ip"":""104.17.254.239"",""dest_port"":80,""proto"":""TCP"",""pkt_src"":""vxlan encapsulation"",""metadata"":{""flowbits"":[""ET.SuspExeTLDs""]},""community_id"":""1:s2n8EA+ix4G6C1bcMw9Fulmn1BU="",""tx_id"":8,""alert"":{""action"":""allowed"",""gid"":1,""signature_id"":2013504,""rev"":6,""signature"":""ET INFO GNU/Linux APT User-Agent Outbound likely related to package management"",""category"":""Not Suspicious Traffic"",""severity"":3,""metadata"":{""confidence"":[""High""],""created_at"":[""2011_08_31""],""signature_severity"":[""Informational""],""updated_at"":[""2020_04_22""]}},""tunnel"":{""src_ip"":""10.0.7.30"",""src_port"":65418,""dest_ip"":""10.0.7.9"",""dest_port"":4789,""proto"":""UDP"",""depth"":1,""pkt_src"":""wire/pcap""},""http"":{""hostname"":""kali.download"",""url"":""/kali/dists/kali-rolling/non-free-firmware/Contents-amd64.gz"",""http_user_agent"":""Debian APT-HTTP/1.3 (2.9.29)"",""http_method"":""GET"",""protocol"":""HTTP/1.1"",""length"":0},""app_proto"":""http"",""direction"":""to_server"",""flow"":{""pkts_toserver"":404,""pkts_toclient"":11238,""bytes_toserver"":22514,""bytes_toclient"":16783009,""start"":""2025-03-28T16:41:11.997020+0000"",""src_ip"":""10.0.7.30"",""dest_ip"":""104.17.254.239"",""src_port"":39586,""dest_port"":80},""capture_file"":""/var/log/suricata/nsm_data//log.pcap.1743179262"",""source"":""suricata""}"
2025-03-28T16:41:13.785Z,suricata,low,3,Informational Suricata Alert: ET INFO GNU/Linux APT User-Agent Outbound likely related to package management,"{""timestamp"":""2025-03-28T16:41:12.437711+0000"",""flow_id"":2.03037098963477e+15,""in_iface"":""ens5"",""event_type"":""alert"",""src_ip"":""10.0.7.30"",""src_port"":39586,""dest_ip"":""104.17.254.239"",""dest_port"":80,""proto"":""TCP"",""pkt_src"":""vxlan encapsulation"",""metadata"":{""flowbits"":[""ET.SuspExeTLDs""]},""community_id"":""1:s2n8EA+ix4G6C1bcMw9Fulmn1BU="",""tx_id"":7,""alert"":{""action"":""allowed"",""gid"":1,""signature_id"":2013504,""rev"":6,""signature"":""ET INFO GNU/Linux APT User-Agent Outbound likely related to package management"",""category"":""Not Suspicious Traffic"",""severity"":3,""metadata"":{""confidence"":[""High""],""created_at"":[""2011_08_31""],""signature_severity"":[""Informational""],""updated_at"":[""2020_04_22""]}},""tunnel"":{""src_ip"":""10.0.7.30"",""src_port"":65418,""dest_ip"":""10.0.7.9"",""dest_port"":4789,""proto"":""UDP"",""depth"":1,""pkt_src"":""wire/pcap""},""http"":{""hostname"":""kali.download"",""url"":""/kali/dists/kali-rolling/non-free-firmware/binary-amd64/Packages.gz"",""http_user_agent"":""Debian APT-HTTP/1.3 (2.9.29)"",""http_method"":""GET"",""protocol"":""HTTP/1.1"",""length"":0},""app_proto"":""http"",""direction"":""to_server"",""flow"":{""pkts_toserver"":404,""pkts_toclient"":11238,""bytes_toserver"":22514,""bytes_toclient"":16783009,""start"":""2025-03-28T16:41:11.997020+0000"",""src_ip"":""10.0.7.30"",""dest_ip"":""104.17.254.239"",""src_port"":39586,""dest_port"":80},""capture_file"":""/var/log/suricata/nsm_data//log.pcap.1743179262"",""source"":""suricata""}"
2025-03-28T16:41:13.786Z,suricata,low,3,Informational Suricata Alert: ET INFO GNU/Linux APT User-Agent Outbound likely related to package management,"{""timestamp"":""2025-03-28T16:41:12.437711+0000"",""flow_id"":2.03037098963477e+15,""in_iface"":""ens5"",""event_type"":""alert"",""src_ip"":""10.0.7.30"",""src_port"":39586,""dest_ip"":""104.17.254.239"",""dest_port"":80,""proto"":""TCP"",""pkt_src"":""vxlan encapsulation"",""metadata"":{""flowbits"":[""ET.SuspExeTLDs""]},""community_id"":""1:s2n8EA+ix4G6C1bcMw9Fulmn1BU="",""tx_id"":6,""alert"":{""action"":""allowed"",""gid"":1,""signature_id"":2013504,""rev"":6,""signature"":""ET INFO GNU/Linux APT User-Agent Outbound likely related to package management"",""category"":""Not Suspicious Traffic"",""severity"":3,""metadata"":{""confidence"":[""High""],""created_at"":[""2011_08_31""],""signature_severity"":[""Informational""],""updated_at"":[""2020_04_22""]}},""tunnel"":{""src_ip"":""10.0.7.30"",""src_port"":65418,""dest_ip"":""10.0.7.9"",""dest_port"":4789,""proto"":""UDP"",""depth"":1,""pkt_src"":""wire/pcap""},""http"":{""hostname"":""kali.download"",""url"":""/kali/dists/kali-rolling/non-free/Contents-amd64.gz"",""http_user_agent"":""Debian APT-HTTP/1.3 (2.9.29)"",""http_method"":""GET"",""protocol"":""HTTP/1.1"",""length"":0},""app_proto"":""http"",""direction"":""to_server"",""flow"":{""pkts_toserver"":404,""pkts_toclient"":11238,""bytes_toserver"":22514,""bytes_toclient"":16783009,""start"":""2025-03-28T16:41:11.997020+0000"",""src_ip"":""10.0.7.30"",""dest_ip"":""104.17.254.239"",""src_port"":39586,""dest_port"":80},""capture_file"":""/var/log/suricata/nsm_data//log.pcap.1743179262"",""source"":""suricata""}"
2025-03-28T16:41:13.787Z,suricata,low,3,Informational Suricata Alert: ET INFO GNU/Linux APT User-Agent Outbound likely related to package management,"{""timestamp"":""2025-03-28T16:41:12.437711+0000"",""flow_id"":2.03037098963477e+15,""in_iface"":""ens5"",""event_type"":""alert"",""src_ip"":""10.0.7.30"",""src_port"":39586,""dest_ip"":""104.17.254.239"",""dest_port"":80,""proto"":""TCP"",""pkt_src"":""vxlan encapsulation"",""metadata"":{""flowbits"":[""ET.SuspExeTLDs""]},""community_id"":""1:s2n8EA+ix4G6C1bcMw9Fulmn1BU="",""tx_id"":5,""alert"":{""action"":""allowed"",""gid"":1,""signature_id"":2013504,""rev"":6,""signature"":""ET INFO GNU/Linux APT User-Agent Outbound likely related to package management"",""category"":""Not Suspicious Traffic"",""severity"":3,""metadata"":{""confidence"":[""High""],""created_at"":[""2011_08_31""],""signature_severity"":[""Informational""],""updated_at"":[""2020_04_22""]}},""tunnel"":{""src_ip"":""10.0.7.30"",""src_port"":65418,""dest_ip"":""10.0.7.9"",""dest_port"":4789,""proto"":""UDP"",""depth"":1,""pkt_src"":""wire/pcap""},""http"":{""hostname"":""kali.download"",""url"":""/kali/dists/kali-rolling/non-free/binary-amd64/Packages.gz"",""http_user_agent"":""Debian APT-HTTP/1.3 (2.9.29)"",""http_method"":""GET"",""protocol"":""HTTP/1.1"",""length"":0},""app_proto"":""http"",""direction"":""to_server"",""flow"":{""pkts_toserver"":404,""pkts_toclient"":11238,""bytes_toserver"":22514,""bytes_toclient"":16783009,""start"":""2025-03-28T16:41:11.997020+0000"",""src_ip"":""10.0.7.30"",""dest_ip"":""104.17.254.239"",""src_port"":39586,""dest_port"":80},""capture_file"":""/var/log/suricata/nsm_data//log.pcap.1743179262"",""source"":""suricata""}"
2025-03-28T16:41:13.788Z,suricata,low,3,Informational Suricata Alert: ET INFO GNU/Linux APT User-Agent Outbound likely related to package management,"{""timestamp"":""2025-03-28T16:41:12.437711+0000"",""flow_id"":2.03037098963477e+15,""in_iface"":""ens5"",""event_type"":""alert"",""src_ip"":""10.0.7.30"",""src_port"":39586,""dest_ip"":""104.17.254.239"",""dest_port"":80,""proto"":""TCP"",""pkt_src"":""vxlan encapsulation"",""metadata"":{""flowbits"":[""ET.SuspExeTLDs""]},""community_id"":""1:s2n8EA+ix4G6C1bcMw9Fulmn1BU="",""tx_id"":4,""alert"":{""action"":""allowed"",""gid"":1,""signature_id"":2013504,""rev"":6,""signature"":""ET INFO GNU/Linux APT User-Agent Outbound likely related to package management"",""category"":""Not Suspicious Traffic"",""severity"":3,""metadata"":{""confidence"":[""High""],""created_at"":[""2011_08_31""],""signature_severity"":[""Informational""],""updated_at"":[""2020_04_22""]}},""tunnel"":{""src_ip"":""10.0.7.30"",""src_port"":65418,""dest_ip"":""10.0.7.9"",""dest_port"":4789,""proto"":""UDP"",""depth"":1,""pkt_src"":""wire/pcap""},""http"":{""hostname"":""kali.download"",""url"":""/kali/dists/kali-rolling/contrib/Contents-amd64.gz"",""http_user_agent"":""Debian APT-HTTP/1.3 (2.9.29)"",""http_method"":""GET"",""protocol"":""HTTP/1.1"",""length"":0},""app_proto"":""http"",""direction"":""to_server"",""flow"":{""pkts_toserver"":404,""pkts_toclient"":11238,""bytes_toserver"":22514,""bytes_toclient"":16783009,""start"":""2025-03-28T16:41:11.997020+0000"",""src_ip"":""10.0.7.30"",""dest_ip"":""104.17.254.239"",""src_port"":39586,""dest_port"":80},""capture_file"":""/var/log/suricata/nsm_data//log.pcap.1743179262"",""source"":""suricata""}"
2025-03-28T16:41:13.789Z,suricata,low,3,Informational Suricata Alert: ET INFO GNU/Linux APT User-Agent Outbound likely related to package management,"{""timestamp"":""2025-03-28T16:41:12.437711+0000"",""flow_id"":2.03037098963477e+15,""in_iface"":""ens5"",""event_type"":""alert"",""src_ip"":""10.0.7.30"",""src_port"":39586,""dest_ip"":""104.17.254.239"",""dest_port"":80,""proto"":""TCP"",""pkt_src"":""vxlan encapsulation"",""metadata"":{""flowbits"":[""ET.SuspExeTLDs""]},""community_id"":""1:s2n8EA+ix4G6C1bcMw9Fulmn1BU="",""tx_id"":3,""alert"":{""action"":""allowed"",""gid"":1,""signature_id"":2013504,""rev"":6,""signature"":""ET INFO GNU/Linux APT User-Agent Outbound likely related to package management"",""category"":""Not Suspicious Traffic"",""severity"":3,""metadata"":{""confidence"":[""High""],""created_at"":[""2011_08_31""],""signature_severity"":[""Informational""],""updated_at"":[""2020_04_22""]}},""tunnel"":{""src_ip"":""10.0.7.30"",""src_port"":65418,""dest_ip"":""10.0.7.9"",""dest_port"":4789,""proto"":""UDP"",""depth"":1,""pkt_src"":""wire/pcap""},""http"":{""hostname"":""kali.download"",""url"":""/kali/dists/kali-rolling/contrib/binary-amd64/Packages.gz"",""http_user_agent"":""Debian APT-HTTP/1.3 (2.9.29)"",""http_method"":""GET"",""protocol"":""HTTP/1.1"",""length"":0},""app_proto"":""http"",""direction"":""to_server"",""flow"":{""pkts_toserver"":404,""pkts_toclient"":11238,""bytes_toserver"":22514,""bytes_toclient"":16783009,""start"":""2025-03-28T16:41:11.997020+0000"",""src_ip"":""10.0.7.30"",""dest_ip"":""104.17.254.239"",""src_port"":39586,""dest_port"":80},""capture_file"":""/var/log/suricata/nsm_data//log.pcap.1743179262"",""source"":""suricata""}"
2025-03-28T16:41:13.790Z,suricata,low,3,Informational Suricata Alert: ET INFO GNU/Linux APT User-Agent Outbound likely related to package management,"{""timestamp"":""2025-03-28T16:41:12.437711+0000"",""flow_id"":2.03037098963477e+15,""in_iface"":""ens5"",""event_type"":""alert"",""src_ip"":""10.0.7.30"",""src_port"":39586,""dest_ip"":""104.17.254.239"",""dest_port"":80,""proto"":""TCP"",""pkt_src"":""vxlan encapsulation"",""metadata"":{""flowbits"":[""ET.SuspExeTLDs""]},""community_id"":""1:s2n8EA+ix4G6C1bcMw9Fulmn1BU="",""tx_id"":2,""alert"":{""action"":""allowed"",""gid"":1,""signature_id"":2013504,""rev"":6,""signature"":""ET INFO GNU/Linux APT User-Agent Outbound likely related to package management"",""category"":""Not Suspicious Traffic"",""severity"":3,""metadata"":{""confidence"":[""High""],""created_at"":[""2011_08_31""],""signature_severity"":[""Informational""],""updated_at"":[""2020_04_22""]}},""tunnel"":{""src_ip"":""10.0.7.30"",""src_port"":65418,""dest_ip"":""10.0.7.9"",""dest_port"":4789,""proto"":""UDP"",""depth"":1,""pkt_src"":""wire/pcap""},""http"":{""hostname"":""kali.download"",""url"":""/kali/dists/kali-rolling/main/Contents-amd64.gz"",""http_user_agent"":""Debian APT-HTTP/1.3 (2.9.29)"",""http_content_type"":""application/gzip"",""http_method"":""GET"",""protocol"":""HTTP/1.1"",""status"":200,""length"":32290},""app_proto"":""http"",""direction"":""to_server"",""flow"":{""pkts_toserver"":404,""pkts_toclient"":11238,""bytes_toserver"":22514,""bytes_toclient"":16783009,""start"":""2025-03-28T16:41:11.997020+0000"",""src_ip"":""10.0.7.30"",""dest_ip"":""104.17.254.239"",""src_port"":39586,""dest_port"":80},""capture_file"":""/var/log/suricata/nsm_data//log.pcap.1743179262"",""source"":""suricata""}"
2025-03-28T16:41:33.512Z,OTDC1,low,3,Windows Logon Success,"""An account was successfully logged on.

Subject:
	Security ID:		S-1-0-0
	Account Name:		-
	Account Domain:		-
	Logon ID:		0x0

Logon Information:
	Logon Type:		3
	Restricted Admin Mode:	-
	Virtual Account:		No
	Elevated Token:		Yes

Impersonation Level:		Impersonation

New Logon:
	Security ID:		S-1-5-18
	Account Name:		OTDC1$
	Account Domain:		PLUMETECH-OT.LOCAL
	Logon ID:		0xFA4250
	Linked Logon ID:		0x0
	Network Account Name:	-
	Network Account Domain:	-
	Logon GUID:		{52b5acc9-3f74-072e-4c6d-aed0a2deac5f}

Process Information:
	Process ID:		0x0
	Process Name:		-

Network Information:
	Workstation Name:	-
	Source Network Address:	::1
	Source Port:		63969

Detailed Authentication Information:
	Logon Process:		Kerberos
	Authentication Package:	Kerberos
	Transited Services:	-
	Package Name (NTLM only):	-
	Key Length:		0

This event is generated when a logon session is created. It is generated on the computer that was accessed.

The subject fields indicate the account on the local system which requested the logon. This is most commonly a service such as the Server service, or a local process such as Winlogon.exe or Services.exe.

The logon type field indicates the kind of logon that occurred. The most common types are 2 (interactive) and 3 (network).

The New Logon fields indicate the account for whom the new logon was created, i.e. the account that was logged on.

The network fields indicate where a remote logon request originated. Workstation name is not always available and may be left blank in some cases.

The impersonation level field indicates the extent to which a process in the logon session can impersonate.

The authentication information fields provide detailed information about this specific logon request.
	- Logon GUID is a unique identifier that can be used to correlate this event with a KDC event.
	- Transited services indicate which intermediate services have participated in this logon request.
	- Package name indicates which sub-protocol was used among the NTLM protocols.
	- Key length indicates the length of the generated session key. This will be 0 if no session key was requested."""
2025-03-28T16:41:42.453Z,DC1,low,3,Windows Logon Success,"""An account was successfully logged on.

Subject:
	Security ID:		S-1-0-0
	Account Name:		-
	Account Domain:		-
	Logon ID:		0x0

Logon Information:
	Logon Type:		3
	Restricted Admin Mode:	-
	Virtual Account:		No
	Elevated Token:		Yes

Impersonation Level:		Delegation

New Logon:
	Security ID:		S-1-5-21-1132163210-3804680402-240431838-1000
	Account Name:		DC1$
	Account Domain:		PLUMETECH.LOCAL
	Logon ID:		0x13CBAA8
	Linked Logon ID:		0x0
	Network Account Name:	-
	Network Account Domain:	-
	Logon GUID:		{85627f69-17f7-d4cd-9c69-8bdf2767a34a}

Process Information:
	Process ID:		0x0
	Process Name:		-

Network Information:
	Workstation Name:	-
	Source Network Address:	-
	Source Port:		-

Detailed Authentication Information:
	Logon Process:		Kerberos
	Authentication Package:	Kerberos
	Transited Services:	-
	Package Name (NTLM only):	-
	Key Length:		0

This event is generated when a logon session is created. It is generated on the computer that was accessed.

The subject fields indicate the account on the local system which requested the logon. This is most commonly a service such as the Server service, or a local process such as Winlogon.exe or Services.exe.

The logon type field indicates the kind of logon that occurred. The most common types are 2 (interactive) and 3 (network).

The New Logon fields indicate the account for whom the new logon was created, i.e. the account that was logged on.

The network fields indicate where a remote logon request originated. Workstation name is not always available and may be left blank in some cases.

The impersonation level field indicates the extent to which a process in the logon session can impersonate.

The authentication information fields provide detailed information about this specific logon request.
	- Logon GUID is a unique identifier that can be used to correlate this event with a KDC event.
	- Transited services indicate which intermediate services have participated in this logon request.
	- Package name indicates which sub-protocol was used among the NTLM protocols.
	- Key length indicates the length of the generated session key. This will be 0 if no session key was requested."""
2025-03-28T16:41:57.072Z,OTDC1,low,3,Windows Logon Success,"""An account was successfully logged on.

Subject:
	Security ID:		S-1-0-0
	Account Name:		-
	Account Domain:		-
	Logon ID:		0x0

Logon Information:
	Logon Type:		3
	Restricted Admin Mode:	-
	Virtual Account:		No
	Elevated Token:		Yes

Impersonation Level:		Delegation

New Logon:
	Security ID:		S-1-5-21-861155105-1249368775-3103937951-1000
	Account Name:		OTDC1$
	Account Domain:		PLUMETECH-OT.LOCAL
	Logon ID:		0xFA6DBE
	Linked Logon ID:		0x0
	Network Account Name:	-
	Network Account Domain:	-
	Logon GUID:		{69c43ff6-ac5e-3739-57c5-b1949f79cba3}

Process Information:
	Process ID:		0x0
	Process Name:		-

Network Information:
	Workstation Name:	-
	Source Network Address:	-
	Source Port:		-

Detailed Authentication Information:
	Logon Process:		Kerberos
	Authentication Package:	Kerberos
	Transited Services:	-
	Package Name (NTLM only):	-
	Key Length:		0

This event is generated when a logon session is created. It is generated on the computer that was accessed.

The subject fields indicate the account on the local system which requested the logon. This is most commonly a service such as the Server service, or a local process such as Winlogon.exe or Services.exe.

The logon type field indicates the kind of logon that occurred. The most common types are 2 (interactive) and 3 (network).

The New Logon fields indicate the account for whom the new logon was created, i.e. the account that was logged on.

The network fields indicate where a remote logon request originated. Workstation name is not always available and may be left blank in some cases.

The impersonation level field indicates the extent to which a process in the logon session can impersonate.

The authentication information fields provide detailed information about this specific logon request.
	- Logon GUID is a unique identifier that can be used to correlate this event with a KDC event.
	- Transited services indicate which intermediate services have participated in this logon request.
	- Package name indicates which sub-protocol was used among the NTLM protocols.
	- Key length indicates the length of the generated session key. This will be 0 if no session key was requested."""
2025-03-28T16:42:07.715Z,DC1,low,3,Windows Logon Success,"""An account was successfully logged on.

Subject:
	Security ID:		S-1-0-0
	Account Name:		-
	Account Domain:		-
	Logon ID:		0x0

Logon Information:
	Logon Type:		3
	Restricted Admin Mode:	-
	Virtual Account:		No
	Elevated Token:		Yes

Impersonation Level:		Delegation

New Logon:
	Security ID:		S-1-5-18
	Account Name:		DC1$
	Account Domain:		PLUMETECH.LOCAL
	Logon ID:		0x13D285D
	Linked Logon ID:		0x0
	Network Account Name:	-
	Network Account Domain:	-
	Logon GUID:		{6b04f300-f318-1ce0-cc8d-92babd595f28}

Process Information:
	Process ID:		0x0
	Process Name:		-

Network Information:
	Workstation Name:	-
	Source Network Address:	fe80::379a:7cd:7300:24ff
	Source Port:		57670

Detailed Authentication Information:
	Logon Process:		Kerberos
	Authentication Package:	Kerberos
	Transited Services:	-
	Package Name (NTLM only):	-
	Key Length:		0

This event is generated when a logon session is created. It is generated on the computer that was accessed.

The subject fields indicate the account on the local system which requested the logon. This is most commonly a service such as the Server service, or a local process such as Winlogon.exe or Services.exe.

The logon type field indicates the kind of logon that occurred. The most common types are 2 (interactive) and 3 (network).

The New Logon fields indicate the account for whom the new logon was created, i.e. the account that was logged on.

The network fields indicate where a remote logon request originated. Workstation name is not always available and may be left blank in some cases.

The impersonation level field indicates the extent to which a process in the logon session can impersonate.

The authentication information fields provide detailed information about this specific logon request.
	- Logon GUID is a unique identifier that can be used to correlate this event with a KDC event.
	- Transited services indicate which intermediate services have participated in this logon request.
	- Package name indicates which sub-protocol was used among the NTLM protocols.
	- Key length indicates the length of the generated session key. This will be 0 if no session key was requested."""
2025-03-28T16:42:07.718Z,DC1,low,3,Windows Logon Success,"""An account was successfully logged on.

Subject:
	Security ID:		S-1-0-0
	Account Name:		-
	Account Domain:		-
	Logon ID:		0x0

Logon Information:
	Logon Type:		3
	Restricted Admin Mode:	-
	Virtual Account:		No
	Elevated Token:		Yes

Impersonation Level:		Impersonation

New Logon:
	Security ID:		S-1-5-18
	Account Name:		DC1$
	Account Domain:		PLUMETECH.LOCAL
	Logon ID:		0x13D29DA
	Linked Logon ID:		0x0
	Network Account Name:	-
	Network Account Domain:	-
	Logon GUID:		{846a2c73-bc98-e4a3-397a-a2db38028c87}

Process Information:
	Process ID:		0x0
	Process Name:		-

Network Information:
	Workstation Name:	-
	Source Network Address:	fe80::379a:7cd:7300:24ff
	Source Port:		57672

Detailed Authentication Information:
	Logon Process:		Kerberos
	Authentication Package:	Kerberos
	Transited Services:	-
	Package Name (NTLM only):	-
	Key Length:		0

This event is generated when a logon session is created. It is generated on the computer that was accessed.

The subject fields indicate the account on the local system which requested the logon. This is most commonly a service such as the Server service, or a local process such as Winlogon.exe or Services.exe.

The logon type field indicates the kind of logon that occurred. The most common types are 2 (interactive) and 3 (network).

The New Logon fields indicate the account for whom the new logon was created, i.e. the account that was logged on.

The network fields indicate where a remote logon request originated. Workstation name is not always available and may be left blank in some cases.

The impersonation level field indicates the extent to which a process in the logon session can impersonate.

The authentication information fields provide detailed information about this specific logon request.
	- Logon GUID is a unique identifier that can be used to correlate this event with a KDC event.
	- Transited services indicate which intermediate services have participated in this logon request.
	- Package name indicates which sub-protocol was used among the NTLM protocols.
	- Key length indicates the length of the generated session key. This will be 0 if no session key was requested."""
2025-03-28T16:42:07.721Z,DC1,low,3,Windows Logon Success,"""An account was successfully logged on.

Subject:
	Security ID:		S-1-0-0
	Account Name:		-
	Account Domain:		-
	Logon ID:		0x0

Logon Information:
	Logon Type:		3
	Restricted Admin Mode:	-
	Virtual Account:		No
	Elevated Token:		Yes

Impersonation Level:		Impersonation

New Logon:
	Security ID:		S-1-5-18
	Account Name:		DC1$
	Account Domain:		PLUMETECH.LOCAL
	Logon ID:		0x13D2A80
	Linked Logon ID:		0x0
	Network Account Name:	-
	Network Account Domain:	-
	Logon GUID:		{846a2c73-bc98-e4a3-397a-a2db38028c87}

Process Information:
	Process ID:		0x0
	Process Name:		-

Network Information:
	Workstation Name:	-
	Source Network Address:	fe80::379a:7cd:7300:24ff
	Source Port:		57673

Detailed Authentication Information:
	Logon Process:		Kerberos
	Authentication Package:	Kerberos
	Transited Services:	-
	Package Name (NTLM only):	-
	Key Length:		0

This event is generated when a logon session is created. It is generated on the computer that was accessed.

The subject fields indicate the account on the local system which requested the logon. This is most commonly a service such as the Server service, or a local process such as Winlogon.exe or Services.exe.

The logon type field indicates the kind of logon that occurred. The most common types are 2 (interactive) and 3 (network).

The New Logon fields indicate the account for whom the new logon was created, i.e. the account that was logged on.

The network fields indicate where a remote logon request originated. Workstation name is not always available and may be left blank in some cases.

The impersonation level field indicates the extent to which a process in the logon session can impersonate.

The authentication information fields provide detailed information about this specific logon request.
	- Logon GUID is a unique identifier that can be used to correlate this event with a KDC event.
	- Transited services indicate which intermediate services have participated in this logon request.
	- Package name indicates which sub-protocol was used among the NTLM protocols.
	- Key length indicates the length of the generated session key. This will be 0 if no session key was requested."""
2025-03-28T16:42:08.849Z,DC1,low,3,Windows Logon Success,"""An account was successfully logged on.

Subject:
	Security ID:		S-1-0-0
	Account Name:		-
	Account Domain:		-
	Logon ID:		0x0

Logon Information:
	Logon Type:		3
	Restricted Admin Mode:	-
	Virtual Account:		No
	Elevated Token:		Yes

Impersonation Level:		Impersonation

New Logon:
	Security ID:		S-1-5-18
	Account Name:		DC1$
	Account Domain:		PLUMETECH.LOCAL
	Logon ID:		0x13D3BF8
	Linked Logon ID:		0x0
	Network Account Name:	-
	Network Account Domain:	-
	Logon GUID:		{846a2c73-bc98-e4a3-397a-a2db38028c87}

Process Information:
	Process ID:		0x0
	Process Name:		-

Network Information:
	Workstation Name:	-
	Source Network Address:	::1
	Source Port:		57674

Detailed Authentication Information:
	Logon Process:		Kerberos
	Authentication Package:	Kerberos
	Transited Services:	-
	Package Name (NTLM only):	-
	Key Length:		0

This event is generated when a logon session is created. It is generated on the computer that was accessed.

The subject fields indicate the account on the local system which requested the logon. This is most commonly a service such as the Server service, or a local process such as Winlogon.exe or Services.exe.

The logon type field indicates the kind of logon that occurred. The most common types are 2 (interactive) and 3 (network).

The New Logon fields indicate the account for whom the new logon was created, i.e. the account that was logged on.

The network fields indicate where a remote logon request originated. Workstation name is not always available and may be left blank in some cases.

The impersonation level field indicates the extent to which a process in the logon session can impersonate.

The authentication information fields provide detailed information about this specific logon request.
	- Logon GUID is a unique identifier that can be used to correlate this event with a KDC event.
	- Transited services indicate which intermediate services have participated in this logon request.
	- Package name indicates which sub-protocol was used among the NTLM protocols.
	- Key length indicates the length of the generated session key. This will be 0 if no session key was requested."""
2025-03-28T16:42:13.647Z,DC1,low,3,Windows Logon Success,"""An account was successfully logged on.

Subject:
	Security ID:		S-1-0-0
	Account Name:		-
	Account Domain:		-
	Logon ID:		0x0

Logon Information:
	Logon Type:		3
	Restricted Admin Mode:	-
	Virtual Account:		No
	Elevated Token:		Yes

Impersonation Level:		Impersonation

New Logon:
	Security ID:		S-1-5-18
	Account Name:		DC1$
	Account Domain:		PLUMETECH.LOCAL
	Logon ID:		0x13D3DD0
	Linked Logon ID:		0x0
	Network Account Name:	-
	Network Account Domain:	-
	Logon GUID:		{846a2c73-bc98-e4a3-397a-a2db38028c87}

Process Information:
	Process ID:		0x0
	Process Name:		-

Network Information:
	Workstation Name:	-
	Source Network Address:	fe80::379a:7cd:7300:24ff
	Source Port:		57676

Detailed Authentication Information:
	Logon Process:		Kerberos
	Authentication Package:	Kerberos
	Transited Services:	-
	Package Name (NTLM only):	-
	Key Length:		0

This event is generated when a logon session is created. It is generated on the computer that was accessed.

The subject fields indicate the account on the local system which requested the logon. This is most commonly a service such as the Server service, or a local process such as Winlogon.exe or Services.exe.

The logon type field indicates the kind of logon that occurred. The most common types are 2 (interactive) and 3 (network).

The New Logon fields indicate the account for whom the new logon was created, i.e. the account that was logged on.

The network fields indicate where a remote logon request originated. Workstation name is not always available and may be left blank in some cases.

The impersonation level field indicates the extent to which a process in the logon session can impersonate.

The authentication information fields provide detailed information about this specific logon request.
	- Logon GUID is a unique identifier that can be used to correlate this event with a KDC event.
	- Transited services indicate which intermediate services have participated in this logon request.
	- Package name indicates which sub-protocol was used among the NTLM protocols.
	- Key length indicates the length of the generated session key. This will be 0 if no session key was requested."""
2025-03-28T16:42:23.808Z,OTDC1,low,3,Windows Logon Success,"""An account was successfully logged on.

Subject:
	Security ID:		S-1-0-0
	Account Name:		-
	Account Domain:		-
	Logon ID:		0x0

Logon Information:
	Logon Type:		3
	Restricted Admin Mode:	-
	Virtual Account:		No
	Elevated Token:		Yes

Impersonation Level:		Impersonation

New Logon:
	Security ID:		S-1-5-18
	Account Name:		OTDC1$
	Account Domain:		PLUMETECH-OT.LOCAL
	Logon ID:		0xFAB49C
	Linked Logon ID:		0x0
	Network Account Name:	-
	Network Account Domain:	-
	Logon GUID:		{382e04c4-2c12-5614-9a51-11773f634dc1}

Process Information:
	Process ID:		0x0
	Process Name:		-

Network Information:
	Workstation Name:	-
	Source Network Address:	fe80::294a:43fc:9915:8f90
	Source Port:		61799

Detailed Authentication Information:
	Logon Process:		Kerberos
	Authentication Package:	Kerberos
	Transited Services:	-
	Package Name (NTLM only):	-
	Key Length:		0

This event is generated when a logon session is created. It is generated on the computer that was accessed.

The subject fields indicate the account on the local system which requested the logon. This is most commonly a service such as the Server service, or a local process such as Winlogon.exe or Services.exe.

The logon type field indicates the kind of logon that occurred. The most common types are 2 (interactive) and 3 (network).

The New Logon fields indicate the account for whom the new logon was created, i.e. the account that was logged on.

The network fields indicate where a remote logon request originated. Workstation name is not always available and may be left blank in some cases.

The impersonation level field indicates the extent to which a process in the logon session can impersonate.

The authentication information fields provide detailed information about this specific logon request.
	- Logon GUID is a unique identifier that can be used to correlate this event with a KDC event.
	- Transited services indicate which intermediate services have participated in this logon request.
	- Package name indicates which sub-protocol was used among the NTLM protocols.
	- Key length indicates the length of the generated session key. This will be 0 if no session key was requested."""
2025-03-28T16:42:33.543Z,OTDC1,low,3,Windows Logon Success,"""An account was successfully logged on.

Subject:
	Security ID:		S-1-0-0
	Account Name:		-
	Account Domain:		-
	Logon ID:		0x0

Logon Information:
	Logon Type:		3
	Restricted Admin Mode:	-
	Virtual Account:		No
	Elevated Token:		Yes

Impersonation Level:		Impersonation

New Logon:
	Security ID:		S-1-5-18
	Account Name:		OTDC1$
	Account Domain:		PLUMETECH-OT.LOCAL
	Logon ID:		0xFAB707
	Linked Logon ID:		0x0
	Network Account Name:	-
	Network Account Domain:	-
	Logon GUID:		{52b5acc9-3f74-072e-4c6d-aed0a2deac5f}

Process Information:
	Process ID:		0x0
	Process Name:		-

Network Information:
	Workstation Name:	-
	Source Network Address:	::1
	Source Port:		61801

Detailed Authentication Information:
	Logon Process:		Kerberos
	Authentication Package:	Kerberos
	Transited Services:	-
	Package Name (NTLM only):	-
	Key Length:		0

This event is generated when a logon session is created. It is generated on the computer that was accessed.

The subject fields indicate the account on the local system which requested the logon. This is most commonly a service such as the Server service, or a local process such as Winlogon.exe or Services.exe.

The logon type field indicates the kind of logon that occurred. The most common types are 2 (interactive) and 3 (network).

The New Logon fields indicate the account for whom the new logon was created, i.e. the account that was logged on.

The network fields indicate where a remote logon request originated. Workstation name is not always available and may be left blank in some cases.

The impersonation level field indicates the extent to which a process in the logon session can impersonate.

The authentication information fields provide detailed information about this specific logon request.
	- Logon GUID is a unique identifier that can be used to correlate this event with a KDC event.
	- Transited services indicate which intermediate services have participated in this logon request.
	- Package name indicates which sub-protocol was used among the NTLM protocols.
	- Key length indicates the length of the generated session key. This will be 0 if no session key was requested."""
2025-03-28T16:42:40.920Z,OTDC1,low,3,Windows Logon Success,"""An account was successfully logged on.

Subject:
	Security ID:		S-1-0-0
	Account Name:		-
	Account Domain:		-
	Logon ID:		0x0

Logon Information:
	Logon Type:		3
	Restricted Admin Mode:	-
	Virtual Account:		No
	Elevated Token:		Yes

Impersonation Level:		Impersonation

New Logon:
	Security ID:		S-1-5-18
	Account Name:		OTDC1$
	Account Domain:		PLUMETECH-OT.LOCAL
	Logon ID:		0xFAB94D
	Linked Logon ID:		0x0
	Network Account Name:	-
	Network Account Domain:	-
	Logon GUID:		{52b5acc9-3f74-072e-4c6d-aed0a2deac5f}

Process Information:
	Process ID:		0x0
	Process Name:		-

Network Information:
	Workstation Name:	-
	Source Network Address:	fe80::294a:43fc:9915:8f90
	Source Port:		61803

Detailed Authentication Information:
	Logon Process:		Kerberos
	Authentication Package:	Kerberos
	Transited Services:	-
	Package Name (NTLM only):	-
	Key Length:		0

This event is generated when a logon session is created. It is generated on the computer that was accessed.

The subject fields indicate the account on the local system which requested the logon. This is most commonly a service such as the Server service, or a local process such as Winlogon.exe or Services.exe.

The logon type field indicates the kind of logon that occurred. The most common types are 2 (interactive) and 3 (network).

The New Logon fields indicate the account for whom the new logon was created, i.e. the account that was logged on.

The network fields indicate where a remote logon request originated. Workstation name is not always available and may be left blank in some cases.

The impersonation level field indicates the extent to which a process in the logon session can impersonate.

The authentication information fields provide detailed information about this specific logon request.
	- Logon GUID is a unique identifier that can be used to correlate this event with a KDC event.
	- Transited services indicate which intermediate services have participated in this logon request.
	- Package name indicates which sub-protocol was used among the NTLM protocols.
	- Key length indicates the length of the generated session key. This will be 0 if no session key was requested."""
2025-03-28T16:42:40.928Z,OTDC1,low,3,Windows Logon Success,"""An account was successfully logged on.

Subject:
	Security ID:		S-1-0-0
	Account Name:		-
	Account Domain:		-
	Logon ID:		0x0

Logon Information:
	Logon Type:		3
	Restricted Admin Mode:	-
	Virtual Account:		No
	Elevated Token:		Yes

Impersonation Level:		Impersonation

New Logon:
	Security ID:		S-1-5-18
	Account Name:		OTDC1$
	Account Domain:		PLUMETECH-OT.LOCAL
	Logon ID:		0xFAB9F1
	Linked Logon ID:		0x0
	Network Account Name:	-
	Network Account Domain:	-
	Logon GUID:		{52b5acc9-3f74-072e-4c6d-aed0a2deac5f}

Process Information:
	Process ID:		0x0
	Process Name:		-

Network Information:
	Workstation Name:	-
	Source Network Address:	fe80::294a:43fc:9915:8f90
	Source Port:		61804

Detailed Authentication Information:
	Logon Process:		Kerberos
	Authentication Package:	Kerberos
	Transited Services:	-
	Package Name (NTLM only):	-
	Key Length:		0

This event is generated when a logon session is created. It is generated on the computer that was accessed.

The subject fields indicate the account on the local system which requested the logon. This is most commonly a service such as the Server service, or a local process such as Winlogon.exe or Services.exe.

The logon type field indicates the kind of logon that occurred. The most common types are 2 (interactive) and 3 (network).

The New Logon fields indicate the account for whom the new logon was created, i.e. the account that was logged on.

The network fields indicate where a remote logon request originated. Workstation name is not always available and may be left blank in some cases.

The impersonation level field indicates the extent to which a process in the logon session can impersonate.

The authentication information fields provide detailed information about this specific logon request.
	- Logon GUID is a unique identifier that can be used to correlate this event with a KDC event.
	- Transited services indicate which intermediate services have participated in this logon request.
	- Package name indicates which sub-protocol was used among the NTLM protocols.
	- Key length indicates the length of the generated session key. This will be 0 if no session key was requested."""
2025-03-28T16:42:47.152Z,DC1,low,3,Windows Logon Success,"""An account was successfully logged on.

Subject:
	Security ID:		S-1-0-0
	Account Name:		-
	Account Domain:		-
	Logon ID:		0x0

Logon Information:
	Logon Type:		3
	Restricted Admin Mode:	-
	Virtual Account:		No
	Elevated Token:		Yes

Impersonation Level:		Impersonation

New Logon:
	Security ID:		S-1-5-18
	Account Name:		DC1$
	Account Domain:		PLUMETECH.LOCAL
	Logon ID:		0x13D8408
	Linked Logon ID:		0x0
	Network Account Name:	-
	Network Account Domain:	-
	Logon GUID:		{846a2c73-bc98-e4a3-397a-a2db38028c87}

Process Information:
	Process ID:		0x0
	Process Name:		-

Network Information:
	Workstation Name:	-
	Source Network Address:	fe80::379a:7cd:7300:24ff
	Source Port:		57679

Detailed Authentication Information:
	Logon Process:		Kerberos
	Authentication Package:	Kerberos
	Transited Services:	-
	Package Name (NTLM only):	-
	Key Length:		0

This event is generated when a logon session is created. It is generated on the computer that was accessed.

The subject fields indicate the account on the local system which requested the logon. This is most commonly a service such as the Server service, or a local process such as Winlogon.exe or Services.exe.

The logon type field indicates the kind of logon that occurred. The most common types are 2 (interactive) and 3 (network).

The New Logon fields indicate the account for whom the new logon was created, i.e. the account that was logged on.

The network fields indicate where a remote logon request originated. Workstation name is not always available and may be left blank in some cases.

The impersonation level field indicates the extent to which a process in the logon session can impersonate.

The authentication information fields provide detailed information about this specific logon request.
	- Logon GUID is a unique identifier that can be used to correlate this event with a KDC event.
	- Transited services indicate which intermediate services have participated in this logon request.
	- Package name indicates which sub-protocol was used among the NTLM protocols.
	- Key length indicates the length of the generated session key. This will be 0 if no session key was requested."""
2025-03-28T16:42:47.154Z,DC1,low,3,Windows Logon Success,"""An account was successfully logged on.

Subject:
	Security ID:		S-1-0-0
	Account Name:		-
	Account Domain:		-
	Logon ID:		0x0

Logon Information:
	Logon Type:		3
	Restricted Admin Mode:	-
	Virtual Account:		No
	Elevated Token:		Yes

Impersonation Level:		Impersonation

New Logon:
	Security ID:		S-1-5-18
	Account Name:		DC1$
	Account Domain:		PLUMETECH.LOCAL
	Logon ID:		0x13D8449
	Linked Logon ID:		0x0
	Network Account Name:	-
	Network Account Domain:	-
	Logon GUID:		{846a2c73-bc98-e4a3-397a-a2db38028c87}

Process Information:
	Process ID:		0x0
	Process Name:		-

Network Information:
	Workstation Name:	-
	Source Network Address:	fe80::379a:7cd:7300:24ff
	Source Port:		57680

Detailed Authentication Information:
	Logon Process:		Kerberos
	Authentication Package:	Kerberos
	Transited Services:	-
	Package Name (NTLM only):	-
	Key Length:		0

This event is generated when a logon session is created. It is generated on the computer that was accessed.

The subject fields indicate the account on the local system which requested the logon. This is most commonly a service such as the Server service, or a local process such as Winlogon.exe or Services.exe.

The logon type field indicates the kind of logon that occurred. The most common types are 2 (interactive) and 3 (network).

The New Logon fields indicate the account for whom the new logon was created, i.e. the account that was logged on.

The network fields indicate where a remote logon request originated. Workstation name is not always available and may be left blank in some cases.

The impersonation level field indicates the extent to which a process in the logon session can impersonate.

The authentication information fields provide detailed information about this specific logon request.
	- Logon GUID is a unique identifier that can be used to correlate this event with a KDC event.
	- Transited services indicate which intermediate services have participated in this logon request.
	- Package name indicates which sub-protocol was used among the NTLM protocols.
	- Key length indicates the length of the generated session key. This will be 0 if no session key was requested."""
