2025-03-28T15:21:50.168Z,DC1,low,3,Windows Logon Success,"""An account was successfully logged on.

Subject:
	Security ID:		S-1-0-0
	Account Name:		-
	Account Domain:		-
	Logon ID:		0x0

Logon Information:
	Logon Type:		3
	Restricted Admin Mode:	-
	Virtual Account:		No
	Elevated Token:		Yes

Impersonation Level:		Impersonation

New Logon:
	Security ID:		S-1-5-18
	Account Name:		DC1$
	Account Domain:		PLUMETECH.LOCAL
	Logon ID:		0xE31358
	Linked Logon ID:		0x0
	Network Account Name:	-
	Network Account Domain:	-
	Logon GUID:		{ef9e05fd-f9e9-a095-60e8-ad4a70240030}

Process Information:
	Process ID:		0x0
	Process Name:		-

Network Information:
	Workstation Name:	-
	Source Network Address:	fe80::fb99:f4a5:ccd0:5773
	Source Port:		62087

Detailed Authentication Information:
	Logon Process:		Kerberos
	Authentication Package:	Kerberos
	Transited Services:	-
	Package Name (NTLM only):	-
	Key Length:		0

This event is generated when a logon session is created. It is generated on the computer that was accessed.

The subject fields indicate the account on the local system which requested the logon. This is most commonly a service such as the Server service, or a local process such as Winlogon.exe or Services.exe.

The logon type field indicates the kind of logon that occurred. The most common types are 2 (interactive) and 3 (network).

The New Logon fields indicate the account for whom the new logon was created, i.e. the account that was logged on.

The network fields indicate where a remote logon request originated. Workstation name is not always available and may be left blank in some cases.

The impersonation level field indicates the extent to which a process in the logon session can impersonate.

The authentication information fields provide detailed information about this specific logon request.
	- Logon GUID is a unique identifier that can be used to correlate this event with a KDC event.
	- Transited services indicate which intermediate services have participated in this logon request.
	- Package name indicates which sub-protocol was used among the NTLM protocols.
	- Key length indicates the length of the generated session key. This will be 0 if no session key was requested."""
2025-03-28T15:21:51.676Z,suricata,low,3,Informational Suricata Alert: Stamus Networks MS-SCMR service - ROpenSCManagerW,"{""timestamp"":""2025-03-28T15:21:49.948797+0000"",""flow_id"":1310221157432115,""in_iface"":""ens5"",""event_type"":""alert"",""src_ip"":""10.0.2.30"",""src_port"":42300,""dest_ip"":""10.0.2.11"",""dest_port"":445,""proto"":""TCP"",""pkt_src"":""vxlan encapsulation"",""metadata"":{""flowbits"":[""stamus.srvs.service.NetrShareEnum"",""ET.smb.binary"",""stamus.scmr.service.ROpenSCManagerW"",""stamus.scmr.service.ROpenServiceW"",""stamus.scmr.service.RCreateServiceW"",""stamus.scmr.service.RStartServiceW"",""stamus.scmr.service.RCloseServiceHandle""]},""community_id"":""1:84wDU1/cOqSkN+tlw/mARXelu4Y="",""tx_id"":28,""alert"":{""action"":""allowed"",""gid"":1,""signature_id"":3115482,""rev"":4,""signature"":""Stamus Networks MS-SCMR service - ROpenSCManagerW"",""category"":"""",""severity"":3,""source"":{""ip"":""10.0.2.30"",""port"":42300},""target"":{""ip"":""10.0.2.11"",""port"":445},""metadata"":{""created_at"":[""2022_04_03""],""lateral_asset"":[""src_ip""],""lateral_function"":[""ROpenSCManagerW""],""lateral_key"":[""dcerpc.iface""],""provider"":[""Stamus""],""signature_severity"":[""Informational""],""source"":[""smb_lateral""],""stamus_classification"":[""lateral""],""updated_at"":[""2024_08_05""]}},""tunnel"":{""src_ip"":""10.0.2.11"",""src_port"":65450,""dest_ip"":""10.0.2.9"",""dest_port"":4789,""proto"":""UDP"",""depth"":1,""pkt_src"":""wire/pcap""},""smb"":{""id"":29,""dialect"":""2.10"",""command"":""SMB2_COMMAND_WRITE"",""session_id"":79164904308781,""tree_id"":1,""dcerpc"":{""request"":""REQUEST"",""response"":""UNREPLIED"",""opnum"":15,""req"":{""frag_cnt"":1,""stub_data_size"":80},""interfaces"":[{""uuid"":""367abb81-9844-35f1-ad32-98f038001003"",""version"":""2.0""}],""call_id"":1}},""app_proto"":""smb"",""direction"":""to_server"",""flow"":{""pkts_toserver"":425,""pkts_toclient"":410,""bytes_toserver"":504215,""bytes_toclient"":39588,""start"":""2025-03-28T15:20:04.436131+0000"",""src_ip"":""10.0.2.30"",""dest_ip"":""10.0.2.11"",""src_port"":42300,""dest_port"":445},""source"":""suricata""}"
2025-03-28T15:21:51.678Z,suricata,low,3,Informational Suricata Alert: Stamus Networks MS-SCMR service - ROpenServiceW,"{""timestamp"":""2025-03-28T15:21:49.954229+0000"",""flow_id"":1310221157432115,""in_iface"":""ens5"",""event_type"":""alert"",""src_ip"":""10.0.2.30"",""src_port"":42300,""dest_ip"":""10.0.2.11"",""dest_port"":445,""proto"":""TCP"",""pkt_src"":""vxlan encapsulation"",""metadata"":{""flowbits"":[""stamus.srvs.service.NetrShareEnum"",""ET.smb.binary"",""stamus.scmr.service.ROpenSCManagerW"",""stamus.scmr.service.ROpenServiceW"",""stamus.scmr.service.RCreateServiceW"",""stamus.scmr.service.RStartServiceW"",""stamus.scmr.service.RCloseServiceHandle""]},""community_id"":""1:84wDU1/cOqSkN+tlw/mARXelu4Y="",""tx_id"":29,""alert"":{""action"":""allowed"",""gid"":1,""signature_id"":3115483,""rev"":4,""signature"":""Stamus Networks MS-SCMR service - ROpenServiceW"",""category"":"""",""severity"":3,""source"":{""ip"":""10.0.2.30"",""port"":42300},""target"":{""ip"":""10.0.2.11"",""port"":445},""metadata"":{""created_at"":[""2022_04_03""],""lateral_asset"":[""src_ip""],""lateral_function"":[""ROpenServiceW""],""lateral_key"":[""dcerpc.iface""],""provider"":[""Stamus""],""signature_severity"":[""Informational""],""source"":[""smb_lateral""],""stamus_classification"":[""lateral""],""updated_at"":[""2024_08_05""]}},""tunnel"":{""src_ip"":""10.0.2.11"",""src_port"":65450,""dest_ip"":""10.0.2.9"",""dest_port"":4789,""proto"":""UDP"",""depth"":1,""pkt_src"":""wire/pcap""},""smb"":{""id"":30,""dialect"":""2.10"",""command"":""SMB2_COMMAND_WRITE"",""session_id"":79164904308781,""tree_id"":1,""dcerpc"":{""request"":""REQUEST"",""response"":""UNREPLIED"",""opnum"":16,""req"":{""frag_cnt"":1,""stub_data_size"":56},""interfaces"":[{""uuid"":""367abb81-9844-35f1-ad32-98f038001003"",""version"":""2.0""}],""call_id"":2}},""app_proto"":""smb"",""direction"":""to_server"",""flow"":{""pkts_toserver"":429,""pkts_toclient"":414,""bytes_toserver"":505049,""bytes_toclient"":40228,""start"":""2025-03-28T15:20:04.436131+0000"",""src_ip"":""10.0.2.30"",""dest_ip"":""10.0.2.11"",""src_port"":42300,""dest_port"":445},""source"":""suricata""}"
2025-03-28T15:21:51.680Z,suricata,low,3,Informational Suricata Alert: Stamus Networks MS-SCMR service - RControlService,"{""timestamp"":""2025-03-28T15:21:49.960249+0000"",""flow_id"":1310221157432115,""in_iface"":""ens5"",""event_type"":""alert"",""src_ip"":""10.0.2.30"",""src_port"":42300,""dest_ip"":""10.0.2.11"",""dest_port"":445,""proto"":""TCP"",""pkt_src"":""vxlan encapsulation"",""metadata"":{""flowbits"":[""stamus.srvs.service.NetrShareEnum"",""ET.smb.binary"",""stamus.scmr.service.ROpenSCManagerW"",""stamus.scmr.service.ROpenServiceW"",""stamus.scmr.service.RCreateServiceW"",""stamus.scmr.service.RStartServiceW"",""stamus.scmr.service.RCloseServiceHandle"",""stamus.scmr.service.RControlService""]},""community_id"":""1:84wDU1/cOqSkN+tlw/mARXelu4Y="",""tx_id"":30,""alert"":{""action"":""allowed"",""gid"":1,""signature_id"":3115471,""rev"":4,""signature"":""Stamus Networks MS-SCMR service - RControlService"",""category"":"""",""severity"":3,""source"":{""ip"":""10.0.2.30"",""port"":42300},""target"":{""ip"":""10.0.2.11"",""port"":445},""metadata"":{""created_at"":[""2022_04_03""],""lateral_asset"":[""src_ip""],""lateral_function"":[""RControlService""],""lateral_key"":[""dcerpc.iface""],""provider"":[""Stamus""],""signature_severity"":[""Informational""],""source"":[""smb_lateral""],""stamus_classification"":[""lateral""],""updated_at"":[""2024_08_05""]}},""tunnel"":{""src_ip"":""10.0.2.11"",""src_port"":65450,""dest_ip"":""10.0.2.9"",""dest_port"":4789,""proto"":""UDP"",""depth"":1,""pkt_src"":""wire/pcap""},""smb"":{""id"":31,""dialect"":""2.10"",""command"":""SMB2_COMMAND_WRITE"",""session_id"":79164904308781,""tree_id"":1,""dcerpc"":{""request"":""REQUEST"",""response"":""UNREPLIED"",""opnum"":1,""req"":{""frag_cnt"":1,""stub_data_size"":24},""interfaces"":[{""uuid"":""367abb81-9844-35f1-ad32-98f038001003"",""version"":""2.0""}],""call_id"":3}},""app_proto"":""smb"",""direction"":""to_server"",""flow"":{""pkts_toserver"":433,""pkts_toclient"":418,""bytes_toserver"":505819,""bytes_toclient"":40868,""start"":""2025-03-28T15:20:04.436131+0000"",""src_ip"":""10.0.2.30"",""dest_ip"":""10.0.2.11"",""src_port"":42300,""dest_port"":445},""source"":""suricata""}"
2025-03-28T15:21:51.682Z,suricata,critical,16,Critical Suricata Alert: Stamus Networks MS-SCMR service - RDeleteService,"{""timestamp"":""2025-03-28T15:21:49.971045+0000"",""flow_id"":1310221157432115,""in_iface"":""ens5"",""event_type"":""alert"",""src_ip"":""10.0.2.30"",""src_port"":42300,""dest_ip"":""10.0.2.11"",""dest_port"":445,""proto"":""TCP"",""pkt_src"":""vxlan encapsulation"",""metadata"":{""flowbits"":[""stamus.srvs.service.NetrShareEnum"",""ET.smb.binary"",""stamus.scmr.service.ROpenSCManagerW"",""stamus.scmr.service.ROpenServiceW"",""stamus.scmr.service.RCreateServiceW"",""stamus.scmr.service.RStartServiceW"",""stamus.scmr.service.RCloseServiceHandle"",""stamus.scmr.service.RControlService"",""stamus.scmr.service.RDeleteService""]},""community_id"":""1:84wDU1/cOqSkN+tlw/mARXelu4Y="",""tx_id"":31,""alert"":{""action"":""allowed"",""gid"":1,""signature_id"":3115472,""rev"":4,""signature"":""Stamus Networks MS-SCMR service - RDeleteService"",""category"":"""",""severity"":3,""source"":{""ip"":""10.0.2.30"",""port"":42300},""target"":{""ip"":""10.0.2.11"",""port"":445},""metadata"":{""created_at"":[""2022_04_03""],""lateral_asset"":[""src_ip""],""lateral_function"":[""RDeleteService""],""lateral_key"":[""dcerpc.iface""],""provider"":[""Stamus""],""signature_severity"":[""Critical""],""source"":[""smb_lateral""],""stamus_classification"":[""lateral""],""updated_at"":[""2024_08_05""]}},""tunnel"":{""src_ip"":""10.0.2.11"",""src_port"":65450,""dest_ip"":""10.0.2.9"",""dest_port"":4789,""proto"":""UDP"",""depth"":1,""pkt_src"":""wire/pcap""},""smb"":{""id"":32,""dialect"":""2.10"",""command"":""SMB2_COMMAND_WRITE"",""session_id"":79164904308781,""tree_id"":1,""dcerpc"":{""request"":""REQUEST"",""response"":""UNREPLIED"",""opnum"":2,""req"":{""frag_cnt"":1,""stub_data_size"":20},""interfaces"":[{""uuid"":""367abb81-9844-35f1-ad32-98f038001003"",""version"":""2.0""}],""call_id"":4}},""app_proto"":""smb"",""direction"":""to_server"",""flow"":{""pkts_toserver"":437,""pkts_toclient"":424,""bytes_toserver"":506581,""bytes_toclient"":41780,""start"":""2025-03-28T15:20:04.436131+0000"",""src_ip"":""10.0.2.30"",""dest_ip"":""10.0.2.11"",""src_port"":42300,""dest_port"":445},""source"":""suricata""}"
2025-03-28T15:21:51.685Z,suricata,low,3,Informational Suricata Alert: Stamus Networks MS-SCMR service - RCloseServiceHandle,"{""timestamp"":""2025-03-28T15:21:49.976549+0000"",""flow_id"":1310221157432115,""in_iface"":""ens5"",""event_type"":""alert"",""src_ip"":""10.0.2.30"",""src_port"":42300,""dest_ip"":""10.0.2.11"",""dest_port"":445,""proto"":""TCP"",""pkt_src"":""vxlan encapsulation"",""metadata"":{""flowbits"":[""stamus.srvs.service.NetrShareEnum"",""ET.smb.binary"",""stamus.scmr.service.ROpenSCManagerW"",""stamus.scmr.service.ROpenServiceW"",""stamus.scmr.service.RCreateServiceW"",""stamus.scmr.service.RStartServiceW"",""stamus.scmr.service.RCloseServiceHandle"",""stamus.scmr.service.RControlService"",""stamus.scmr.service.RDeleteService""]},""community_id"":""1:84wDU1/cOqSkN+tlw/mARXelu4Y="",""tx_id"":32,""alert"":{""action"":""allowed"",""gid"":1,""signature_id"":3115470,""rev"":4,""signature"":""Stamus Networks MS-SCMR service - RCloseServiceHandle"",""category"":"""",""severity"":3,""source"":{""ip"":""10.0.2.30"",""port"":42300},""target"":{""ip"":""10.0.2.11"",""port"":445},""metadata"":{""created_at"":[""2022_04_03""],""lateral_asset"":[""src_ip""],""lateral_function"":[""RCloseServiceHandle""],""lateral_key"":[""dcerpc.iface""],""provider"":[""Stamus""],""signature_severity"":[""Informational""],""source"":[""smb_lateral""],""stamus_classification"":[""lateral""],""updated_at"":[""2024_08_05""]}},""tunnel"":{""src_ip"":""10.0.2.11"",""src_port"":65450,""dest_ip"":""10.0.2.9"",""dest_port"":4789,""proto"":""UDP"",""depth"":1,""pkt_src"":""wire/pcap""},""smb"":{""id"":33,""dialect"":""2.10"",""command"":""SMB2_COMMAND_WRITE"",""session_id"":79164904308781,""tree_id"":1,""dcerpc"":{""request"":""REQUEST"",""response"":""UNREPLIED"",""opnum"":0,""req"":{""frag_cnt"":1,""stub_data_size"":20},""interfaces"":[{""uuid"":""367abb81-9844-35f1-ad32-98f038001003"",""version"":""2.0""}],""call_id"":5}},""app_proto"":""smb"",""direction"":""to_server"",""flow"":{""pkts_toserver"":441,""pkts_toclient"":428,""bytes_toserver"":507343,""bytes_toclient"":42380,""start"":""2025-03-28T15:20:04.436131+0000"",""src_ip"":""10.0.2.30"",""dest_ip"":""10.0.2.11"",""src_port"":42300,""dest_port"":445},""source"":""suricata""}"
2025-03-28T15:21:51.686Z,suricata,low,3,Informational Suricata Alert: Stamus Networks MS-SCMR service - RCloseServiceHandle,"{""timestamp"":""2025-03-28T15:21:49.992357+0000"",""flow_id"":1310221157432115,""in_iface"":""ens5"",""event_type"":""alert"",""src_ip"":""10.0.2.30"",""src_port"":42300,""dest_ip"":""10.0.2.11"",""dest_port"":445,""proto"":""TCP"",""pkt_src"":""vxlan encapsulation"",""metadata"":{""flowbits"":[""stamus.srvs.service.NetrShareEnum"",""ET.smb.binary"",""stamus.scmr.service.ROpenSCManagerW"",""stamus.scmr.service.ROpenServiceW"",""stamus.scmr.service.RCreateServiceW"",""stamus.scmr.service.RStartServiceW"",""stamus.scmr.service.RCloseServiceHandle"",""stamus.scmr.service.RControlService"",""stamus.scmr.service.RDeleteService""]},""community_id"":""1:84wDU1/cOqSkN+tlw/mARXelu4Y="",""tx_id"":33,""alert"":{""action"":""allowed"",""gid"":1,""signature_id"":3115470,""rev"":4,""signature"":""Stamus Networks MS-SCMR service - RCloseServiceHandle"",""category"":"""",""severity"":3,""source"":{""ip"":""10.0.2.30"",""port"":42300},""target"":{""ip"":""10.0.2.11"",""port"":445},""metadata"":{""created_at"":[""2022_04_03""],""lateral_asset"":[""src_ip""],""lateral_function"":[""RCloseServiceHandle""],""lateral_key"":[""dcerpc.iface""],""provider"":[""Stamus""],""signature_severity"":[""Informational""],""source"":[""smb_lateral""],""stamus_classification"":[""lateral""],""updated_at"":[""2024_08_05""]}},""tunnel"":{""src_ip"":""10.0.2.11"",""src_port"":65450,""dest_ip"":""10.0.2.9"",""dest_port"":4789,""proto"":""UDP"",""depth"":1,""pkt_src"":""wire/pcap""},""smb"":{""id"":34,""dialect"":""2.10"",""command"":""SMB2_COMMAND_WRITE"",""session_id"":79164904308781,""tree_id"":1,""dcerpc"":{""request"":""REQUEST"",""response"":""UNREPLIED"",""opnum"":0,""req"":{""frag_cnt"":1,""stub_data_size"":20},""interfaces"":[{""uuid"":""367abb81-9844-35f1-ad32-98f038001003"",""version"":""2.0""}],""call_id"":6}},""app_proto"":""smb"",""direction"":""to_server"",""flow"":{""pkts_toserver"":445,""pkts_toclient"":432,""bytes_toserver"":508105,""bytes_toclient"":43020,""start"":""2025-03-28T15:20:04.436131+0000"",""src_ip"":""10.0.2.30"",""dest_ip"":""10.0.2.11"",""src_port"":42300,""dest_port"":445},""source"":""suricata""}"
2025-03-28T15:21:51.688Z,suricata,medium,7,Medium Suricata Alert: ET INFO SMB2 NT Create AndX Request For an Executable File,"{""timestamp"":""2025-03-28T15:21:49.997526+0000"",""flow_id"":1310221157432115,""in_iface"":""ens5"",""event_type"":""alert"",""src_ip"":""10.0.2.30"",""src_port"":42300,""dest_ip"":""10.0.2.11"",""dest_port"":445,""proto"":""TCP"",""pkt_src"":""vxlan encapsulation"",""metadata"":{""flowbits"":[""stamus.srvs.service.NetrShareEnum"",""ET.smb.binary"",""stamus.scmr.service.ROpenSCManagerW"",""stamus.scmr.service.ROpenServiceW"",""stamus.scmr.service.RCreateServiceW"",""stamus.scmr.service.RStartServiceW"",""stamus.scmr.service.RCloseServiceHandle"",""stamus.scmr.service.RControlService"",""stamus.scmr.service.RDeleteService""]},""community_id"":""1:84wDU1/cOqSkN+tlw/mARXelu4Y="",""alert"":{""action"":""allowed"",""gid"":1,""signature_id"":2025701,""rev"":2,""signature"":""ET INFO SMB2 NT Create AndX Request For an Executable File"",""category"":""Potentially Bad Traffic"",""severity"":2,""metadata"":{""affected_product"":[""Windows_XP_Vista_7_8_10_Server_32_64_Bit""],""attack_target"":[""SMB_Client""],""confidence"":[""High""],""created_at"":[""2018_07_16""],""deployment"":[""Perimeter""],""signature_severity"":[""Minor""],""updated_at"":[""2019_07_26""]}},""tunnel"":{""src_ip"":""10.0.2.11"",""src_port"":65450,""dest_ip"":""10.0.2.9"",""dest_port"":4789,""proto"":""UDP"",""depth"":1,""pkt_src"":""wire/pcap""},""app_proto"":""smb"",""direction"":""to_server"",""flow"":{""pkts_toserver"":449,""pkts_toclient"":436,""bytes_toserver"":508804,""bytes_toclient"":43660,""start"":""2025-03-28T15:20:04.436131+0000"",""src_ip"":""10.0.2.30"",""dest_ip"":""10.0.2.11"",""src_port"":42300,""dest_port"":445},""source"":""suricata""}"
2025-03-28T15:21:51.690Z,suricata,medium,7,Medium Suricata Alert: ET INFO SMB2 NT Create AndX Request For an Executable File,"{""timestamp"":""2025-03-28T15:21:49.997638+0000"",""flow_id"":1310221157432115,""in_iface"":""ens5"",""event_type"":""alert"",""src_ip"":""10.0.2.30"",""src_port"":42300,""dest_ip"":""10.0.2.11"",""dest_port"":445,""proto"":""TCP"",""pkt_src"":""vxlan encapsulation"",""metadata"":{""flowbits"":[""stamus.srvs.service.NetrShareEnum"",""ET.smb.binary"",""stamus.scmr.service.ROpenSCManagerW"",""stamus.scmr.service.ROpenServiceW"",""stamus.scmr.service.RCreateServiceW"",""stamus.scmr.service.RStartServiceW"",""stamus.scmr.service.RCloseServiceHandle"",""stamus.scmr.service.RControlService"",""stamus.scmr.service.RDeleteService""]},""community_id"":""1:84wDU1/cOqSkN+tlw/mARXelu4Y="",""alert"":{""action"":""allowed"",""gid"":1,""signature_id"":2025701,""rev"":2,""signature"":""ET INFO SMB2 NT Create AndX Request For an Executable File"",""category"":""Potentially Bad Traffic"",""severity"":2,""metadata"":{""affected_product"":[""Windows_XP_Vista_7_8_10_Server_32_64_Bit""],""attack_target"":[""SMB_Client""],""confidence"":[""High""],""created_at"":[""2018_07_16""],""deployment"":[""Perimeter""],""signature_severity"":[""Minor""],""updated_at"":[""2019_07_26""]}},""tunnel"":{""src_ip"":""10.0.2.30"",""src_port"":65510,""dest_ip"":""10.0.2.9"",""dest_port"":4789,""proto"":""UDP"",""depth"":1,""pkt_src"":""wire/pcap""},""app_proto"":""smb"",""direction"":""to_server"",""flow"":{""pkts_toserver"":450,""pkts_toclient"":436,""bytes_toserver"":509006,""bytes_toclient"":43660,""start"":""2025-03-28T15:20:04.436131+0000"",""src_ip"":""10.0.2.30"",""dest_ip"":""10.0.2.11"",""src_port"":42300,""dest_port"":445},""source"":""suricata""}"
2025-03-28T15:21:53.683Z,suricata,low,3,Informational Suricata Alert: ET INFO PsExec service created,"{""timestamp"":""2025-03-28T15:21:53.477182+0000"",""flow_id"":1310221157432115,""in_iface"":""ens5"",""event_type"":""alert"",""src_ip"":""10.0.2.30"",""src_port"":42300,""dest_ip"":""10.0.2.11"",""dest_port"":445,""proto"":""TCP"",""pkt_src"":""vxlan encapsulation"",""metadata"":{""flowbits"":[""stamus.srvs.service.NetrShareEnum"",""ET.smb.binary"",""stamus.scmr.service.ROpenSCManagerW"",""stamus.scmr.service.ROpenServiceW"",""stamus.scmr.service.RCreateServiceW"",""stamus.scmr.service.RStartServiceW"",""stamus.scmr.service.RCloseServiceHandle"",""stamus.scmr.service.RControlService"",""stamus.scmr.service.RDeleteService""]},""community_id"":""1:84wDU1/cOqSkN+tlw/mARXelu4Y="",""alert"":{""action"":""allowed"",""gid"":1,""signature_id"":2010781,""rev"":4,""signature"":""ET INFO PsExec service created"",""category"":""A suspicious filename was detected"",""severity"":2,""metadata"":{""confidence"":[""High""],""created_at"":[""2010_07_30""],""signature_severity"":[""Informational""],""updated_at"":[""2024_03_06""]}},""tunnel"":{""src_ip"":""10.0.2.11"",""src_port"":65450,""dest_ip"":""10.0.2.9"",""dest_port"":4789,""proto"":""UDP"",""depth"":1,""pkt_src"":""wire/pcap""},""app_proto"":""smb"",""direction"":""to_server"",""flow"":{""pkts_toserver"":457,""pkts_toclient"":442,""bytes_toserver"":509698,""bytes_toclient"":44684,""start"":""2025-03-28T15:20:04.436131+0000"",""src_ip"":""10.0.2.30"",""dest_ip"":""10.0.2.11"",""src_port"":42300,""dest_port"":445},""source"":""suricata""}"
2025-03-28T15:21:53.684Z,suricata,low,3,NTLM Challenge from 10.0.2.11 to 10.0.2.30,"{""timestamp"":""2025-03-28T15:21:53.480163+0000"",""flow_id"":1.16364199831155e+15,""in_iface"":""ens5"",""event_type"":""alert"",""src_ip"":""10.0.2.11"",""src_port"":445,""dest_ip"":""10.0.2.30"",""dest_port"":42318,""proto"":""TCP"",""pkt_src"":""vxlan encapsulation"",""community_id"":""1:ip3R18th8fyjQbKX2hxwIDthaMc="",""alert"":{""action"":""allowed"",""gid"":1,""signature_id"":21,""rev"":2,""signature"":""NTLMSSP_CHALLENGE"",""category"":"""",""severity"":1,""metadata"":{""ntlmssp"":[""challenge""]}},""tunnel"":{""src_ip"":""10.0.2.30"",""src_port"":65493,""dest_ip"":""10.0.2.9"",""dest_port"":4789,""proto"":""UDP"",""depth"":1,""pkt_src"":""wire/pcap""},""app_proto"":""smb"",""direction"":""to_client"",""flow"":{""pkts_toserver"":24,""pkts_toclient"":19,""bytes_toserver"":3938,""bytes_toclient"":3212,""start"":""2025-03-28T15:20:04.729683+0000"",""src_ip"":""10.0.2.30"",""dest_ip"":""10.0.2.11"",""src_port"":42318,""dest_port"":445},""source"":""suricata""}"
2025-03-28T15:21:53.685Z,suricata,low,3,NTLM Challenge from 10.0.2.11 to 10.0.2.30,"{""timestamp"":""2025-03-28T15:21:53.480163+0000"",""flow_id"":1.16364199831155e+15,""in_iface"":""ens5"",""event_type"":""alert"",""src_ip"":""10.0.2.11"",""src_port"":445,""dest_ip"":""10.0.2.30"",""dest_port"":42318,""proto"":""TCP"",""pkt_src"":""vxlan encapsulation"",""community_id"":""1:ip3R18th8fyjQbKX2hxwIDthaMc="",""alert"":{""action"":""allowed"",""gid"":1,""signature_id"":211,""rev"":2,""signature"":""NTLMSSP_CHALLENGE"",""category"":"""",""severity"":1,""metadata"":{""ntlmssp"":[""challenge""]}},""tunnel"":{""src_ip"":""10.0.2.30"",""src_port"":65493,""dest_ip"":""10.0.2.9"",""dest_port"":4789,""proto"":""UDP"",""depth"":1,""pkt_src"":""wire/pcap""},""app_proto"":""smb"",""direction"":""to_client"",""flow"":{""pkts_toserver"":24,""pkts_toclient"":19,""bytes_toserver"":3938,""bytes_toclient"":3212,""start"":""2025-03-28T15:20:04.729683+0000"",""src_ip"":""10.0.2.30"",""dest_ip"":""10.0.2.11"",""src_port"":42318,""dest_port"":445},""source"":""suricata""}"
2025-03-28T15:21:53.686Z,suricata,low,3,NTLM Challenge from 10.0.2.11 to 10.0.2.30,"{""timestamp"":""2025-03-28T15:21:53.480288+0000"",""flow_id"":1.36549909760052e+15,""in_iface"":""ens5"",""event_type"":""alert"",""src_ip"":""10.0.2.11"",""src_port"":445,""dest_ip"":""10.0.2.30"",""dest_port"":42316,""proto"":""TCP"",""pkt_src"":""vxlan encapsulation"",""community_id"":""1:F+73Wgdk0PpEVIpzezxAdDnbHsY="",""alert"":{""action"":""allowed"",""gid"":1,""signature_id"":21,""rev"":2,""signature"":""NTLMSSP_CHALLENGE"",""category"":"""",""severity"":1,""metadata"":{""ntlmssp"":[""challenge""]}},""tunnel"":{""src_ip"":""10.0.2.11"",""src_port"":65456,""dest_ip"":""10.0.2.9"",""dest_port"":4789,""proto"":""UDP"",""depth"":1,""pkt_src"":""wire/pcap""},""app_proto"":""smb"",""direction"":""to_client"",""flow"":{""pkts_toserver"":74,""pkts_toclient"":59,""bytes_toserver"":10048,""bytes_toclient"":9338,""start"":""2025-03-28T15:20:04.711146+0000"",""src_ip"":""10.0.2.30"",""dest_ip"":""10.0.2.11"",""src_port"":42316,""dest_port"":445},""capture_file"":""/var/log/suricata/nsm_data//log.pcap.1743175190"",""source"":""suricata""}"
2025-03-28T15:21:53.687Z,suricata,low,3,NTLM Challenge from 10.0.2.11 to 10.0.2.30,"{""timestamp"":""2025-03-28T15:21:53.480288+0000"",""flow_id"":1.36549909760052e+15,""in_iface"":""ens5"",""event_type"":""alert"",""src_ip"":""10.0.2.11"",""src_port"":445,""dest_ip"":""10.0.2.30"",""dest_port"":42316,""proto"":""TCP"",""pkt_src"":""vxlan encapsulation"",""community_id"":""1:F+73Wgdk0PpEVIpzezxAdDnbHsY="",""alert"":{""action"":""allowed"",""gid"":1,""signature_id"":211,""rev"":2,""signature"":""NTLMSSP_CHALLENGE"",""category"":"""",""severity"":1,""metadata"":{""ntlmssp"":[""challenge""]}},""tunnel"":{""src_ip"":""10.0.2.11"",""src_port"":65456,""dest_ip"":""10.0.2.9"",""dest_port"":4789,""proto"":""UDP"",""depth"":1,""pkt_src"":""wire/pcap""},""app_proto"":""smb"",""direction"":""to_client"",""flow"":{""pkts_toserver"":74,""pkts_toclient"":59,""bytes_toserver"":10048,""bytes_toclient"":9338,""start"":""2025-03-28T15:20:04.711146+0000"",""src_ip"":""10.0.2.30"",""dest_ip"":""10.0.2.11"",""src_port"":42316,""dest_port"":445},""capture_file"":""/var/log/suricata/nsm_data//log.pcap.1743175190"",""source"":""suricata""}"
2025-03-28T15:22:13.155Z,DC1,low,3,Windows Logon Success,"""An account was successfully logged on.

Subject:
	Security ID:		S-1-0-0
	Account Name:		-
	Account Domain:		-
	Logon ID:		0x0

Logon Information:
	Logon Type:		3
	Restricted Admin Mode:	-
	Virtual Account:		No
	Elevated Token:		Yes

Impersonation Level:		Impersonation

New Logon:
	Security ID:		S-1-5-18
	Account Name:		DC1$
	Account Domain:		PLUMETECH.LOCAL
	Logon ID:		0xE7FDD1
	Linked Logon ID:		0x0
	Network Account Name:	-
	Network Account Domain:	-
	Logon GUID:		{ef9e05fd-f9e9-a095-60e8-ad4a70240030}

Process Information:
	Process ID:		0x0
	Process Name:		-

Network Information:
	Workstation Name:	-
	Source Network Address:	fe80::fb99:f4a5:ccd0:5773
	Source Port:		62089

Detailed Authentication Information:
	Logon Process:		Kerberos
	Authentication Package:	Kerberos
	Transited Services:	-
	Package Name (NTLM only):	-
	Key Length:		0

This event is generated when a logon session is created. It is generated on the computer that was accessed.

The subject fields indicate the account on the local system which requested the logon. This is most commonly a service such as the Server service, or a local process such as Winlogon.exe or Services.exe.

The logon type field indicates the kind of logon that occurred. The most common types are 2 (interactive) and 3 (network).

The New Logon fields indicate the account for whom the new logon was created, i.e. the account that was logged on.

The network fields indicate where a remote logon request originated. Workstation name is not always available and may be left blank in some cases.

The impersonation level field indicates the extent to which a process in the logon session can impersonate.

The authentication information fields provide detailed information about this specific logon request.
	- Logon GUID is a unique identifier that can be used to correlate this event with a KDC event.
	- Transited services indicate which intermediate services have participated in this logon request.
	- Package name indicates which sub-protocol was used among the NTLM protocols.
	- Key length indicates the length of the generated session key. This will be 0 if no session key was requested."""
2025-03-28T15:22:13.158Z,DC1,low,3,Windows Logon Success,"""An account was successfully logged on.

Subject:
	Security ID:		S-1-0-0
	Account Name:		-
	Account Domain:		-
	Logon ID:		0x0

Logon Information:
	Logon Type:		3
	Restricted Admin Mode:	-
	Virtual Account:		No
	Elevated Token:		Yes

Impersonation Level:		Impersonation

New Logon:
	Security ID:		S-1-5-18
	Account Name:		DC1$
	Account Domain:		PLUMETECH.LOCAL
	Logon ID:		0xE7FE96
	Linked Logon ID:		0x0
	Network Account Name:	-
	Network Account Domain:	-
	Logon GUID:		{ef9e05fd-f9e9-a095-60e8-ad4a70240030}

Process Information:
	Process ID:		0x0
	Process Name:		-

Network Information:
	Workstation Name:	-
	Source Network Address:	fe80::fb99:f4a5:ccd0:5773
	Source Port:		62090

Detailed Authentication Information:
	Logon Process:		Kerberos
	Authentication Package:	Kerberos
	Transited Services:	-
	Package Name (NTLM only):	-
	Key Length:		0

This event is generated when a logon session is created. It is generated on the computer that was accessed.

The subject fields indicate the account on the local system which requested the logon. This is most commonly a service such as the Server service, or a local process such as Winlogon.exe or Services.exe.

The logon type field indicates the kind of logon that occurred. The most common types are 2 (interactive) and 3 (network).

The New Logon fields indicate the account for whom the new logon was created, i.e. the account that was logged on.

The network fields indicate where a remote logon request originated. Workstation name is not always available and may be left blank in some cases.

The impersonation level field indicates the extent to which a process in the logon session can impersonate.

The authentication information fields provide detailed information about this specific logon request.
	- Logon GUID is a unique identifier that can be used to correlate this event with a KDC event.
	- Transited services indicate which intermediate services have participated in this logon request.
	- Package name indicates which sub-protocol was used among the NTLM protocols.
	- Key length indicates the length of the generated session key. This will be 0 if no session key was requested."""
2025-03-28T15:22:13.168Z,DC1,low,3,Windows Logon Success,"""An account was successfully logged on.

Subject:
	Security ID:		S-1-0-0
	Account Name:		-
	Account Domain:		-
	Logon ID:		0x0

Logon Information:
	Logon Type:		3
	Restricted Admin Mode:	-
	Virtual Account:		No
	Elevated Token:		Yes

Impersonation Level:		Impersonation

New Logon:
	Security ID:		S-1-5-18
	Account Name:		DC1$
	Account Domain:		PLUMETECH.LOCAL
	Logon ID:		0xE7FF9D
	Linked Logon ID:		0x0
	Network Account Name:	-
	Network Account Domain:	-
	Logon GUID:		{ef9e05fd-f9e9-a095-60e8-ad4a70240030}

Process Information:
	Process ID:		0x0
	Process Name:		-

Network Information:
	Workstation Name:	-
	Source Network Address:	fe80::fb99:f4a5:ccd0:5773
	Source Port:		62091

Detailed Authentication Information:
	Logon Process:		Kerberos
	Authentication Package:	Kerberos
	Transited Services:	-
	Package Name (NTLM only):	-
	Key Length:		0

This event is generated when a logon session is created. It is generated on the computer that was accessed.

The subject fields indicate the account on the local system which requested the logon. This is most commonly a service such as the Server service, or a local process such as Winlogon.exe or Services.exe.

The logon type field indicates the kind of logon that occurred. The most common types are 2 (interactive) and 3 (network).

The New Logon fields indicate the account for whom the new logon was created, i.e. the account that was logged on.

The network fields indicate where a remote logon request originated. Workstation name is not always available and may be left blank in some cases.

The impersonation level field indicates the extent to which a process in the logon session can impersonate.

The authentication information fields provide detailed information about this specific logon request.
	- Logon GUID is a unique identifier that can be used to correlate this event with a KDC event.
	- Transited services indicate which intermediate services have participated in this logon request.
	- Package name indicates which sub-protocol was used among the NTLM protocols.
	- Key length indicates the length of the generated session key. This will be 0 if no session key was requested."""
2025-03-28T15:22:13.183Z,DC1,low,3,Windows Logon Success,"""An account was successfully logged on.

Subject:
	Security ID:		S-1-0-0
	Account Name:		-
	Account Domain:		-
	Logon ID:		0x0

Logon Information:
	Logon Type:		3
	Restricted Admin Mode:	-
	Virtual Account:		No
	Elevated Token:		Yes

Impersonation Level:		Impersonation

New Logon:
	Security ID:		S-1-5-18
	Account Name:		DC1$
	Account Domain:		PLUMETECH.LOCAL
	Logon ID:		0xE7FFFC
	Linked Logon ID:		0x0
	Network Account Name:	-
	Network Account Domain:	-
	Logon GUID:		{ef9e05fd-f9e9-a095-60e8-ad4a70240030}

Process Information:
	Process ID:		0x0
	Process Name:		-

Network Information:
	Workstation Name:	-
	Source Network Address:	fe80::fb99:f4a5:ccd0:5773
	Source Port:		62092

Detailed Authentication Information:
	Logon Process:		Kerberos
	Authentication Package:	Kerberos
	Transited Services:	-
	Package Name (NTLM only):	-
	Key Length:		0

This event is generated when a logon session is created. It is generated on the computer that was accessed.

The subject fields indicate the account on the local system which requested the logon. This is most commonly a service such as the Server service, or a local process such as Winlogon.exe or Services.exe.

The logon type field indicates the kind of logon that occurred. The most common types are 2 (interactive) and 3 (network).

The New Logon fields indicate the account for whom the new logon was created, i.e. the account that was logged on.

The network fields indicate where a remote logon request originated. Workstation name is not always available and may be left blank in some cases.

The impersonation level field indicates the extent to which a process in the logon session can impersonate.

The authentication information fields provide detailed information about this specific logon request.
	- Logon GUID is a unique identifier that can be used to correlate this event with a KDC event.
	- Transited services indicate which intermediate services have participated in this logon request.
	- Package name indicates which sub-protocol was used among the NTLM protocols.
	- Key length indicates the length of the generated session key. This will be 0 if no session key was requested."""
2025-03-28T15:22:22.671Z,DC1,low,3,Windows Logon Success,"""An account was successfully logged on.

Subject:
	Security ID:		S-1-0-0
	Account Name:		-
	Account Domain:		-
	Logon ID:		0x0

Logon Information:
	Logon Type:		3
	Restricted Admin Mode:	-
	Virtual Account:		No
	Elevated Token:		Yes

Impersonation Level:		Impersonation

New Logon:
	Security ID:		S-1-5-18
	Account Name:		DC1$
	Account Domain:		PLUMETECH.LOCAL
	Logon ID:		0xEA205B
	Linked Logon ID:		0x0
	Network Account Name:	-
	Network Account Domain:	-
	Logon GUID:		{ef9e05fd-f9e9-a095-60e8-ad4a70240030}

Process Information:
	Process ID:		0x0
	Process Name:		-

Network Information:
	Workstation Name:	-
	Source Network Address:	fe80::fb99:f4a5:ccd0:5773
	Source Port:		62093

Detailed Authentication Information:
	Logon Process:		Kerberos
	Authentication Package:	Kerberos
	Transited Services:	-
	Package Name (NTLM only):	-
	Key Length:		0

This event is generated when a logon session is created. It is generated on the computer that was accessed.

The subject fields indicate the account on the local system which requested the logon. This is most commonly a service such as the Server service, or a local process such as Winlogon.exe or Services.exe.

The logon type field indicates the kind of logon that occurred. The most common types are 2 (interactive) and 3 (network).

The New Logon fields indicate the account for whom the new logon was created, i.e. the account that was logged on.

The network fields indicate where a remote logon request originated. Workstation name is not always available and may be left blank in some cases.

The impersonation level field indicates the extent to which a process in the logon session can impersonate.

The authentication information fields provide detailed information about this specific logon request.
	- Logon GUID is a unique identifier that can be used to correlate this event with a KDC event.
	- Transited services indicate which intermediate services have participated in this logon request.
	- Package name indicates which sub-protocol was used among the NTLM protocols.
	- Key length indicates the length of the generated session key. This will be 0 if no session key was requested."""
2025-03-28T15:22:22.673Z,DC1,low,3,Windows Logon Success,"""An account was successfully logged on.

Subject:
	Security ID:		S-1-0-0
	Account Name:		-
	Account Domain:		-
	Logon ID:		0x0

Logon Information:
	Logon Type:		3
	Restricted Admin Mode:	-
	Virtual Account:		No
	Elevated Token:		Yes

Impersonation Level:		Delegation

New Logon:
	Security ID:		S-1-5-18
	Account Name:		DC1$
	Account Domain:		PLUMETECH.LOCAL
	Logon ID:		0xEA2141
	Linked Logon ID:		0x0
	Network Account Name:	-
	Network Account Domain:	-
	Logon GUID:		{c80bbd2d-7e99-4853-485d-eac62f15ca67}

Process Information:
	Process ID:		0x0
	Process Name:		-

Network Information:
	Workstation Name:	-
	Source Network Address:	fe80::fb99:f4a5:ccd0:5773
	Source Port:		62094

Detailed Authentication Information:
	Logon Process:		Kerberos
	Authentication Package:	Kerberos
	Transited Services:	-
	Package Name (NTLM only):	-
	Key Length:		0

This event is generated when a logon session is created. It is generated on the computer that was accessed.

The subject fields indicate the account on the local system which requested the logon. This is most commonly a service such as the Server service, or a local process such as Winlogon.exe or Services.exe.

The logon type field indicates the kind of logon that occurred. The most common types are 2 (interactive) and 3 (network).

The New Logon fields indicate the account for whom the new logon was created, i.e. the account that was logged on.

The network fields indicate where a remote logon request originated. Workstation name is not always available and may be left blank in some cases.

The impersonation level field indicates the extent to which a process in the logon session can impersonate.

The authentication information fields provide detailed information about this specific logon request.
	- Logon GUID is a unique identifier that can be used to correlate this event with a KDC event.
	- Transited services indicate which intermediate services have participated in this logon request.
	- Package name indicates which sub-protocol was used among the NTLM protocols.
	- Key length indicates the length of the generated session key. This will be 0 if no session key was requested."""
2025-03-28T15:22:22.683Z,DC1,low,3,Windows Logon Success,"""An account was successfully logged on.

Subject:
	Security ID:		S-1-0-0
	Account Name:		-
	Account Domain:		-
	Logon ID:		0x0

Logon Information:
	Logon Type:		3
	Restricted Admin Mode:	-
	Virtual Account:		No
	Elevated Token:		Yes

Impersonation Level:		Impersonation

New Logon:
	Security ID:		S-1-5-18
	Account Name:		DC1$
	Account Domain:		PLUMETECH.LOCAL
	Logon ID:		0xEA2273
	Linked Logon ID:		0x0
	Network Account Name:	-
	Network Account Domain:	-
	Logon GUID:		{b19f57a6-fac7-4fb4-9217-a6925fc1d139}

Process Information:
	Process ID:		0x0
	Process Name:		-

Network Information:
	Workstation Name:	-
	Source Network Address:	::1
	Source Port:		0

Detailed Authentication Information:
	Logon Process:		Kerberos
	Authentication Package:	Kerberos
	Transited Services:	-
	Package Name (NTLM only):	-
	Key Length:		0

This event is generated when a logon session is created. It is generated on the computer that was accessed.

The subject fields indicate the account on the local system which requested the logon. This is most commonly a service such as the Server service, or a local process such as Winlogon.exe or Services.exe.

The logon type field indicates the kind of logon that occurred. The most common types are 2 (interactive) and 3 (network).

The New Logon fields indicate the account for whom the new logon was created, i.e. the account that was logged on.

The network fields indicate where a remote logon request originated. Workstation name is not always available and may be left blank in some cases.

The impersonation level field indicates the extent to which a process in the logon session can impersonate.

The authentication information fields provide detailed information about this specific logon request.
	- Logon GUID is a unique identifier that can be used to correlate this event with a KDC event.
	- Transited services indicate which intermediate services have participated in this logon request.
	- Package name indicates which sub-protocol was used among the NTLM protocols.
	- Key length indicates the length of the generated session key. This will be 0 if no session key was requested."""
2025-03-28T15:22:22.715Z,DC1,low,3,Windows Logon Success,"""An account was successfully logged on.

Subject:
	Security ID:		S-1-0-0
	Account Name:		-
	Account Domain:		-
	Logon ID:		0x0

Logon Information:
	Logon Type:		3
	Restricted Admin Mode:	-
	Virtual Account:		No
	Elevated Token:		Yes

Impersonation Level:		Impersonation

New Logon:
	Security ID:		S-1-5-18
	Account Name:		DC1$
	Account Domain:		PLUMETECH.LOCAL
	Logon ID:		0xEA2545
	Linked Logon ID:		0x0
	Network Account Name:	-
	Network Account Domain:	-
	Logon GUID:		{b19f57a6-fac7-4fb4-9217-a6925fc1d139}

Process Information:
	Process ID:		0x0
	Process Name:		-

Network Information:
	Workstation Name:	-
	Source Network Address:	::1
	Source Port:		0

Detailed Authentication Information:
	Logon Process:		Kerberos
	Authentication Package:	Kerberos
	Transited Services:	-
	Package Name (NTLM only):	-
	Key Length:		0

This event is generated when a logon session is created. It is generated on the computer that was accessed.

The subject fields indicate the account on the local system which requested the logon. This is most commonly a service such as the Server service, or a local process such as Winlogon.exe or Services.exe.

The logon type field indicates the kind of logon that occurred. The most common types are 2 (interactive) and 3 (network).

The New Logon fields indicate the account for whom the new logon was created, i.e. the account that was logged on.

The network fields indicate where a remote logon request originated. Workstation name is not always available and may be left blank in some cases.

The impersonation level field indicates the extent to which a process in the logon session can impersonate.

The authentication information fields provide detailed information about this specific logon request.
	- Logon GUID is a unique identifier that can be used to correlate this event with a KDC event.
	- Transited services indicate which intermediate services have participated in this logon request.
	- Package name indicates which sub-protocol was used among the NTLM protocols.
	- Key length indicates the length of the generated session key. This will be 0 if no session key was requested."""
2025-03-28T15:22:22.860Z,OTDC1,low,3,Windows Logon Success,"""An account was successfully logged on.

Subject:
	Security ID:		S-1-0-0
	Account Name:		-
	Account Domain:		-
	Logon ID:		0x0

Logon Information:
	Logon Type:		3
	Restricted Admin Mode:	-
	Virtual Account:		No
	Elevated Token:		Yes

Impersonation Level:		Impersonation

New Logon:
	Security ID:		S-1-5-18
	Account Name:		OTDC1$
	Account Domain:		PLUMETECH-OT.LOCAL
	Logon ID:		0xECD50D
	Linked Logon ID:		0x0
	Network Account Name:	-
	Network Account Domain:	-
	Logon GUID:		{99982c51-e415-ae13-681d-7d2645c0c847}

Process Information:
	Process ID:		0x0
	Process Name:		-

Network Information:
	Workstation Name:	-
	Source Network Address:	::1
	Source Port:		59440

Detailed Authentication Information:
	Logon Process:		Kerberos
	Authentication Package:	Kerberos
	Transited Services:	-
	Package Name (NTLM only):	-
	Key Length:		0

This event is generated when a logon session is created. It is generated on the computer that was accessed.

The subject fields indicate the account on the local system which requested the logon. This is most commonly a service such as the Server service, or a local process such as Winlogon.exe or Services.exe.

The logon type field indicates the kind of logon that occurred. The most common types are 2 (interactive) and 3 (network).

The New Logon fields indicate the account for whom the new logon was created, i.e. the account that was logged on.

The network fields indicate where a remote logon request originated. Workstation name is not always available and may be left blank in some cases.

The impersonation level field indicates the extent to which a process in the logon session can impersonate.

The authentication information fields provide detailed information about this specific logon request.
	- Logon GUID is a unique identifier that can be used to correlate this event with a KDC event.
	- Transited services indicate which intermediate services have participated in this logon request.
	- Package name indicates which sub-protocol was used among the NTLM protocols.
	- Key length indicates the length of the generated session key. This will be 0 if no session key was requested."""
2025-03-28T15:22:40.192Z,DC1,low,3,Windows Logon Success,"""An account was successfully logged on.

Subject:
	Security ID:		S-1-0-0
	Account Name:		-
	Account Domain:		-
	Logon ID:		0x0

Logon Information:
	Logon Type:		3
	Restricted Admin Mode:	-
	Virtual Account:		No
	Elevated Token:		Yes

Impersonation Level:		Impersonation

New Logon:
	Security ID:		S-1-5-18
	Account Name:		DC1$
	Account Domain:		PLUMETECH.LOCAL
	Logon ID:		0xEF0637
	Linked Logon ID:		0x0
	Network Account Name:	-
	Network Account Domain:	-
	Logon GUID:		{ef9e05fd-f9e9-a095-60e8-ad4a70240030}

Process Information:
	Process ID:		0x0
	Process Name:		-

Network Information:
	Workstation Name:	-
	Source Network Address:	::1
	Source Port:		62096

Detailed Authentication Information:
	Logon Process:		Kerberos
	Authentication Package:	Kerberos
	Transited Services:	-
	Package Name (NTLM only):	-
	Key Length:		0

This event is generated when a logon session is created. It is generated on the computer that was accessed.

The subject fields indicate the account on the local system which requested the logon. This is most commonly a service such as the Server service, or a local process such as Winlogon.exe or Services.exe.

The logon type field indicates the kind of logon that occurred. The most common types are 2 (interactive) and 3 (network).

The New Logon fields indicate the account for whom the new logon was created, i.e. the account that was logged on.

The network fields indicate where a remote logon request originated. Workstation name is not always available and may be left blank in some cases.

The impersonation level field indicates the extent to which a process in the logon session can impersonate.

The authentication information fields provide detailed information about this specific logon request.
	- Logon GUID is a unique identifier that can be used to correlate this event with a KDC event.
	- Transited services indicate which intermediate services have participated in this logon request.
	- Package name indicates which sub-protocol was used among the NTLM protocols.
	- Key length indicates the length of the generated session key. This will be 0 if no session key was requested."""
2025-03-28T15:22:51.721Z,DC1,low,3,Windows Logon Success,"""An account was successfully logged on.

Subject:
	Security ID:		S-1-0-0
	Account Name:		-
	Account Domain:		-
	Logon ID:		0x0

Logon Information:
	Logon Type:		3
	Restricted Admin Mode:	-
	Virtual Account:		No
	Elevated Token:		Yes

Impersonation Level:		Impersonation

New Logon:
	Security ID:		S-1-5-18
	Account Name:		DC1$
	Account Domain:		PLUMETECH.LOCAL
	Logon ID:		0xF13BBA
	Linked Logon ID:		0x0
	Network Account Name:	-
	Network Account Domain:	-
	Logon GUID:		{ef9e05fd-f9e9-a095-60e8-ad4a70240030}

Process Information:
	Process ID:		0x0
	Process Name:		-

Network Information:
	Workstation Name:	-
	Source Network Address:	fe80::fb99:f4a5:ccd0:5773
	Source Port:		62097

Detailed Authentication Information:
	Logon Process:		Kerberos
	Authentication Package:	Kerberos
	Transited Services:	-
	Package Name (NTLM only):	-
	Key Length:		0

This event is generated when a logon session is created. It is generated on the computer that was accessed.

The subject fields indicate the account on the local system which requested the logon. This is most commonly a service such as the Server service, or a local process such as Winlogon.exe or Services.exe.

The logon type field indicates the kind of logon that occurred. The most common types are 2 (interactive) and 3 (network).

The New Logon fields indicate the account for whom the new logon was created, i.e. the account that was logged on.

The network fields indicate where a remote logon request originated. Workstation name is not always available and may be left blank in some cases.

The impersonation level field indicates the extent to which a process in the logon session can impersonate.

The authentication information fields provide detailed information about this specific logon request.
	- Logon GUID is a unique identifier that can be used to correlate this event with a KDC event.
	- Transited services indicate which intermediate services have participated in this logon request.
	- Package name indicates which sub-protocol was used among the NTLM protocols.
	- Key length indicates the length of the generated session key. This will be 0 if no session key was requested."""
