2025-03-28T15:33:05.421Z,DC1,low,5,Logon Failure - Unknown user or bad password,"""An account failed to log on.

Subject:
	Security ID:		S-1-0-0
	Account Name:		-
	Account Domain:		-
	Logon ID:		0x0

Logon Type:			3

Account For Which Logon Failed:
	Security ID:		S-1-0-0
	Account Name:		damon
	Account Domain:		PLUMETECH.LOCAL

Failure Information:
	Failure Reason:		Unknown user name or bad password.
	Status:			0xC000006D
	Sub Status:		0xC000006A

Process Information:
	Caller Process ID:	0x0
	Caller Process Name:	-

Network Information:
	Workstation Name:	-
	Source Network Address:	10.0.4.30
	Source Port:		51732

Detailed Authentication Information:
	Logon Process:		NtLmSsp 
	Authentication Package:	NTLM
	Transited Services:	-
	Package Name (NTLM only):	-
	Key Length:		0

This event is generated when a logon request fails. It is generated on the computer where access was attempted.

The Subject fields indicate the account on the local system which requested the logon. This is most commonly a service such as the Server service, or a local process such as Winlogon.exe or Services.exe.

The Logon Type field indicates the kind of logon that was requested. The most common types are 2 (interactive) and 3 (network).

The Process Information fields indicate which account and process on the system requested the logon.

The Network Information fields indicate where a remote logon request originated. Workstation name is not always available and may be left blank in some cases.

The authentication information fields provide detailed information about this specific logon request.
	- Transited services indicate which intermediate services have participated in this logon request.
	- Package name indicates which sub-protocol was used among the NTLM protocols.
	- Key length indicates the length of the generated session key. This will be 0 if no session key was requested."""
2025-03-28T15:33:05.437Z,DC1,low,5,Logon Failure - Unknown user or bad password,"""An account failed to log on.

Subject:
	Security ID:		S-1-0-0
	Account Name:		-
	Account Domain:		-
	Logon ID:		0x0

Logon Type:			3

Account For Which Logon Failed:
	Security ID:		S-1-0-0
	Account Name:		damon
	Account Domain:		PLUMETECH.LOCAL

Failure Information:
	Failure Reason:		Unknown user name or bad password.
	Status:			0xC000006D
	Sub Status:		0xC000006A

Process Information:
	Caller Process ID:	0x0
	Caller Process Name:	-

Network Information:
	Workstation Name:	-
	Source Network Address:	10.0.4.30
	Source Port:		51732

Detailed Authentication Information:
	Logon Process:		NtLmSsp 
	Authentication Package:	NTLM
	Transited Services:	-
	Package Name (NTLM only):	-
	Key Length:		0

This event is generated when a logon request fails. It is generated on the computer where access was attempted.

The Subject fields indicate the account on the local system which requested the logon. This is most commonly a service such as the Server service, or a local process such as Winlogon.exe or Services.exe.

The Logon Type field indicates the kind of logon that was requested. The most common types are 2 (interactive) and 3 (network).

The Process Information fields indicate which account and process on the system requested the logon.

The Network Information fields indicate where a remote logon request originated. Workstation name is not always available and may be left blank in some cases.

The authentication information fields provide detailed information about this specific logon request.
	- Transited services indicate which intermediate services have participated in this logon request.
	- Package name indicates which sub-protocol was used among the NTLM protocols.
	- Key length indicates the length of the generated session key. This will be 0 if no session key was requested."""
2025-03-28T15:33:05.453Z,DC1,medium,10,Multiple Windows Logon Failures,"""An account failed to log on.

Subject:
	Security ID:		S-1-0-0
	Account Name:		-
	Account Domain:		-
	Logon ID:		0x0

Logon Type:			3

Account For Which Logon Failed:
	Security ID:		S-1-0-0
	Account Name:		damon
	Account Domain:		PLUMETECH.LOCAL

Failure Information:
	Failure Reason:		Unknown user name or bad password.
	Status:			0xC000006D
	Sub Status:		0xC000006A

Process Information:
	Caller Process ID:	0x0
	Caller Process Name:	-

Network Information:
	Workstation Name:	-
	Source Network Address:	10.0.4.30
	Source Port:		51732

Detailed Authentication Information:
	Logon Process:		NtLmSsp 
	Authentication Package:	NTLM
	Transited Services:	-
	Package Name (NTLM only):	-
	Key Length:		0

This event is generated when a logon request fails. It is generated on the computer where access was attempted.

The Subject fields indicate the account on the local system which requested the logon. This is most commonly a service such as the Server service, or a local process such as Winlogon.exe or Services.exe.

The Logon Type field indicates the kind of logon that was requested. The most common types are 2 (interactive) and 3 (network).

The Process Information fields indicate which account and process on the system requested the logon.

The Network Information fields indicate where a remote logon request originated. Workstation name is not always available and may be left blank in some cases.

The authentication information fields provide detailed information about this specific logon request.
	- Transited services indicate which intermediate services have participated in this logon request.
	- Package name indicates which sub-protocol was used among the NTLM protocols.
	- Key length indicates the length of the generated session key. This will be 0 if no session key was requested."""
2025-03-28T15:33:05.468Z,DC1,low,5,Logon Failure - Unknown user or bad password,"""An account failed to log on.

Subject:
	Security ID:		S-1-0-0
	Account Name:		-
	Account Domain:		-
	Logon ID:		0x0

Logon Type:			3

Account For Which Logon Failed:
	Security ID:		S-1-0-0
	Account Name:		damon
	Account Domain:		PLUMETECH.LOCAL

Failure Information:
	Failure Reason:		Unknown user name or bad password.
	Status:			0xC000006D
	Sub Status:		0xC000006A

Process Information:
	Caller Process ID:	0x0
	Caller Process Name:	-

Network Information:
	Workstation Name:	-
	Source Network Address:	10.0.4.30
	Source Port:		51732

Detailed Authentication Information:
	Logon Process:		NtLmSsp 
	Authentication Package:	NTLM
	Transited Services:	-
	Package Name (NTLM only):	-
	Key Length:		0

This event is generated when a logon request fails. It is generated on the computer where access was attempted.

The Subject fields indicate the account on the local system which requested the logon. This is most commonly a service such as the Server service, or a local process such as Winlogon.exe or Services.exe.

The Logon Type field indicates the kind of logon that was requested. The most common types are 2 (interactive) and 3 (network).

The Process Information fields indicate which account and process on the system requested the logon.

The Network Information fields indicate where a remote logon request originated. Workstation name is not always available and may be left blank in some cases.

The authentication information fields provide detailed information about this specific logon request.
	- Transited services indicate which intermediate services have participated in this logon request.
	- Package name indicates which sub-protocol was used among the NTLM protocols.
	- Key length indicates the length of the generated session key. This will be 0 if no session key was requested."""
2025-03-28T15:33:05.499Z,DC1,low,5,Logon Failure - Unknown user or bad password,"""An account failed to log on.

Subject:
	Security ID:		S-1-0-0
	Account Name:		-
	Account Domain:		-
	Logon ID:		0x0

Logon Type:			3

Account For Which Logon Failed:
	Security ID:		S-1-0-0
	Account Name:		damon
	Account Domain:		PLUMETECH.LOCAL

Failure Information:
	Failure Reason:		Unknown user name or bad password.
	Status:			0xC000006D
	Sub Status:		0xC000006A

Process Information:
	Caller Process ID:	0x0
	Caller Process Name:	-

Network Information:
	Workstation Name:	-
	Source Network Address:	10.0.4.30
	Source Port:		51732

Detailed Authentication Information:
	Logon Process:		NtLmSsp 
	Authentication Package:	NTLM
	Transited Services:	-
	Package Name (NTLM only):	-
	Key Length:		0

This event is generated when a logon request fails. It is generated on the computer where access was attempted.

The Subject fields indicate the account on the local system which requested the logon. This is most commonly a service such as the Server service, or a local process such as Winlogon.exe or Services.exe.

The Logon Type field indicates the kind of logon that was requested. The most common types are 2 (interactive) and 3 (network).

The Process Information fields indicate which account and process on the system requested the logon.

The Network Information fields indicate where a remote logon request originated. Workstation name is not always available and may be left blank in some cases.

The authentication information fields provide detailed information about this specific logon request.
	- Transited services indicate which intermediate services have participated in this logon request.
	- Package name indicates which sub-protocol was used among the NTLM protocols.
	- Key length indicates the length of the generated session key. This will be 0 if no session key was requested."""
2025-03-28T15:33:05.499Z,DC1,low,5,Logon Failure - Unknown user or bad password,"""An account failed to log on.

Subject:
	Security ID:		S-1-0-0
	Account Name:		-
	Account Domain:		-
	Logon ID:		0x0

Logon Type:			3

Account For Which Logon Failed:
	Security ID:		S-1-0-0
	Account Name:		damon
	Account Domain:		PLUMETECH.LOCAL

Failure Information:
	Failure Reason:		Unknown user name or bad password.
	Status:			0xC000006D
	Sub Status:		0xC000006A

Process Information:
	Caller Process ID:	0x0
	Caller Process Name:	-

Network Information:
	Workstation Name:	-
	Source Network Address:	10.0.4.30
	Source Port:		51732

Detailed Authentication Information:
	Logon Process:		NtLmSsp 
	Authentication Package:	NTLM
	Transited Services:	-
	Package Name (NTLM only):	-
	Key Length:		0

This event is generated when a logon request fails. It is generated on the computer where access was attempted.

The Subject fields indicate the account on the local system which requested the logon. This is most commonly a service such as the Server service, or a local process such as Winlogon.exe or Services.exe.

The Logon Type field indicates the kind of logon that was requested. The most common types are 2 (interactive) and 3 (network).

The Process Information fields indicate which account and process on the system requested the logon.

The Network Information fields indicate where a remote logon request originated. Workstation name is not always available and may be left blank in some cases.

The authentication information fields provide detailed information about this specific logon request.
	- Transited services indicate which intermediate services have participated in this logon request.
	- Package name indicates which sub-protocol was used among the NTLM protocols.
	- Key length indicates the length of the generated session key. This will be 0 if no session key was requested."""
2025-03-28T15:33:05.515Z,DC1,low,5,Logon Failure - Unknown user or bad password,"""An account failed to log on.

Subject:
	Security ID:		S-1-0-0
	Account Name:		-
	Account Domain:		-
	Logon ID:		0x0

Logon Type:			3

Account For Which Logon Failed:
	Security ID:		S-1-0-0
	Account Name:		damon
	Account Domain:		PLUMETECH.LOCAL

Failure Information:
	Failure Reason:		Unknown user name or bad password.
	Status:			0xC000006D
	Sub Status:		0xC000006A

Process Information:
	Caller Process ID:	0x0
	Caller Process Name:	-

Network Information:
	Workstation Name:	-
	Source Network Address:	10.0.4.30
	Source Port:		51732

Detailed Authentication Information:
	Logon Process:		NtLmSsp 
	Authentication Package:	NTLM
	Transited Services:	-
	Package Name (NTLM only):	-
	Key Length:		0

This event is generated when a logon request fails. It is generated on the computer where access was attempted.

The Subject fields indicate the account on the local system which requested the logon. This is most commonly a service such as the Server service, or a local process such as Winlogon.exe or Services.exe.

The Logon Type field indicates the kind of logon that was requested. The most common types are 2 (interactive) and 3 (network).

The Process Information fields indicate which account and process on the system requested the logon.

The Network Information fields indicate where a remote logon request originated. Workstation name is not always available and may be left blank in some cases.

The authentication information fields provide detailed information about this specific logon request.
	- Transited services indicate which intermediate services have participated in this logon request.
	- Package name indicates which sub-protocol was used among the NTLM protocols.
	- Key length indicates the length of the generated session key. This will be 0 if no session key was requested."""
2025-03-28T15:33:05.531Z,DC1,low,5,Logon Failure - Unknown user or bad password,"""An account failed to log on.

Subject:
	Security ID:		S-1-0-0
	Account Name:		-
	Account Domain:		-
	Logon ID:		0x0

Logon Type:			3

Account For Which Logon Failed:
	Security ID:		S-1-0-0
	Account Name:		damon
	Account Domain:		PLUMETECH.LOCAL

Failure Information:
	Failure Reason:		Unknown user name or bad password.
	Status:			0xC000006D
	Sub Status:		0xC000006A

Process Information:
	Caller Process ID:	0x0
	Caller Process Name:	-

Network Information:
	Workstation Name:	-
	Source Network Address:	10.0.4.30
	Source Port:		51732

Detailed Authentication Information:
	Logon Process:		NtLmSsp 
	Authentication Package:	NTLM
	Transited Services:	-
	Package Name (NTLM only):	-
	Key Length:		0

This event is generated when a logon request fails. It is generated on the computer where access was attempted.

The Subject fields indicate the account on the local system which requested the logon. This is most commonly a service such as the Server service, or a local process such as Winlogon.exe or Services.exe.

The Logon Type field indicates the kind of logon that was requested. The most common types are 2 (interactive) and 3 (network).

The Process Information fields indicate which account and process on the system requested the logon.

The Network Information fields indicate where a remote logon request originated. Workstation name is not always available and may be left blank in some cases.

The authentication information fields provide detailed information about this specific logon request.
	- Transited services indicate which intermediate services have participated in this logon request.
	- Package name indicates which sub-protocol was used among the NTLM protocols.
	- Key length indicates the length of the generated session key. This will be 0 if no session key was requested."""
2025-03-28T15:33:05.562Z,DC1,low,5,Logon Failure - Unknown user or bad password,"""An account failed to log on.

Subject:
	Security ID:		S-1-0-0
	Account Name:		-
	Account Domain:		-
	Logon ID:		0x0

Logon Type:			3

Account For Which Logon Failed:
	Security ID:		S-1-0-0
	Account Name:		damon
	Account Domain:		PLUMETECH.LOCAL

Failure Information:
	Failure Reason:		Unknown user name or bad password.
	Status:			0xC000006D
	Sub Status:		0xC000006A

Process Information:
	Caller Process ID:	0x0
	Caller Process Name:	-

Network Information:
	Workstation Name:	-
	Source Network Address:	10.0.4.30
	Source Port:		51732

Detailed Authentication Information:
	Logon Process:		NtLmSsp 
	Authentication Package:	NTLM
	Transited Services:	-
	Package Name (NTLM only):	-
	Key Length:		0

This event is generated when a logon request fails. It is generated on the computer where access was attempted.

The Subject fields indicate the account on the local system which requested the logon. This is most commonly a service such as the Server service, or a local process such as Winlogon.exe or Services.exe.

The Logon Type field indicates the kind of logon that was requested. The most common types are 2 (interactive) and 3 (network).

The Process Information fields indicate which account and process on the system requested the logon.

The Network Information fields indicate where a remote logon request originated. Workstation name is not always available and may be left blank in some cases.

The authentication information fields provide detailed information about this specific logon request.
	- Transited services indicate which intermediate services have participated in this logon request.
	- Package name indicates which sub-protocol was used among the NTLM protocols.
	- Key length indicates the length of the generated session key. This will be 0 if no session key was requested."""
2025-03-28T15:33:05.562Z,DC1,low,5,Logon Failure - Unknown user or bad password,"""An account failed to log on.

Subject:
	Security ID:		S-1-0-0
	Account Name:		-
	Account Domain:		-
	Logon ID:		0x0

Logon Type:			3

Account For Which Logon Failed:
	Security ID:		S-1-0-0
	Account Name:		damon
	Account Domain:		PLUMETECH.LOCAL

Failure Information:
	Failure Reason:		Unknown user name or bad password.
	Status:			0xC000006D
	Sub Status:		0xC000006A

Process Information:
	Caller Process ID:	0x0
	Caller Process Name:	-

Network Information:
	Workstation Name:	-
	Source Network Address:	10.0.4.30
	Source Port:		51732

Detailed Authentication Information:
	Logon Process:		NtLmSsp 
	Authentication Package:	NTLM
	Transited Services:	-
	Package Name (NTLM only):	-
	Key Length:		0

This event is generated when a logon request fails. It is generated on the computer where access was attempted.

The Subject fields indicate the account on the local system which requested the logon. This is most commonly a service such as the Server service, or a local process such as Winlogon.exe or Services.exe.

The Logon Type field indicates the kind of logon that was requested. The most common types are 2 (interactive) and 3 (network).

The Process Information fields indicate which account and process on the system requested the logon.

The Network Information fields indicate where a remote logon request originated. Workstation name is not always available and may be left blank in some cases.

The authentication information fields provide detailed information about this specific logon request.
	- Transited services indicate which intermediate services have participated in this logon request.
	- Package name indicates which sub-protocol was used among the NTLM protocols.
	- Key length indicates the length of the generated session key. This will be 0 if no session key was requested."""
2025-03-28T15:33:05.577Z,DC1,medium,10,Multiple Windows Logon Failures,"""An account failed to log on.

Subject:
	Security ID:		S-1-0-0
	Account Name:		-
	Account Domain:		-
	Logon ID:		0x0

Logon Type:			3

Account For Which Logon Failed:
	Security ID:		S-1-0-0
	Account Name:		damon
	Account Domain:		PLUMETECH.LOCAL

Failure Information:
	Failure Reason:		Unknown user name or bad password.
	Status:			0xC000006D
	Sub Status:		0xC000006A

Process Information:
	Caller Process ID:	0x0
	Caller Process Name:	-

Network Information:
	Workstation Name:	-
	Source Network Address:	10.0.4.30
	Source Port:		51732

Detailed Authentication Information:
	Logon Process:		NtLmSsp 
	Authentication Package:	NTLM
	Transited Services:	-
	Package Name (NTLM only):	-
	Key Length:		0

This event is generated when a logon request fails. It is generated on the computer where access was attempted.

The Subject fields indicate the account on the local system which requested the logon. This is most commonly a service such as the Server service, or a local process such as Winlogon.exe or Services.exe.

The Logon Type field indicates the kind of logon that was requested. The most common types are 2 (interactive) and 3 (network).

The Process Information fields indicate which account and process on the system requested the logon.

The Network Information fields indicate where a remote logon request originated. Workstation name is not always available and may be left blank in some cases.

The authentication information fields provide detailed information about this specific logon request.
	- Transited services indicate which intermediate services have participated in this logon request.
	- Package name indicates which sub-protocol was used among the NTLM protocols.
	- Key length indicates the length of the generated session key. This will be 0 if no session key was requested."""
2025-03-28T15:33:05.593Z,DC1,low,5,Logon Failure - Unknown user or bad password,"""An account failed to log on.

Subject:
	Security ID:		S-1-0-0
	Account Name:		-
	Account Domain:		-
	Logon ID:		0x0

Logon Type:			3

Account For Which Logon Failed:
	Security ID:		S-1-0-0
	Account Name:		damon
	Account Domain:		PLUMETECH.LOCAL

Failure Information:
	Failure Reason:		Unknown user name or bad password.
	Status:			0xC000006D
	Sub Status:		0xC000006A

Process Information:
	Caller Process ID:	0x0
	Caller Process Name:	-

Network Information:
	Workstation Name:	-
	Source Network Address:	10.0.4.30
	Source Port:		51732

Detailed Authentication Information:
	Logon Process:		NtLmSsp 
	Authentication Package:	NTLM
	Transited Services:	-
	Package Name (NTLM only):	-
	Key Length:		0

This event is generated when a logon request fails. It is generated on the computer where access was attempted.

The Subject fields indicate the account on the local system which requested the logon. This is most commonly a service such as the Server service, or a local process such as Winlogon.exe or Services.exe.

The Logon Type field indicates the kind of logon that was requested. The most common types are 2 (interactive) and 3 (network).

The Process Information fields indicate which account and process on the system requested the logon.

The Network Information fields indicate where a remote logon request originated. Workstation name is not always available and may be left blank in some cases.

The authentication information fields provide detailed information about this specific logon request.
	- Transited services indicate which intermediate services have participated in this logon request.
	- Package name indicates which sub-protocol was used among the NTLM protocols.
	- Key length indicates the length of the generated session key. This will be 0 if no session key was requested."""
2025-03-28T15:33:05.625Z,DC1,low,5,Logon Failure - Unknown user or bad password,"""An account failed to log on.

Subject:
	Security ID:		S-1-0-0
	Account Name:		-
	Account Domain:		-
	Logon ID:		0x0

Logon Type:			3

Account For Which Logon Failed:
	Security ID:		S-1-0-0
	Account Name:		damon
	Account Domain:		PLUMETECH.LOCAL

Failure Information:
	Failure Reason:		Unknown user name or bad password.
	Status:			0xC000006D
	Sub Status:		0xC000006A

Process Information:
	Caller Process ID:	0x0
	Caller Process Name:	-

Network Information:
	Workstation Name:	-
	Source Network Address:	10.0.4.30
	Source Port:		51732

Detailed Authentication Information:
	Logon Process:		NtLmSsp 
	Authentication Package:	NTLM
	Transited Services:	-
	Package Name (NTLM only):	-
	Key Length:		0

This event is generated when a logon request fails. It is generated on the computer where access was attempted.

The Subject fields indicate the account on the local system which requested the logon. This is most commonly a service such as the Server service, or a local process such as Winlogon.exe or Services.exe.

The Logon Type field indicates the kind of logon that was requested. The most common types are 2 (interactive) and 3 (network).

The Process Information fields indicate which account and process on the system requested the logon.

The Network Information fields indicate where a remote logon request originated. Workstation name is not always available and may be left blank in some cases.

The authentication information fields provide detailed information about this specific logon request.
	- Transited services indicate which intermediate services have participated in this logon request.
	- Package name indicates which sub-protocol was used among the NTLM protocols.
	- Key length indicates the length of the generated session key. This will be 0 if no session key was requested."""
2025-03-28T15:33:05.625Z,DC1,low,5,Logon Failure - Unknown user or bad password,"""An account failed to log on.

Subject:
	Security ID:		S-1-0-0
	Account Name:		-
	Account Domain:		-
	Logon ID:		0x0

Logon Type:			3

Account For Which Logon Failed:
	Security ID:		S-1-0-0
	Account Name:		damon
	Account Domain:		PLUMETECH.LOCAL

Failure Information:
	Failure Reason:		Unknown user name or bad password.
	Status:			0xC000006D
	Sub Status:		0xC000006A

Process Information:
	Caller Process ID:	0x0
	Caller Process Name:	-

Network Information:
	Workstation Name:	-
	Source Network Address:	10.0.4.30
	Source Port:		51732

Detailed Authentication Information:
	Logon Process:		NtLmSsp 
	Authentication Package:	NTLM
	Transited Services:	-
	Package Name (NTLM only):	-
	Key Length:		0

This event is generated when a logon request fails. It is generated on the computer where access was attempted.

The Subject fields indicate the account on the local system which requested the logon. This is most commonly a service such as the Server service, or a local process such as Winlogon.exe or Services.exe.

The Logon Type field indicates the kind of logon that was requested. The most common types are 2 (interactive) and 3 (network).

The Process Information fields indicate which account and process on the system requested the logon.

The Network Information fields indicate where a remote logon request originated. Workstation name is not always available and may be left blank in some cases.

The authentication information fields provide detailed information about this specific logon request.
	- Transited services indicate which intermediate services have participated in this logon request.
	- Package name indicates which sub-protocol was used among the NTLM protocols.
	- Key length indicates the length of the generated session key. This will be 0 if no session key was requested."""
2025-03-28T15:33:05.794Z,suricata,low,3,NTLM Challenge from 10.0.4.11 to 10.0.4.30,"{""timestamp"":""2025-03-28T15:33:03.798456+0000"",""flow_id"":2241746950516912,""in_iface"":""ens5"",""event_type"":""alert"",""src_ip"":""10.0.4.11"",""src_port"":445,""dest_ip"":""10.0.4.30"",""dest_port"":51732,""proto"":""TCP"",""pkt_src"":""vxlan encapsulation"",""community_id"":""1:l26wQAVnKdA7ahKWpWXMTbHThpY="",""alert"":{""action"":""allowed"",""gid"":1,""signature_id"":21,""rev"":2,""signature"":""NTLMSSP_CHALLENGE"",""category"":"""",""severity"":1,""metadata"":{""ntlmssp"":[""challenge""]}},""tunnel"":{""src_ip"":""10.0.4.30"",""src_port"":65510,""dest_ip"":""10.0.4.9"",""dest_port"":4789,""proto"":""UDP"",""depth"":1,""pkt_src"":""wire/pcap""},""app_proto"":""smb"",""direction"":""to_client"",""flow"":{""pkts_toserver"":244,""pkts_toclient"":239,""bytes_toserver"":87482,""bytes_toclient"":62165,""start"":""2025-03-28T15:33:03.194267+0000"",""src_ip"":""10.0.4.30"",""dest_ip"":""10.0.4.11"",""src_port"":51732,""dest_port"":445},""source"":""suricata""}"
2025-03-28T15:33:05.796Z,suricata,low,3,NTLM Challenge from 10.0.4.11 to 10.0.4.30,"{""timestamp"":""2025-03-28T15:33:03.798456+0000"",""flow_id"":2241746950516912,""in_iface"":""ens5"",""event_type"":""alert"",""src_ip"":""10.0.4.11"",""src_port"":445,""dest_ip"":""10.0.4.30"",""dest_port"":51732,""proto"":""TCP"",""pkt_src"":""vxlan encapsulation"",""community_id"":""1:l26wQAVnKdA7ahKWpWXMTbHThpY="",""alert"":{""action"":""allowed"",""gid"":1,""signature_id"":211,""rev"":2,""signature"":""NTLMSSP_CHALLENGE"",""category"":"""",""severity"":1,""metadata"":{""ntlmssp"":[""challenge""]}},""tunnel"":{""src_ip"":""10.0.4.30"",""src_port"":65510,""dest_ip"":""10.0.4.9"",""dest_port"":4789,""proto"":""UDP"",""depth"":1,""pkt_src"":""wire/pcap""},""app_proto"":""smb"",""direction"":""to_client"",""flow"":{""pkts_toserver"":244,""pkts_toclient"":239,""bytes_toserver"":87482,""bytes_toclient"":62165,""start"":""2025-03-28T15:33:03.194267+0000"",""src_ip"":""10.0.4.30"",""dest_ip"":""10.0.4.11"",""src_port"":51732,""dest_port"":445},""source"":""suricata""}"
2025-03-28T15:33:05.796Z,suricata,low,3,NTLM Challenge from 10.0.4.11 to 10.0.4.30,"{""timestamp"":""2025-03-28T15:33:03.801365+0000"",""flow_id"":2241746950516912,""in_iface"":""ens5"",""event_type"":""alert"",""src_ip"":""10.0.4.11"",""src_port"":445,""dest_ip"":""10.0.4.30"",""dest_port"":51732,""proto"":""TCP"",""pkt_src"":""vxlan encapsulation"",""community_id"":""1:l26wQAVnKdA7ahKWpWXMTbHThpY="",""alert"":{""action"":""allowed"",""gid"":1,""signature_id"":21,""rev"":2,""signature"":""NTLMSSP_CHALLENGE"",""category"":"""",""severity"":1,""metadata"":{""ntlmssp"":[""challenge""]}},""tunnel"":{""src_ip"":""10.0.4.30"",""src_port"":65510,""dest_ip"":""10.0.4.9"",""dest_port"":4789,""proto"":""UDP"",""depth"":1,""pkt_src"":""wire/pcap""},""app_proto"":""smb"",""direction"":""to_client"",""flow"":{""pkts_toserver"":245,""pkts_toclient"":240,""bytes_toserver"":87692,""bytes_toclient"":62558,""start"":""2025-03-28T15:33:03.194267+0000"",""src_ip"":""10.0.4.30"",""dest_ip"":""10.0.4.11"",""src_port"":51732,""dest_port"":445},""source"":""suricata""}"
2025-03-28T15:33:05.796Z,DC1,low,5,Logon Failure - Unknown user or bad password,"""An account failed to log on.

Subject:
	Security ID:		S-1-0-0
	Account Name:		-
	Account Domain:		-
	Logon ID:		0x0

Logon Type:			3

Account For Which Logon Failed:
	Security ID:		S-1-0-0
	Account Name:		damon
	Account Domain:		PLUMETECH.LOCAL

Failure Information:
	Failure Reason:		Unknown user name or bad password.
	Status:			0xC000006D
	Sub Status:		0xC000006A

Process Information:
	Caller Process ID:	0x0
	Caller Process Name:	-

Network Information:
	Workstation Name:	-
	Source Network Address:	10.0.4.30
	Source Port:		51732

Detailed Authentication Information:
	Logon Process:		NtLmSsp 
	Authentication Package:	NTLM
	Transited Services:	-
	Package Name (NTLM only):	-
	Key Length:		0

This event is generated when a logon request fails. It is generated on the computer where access was attempted.

The Subject fields indicate the account on the local system which requested the logon. This is most commonly a service such as the Server service, or a local process such as Winlogon.exe or Services.exe.

The Logon Type field indicates the kind of logon that was requested. The most common types are 2 (interactive) and 3 (network).

The Process Information fields indicate which account and process on the system requested the logon.

The Network Information fields indicate where a remote logon request originated. Workstation name is not always available and may be left blank in some cases.

The authentication information fields provide detailed information about this specific logon request.
	- Transited services indicate which intermediate services have participated in this logon request.
	- Package name indicates which sub-protocol was used among the NTLM protocols.
	- Key length indicates the length of the generated session key. This will be 0 if no session key was requested."""
2025-03-28T15:33:05.798Z,suricata,low,3,NTLM Challenge from 10.0.4.11 to 10.0.4.30,"{""timestamp"":""2025-03-28T15:33:03.801365+0000"",""flow_id"":2241746950516912,""in_iface"":""ens5"",""event_type"":""alert"",""src_ip"":""10.0.4.11"",""src_port"":445,""dest_ip"":""10.0.4.30"",""dest_port"":51732,""proto"":""TCP"",""pkt_src"":""vxlan encapsulation"",""community_id"":""1:l26wQAVnKdA7ahKWpWXMTbHThpY="",""alert"":{""action"":""allowed"",""gid"":1,""signature_id"":211,""rev"":2,""signature"":""NTLMSSP_CHALLENGE"",""category"":"""",""severity"":1,""metadata"":{""ntlmssp"":[""challenge""]}},""tunnel"":{""src_ip"":""10.0.4.30"",""src_port"":65510,""dest_ip"":""10.0.4.9"",""dest_port"":4789,""proto"":""UDP"",""depth"":1,""pkt_src"":""wire/pcap""},""app_proto"":""smb"",""direction"":""to_client"",""flow"":{""pkts_toserver"":245,""pkts_toclient"":240,""bytes_toserver"":87692,""bytes_toclient"":62558,""start"":""2025-03-28T15:33:03.194267+0000"",""src_ip"":""10.0.4.30"",""dest_ip"":""10.0.4.11"",""src_port"":51732,""dest_port"":445},""source"":""suricata""}"
2025-03-28T15:33:05.812Z,DC1,low,5,Logon Failure - Unknown user or bad password,"""An account failed to log on.

Subject:
	Security ID:		S-1-0-0
	Account Name:		-
	Account Domain:		-
	Logon ID:		0x0

Logon Type:			3

Account For Which Logon Failed:
	Security ID:		S-1-0-0
	Account Name:		damon
	Account Domain:		PLUMETECH.LOCAL

Failure Information:
	Failure Reason:		Unknown user name or bad password.
	Status:			0xC000006D
	Sub Status:		0xC000006A

Process Information:
	Caller Process ID:	0x0
	Caller Process Name:	-

Network Information:
	Workstation Name:	-
	Source Network Address:	10.0.4.30
	Source Port:		51732

Detailed Authentication Information:
	Logon Process:		NtLmSsp 
	Authentication Package:	NTLM
	Transited Services:	-
	Package Name (NTLM only):	-
	Key Length:		0

This event is generated when a logon request fails. It is generated on the computer where access was attempted.

The Subject fields indicate the account on the local system which requested the logon. This is most commonly a service such as the Server service, or a local process such as Winlogon.exe or Services.exe.

The Logon Type field indicates the kind of logon that was requested. The most common types are 2 (interactive) and 3 (network).

The Process Information fields indicate which account and process on the system requested the logon.

The Network Information fields indicate where a remote logon request originated. Workstation name is not always available and may be left blank in some cases.

The authentication information fields provide detailed information about this specific logon request.
	- Transited services indicate which intermediate services have participated in this logon request.
	- Package name indicates which sub-protocol was used among the NTLM protocols.
	- Key length indicates the length of the generated session key. This will be 0 if no session key was requested."""
2025-03-28T15:33:05.825Z,suricata,low,3,NTLM Challenge from 10.0.4.11 to 10.0.4.30,"{""timestamp"":""2025-03-28T15:33:03.909558+0000"",""flow_id"":2241746950516912,""in_iface"":""ens5"",""event_type"":""alert"",""src_ip"":""10.0.4.11"",""src_port"":445,""dest_ip"":""10.0.4.30"",""dest_port"":51732,""proto"":""TCP"",""pkt_src"":""vxlan encapsulation"",""community_id"":""1:l26wQAVnKdA7ahKWpWXMTbHThpY="",""alert"":{""action"":""allowed"",""gid"":1,""signature_id"":21,""rev"":2,""signature"":""NTLMSSP_CHALLENGE"",""category"":"""",""severity"":1,""metadata"":{""ntlmssp"":[""challenge""]}},""tunnel"":{""src_ip"":""10.0.4.11"",""src_port"":65488,""dest_ip"":""10.0.4.9"",""dest_port"":4789,""proto"":""UDP"",""depth"":1,""pkt_src"":""wire/pcap""},""app_proto"":""smb"",""direction"":""to_client"",""flow"":{""pkts_toserver"":286,""pkts_toclient"":281,""bytes_toserver"":103022,""bytes_toclient"":73106,""start"":""2025-03-28T15:33:03.194267+0000"",""src_ip"":""10.0.4.30"",""dest_ip"":""10.0.4.11"",""src_port"":51732,""dest_port"":445},""capture_file"":""/var/log/suricata/nsm_data//log.pcap.1743175858"",""source"":""suricata""}"
2025-03-28T15:33:05.827Z,suricata,low,3,NTLM Challenge from 10.0.4.11 to 10.0.4.30,"{""timestamp"":""2025-03-28T15:33:03.909558+0000"",""flow_id"":2241746950516912,""in_iface"":""ens5"",""event_type"":""alert"",""src_ip"":""10.0.4.11"",""src_port"":445,""dest_ip"":""10.0.4.30"",""dest_port"":51732,""proto"":""TCP"",""pkt_src"":""vxlan encapsulation"",""community_id"":""1:l26wQAVnKdA7ahKWpWXMTbHThpY="",""alert"":{""action"":""allowed"",""gid"":1,""signature_id"":211,""rev"":2,""signature"":""NTLMSSP_CHALLENGE"",""category"":"""",""severity"":1,""metadata"":{""ntlmssp"":[""challenge""]}},""tunnel"":{""src_ip"":""10.0.4.11"",""src_port"":65488,""dest_ip"":""10.0.4.9"",""dest_port"":4789,""proto"":""UDP"",""depth"":1,""pkt_src"":""wire/pcap""},""app_proto"":""smb"",""direction"":""to_client"",""flow"":{""pkts_toserver"":286,""pkts_toclient"":281,""bytes_toserver"":103022,""bytes_toclient"":73106,""start"":""2025-03-28T15:33:03.194267+0000"",""src_ip"":""10.0.4.30"",""dest_ip"":""10.0.4.11"",""src_port"":51732,""dest_port"":445},""capture_file"":""/var/log/suricata/nsm_data//log.pcap.1743175858"",""source"":""suricata""}"
2025-03-28T15:33:05.827Z,DC1,low,5,Logon Failure - Unknown user or bad password,"""An account failed to log on.

Subject:
	Security ID:		S-1-0-0
	Account Name:		-
	Account Domain:		-
	Logon ID:		0x0

Logon Type:			3

Account For Which Logon Failed:
	Security ID:		S-1-0-0
	Account Name:		damon
	Account Domain:		PLUMETECH.LOCAL

Failure Information:
	Failure Reason:		Unknown user name or bad password.
	Status:			0xC000006D
	Sub Status:		0xC000006A

Process Information:
	Caller Process ID:	0x0
	Caller Process Name:	-

Network Information:
	Workstation Name:	-
	Source Network Address:	10.0.4.30
	Source Port:		51732

Detailed Authentication Information:
	Logon Process:		NtLmSsp 
	Authentication Package:	NTLM
	Transited Services:	-
	Package Name (NTLM only):	-
	Key Length:		0

This event is generated when a logon request fails. It is generated on the computer where access was attempted.

The Subject fields indicate the account on the local system which requested the logon. This is most commonly a service such as the Server service, or a local process such as Winlogon.exe or Services.exe.

The Logon Type field indicates the kind of logon that was requested. The most common types are 2 (interactive) and 3 (network).

The Process Information fields indicate which account and process on the system requested the logon.

The Network Information fields indicate where a remote logon request originated. Workstation name is not always available and may be left blank in some cases.

The authentication information fields provide detailed information about this specific logon request.
	- Transited services indicate which intermediate services have participated in this logon request.
	- Package name indicates which sub-protocol was used among the NTLM protocols.
	- Key length indicates the length of the generated session key. This will be 0 if no session key was requested."""
2025-03-28T15:33:05.848Z,suricata,low,3,NTLM Challenge from 10.0.4.11 to 10.0.4.30,"{""timestamp"":""2025-03-28T15:33:04.008525+0000"",""flow_id"":2241746950516912,""in_iface"":""ens5"",""event_type"":""alert"",""src_ip"":""10.0.4.11"",""src_port"":445,""dest_ip"":""10.0.4.30"",""dest_port"":51732,""proto"":""TCP"",""pkt_src"":""vxlan encapsulation"",""community_id"":""1:l26wQAVnKdA7ahKWpWXMTbHThpY="",""alert"":{""action"":""allowed"",""gid"":1,""signature_id"":21,""rev"":2,""signature"":""NTLMSSP_CHALLENGE"",""category"":"""",""severity"":1,""metadata"":{""ntlmssp"":[""challenge""]}},""tunnel"":{""src_ip"":""10.0.4.30"",""src_port"":65510,""dest_ip"":""10.0.4.9"",""dest_port"":4789,""proto"":""UDP"",""depth"":1,""pkt_src"":""wire/pcap""},""app_proto"":""smb"",""direction"":""to_client"",""flow"":{""pkts_toserver"":324,""pkts_toclient"":319,""bytes_toserver"":117082,""bytes_toclient"":83005,""start"":""2025-03-28T15:33:03.194267+0000"",""src_ip"":""10.0.4.30"",""dest_ip"":""10.0.4.11"",""src_port"":51732,""dest_port"":445},""source"":""suricata""}"
2025-03-28T15:33:05.850Z,suricata,low,3,NTLM Challenge from 10.0.4.11 to 10.0.4.30,"{""timestamp"":""2025-03-28T15:33:04.008525+0000"",""flow_id"":2241746950516912,""in_iface"":""ens5"",""event_type"":""alert"",""src_ip"":""10.0.4.11"",""src_port"":445,""dest_ip"":""10.0.4.30"",""dest_port"":51732,""proto"":""TCP"",""pkt_src"":""vxlan encapsulation"",""community_id"":""1:l26wQAVnKdA7ahKWpWXMTbHThpY="",""alert"":{""action"":""allowed"",""gid"":1,""signature_id"":211,""rev"":2,""signature"":""NTLMSSP_CHALLENGE"",""category"":"""",""severity"":1,""metadata"":{""ntlmssp"":[""challenge""]}},""tunnel"":{""src_ip"":""10.0.4.30"",""src_port"":65510,""dest_ip"":""10.0.4.9"",""dest_port"":4789,""proto"":""UDP"",""depth"":1,""pkt_src"":""wire/pcap""},""app_proto"":""smb"",""direction"":""to_client"",""flow"":{""pkts_toserver"":324,""pkts_toclient"":319,""bytes_toserver"":117082,""bytes_toclient"":83005,""start"":""2025-03-28T15:33:03.194267+0000"",""src_ip"":""10.0.4.30"",""dest_ip"":""10.0.4.11"",""src_port"":51732,""dest_port"":445},""source"":""suricata""}"
2025-03-28T15:33:05.859Z,DC1,medium,10,Multiple Windows Logon Failures,"""An account failed to log on.

Subject:
	Security ID:		S-1-0-0
	Account Name:		-
	Account Domain:		-
	Logon ID:		0x0

Logon Type:			3

Account For Which Logon Failed:
	Security ID:		S-1-0-0
	Account Name:		damon
	Account Domain:		PLUMETECH.LOCAL

Failure Information:
	Failure Reason:		Unknown user name or bad password.
	Status:			0xC000006D
	Sub Status:		0xC000006A

Process Information:
	Caller Process ID:	0x0
	Caller Process Name:	-

Network Information:
	Workstation Name:	-
	Source Network Address:	10.0.4.30
	Source Port:		51732

Detailed Authentication Information:
	Logon Process:		NtLmSsp 
	Authentication Package:	NTLM
	Transited Services:	-
	Package Name (NTLM only):	-
	Key Length:		0

This event is generated when a logon request fails. It is generated on the computer where access was attempted.

The Subject fields indicate the account on the local system which requested the logon. This is most commonly a service such as the Server service, or a local process such as Winlogon.exe or Services.exe.

The Logon Type field indicates the kind of logon that was requested. The most common types are 2 (interactive) and 3 (network).

The Process Information fields indicate which account and process on the system requested the logon.

The Network Information fields indicate where a remote logon request originated. Workstation name is not always available and may be left blank in some cases.

The authentication information fields provide detailed information about this specific logon request.
	- Transited services indicate which intermediate services have participated in this logon request.
	- Package name indicates which sub-protocol was used among the NTLM protocols.
	- Key length indicates the length of the generated session key. This will be 0 if no session key was requested."""
2025-03-28T15:33:05.859Z,DC1,low,5,Logon Failure - Unknown user or bad password,"""An account failed to log on.

Subject:
	Security ID:		S-1-0-0
	Account Name:		-
	Account Domain:		-
	Logon ID:		0x0

Logon Type:			3

Account For Which Logon Failed:
	Security ID:		S-1-0-0
	Account Name:		damon
	Account Domain:		PLUMETECH.LOCAL

Failure Information:
	Failure Reason:		Unknown user name or bad password.
	Status:			0xC000006D
	Sub Status:		0xC000006A

Process Information:
	Caller Process ID:	0x0
	Caller Process Name:	-

Network Information:
	Workstation Name:	-
	Source Network Address:	10.0.4.30
	Source Port:		51732

Detailed Authentication Information:
	Logon Process:		NtLmSsp 
	Authentication Package:	NTLM
	Transited Services:	-
	Package Name (NTLM only):	-
	Key Length:		0

This event is generated when a logon request fails. It is generated on the computer where access was attempted.

The Subject fields indicate the account on the local system which requested the logon. This is most commonly a service such as the Server service, or a local process such as Winlogon.exe or Services.exe.

The Logon Type field indicates the kind of logon that was requested. The most common types are 2 (interactive) and 3 (network).

The Process Information fields indicate which account and process on the system requested the logon.

The Network Information fields indicate where a remote logon request originated. Workstation name is not always available and may be left blank in some cases.

The authentication information fields provide detailed information about this specific logon request.
	- Transited services indicate which intermediate services have participated in this logon request.
	- Package name indicates which sub-protocol was used among the NTLM protocols.
	- Key length indicates the length of the generated session key. This will be 0 if no session key was requested."""
2025-03-28T15:33:05.871Z,suricata,low,3,NTLM Challenge from 10.0.4.11 to 10.0.4.30,"{""timestamp"":""2025-03-28T15:33:04.011943+0000"",""flow_id"":2241746950516912,""in_iface"":""ens5"",""event_type"":""alert"",""src_ip"":""10.0.4.11"",""src_port"":445,""dest_ip"":""10.0.4.30"",""dest_port"":51732,""proto"":""TCP"",""pkt_src"":""vxlan encapsulation"",""community_id"":""1:l26wQAVnKdA7ahKWpWXMTbHThpY="",""alert"":{""action"":""allowed"",""gid"":1,""signature_id"":21,""rev"":2,""signature"":""NTLMSSP_CHALLENGE"",""category"":"""",""severity"":1,""metadata"":{""ntlmssp"":[""challenge""]}},""tunnel"":{""src_ip"":""10.0.4.30"",""src_port"":65510,""dest_ip"":""10.0.4.9"",""dest_port"":4789,""proto"":""UDP"",""depth"":1,""pkt_src"":""wire/pcap""},""app_proto"":""smb"",""direction"":""to_client"",""flow"":{""pkts_toserver"":325,""pkts_toclient"":320,""bytes_toserver"":117292,""bytes_toclient"":83398,""start"":""2025-03-28T15:33:03.194267+0000"",""src_ip"":""10.0.4.30"",""dest_ip"":""10.0.4.11"",""src_port"":51732,""dest_port"":445},""source"":""suricata""}"
2025-03-28T15:33:05.871Z,suricata,low,3,NTLM Challenge from 10.0.4.11 to 10.0.4.30,"{""timestamp"":""2025-03-28T15:33:04.011943+0000"",""flow_id"":2241746950516912,""in_iface"":""ens5"",""event_type"":""alert"",""src_ip"":""10.0.4.11"",""src_port"":445,""dest_ip"":""10.0.4.30"",""dest_port"":51732,""proto"":""TCP"",""pkt_src"":""vxlan encapsulation"",""community_id"":""1:l26wQAVnKdA7ahKWpWXMTbHThpY="",""alert"":{""action"":""allowed"",""gid"":1,""signature_id"":211,""rev"":2,""signature"":""NTLMSSP_CHALLENGE"",""category"":"""",""severity"":1,""metadata"":{""ntlmssp"":[""challenge""]}},""tunnel"":{""src_ip"":""10.0.4.30"",""src_port"":65510,""dest_ip"":""10.0.4.9"",""dest_port"":4789,""proto"":""UDP"",""depth"":1,""pkt_src"":""wire/pcap""},""app_proto"":""smb"",""direction"":""to_client"",""flow"":{""pkts_toserver"":325,""pkts_toclient"":320,""bytes_toserver"":117292,""bytes_toclient"":83398,""start"":""2025-03-28T15:33:03.194267+0000"",""src_ip"":""10.0.4.30"",""dest_ip"":""10.0.4.11"",""src_port"":51732,""dest_port"":445},""source"":""suricata""}"
2025-03-28T15:33:05.874Z,DC1,low,5,Logon Failure - Unknown user or bad password,"""An account failed to log on.

Subject:
	Security ID:		S-1-0-0
	Account Name:		-
	Account Domain:		-
	Logon ID:		0x0

Logon Type:			3

Account For Which Logon Failed:
	Security ID:		S-1-0-0
	Account Name:		damon
	Account Domain:		PLUMETECH.LOCAL

Failure Information:
	Failure Reason:		Unknown user name or bad password.
	Status:			0xC000006D
	Sub Status:		0xC000006A

Process Information:
	Caller Process ID:	0x0
	Caller Process Name:	-

Network Information:
	Workstation Name:	-
	Source Network Address:	10.0.4.30
	Source Port:		51732

Detailed Authentication Information:
	Logon Process:		NtLmSsp 
	Authentication Package:	NTLM
	Transited Services:	-
	Package Name (NTLM only):	-
	Key Length:		0

This event is generated when a logon request fails. It is generated on the computer where access was attempted.

The Subject fields indicate the account on the local system which requested the logon. This is most commonly a service such as the Server service, or a local process such as Winlogon.exe or Services.exe.

The Logon Type field indicates the kind of logon that was requested. The most common types are 2 (interactive) and 3 (network).

The Process Information fields indicate which account and process on the system requested the logon.

The Network Information fields indicate where a remote logon request originated. Workstation name is not always available and may be left blank in some cases.

The authentication information fields provide detailed information about this specific logon request.
	- Transited services indicate which intermediate services have participated in this logon request.
	- Package name indicates which sub-protocol was used among the NTLM protocols.
	- Key length indicates the length of the generated session key. This will be 0 if no session key was requested."""
