2025-03-28T09:57:15.328Z,OTDC1,low,3,Windows Logon Success,"""An account was successfully logged on.

Subject:
	Security ID:		S-1-0-0
	Account Name:		-
	Account Domain:		-
	Logon ID:		0x0

Logon Information:
	Logon Type:		3
	Restricted Admin Mode:	-
	Virtual Account:		No
	Elevated Token:		Yes

Impersonation Level:		Impersonation

New Logon:
	Security ID:		S-1-5-18
	Account Name:		OTDC1$
	Account Domain:		PLUMETECH-OT.LOCAL
	Logon ID:		0x13ACA4A
	Linked Logon ID:		0x0
	Network Account Name:	-
	Network Account Domain:	-
	Logon GUID:		{cef423a1-137b-87e4-9359-83b45a671066}

Process Information:
	Process ID:		0x0
	Process Name:		-

Network Information:
	Workstation Name:	-
	Source Network Address:	::1
	Source Port:		0

Detailed Authentication Information:
	Logon Process:		Kerberos
	Authentication Package:	Kerberos
	Transited Services:	-
	Package Name (NTLM only):	-
	Key Length:		0

This event is generated when a logon session is created. It is generated on the computer that was accessed.

The subject fields indicate the account on the local system which requested the logon. This is most commonly a service such as the Server service, or a local process such as Winlogon.exe or Services.exe.

The logon type field indicates the kind of logon that occurred. The most common types are 2 (interactive) and 3 (network).

The New Logon fields indicate the account for whom the new logon was created, i.e. the account that was logged on.

The network fields indicate where a remote logon request originated. Workstation name is not always available and may be left blank in some cases.

The impersonation level field indicates the extent to which a process in the logon session can impersonate.

The authentication information fields provide detailed information about this specific logon request.
	- Logon GUID is a unique identifier that can be used to correlate this event with a KDC event.
	- Transited services indicate which intermediate services have participated in this logon request.
	- Package name indicates which sub-protocol was used among the NTLM protocols.
	- Key length indicates the length of the generated session key. This will be 0 if no session key was requested."""
2025-03-28T09:57:15.359Z,OTDC1,low,3,Windows Logon Success,"""An account was successfully logged on.

Subject:
	Security ID:		S-1-0-0
	Account Name:		-
	Account Domain:		-
	Logon ID:		0x0

Logon Information:
	Logon Type:		3
	Restricted Admin Mode:	-
	Virtual Account:		No
	Elevated Token:		Yes

Impersonation Level:		Impersonation

New Logon:
	Security ID:		S-1-5-18
	Account Name:		OTDC1$
	Account Domain:		PLUMETECH-OT.LOCAL
	Logon ID:		0x13ACBD0
	Linked Logon ID:		0x0
	Network Account Name:	-
	Network Account Domain:	-
	Logon GUID:		{cef423a1-137b-87e4-9359-83b45a671066}

Process Information:
	Process ID:		0x0
	Process Name:		-

Network Information:
	Workstation Name:	-
	Source Network Address:	::1
	Source Port:		0

Detailed Authentication Information:
	Logon Process:		Kerberos
	Authentication Package:	Kerberos
	Transited Services:	-
	Package Name (NTLM only):	-
	Key Length:		0

This event is generated when a logon session is created. It is generated on the computer that was accessed.

The subject fields indicate the account on the local system which requested the logon. This is most commonly a service such as the Server service, or a local process such as Winlogon.exe or Services.exe.

The logon type field indicates the kind of logon that occurred. The most common types are 2 (interactive) and 3 (network).

The New Logon fields indicate the account for whom the new logon was created, i.e. the account that was logged on.

The network fields indicate where a remote logon request originated. Workstation name is not always available and may be left blank in some cases.

The impersonation level field indicates the extent to which a process in the logon session can impersonate.

The authentication information fields provide detailed information about this specific logon request.
	- Logon GUID is a unique identifier that can be used to correlate this event with a KDC event.
	- Transited services indicate which intermediate services have participated in this logon request.
	- Package name indicates which sub-protocol was used among the NTLM protocols.
	- Key length indicates the length of the generated session key. This will be 0 if no session key was requested."""
2025-03-28T09:57:26.223Z,FS1,low,3,Windows Logon Success,"""An account was successfully logged on.

Subject:
	Security ID:		S-1-5-18
	Account Name:		FS1$
	Account Domain:		PLUMETECH
	Logon ID:		0x3E7

Logon Information:
	Logon Type:		5
	Restricted Admin Mode:	-
	Virtual Account:		No
	Elevated Token:		Yes

Impersonation Level:		Impersonation

New Logon:
	Security ID:		S-1-5-18
	Account Name:		SYSTEM
	Account Domain:		NT AUTHORITY
	Logon ID:		0x3E7
	Linked Logon ID:		0x0
	Network Account Name:	-
	Network Account Domain:	-
	Logon GUID:		{00000000-0000-0000-0000-000000000000}

Process Information:
	Process ID:		0x334
	Process Name:		C:\Windows\System32\services.exe

Network Information:
	Workstation Name:	-
	Source Network Address:	-
	Source Port:		-

Detailed Authentication Information:
	Logon Process:		Advapi  
	Authentication Package:	Negotiate
	Transited Services:	-
	Package Name (NTLM only):	-
	Key Length:		0

This event is generated when a logon session is created. It is generated on the computer that was accessed.

The subject fields indicate the account on the local system which requested the logon. This is most commonly a service such as the Server service, or a local process such as Winlogon.exe or Services.exe.

The logon type field indicates the kind of logon that occurred. The most common types are 2 (interactive) and 3 (network).

The New Logon fields indicate the account for whom the new logon was created, i.e. the account that was logged on.

The network fields indicate where a remote logon request originated. Workstation name is not always available and may be left blank in some cases.

The impersonation level field indicates the extent to which a process in the logon session can impersonate.

The authentication information fields provide detailed information about this specific logon request.
	- Logon GUID is a unique identifier that can be used to correlate this event with a KDC event.
	- Transited services indicate which intermediate services have participated in this logon request.
	- Package name indicates which sub-protocol was used among the NTLM protocols.
	- Key length indicates the length of the generated session key. This will be 0 if no session key was requested."""
2025-03-28T09:57:36.075Z,ENG1,low,3,Windows Logon Success,"""An account was successfully logged on.

Subject:
	Security ID:		S-1-5-18
	Account Name:		ENG1$
	Account Domain:		WORKGROUP
	Logon ID:		0x3E7

Logon Information:
	Logon Type:		5
	Restricted Admin Mode:	-
	Remote Credential Guard:	-
	Virtual Account:		No
	Elevated Token:		Yes

Impersonation Level:		Impersonation

New Logon:
	Security ID:		S-1-5-18
	Account Name:		SYSTEM
	Account Domain:		NT AUTHORITY
	Logon ID:		0x3E7
	Linked Logon ID:		0x0
	Network Account Name:	-
	Network Account Domain:	-
	Logon GUID:		{00000000-0000-0000-0000-000000000000}

Process Information:
	Process ID:		0x390
	Process Name:		C:\Windows\System32\services.exe

Network Information:
	Workstation Name:	-
	Source Network Address:	-
	Source Port:		-

Detailed Authentication Information:
	Logon Process:		Advapi  
	Authentication Package:	Negotiate
	Transited Services:	-
	Package Name (NTLM only):	-
	Key Length:		0

This event is generated when a logon session is created. It is generated on the computer that was accessed.

The subject fields indicate the account on the local system which requested the logon. This is most commonly a service such as the Server service, or a local process such as Winlogon.exe or Services.exe.

The logon type field indicates the kind of logon that occurred. The most common types are 2 (interactive) and 3 (network).

The New Logon fields indicate the account for whom the new logon was created, i.e. the account that was logged on.

The network fields indicate where a remote logon request originated. Workstation name is not always available and may be left blank in some cases.

The impersonation level field indicates the extent to which a process in the logon session can impersonate.

The authentication information fields provide detailed information about this specific logon request.
	- Logon GUID is a unique identifier that can be used to correlate this event with a KDC event.
	- Transited services indicate which intermediate services have participated in this logon request.
	- Package name indicates which sub-protocol was used among the NTLM protocols.
	- Key length indicates the length of the generated session key. This will be 0 if no session key was requested."""
2025-03-28T09:57:37.632Z,ENG1,low,3,Windows Logon Success,"""An account was successfully logged on.

Subject:
	Security ID:		S-1-5-18
	Account Name:		ENG1$
	Account Domain:		WORKGROUP
	Logon ID:		0x3E7

Logon Information:
	Logon Type:		5
	Restricted Admin Mode:	-
	Remote Credential Guard:	-
	Virtual Account:		No
	Elevated Token:		Yes

Impersonation Level:		Impersonation

New Logon:
	Security ID:		S-1-5-18
	Account Name:		SYSTEM
	Account Domain:		NT AUTHORITY
	Logon ID:		0x3E7
	Linked Logon ID:		0x0
	Network Account Name:	-
	Network Account Domain:	-
	Logon GUID:		{00000000-0000-0000-0000-000000000000}

Process Information:
	Process ID:		0x390
	Process Name:		C:\Windows\System32\services.exe

Network Information:
	Workstation Name:	-
	Source Network Address:	-
	Source Port:		-

Detailed Authentication Information:
	Logon Process:		Advapi  
	Authentication Package:	Negotiate
	Transited Services:	-
	Package Name (NTLM only):	-
	Key Length:		0

This event is generated when a logon session is created. It is generated on the computer that was accessed.

The subject fields indicate the account on the local system which requested the logon. This is most commonly a service such as the Server service, or a local process such as Winlogon.exe or Services.exe.

The logon type field indicates the kind of logon that occurred. The most common types are 2 (interactive) and 3 (network).

The New Logon fields indicate the account for whom the new logon was created, i.e. the account that was logged on.

The network fields indicate where a remote logon request originated. Workstation name is not always available and may be left blank in some cases.

The impersonation level field indicates the extent to which a process in the logon session can impersonate.

The authentication information fields provide detailed information about this specific logon request.
	- Logon GUID is a unique identifier that can be used to correlate this event with a KDC event.
	- Transited services indicate which intermediate services have participated in this logon request.
	- Package name indicates which sub-protocol was used among the NTLM protocols.
	- Key length indicates the length of the generated session key. This will be 0 if no session key was requested."""
2025-03-28T09:57:41.549Z,DC1,low,3,Windows Logon Success,"""An account was successfully logged on.

Subject:
	Security ID:		S-1-5-18
	Account Name:		DC1$
	Account Domain:		PLUMETECH
	Logon ID:		0x3E7

Logon Information:
	Logon Type:		5
	Restricted Admin Mode:	-
	Virtual Account:		No
	Elevated Token:		Yes

Impersonation Level:		Impersonation

New Logon:
	Security ID:		S-1-5-18
	Account Name:		SYSTEM
	Account Domain:		NT AUTHORITY
	Logon ID:		0x3E7
	Linked Logon ID:		0x0
	Network Account Name:	-
	Network Account Domain:	-
	Logon GUID:		{00000000-0000-0000-0000-000000000000}

Process Information:
	Process ID:		0x338
	Process Name:		C:\Windows\System32\services.exe

Network Information:
	Workstation Name:	-
	Source Network Address:	-
	Source Port:		-

Detailed Authentication Information:
	Logon Process:		Advapi  
	Authentication Package:	Negotiate
	Transited Services:	-
	Package Name (NTLM only):	-
	Key Length:		0

This event is generated when a logon session is created. It is generated on the computer that was accessed.

The subject fields indicate the account on the local system which requested the logon. This is most commonly a service such as the Server service, or a local process such as Winlogon.exe or Services.exe.

The logon type field indicates the kind of logon that occurred. The most common types are 2 (interactive) and 3 (network).

The New Logon fields indicate the account for whom the new logon was created, i.e. the account that was logged on.

The network fields indicate where a remote logon request originated. Workstation name is not always available and may be left blank in some cases.

The impersonation level field indicates the extent to which a process in the logon session can impersonate.

The authentication information fields provide detailed information about this specific logon request.
	- Logon GUID is a unique identifier that can be used to correlate this event with a KDC event.
	- Transited services indicate which intermediate services have participated in this logon request.
	- Package name indicates which sub-protocol was used among the NTLM protocols.
	- Key length indicates the length of the generated session key. This will be 0 if no session key was requested."""
2025-03-28T09:57:42.911Z,OTDC1,low,3,Windows Logon Success,"""An account was successfully logged on.

Subject:
	Security ID:		S-1-0-0
	Account Name:		-
	Account Domain:		-
	Logon ID:		0x0

Logon Information:
	Logon Type:		3
	Restricted Admin Mode:	-
	Virtual Account:		No
	Elevated Token:		Yes

Impersonation Level:		Impersonation

New Logon:
	Security ID:		S-1-5-18
	Account Name:		OTDC1$
	Account Domain:		PLUMETECH-OT.LOCAL
	Logon ID:		0x13AE549
	Linked Logon ID:		0x0
	Network Account Name:	-
	Network Account Domain:	-
	Logon GUID:		{7e70aad8-ff7c-445b-1e89-ec65cb914a8c}

Process Information:
	Process ID:		0x0
	Process Name:		-

Network Information:
	Workstation Name:	-
	Source Network Address:	::1
	Source Port:		57596

Detailed Authentication Information:
	Logon Process:		Kerberos
	Authentication Package:	Kerberos
	Transited Services:	-
	Package Name (NTLM only):	-
	Key Length:		0

This event is generated when a logon session is created. It is generated on the computer that was accessed.

The subject fields indicate the account on the local system which requested the logon. This is most commonly a service such as the Server service, or a local process such as Winlogon.exe or Services.exe.

The logon type field indicates the kind of logon that occurred. The most common types are 2 (interactive) and 3 (network).

The New Logon fields indicate the account for whom the new logon was created, i.e. the account that was logged on.

The network fields indicate where a remote logon request originated. Workstation name is not always available and may be left blank in some cases.

The impersonation level field indicates the extent to which a process in the logon session can impersonate.

The authentication information fields provide detailed information about this specific logon request.
	- Logon GUID is a unique identifier that can be used to correlate this event with a KDC event.
	- Transited services indicate which intermediate services have participated in this logon request.
	- Package name indicates which sub-protocol was used among the NTLM protocols.
	- Key length indicates the length of the generated session key. This will be 0 if no session key was requested."""
2025-03-28T09:57:47.800Z,FS1,low,5,Registry Key Integrity Checksum Changed,"Registry Key '[x32] HKEY_LOCAL_MACHINE\Security\Policy\Accounts' modified
Mode: scheduled
Changed attributes: mtime
Group ownership was 'S-1-5-32-544', now it is 'S-1-5-18'
Old modification time was: '1743152342', now it is '1743154142'
"
2025-03-28T09:57:47.845Z,FS1,low,5,Registry Key Integrity Checksum Changed,"Registry Key '[x32] HKEY_LOCAL_MACHINE\Security\RXACT' modified
Mode: scheduled
Changed attributes: mtime
Group ownership was 'S-1-5-32-544', now it is 'S-1-5-18'
Old modification time was: '1743153740', now it is '1743154142'
"
2025-03-28T09:57:47.865Z,suricata,low,3,NTLM Challenge from 10.0.2.11 to 10.0.2.30,"{""timestamp"":""2025-03-28T09:57:47.594579+0000"",""flow_id"":1056019544287744,""in_iface"":""ens5"",""event_type"":""alert"",""src_ip"":""10.0.2.11"",""src_port"":445,""dest_ip"":""10.0.2.30"",""dest_port"":57312,""proto"":""TCP"",""pkt_src"":""vxlan encapsulation"",""community_id"":""1:V47Ay0kfPOKTA/mqLG2xfveru6g="",""alert"":{""action"":""allowed"",""gid"":1,""signature_id"":21,""rev"":2,""signature"":""NTLMSSP_CHALLENGE"",""category"":"""",""severity"":1,""metadata"":{""ntlmssp"":[""challenge""]}},""tunnel"":{""src_ip"":""10.0.2.11"",""src_port"":65514,""dest_ip"":""10.0.2.9"",""dest_port"":4789,""proto"":""UDP"",""depth"":1,""pkt_src"":""wire/pcap""},""app_proto"":""smb"",""direction"":""to_client"",""flow"":{""pkts_toserver"":39,""pkts_toclient"":25,""bytes_toserver"":4436,""bytes_toclient"":5340,""start"":""2025-03-28T09:57:47.311409+0000"",""src_ip"":""10.0.2.30"",""dest_ip"":""10.0.2.11"",""src_port"":57312,""dest_port"":445},""capture_file"":""/var/log/suricata/nsm_data//log.pcap.1743155225"",""source"":""suricata""}"
2025-03-28T09:57:47.866Z,suricata,low,3,NTLM Challenge from 10.0.2.11 to 10.0.2.30,"{""timestamp"":""2025-03-28T09:57:47.594579+0000"",""flow_id"":1056019544287744,""in_iface"":""ens5"",""event_type"":""alert"",""src_ip"":""10.0.2.11"",""src_port"":445,""dest_ip"":""10.0.2.30"",""dest_port"":57312,""proto"":""TCP"",""pkt_src"":""vxlan encapsulation"",""community_id"":""1:V47Ay0kfPOKTA/mqLG2xfveru6g="",""alert"":{""action"":""allowed"",""gid"":1,""signature_id"":211,""rev"":2,""signature"":""NTLMSSP_CHALLENGE"",""category"":"""",""severity"":1,""metadata"":{""ntlmssp"":[""challenge""]}},""tunnel"":{""src_ip"":""10.0.2.11"",""src_port"":65514,""dest_ip"":""10.0.2.9"",""dest_port"":4789,""proto"":""UDP"",""depth"":1,""pkt_src"":""wire/pcap""},""app_proto"":""smb"",""direction"":""to_client"",""flow"":{""pkts_toserver"":39,""pkts_toclient"":25,""bytes_toserver"":4436,""bytes_toclient"":5340,""start"":""2025-03-28T09:57:47.311409+0000"",""src_ip"":""10.0.2.30"",""dest_ip"":""10.0.2.11"",""src_port"":57312,""dest_port"":445},""capture_file"":""/var/log/suricata/nsm_data//log.pcap.1743155225"",""source"":""suricata""}"
2025-03-28T09:57:48.330Z,DC1,low,6,"Successful Remote Logon Detected - User:\ANONYMOUS LOGON - NTLM authentication, possible pass-the-hash attack.","{""win"":{""system"":{""providerName"":""Microsoft-Windows-Security-Auditing"",""providerGuid"":""{54849625-5478-4994-a5ba-3e3b0328c30d}"",""eventID"":""4624"",""version"":""2"",""level"":""0"",""task"":""12544"",""opcode"":""0"",""keywords"":""0x8020000000000000"",""systemTime"":""2025-03-28T09:57:47.5529291Z"",""eventRecordID"":""260453"",""processID"":""832"",""threadID"":""6084"",""channel"":""Security"",""computer"":""DC1.PLUMETECH.LOCAL"",""severityValue"":""AUDIT_SUCCESS"",""message"":""\""An account was successfully logged on.\r\n\r\nSubject:\r\n\tSecurity ID:\t\tS-1-0-0\r\n\tAccount Name:\t\t-\r\n\tAccount Domain:\t\t-\r\n\tLogon ID:\t\t0x0\r\n\r\nLogon Information:\r\n\tLogon Type:\t\t3\r\n\tRestricted Admin Mode:\t-\r\n\tVirtual Account:\t\tNo\r\n\tElevated Token:\t\tNo\r\n\r\nImpersonation Level:\t\tImpersonation\r\n\r\nNew Logon:\r\n\tSecurity ID:\t\tS-1-5-7\r\n\tAccount Name:\t\tANONYMOUS LOGON\r\n\tAccount Domain:\t\tNT AUTHORITY\r\n\tLogon ID:\t\t0x166CB62\r\n\tLinked Logon ID:\t\t0x0\r\n\tNetwork Account Name:\t-\r\n\tNetwork Account Domain:\t-\r\n\tLogon GUID:\t\t{00000000-0000-0000-0000-000000000000}\r\n\r\nProcess Information:\r\n\tProcess ID:\t\t0x0\r\n\tProcess Name:\t\t-\r\n\r\nNetwork Information:\r\n\tWorkstation Name:\t-\r\n\tSource Network Address:\t10.0.2.30\r\n\tSource Port:\t\t57312\r\n\r\nDetailed Authentication Information:\r\n\tLogon Process:\t\tNtLmSsp \r\n\tAuthentication Package:\tNTLM\r\n\tTransited Services:\t-\r\n\tPackage Name (NTLM only):\tNTLM V1\r\n\tKey Length:\t\t128\r\n\r\nThis event is generated when a logon session is created. It is generated on the computer that was accessed.\r\n\r\nThe subject fields indicate the account on the local system which requested the logon. This is most commonly a service such as the Server service, or a local process such as Winlogon.exe or Services.exe.\r\n\r\nThe logon type field indicates the kind of logon that occurred. The most common types are 2 (interactive) and 3 (network).\r\n\r\nThe New Logon fields indicate the account for whom the new logon was created, i.e. the account that was logged on.\r\n\r\nThe network fields indicate where a remote logon request originated. Workstation name is not always available and may be left blank in some cases.\r\n\r\nThe impersonation level field indicates the extent to which a process in the logon session can impersonate.\r\n\r\nThe authentication information fields provide detailed information about this specific logon request.\r\n\t- Logon GUID is a unique identifier that can be used to correlate this event with a KDC event.\r\n\t- Transited services indicate which intermediate services have participated in this logon request.\r\n\t- Package name indicates which sub-protocol was used among the NTLM protocols.\r\n\t- Key length indicates the length of the generated session key. This will be 0 if no session key was requested.\""""},""eventdata"":{""subjectUserSid"":""S-1-0-0"",""subjectLogonId"":""0x0"",""targetUserSid"":""S-1-5-7"",""targetUserName"":""ANONYMOUS LOGON"",""targetDomainName"":""NT AUTHORITY"",""targetLogonId"":""0x166cb62"",""logonType"":""3"",""logonProcessName"":""NtLmSsp"",""authenticationPackageName"":""NTLM"",""logonGuid"":""{00000000-0000-0000-0000-000000000000}"",""lmPackageName"":""NTLM V1"",""keyLength"":""128"",""processId"":""0x0"",""ipAddress"":""10.0.2.30"",""ipPort"":""57312"",""impersonationLevel"":""%%1833"",""virtualAccount"":""%%1843"",""targetLinkedLogonId"":""0x0"",""elevatedToken"":""%%1843""}}}"
2025-03-28T09:57:48.334Z,DC1,low,6,"Successful Remote Logon Detected - User:\martin - NTLM authentication, possible pass-the-hash attack.","{""win"":{""system"":{""providerName"":""Microsoft-Windows-Security-Auditing"",""providerGuid"":""{54849625-5478-4994-a5ba-3e3b0328c30d}"",""eventID"":""4624"",""version"":""2"",""level"":""0"",""task"":""12544"",""opcode"":""0"",""keywords"":""0x8020000000000000"",""systemTime"":""2025-03-28T09:57:47.6066098Z"",""eventRecordID"":""260454"",""processID"":""832"",""threadID"":""2532"",""channel"":""Security"",""computer"":""DC1.PLUMETECH.LOCAL"",""severityValue"":""AUDIT_SUCCESS"",""message"":""\""An account was successfully logged on.\r\n\r\nSubject:\r\n\tSecurity ID:\t\tS-1-0-0\r\n\tAccount Name:\t\t-\r\n\tAccount Domain:\t\t-\r\n\tLogon ID:\t\t0x0\r\n\r\nLogon Information:\r\n\tLogon Type:\t\t3\r\n\tRestricted Admin Mode:\t-\r\n\tVirtual Account:\t\tNo\r\n\tElevated Token:\t\tYes\r\n\r\nImpersonation Level:\t\tImpersonation\r\n\r\nNew Logon:\r\n\tSecurity ID:\t\tS-1-5-21-742041295-2727698780-1124300366-1105\r\n\tAccount Name:\t\tmartin\r\n\tAccount Domain:\t\tPLUMETECH\r\n\tLogon ID:\t\t0x166CCE1\r\n\tLinked Logon ID:\t\t0x0\r\n\tNetwork Account Name:\t-\r\n\tNetwork Account Domain:\t-\r\n\tLogon GUID:\t\t{00000000-0000-0000-0000-000000000000}\r\n\r\nProcess Information:\r\n\tProcess ID:\t\t0x0\r\n\tProcess Name:\t\t-\r\n\r\nNetwork Information:\r\n\tWorkstation Name:\t-\r\n\tSource Network Address:\t10.0.2.30\r\n\tSource Port:\t\t53758\r\n\r\nDetailed Authentication Information:\r\n\tLogon Process:\t\tNtLmSsp \r\n\tAuthentication Package:\tNTLM\r\n\tTransited Services:\t-\r\n\tPackage Name (NTLM only):\tNTLM V2\r\n\tKey Length:\t\t0\r\n\r\nThis event is generated when a logon session is created. It is generated on the computer that was accessed.\r\n\r\nThe subject fields indicate the account on the local system which requested the logon. This is most commonly a service such as the Server service, or a local process such as Winlogon.exe or Services.exe.\r\n\r\nThe logon type field indicates the kind of logon that occurred. The most common types are 2 (interactive) and 3 (network).\r\n\r\nThe New Logon fields indicate the account for whom the new logon was created, i.e. the account that was logged on.\r\n\r\nThe network fields indicate where a remote logon request originated. Workstation name is not always available and may be left blank in some cases.\r\n\r\nThe impersonation level field indicates the extent to which a process in the logon session can impersonate.\r\n\r\nThe authentication information fields provide detailed information about this specific logon request.\r\n\t- Logon GUID is a unique identifier that can be used to correlate this event with a KDC event.\r\n\t- Transited services indicate which intermediate services have participated in this logon request.\r\n\t- Package name indicates which sub-protocol was used among the NTLM protocols.\r\n\t- Key length indicates the length of the generated session key. This will be 0 if no session key was requested.\""""},""eventdata"":{""subjectUserSid"":""S-1-0-0"",""subjectLogonId"":""0x0"",""targetUserSid"":""S-1-5-21-742041295-2727698780-1124300366-1105"",""targetUserName"":""martin"",""targetDomainName"":""PLUMETECH"",""targetLogonId"":""0x166cce1"",""logonType"":""3"",""logonProcessName"":""NtLmSsp"",""authenticationPackageName"":""NTLM"",""logonGuid"":""{00000000-0000-0000-0000-000000000000}"",""lmPackageName"":""NTLM V2"",""keyLength"":""0"",""processId"":""0x0"",""ipAddress"":""10.0.2.30"",""ipPort"":""53758"",""impersonationLevel"":""%%1833"",""virtualAccount"":""%%1843"",""targetLinkedLogonId"":""0x0"",""elevatedToken"":""%%1842""}}}"
2025-03-28T09:57:50.692Z,DC1,low,4,LDAP Query from : ,"2025-03-28T10:57:12.789+01:00 DC1.PLUMETECH.LOCAL LDAPQueryLogParser: date=2025-03-28 time=10:57:12 hostname=DC1.PLUMETECH.LOCAL srcip=10.0.2.30 win.eventdata.ipAddress=::ffff:10.0.2.30 srcport=43492 user=PLUMETECH\martin filter=""( &  (objectCategory=CN=Person,CN=Schema,CN=Configuration,DC=PLUMETECH,DC=LOCAL)  (sAMAccountName=martin)  ( |  (memberOf<==>CN=Server Operators,CN=Builtin,DC=PLUMETECH,DC=LOCAL)  (memberOf<==>CN=Backup Operators,CN=Builtin,DC=PLUMETECH,DC=LOCAL)  (memberOf<==>CN=Domain Admins,CN=Users,DC=PLUMETECH,DC=LOCAL)  (memberOf<==>CN=Enterprise Admins,CN=Users,DC=PLUMETECH,DC=LOCAL) ) )"" scope=subtree startingnode=DC=PLUMETECH,DC=LOCAL attributeselection=[]"
2025-03-28T09:57:50.732Z,DC1,low,4,LDAP Query from 10.0.2.30: (userAccountControl&8192),"2025-03-28T10:57:12.774+01:00 DC1.PLUMETECH.LOCAL LDAPQueryLogParser: date=2025-03-28 time=10:57:12 hostname=DC1.PLUMETECH.LOCAL srcip=10.0.2.30 win.eventdata.ipAddress=::ffff:10.0.2.30 srcport=43492 user=PLUMETECH\martin filter=""(userAccountControl&8192)"" scope=subtree startingnode=DC=PLUMETECH,DC=LOCAL attributeselection=objectSid"
2025-03-28T09:57:55.813Z,JUMP,low,3,Windows Logon Success,"""An account was successfully logged on.

Subject:
	Security ID:		S-1-5-18
	Account Name:		JUMP$
	Account Domain:		PLUMETECH-OT
	Logon ID:		0x3E7

Logon Information:
	Logon Type:		5
	Restricted Admin Mode:	-
	Virtual Account:		No
	Elevated Token:		Yes

Impersonation Level:		Impersonation

New Logon:
	Security ID:		S-1-5-18
	Account Name:		SYSTEM
	Account Domain:		NT AUTHORITY
	Logon ID:		0x3E7
	Linked Logon ID:		0x0
	Network Account Name:	-
	Network Account Domain:	-
	Logon GUID:		{00000000-0000-0000-0000-000000000000}

Process Information:
	Process ID:		0x330
	Process Name:		C:\Windows\System32\services.exe

Network Information:
	Workstation Name:	-
	Source Network Address:	-
	Source Port:		-

Detailed Authentication Information:
	Logon Process:		Advapi  
	Authentication Package:	Negotiate
	Transited Services:	-
	Package Name (NTLM only):	-
	Key Length:		0

This event is generated when a logon session is created. It is generated on the computer that was accessed.

The subject fields indicate the account on the local system which requested the logon. This is most commonly a service such as the Server service, or a local process such as Winlogon.exe or Services.exe.

The logon type field indicates the kind of logon that occurred. The most common types are 2 (interactive) and 3 (network).

The New Logon fields indicate the account for whom the new logon was created, i.e. the account that was logged on.

The network fields indicate where a remote logon request originated. Workstation name is not always available and may be left blank in some cases.

The impersonation level field indicates the extent to which a process in the logon session can impersonate.

The authentication information fields provide detailed information about this specific logon request.
	- Logon GUID is a unique identifier that can be used to correlate this event with a KDC event.
	- Transited services indicate which intermediate services have participated in this logon request.
	- Package name indicates which sub-protocol was used among the NTLM protocols.
	- Key length indicates the length of the generated session key. This will be 0 if no session key was requested."""
2025-03-28T09:58:06.987Z,FS1,low,5,Registry Key Integrity Checksum Changed,"Registry Key '[x32] HKEY_LOCAL_MACHINE\System\CurrentControlSet\Services\CSAgent\Sim' modified
Mode: scheduled
Changed attributes: mtime
Group ownership was 'S-1-5-32-544', now it is 'S-1-5-18'
Old modification time was: '1743147837', now it is '1743154920'
"
2025-03-28T09:58:07.028Z,FS1,low,5,Registry Value Integrity Checksum Changed,"Registry Value '[x32] HKEY_LOCAL_MACHINE\System\CurrentControlSet\Services\CSAgent\Sim\NT' modified
Mode: scheduled
Changed attributes: md5,sha1,sha256
Old md5sum was: '4d8c94cc3f66917f08bffb685cddd399'
New md5sum is : '353eb827d60388b8eb5c13d9f76881a5'
Old sha1sum was: 'dda431f16272ee042c8aa7a53ed1a442c64bd780'
New sha1sum is : '1deb034bfb25008801d7f32e4a4f87b1e4935006'
Old sha256sum was: '7a6b6360c22e911e0aa6cbc33c667074c2ce2a7e7939e790e2586a615804e05d'
New sha256sum is : 'f26bdb0dc0225a9c6f649b2163302b65a15c31b16613df5f189768fd7167211b'
"
2025-03-28T09:58:07.847Z,DC1,low,3,Windows Logon Success,"""An account was successfully logged on.

Subject:
	Security ID:		S-1-0-0
	Account Name:		-
	Account Domain:		-
	Logon ID:		0x0

Logon Information:
	Logon Type:		3
	Restricted Admin Mode:	-
	Virtual Account:		No
	Elevated Token:		Yes

Impersonation Level:		Impersonation

New Logon:
	Security ID:		S-1-5-18
	Account Name:		DC1$
	Account Domain:		PLUMETECH.LOCAL
	Logon ID:		0x1678AAE
	Linked Logon ID:		0x0
	Network Account Name:	-
	Network Account Domain:	-
	Logon GUID:		{135076b4-c946-31b9-05a5-29a4c0549096}

Process Information:
	Process ID:		0x0
	Process Name:		-

Network Information:
	Workstation Name:	-
	Source Network Address:	::1
	Source Port:		59116

Detailed Authentication Information:
	Logon Process:		Kerberos
	Authentication Package:	Kerberos
	Transited Services:	-
	Package Name (NTLM only):	-
	Key Length:		0

This event is generated when a logon session is created. It is generated on the computer that was accessed.

The subject fields indicate the account on the local system which requested the logon. This is most commonly a service such as the Server service, or a local process such as Winlogon.exe or Services.exe.

The logon type field indicates the kind of logon that occurred. The most common types are 2 (interactive) and 3 (network).

The New Logon fields indicate the account for whom the new logon was created, i.e. the account that was logged on.

The network fields indicate where a remote logon request originated. Workstation name is not always available and may be left blank in some cases.

The impersonation level field indicates the extent to which a process in the logon session can impersonate.

The authentication information fields provide detailed information about this specific logon request.
	- Logon GUID is a unique identifier that can be used to correlate this event with a KDC event.
	- Transited services indicate which intermediate services have participated in this logon request.
	- Package name indicates which sub-protocol was used among the NTLM protocols.
	- Key length indicates the length of the generated session key. This will be 0 if no session key was requested."""
2025-03-28T09:58:11.843Z,suricata,high,13,High Suricata Alert: ET EXPLOIT Possible GoldenPac Priv Esc in-use,"{""timestamp"":""2025-03-28T09:58:11.602540+0000"",""flow_id"":862141820129466,""in_iface"":""ens5"",""event_type"":""alert"",""src_ip"":""10.0.2.30"",""src_port"":55436,""dest_ip"":""10.0.2.11"",""dest_port"":88,""proto"":""TCP"",""pkt_src"":""vxlan encapsulation"",""community_id"":""1:/xufjWxR42JN5+6vX9Pxz7k3ycw="",""alert"":{""action"":""allowed"",""gid"":1,""signature_id"":2019922,""rev"":4,""signature"":""ET EXPLOIT Possible GoldenPac Priv Esc in-use"",""category"":""Attempted Administrator Privilege Gain"",""severity"":1,""metadata"":{""confidence"":[""Medium""],""created_at"":[""2014_12_12""],""reviewed_at"":[""2024_03_26""],""signature_severity"":[""Major""],""tag"":[""CISA_KEV""],""updated_at"":[""2022_03_24""]}},""tunnel"":{""src_ip"":""10.0.2.9"",""src_port"":4789,""dest_ip"":""10.0.2.8"",""dest_port"":4789,""proto"":""UDP"",""depth"":1,""pkt_src"":""wire/pcap""},""app_proto"":""krb5"",""direction"":""to_server"",""flow"":{""pkts_toserver"":11,""pkts_toclient"":9,""bytes_toserver"":1163,""bytes_toclient"":5004,""start"":""2025-03-28T09:58:11.593949+0000"",""src_ip"":""10.0.2.30"",""dest_ip"":""10.0.2.11"",""src_port"":55436,""dest_port"":88},""capture_file"":""/var/log/suricata/nsm_data//log.pcap.1743155225"",""source"":""suricata""}"
2025-03-28T09:58:12.487Z,DC1,low,6,"Successful Remote Logon Detected - User:\ANONYMOUS LOGON - NTLM authentication, possible pass-the-hash attack.","{""win"":{""system"":{""providerName"":""Microsoft-Windows-Security-Auditing"",""providerGuid"":""{54849625-5478-4994-a5ba-3e3b0328c30d}"",""eventID"":""4624"",""version"":""2"",""level"":""0"",""task"":""12544"",""opcode"":""0"",""keywords"":""0x8020000000000000"",""systemTime"":""2025-03-28T09:58:11.6896569Z"",""eventRecordID"":""260456"",""processID"":""832"",""threadID"":""6084"",""channel"":""Security"",""computer"":""DC1.PLUMETECH.LOCAL"",""severityValue"":""AUDIT_SUCCESS"",""message"":""\""An account was successfully logged on.\r\n\r\nSubject:\r\n\tSecurity ID:\t\tS-1-0-0\r\n\tAccount Name:\t\t-\r\n\tAccount Domain:\t\t-\r\n\tLogon ID:\t\t0x0\r\n\r\nLogon Information:\r\n\tLogon Type:\t\t3\r\n\tRestricted Admin Mode:\t-\r\n\tVirtual Account:\t\tNo\r\n\tElevated Token:\t\tNo\r\n\r\nImpersonation Level:\t\tImpersonation\r\n\r\nNew Logon:\r\n\tSecurity ID:\t\tS-1-5-7\r\n\tAccount Name:\t\tANONYMOUS LOGON\r\n\tAccount Domain:\t\tNT AUTHORITY\r\n\tLogon ID:\t\t0x167ADD0\r\n\tLinked Logon ID:\t\t0x0\r\n\tNetwork Account Name:\t-\r\n\tNetwork Account Domain:\t-\r\n\tLogon GUID:\t\t{00000000-0000-0000-0000-000000000000}\r\n\r\nProcess Information:\r\n\tProcess ID:\t\t0x0\r\n\tProcess Name:\t\t-\r\n\r\nNetwork Information:\r\n\tWorkstation Name:\t-\r\n\tSource Network Address:\t10.0.2.30\r\n\tSource Port:\t\t52118\r\n\r\nDetailed Authentication Information:\r\n\tLogon Process:\t\tNtLmSsp \r\n\tAuthentication Package:\tNTLM\r\n\tTransited Services:\t-\r\n\tPackage Name (NTLM only):\tNTLM V1\r\n\tKey Length:\t\t128\r\n\r\nThis event is generated when a logon session is created. It is generated on the computer that was accessed.\r\n\r\nThe subject fields indicate the account on the local system which requested the logon. This is most commonly a service such as the Server service, or a local process such as Winlogon.exe or Services.exe.\r\n\r\nThe logon type field indicates the kind of logon that occurred. The most common types are 2 (interactive) and 3 (network).\r\n\r\nThe New Logon fields indicate the account for whom the new logon was created, i.e. the account that was logged on.\r\n\r\nThe network fields indicate where a remote logon request originated. Workstation name is not always available and may be left blank in some cases.\r\n\r\nThe impersonation level field indicates the extent to which a process in the logon session can impersonate.\r\n\r\nThe authentication information fields provide detailed information about this specific logon request.\r\n\t- Logon GUID is a unique identifier that can be used to correlate this event with a KDC event.\r\n\t- Transited services indicate which intermediate services have participated in this logon request.\r\n\t- Package name indicates which sub-protocol was used among the NTLM protocols.\r\n\t- Key length indicates the length of the generated session key. This will be 0 if no session key was requested.\""""},""eventdata"":{""subjectUserSid"":""S-1-0-0"",""subjectLogonId"":""0x0"",""targetUserSid"":""S-1-5-7"",""targetUserName"":""ANONYMOUS LOGON"",""targetDomainName"":""NT AUTHORITY"",""targetLogonId"":""0x167add0"",""logonType"":""3"",""logonProcessName"":""NtLmSsp"",""authenticationPackageName"":""NTLM"",""logonGuid"":""{00000000-0000-0000-0000-000000000000}"",""lmPackageName"":""NTLM V1"",""keyLength"":""128"",""processId"":""0x0"",""ipAddress"":""10.0.2.30"",""ipPort"":""52118"",""impersonationLevel"":""%%1833"",""virtualAccount"":""%%1843"",""targetLinkedLogonId"":""0x0"",""elevatedToken"":""%%1843""}}}"
