2025-03-28T16:02:32.170Z,DC1,low,4,Detected WinRM activity from 10.0.4.11 to 10.0.4.43,"""Network connection detected:
RuleName: Usermode
UtcTime: 2025-03-28 16:02:29.145
ProcessGuid: {0a2ae400-c6e6-67e6-e801-000000001402}
ProcessId: 4476
Image: C:\Users\plumber\Desktop\win.exe
User: PLUMETECH\plumber
Protocol: tcp
Initiated: true
SourceIsIpv6: false
SourceIp: 10.0.4.11
SourceHostname: DC1.PLUMETECH.LOCAL
SourcePort: 58899
SourcePortName: -
DestinationIsIpv6: false
DestinationIp: 10.0.4.43
DestinationHostname: -
DestinationPort: 5985
DestinationPortName: -"""
2025-03-28T16:02:32.185Z,DC1,low,4,Detected WinRM activity from 10.0.4.11 to 10.0.4.43,"""Network connection detected:
RuleName: Usermode
UtcTime: 2025-03-28 16:02:29.281
ProcessGuid: {0a2ae400-c6e6-67e6-e801-000000001402}
ProcessId: 4476
Image: C:\Users\plumber\Desktop\win.exe
User: PLUMETECH\plumber
Protocol: tcp
Initiated: true
SourceIsIpv6: false
SourceIp: 10.0.4.11
SourceHostname: DC1.PLUMETECH.LOCAL
SourcePort: 58900
SourcePortName: -
DestinationIsIpv6: false
DestinationIp: 10.0.4.43
DestinationHostname: -
DestinationPort: 5985
DestinationPortName: -"""
2025-03-28T16:02:32.185Z,DC1,low,4,Detected WinRM activity from 10.0.4.11 to 10.0.4.43,"""Network connection detected:
RuleName: Usermode
UtcTime: 2025-03-28 16:02:29.290
ProcessGuid: {0a2ae400-c6e6-67e6-e801-000000001402}
ProcessId: 4476
Image: C:\Users\plumber\Desktop\win.exe
User: PLUMETECH\plumber
Protocol: tcp
Initiated: true
SourceIsIpv6: false
SourceIp: 10.0.4.11
SourceHostname: DC1.PLUMETECH.LOCAL
SourcePort: 58901
SourcePortName: -
DestinationIsIpv6: false
DestinationIp: 10.0.4.43
DestinationHostname: -
DestinationPort: 5985
DestinationPortName: -"""
2025-03-28T16:02:33.186Z,DC1,low,4,Detected WinRM activity from 10.0.4.11 to 10.0.4.43,"""Network connection detected:
RuleName: Usermode
UtcTime: 2025-03-28 16:02:29.424
ProcessGuid: {0a2ae400-c6e6-67e6-e801-000000001402}
ProcessId: 4476
Image: C:\Users\plumber\Desktop\win.exe
User: PLUMETECH\plumber
Protocol: tcp
Initiated: true
SourceIsIpv6: false
SourceIp: 10.0.4.11
SourceHostname: DC1.PLUMETECH.LOCAL
SourcePort: 58902
SourcePortName: -
DestinationIsIpv6: false
DestinationIp: 10.0.4.43
DestinationHostname: -
DestinationPort: 5985
DestinationPortName: -"""
2025-03-28T16:02:41.437Z,OTDC1,low,6,"Successful Remote Logon Detected - User:\manuel - NTLM authentication, possible pass-the-hash attack.","{""win"":{""system"":{""providerName"":""Microsoft-Windows-Security-Auditing"",""providerGuid"":""{54849625-5478-4994-a5ba-3e3b0328c30d}"",""eventID"":""4624"",""version"":""2"",""level"":""0"",""task"":""12544"",""opcode"":""0"",""keywords"":""0x8020000000000000"",""systemTime"":""2025-03-28T16:02:40.4363784Z"",""eventRecordID"":""258085"",""processID"":""832"",""threadID"":""2796"",""channel"":""Security"",""computer"":""OTDC1.PLUMETECH-OT.LOCAL"",""severityValue"":""AUDIT_SUCCESS"",""message"":""\""An account was successfully logged on.\r\n\r\nSubject:\r\n\tSecurity ID:\t\tS-1-0-0\r\n\tAccount Name:\t\t-\r\n\tAccount Domain:\t\t-\r\n\tLogon ID:\t\t0x0\r\n\r\nLogon Information:\r\n\tLogon Type:\t\t3\r\n\tRestricted Admin Mode:\t-\r\n\tVirtual Account:\t\tNo\r\n\tElevated Token:\t\tYes\r\n\r\nImpersonation Level:\t\tImpersonation\r\n\r\nNew Logon:\r\n\tSecurity ID:\t\tS-1-5-21-514844351-3181471642-2638765006-1103\r\n\tAccount Name:\t\tmanuel\r\n\tAccount Domain:\t\tPLUMETECH\r\n\tLogon ID:\t\t0xF7C58A\r\n\tLinked Logon ID:\t\t0x0\r\n\tNetwork Account Name:\t-\r\n\tNetwork Account Domain:\t-\r\n\tLogon GUID:\t\t{00000000-0000-0000-0000-000000000000}\r\n\r\nProcess Information:\r\n\tProcess ID:\t\t0x0\r\n\tProcess Name:\t\t-\r\n\r\nNetwork Information:\r\n\tWorkstation Name:\t-\r\n\tSource Network Address:\t10.0.4.11\r\n\tSource Port:\t\t58904\r\n\r\nDetailed Authentication Information:\r\n\tLogon Process:\t\tNtLmSsp \r\n\tAuthentication Package:\tNTLM\r\n\tTransited Services:\t-\r\n\tPackage Name (NTLM only):\tNTLM V2\r\n\tKey Length:\t\t128\r\n\r\nThis event is generated when a logon session is created. It is generated on the computer that was accessed.\r\n\r\nThe subject fields indicate the account on the local system which requested the logon. This is most commonly a service such as the Server service, or a local process such as Winlogon.exe or Services.exe.\r\n\r\nThe logon type field indicates the kind of logon that occurred. The most common types are 2 (interactive) and 3 (network).\r\n\r\nThe New Logon fields indicate the account for whom the new logon was created, i.e. the account that was logged on.\r\n\r\nThe network fields indicate where a remote logon request originated. Workstation name is not always available and may be left blank in some cases.\r\n\r\nThe impersonation level field indicates the extent to which a process in the logon session can impersonate.\r\n\r\nThe authentication information fields provide detailed information about this specific logon request.\r\n\t- Logon GUID is a unique identifier that can be used to correlate this event with a KDC event.\r\n\t- Transited services indicate which intermediate services have participated in this logon request.\r\n\t- Package name indicates which sub-protocol was used among the NTLM protocols.\r\n\t- Key length indicates the length of the generated session key. This will be 0 if no session key was requested.\""""},""eventdata"":{""subjectUserSid"":""S-1-0-0"",""subjectLogonId"":""0x0"",""targetUserSid"":""S-1-5-21-514844351-3181471642-2638765006-1103"",""targetUserName"":""manuel"",""targetDomainName"":""PLUMETECH"",""targetLogonId"":""0xf7c58a"",""logonType"":""3"",""logonProcessName"":""NtLmSsp"",""authenticationPackageName"":""NTLM"",""logonGuid"":""{00000000-0000-0000-0000-000000000000}"",""lmPackageName"":""NTLM V2"",""keyLength"":""128"",""processId"":""0x0"",""ipAddress"":""10.0.4.11"",""ipPort"":""58904"",""impersonationLevel"":""%%1833"",""virtualAccount"":""%%1843"",""targetLinkedLogonId"":""0x0"",""elevatedToken"":""%%1842""}}}"
2025-03-28T16:02:41.440Z,OTDC1,low,3,Windows Logon Success,"""An account was successfully logged on.

Subject:
	Security ID:		S-1-0-0
	Account Name:		-
	Account Domain:		-
	Logon ID:		0x0

Logon Information:
	Logon Type:		3
	Restricted Admin Mode:	-
	Virtual Account:		No
	Elevated Token:		Yes

Impersonation Level:		Impersonation

New Logon:
	Security ID:		S-1-5-18
	Account Name:		OTDC1$
	Account Domain:		PLUMETECH-OT.LOCAL
	Logon ID:		0xF7C5F2
	Linked Logon ID:		0x0
	Network Account Name:	-
	Network Account Domain:	-
	Logon GUID:		{6df6b6b6-07f3-db1d-0578-8ee99788e199}

Process Information:
	Process ID:		0x0
	Process Name:		-

Network Information:
	Workstation Name:	-
	Source Network Address:	::1
	Source Port:		63721

Detailed Authentication Information:
	Logon Process:		Kerberos
	Authentication Package:	Kerberos
	Transited Services:	-
	Package Name (NTLM only):	-
	Key Length:		0

This event is generated when a logon session is created. It is generated on the computer that was accessed.

The subject fields indicate the account on the local system which requested the logon. This is most commonly a service such as the Server service, or a local process such as Winlogon.exe or Services.exe.

The logon type field indicates the kind of logon that occurred. The most common types are 2 (interactive) and 3 (network).

The New Logon fields indicate the account for whom the new logon was created, i.e. the account that was logged on.

The network fields indicate where a remote logon request originated. Workstation name is not always available and may be left blank in some cases.

The impersonation level field indicates the extent to which a process in the logon session can impersonate.

The authentication information fields provide detailed information about this specific logon request.
	- Logon GUID is a unique identifier that can be used to correlate this event with a KDC event.
	- Transited services indicate which intermediate services have participated in this logon request.
	- Package name indicates which sub-protocol was used among the NTLM protocols.
	- Key length indicates the length of the generated session key. This will be 0 if no session key was requested."""
2025-03-28T16:02:42.438Z,DC1,low,4,Detected WinRM activity from 10.0.4.11 to 10.0.4.43,"""Network connection detected:
RuleName: Usermode
UtcTime: 2025-03-28 16:02:39.435
ProcessGuid: {0a2ae400-c6e6-67e6-e801-000000001402}
ProcessId: 4476
Image: C:\Users\plumber\Desktop\win.exe
User: PLUMETECH\plumber
Protocol: tcp
Initiated: true
SourceIsIpv6: false
SourceIp: 10.0.4.11
SourceHostname: DC1.PLUMETECH.LOCAL
SourcePort: 58903
SourcePortName: -
DestinationIsIpv6: false
DestinationIp: 10.0.4.43
DestinationHostname: -
DestinationPort: 5985
DestinationPortName: -"""
2025-03-28T16:02:42.479Z,DC1,low,4,Detected WinRM activity from 10.0.4.11 to 10.0.4.43,"""Network connection detected:
RuleName: Usermode
UtcTime: 2025-03-28 16:02:39.444
ProcessGuid: {0a2ae400-c6e6-67e6-e801-000000001402}
ProcessId: 4476
Image: C:\Users\plumber\Desktop\win.exe
User: PLUMETECH\plumber
Protocol: tcp
Initiated: true
SourceIsIpv6: false
SourceIp: 10.0.4.11
SourceHostname: DC1.PLUMETECH.LOCAL
SourcePort: 58904
SourcePortName: -
DestinationIsIpv6: false
DestinationIp: 10.0.4.43
DestinationHostname: -
DestinationPort: 5985
DestinationPortName: -"""
2025-03-28T16:02:43.469Z,DC1,low,4,Detected WinRM activity from 10.0.4.11 to 10.0.4.43,"""Network connection detected:
RuleName: Usermode
UtcTime: 2025-03-28 16:02:39.580
ProcessGuid: {0a2ae400-c6e6-67e6-e801-000000001402}
ProcessId: 4476
Image: C:\Users\plumber\Desktop\win.exe
User: PLUMETECH\plumber
Protocol: tcp
Initiated: true
SourceIsIpv6: false
SourceIp: 10.0.4.11
SourceHostname: DC1.PLUMETECH.LOCAL
SourcePort: 58905
SourcePortName: -
DestinationIsIpv6: false
DestinationIp: 10.0.4.43
DestinationHostname: -
DestinationPort: 5985
DestinationPortName: -"""
2025-03-28T16:02:47.909Z,DC1,low,3,Windows Logon Success,"""An account was successfully logged on.

Subject:
	Security ID:		S-1-0-0
	Account Name:		-
	Account Domain:		-
	Logon ID:		0x0

Logon Information:
	Logon Type:		3
	Restricted Admin Mode:	-
	Virtual Account:		No
	Elevated Token:		Yes

Impersonation Level:		Impersonation

New Logon:
	Security ID:		S-1-5-18
	Account Name:		DC1$
	Account Domain:		PLUMETECH.LOCAL
	Logon ID:		0x1010C9D
	Linked Logon ID:		0x0
	Network Account Name:	-
	Network Account Domain:	-
	Logon GUID:		{239ca8c2-e800-ce3b-959e-fac857c520e8}

Process Information:
	Process ID:		0x0
	Process Name:		-

Network Information:
	Workstation Name:	-
	Source Network Address:	::1
	Source Port:		58906

Detailed Authentication Information:
	Logon Process:		Kerberos
	Authentication Package:	Kerberos
	Transited Services:	-
	Package Name (NTLM only):	-
	Key Length:		0

This event is generated when a logon session is created. It is generated on the computer that was accessed.

The subject fields indicate the account on the local system which requested the logon. This is most commonly a service such as the Server service, or a local process such as Winlogon.exe or Services.exe.

The logon type field indicates the kind of logon that occurred. The most common types are 2 (interactive) and 3 (network).

The New Logon fields indicate the account for whom the new logon was created, i.e. the account that was logged on.

The network fields indicate where a remote logon request originated. Workstation name is not always available and may be left blank in some cases.

The impersonation level field indicates the extent to which a process in the logon session can impersonate.

The authentication information fields provide detailed information about this specific logon request.
	- Logon GUID is a unique identifier that can be used to correlate this event with a KDC event.
	- Transited services indicate which intermediate services have participated in this logon request.
	- Package name indicates which sub-protocol was used among the NTLM protocols.
	- Key length indicates the length of the generated session key. This will be 0 if no session key was requested."""
2025-03-28T16:02:51.594Z,OTDC1,low,6,"Successful Remote Logon Detected - User:\manuel - NTLM authentication, possible pass-the-hash attack.","{""win"":{""system"":{""providerName"":""Microsoft-Windows-Security-Auditing"",""providerGuid"":""{54849625-5478-4994-a5ba-3e3b0328c30d}"",""eventID"":""4624"",""version"":""2"",""level"":""0"",""task"":""12544"",""opcode"":""0"",""keywords"":""0x8020000000000000"",""systemTime"":""2025-03-28T16:02:50.5928982Z"",""eventRecordID"":""258087"",""processID"":""832"",""threadID"":""2796"",""channel"":""Security"",""computer"":""OTDC1.PLUMETECH-OT.LOCAL"",""severityValue"":""AUDIT_SUCCESS"",""message"":""\""An account was successfully logged on.\r\n\r\nSubject:\r\n\tSecurity ID:\t\tS-1-0-0\r\n\tAccount Name:\t\t-\r\n\tAccount Domain:\t\t-\r\n\tLogon ID:\t\t0x0\r\n\r\nLogon Information:\r\n\tLogon Type:\t\t3\r\n\tRestricted Admin Mode:\t-\r\n\tVirtual Account:\t\tNo\r\n\tElevated Token:\t\tYes\r\n\r\nImpersonation Level:\t\tImpersonation\r\n\r\nNew Logon:\r\n\tSecurity ID:\t\tS-1-5-21-514844351-3181471642-2638765006-1103\r\n\tAccount Name:\t\tmanuel\r\n\tAccount Domain:\t\tPLUMETECH\r\n\tLogon ID:\t\t0xF7C757\r\n\tLinked Logon ID:\t\t0x0\r\n\tNetwork Account Name:\t-\r\n\tNetwork Account Domain:\t-\r\n\tLogon GUID:\t\t{00000000-0000-0000-0000-000000000000}\r\n\r\nProcess Information:\r\n\tProcess ID:\t\t0x0\r\n\tProcess Name:\t\t-\r\n\r\nNetwork Information:\r\n\tWorkstation Name:\t-\r\n\tSource Network Address:\t10.0.4.11\r\n\tSource Port:\t\t58908\r\n\r\nDetailed Authentication Information:\r\n\tLogon Process:\t\tNtLmSsp \r\n\tAuthentication Package:\tNTLM\r\n\tTransited Services:\t-\r\n\tPackage Name (NTLM only):\tNTLM V2\r\n\tKey Length:\t\t128\r\n\r\nThis event is generated when a logon session is created. It is generated on the computer that was accessed.\r\n\r\nThe subject fields indicate the account on the local system which requested the logon. This is most commonly a service such as the Server service, or a local process such as Winlogon.exe or Services.exe.\r\n\r\nThe logon type field indicates the kind of logon that occurred. The most common types are 2 (interactive) and 3 (network).\r\n\r\nThe New Logon fields indicate the account for whom the new logon was created, i.e. the account that was logged on.\r\n\r\nThe network fields indicate where a remote logon request originated. Workstation name is not always available and may be left blank in some cases.\r\n\r\nThe impersonation level field indicates the extent to which a process in the logon session can impersonate.\r\n\r\nThe authentication information fields provide detailed information about this specific logon request.\r\n\t- Logon GUID is a unique identifier that can be used to correlate this event with a KDC event.\r\n\t- Transited services indicate which intermediate services have participated in this logon request.\r\n\t- Package name indicates which sub-protocol was used among the NTLM protocols.\r\n\t- Key length indicates the length of the generated session key. This will be 0 if no session key was requested.\""""},""eventdata"":{""subjectUserSid"":""S-1-0-0"",""subjectLogonId"":""0x0"",""targetUserSid"":""S-1-5-21-514844351-3181471642-2638765006-1103"",""targetUserName"":""manuel"",""targetDomainName"":""PLUMETECH"",""targetLogonId"":""0xf7c757"",""logonType"":""3"",""logonProcessName"":""NtLmSsp"",""authenticationPackageName"":""NTLM"",""logonGuid"":""{00000000-0000-0000-0000-000000000000}"",""lmPackageName"":""NTLM V2"",""keyLength"":""128"",""processId"":""0x0"",""ipAddress"":""10.0.4.11"",""ipPort"":""58908"",""impersonationLevel"":""%%1833"",""virtualAccount"":""%%1843"",""targetLinkedLogonId"":""0x0"",""elevatedToken"":""%%1842""}}}"
2025-03-28T16:02:52.517Z,DC1,low,4,Detected WinRM activity from 10.0.4.11 to 10.0.4.43,"""Network connection detected:
RuleName: Usermode
UtcTime: 2025-03-28 16:02:49.591
ProcessGuid: {0a2ae400-c6e6-67e6-e801-000000001402}
ProcessId: 4476
Image: C:\Users\plumber\Desktop\win.exe
User: PLUMETECH\plumber
Protocol: tcp
Initiated: true
SourceIsIpv6: false
SourceIp: 10.0.4.11
SourceHostname: DC1.PLUMETECH.LOCAL
SourcePort: 58907
SourcePortName: -
DestinationIsIpv6: false
DestinationIp: 10.0.4.43
DestinationHostname: -
DestinationPort: 5985
DestinationPortName: -"""
2025-03-28T16:02:52.558Z,DC1,low,4,Detected WinRM activity from 10.0.4.11 to 10.0.4.43,"""Network connection detected:
RuleName: Usermode
UtcTime: 2025-03-28 16:02:49.600
ProcessGuid: {0a2ae400-c6e6-67e6-e801-000000001402}
ProcessId: 4476
Image: C:\Users\plumber\Desktop\win.exe
User: PLUMETECH\plumber
Protocol: tcp
Initiated: true
SourceIsIpv6: false
SourceIp: 10.0.4.11
SourceHostname: DC1.PLUMETECH.LOCAL
SourcePort: 58908
SourcePortName: -
DestinationIsIpv6: false
DestinationIp: 10.0.4.43
DestinationHostname: -
DestinationPort: 5985
DestinationPortName: -"""
2025-03-28T16:02:53.580Z,DC1,low,4,Detected WinRM activity from 10.0.4.11 to 10.0.4.43,"""Network connection detected:
RuleName: Usermode
UtcTime: 2025-03-28 16:02:49.740
ProcessGuid: {0a2ae400-c6e6-67e6-e801-000000001402}
ProcessId: 4476
Image: C:\Users\plumber\Desktop\win.exe
User: PLUMETECH\plumber
Protocol: tcp
Initiated: true
SourceIsIpv6: false
SourceIp: 10.0.4.11
SourceHostname: DC1.PLUMETECH.LOCAL
SourcePort: 58909
SourcePortName: -
DestinationIsIpv6: false
DestinationIp: 10.0.4.43
DestinationHostname: -
DestinationPort: 5985
DestinationPortName: -"""
2025-03-28T16:03:24.001Z,OTDC1,low,6,"Successful Remote Logon Detected - User:\manuel - NTLM authentication, possible pass-the-hash attack.","{""win"":{""system"":{""providerName"":""Microsoft-Windows-Security-Auditing"",""providerGuid"":""{54849625-5478-4994-a5ba-3e3b0328c30d}"",""eventID"":""4624"",""version"":""2"",""level"":""0"",""task"":""12544"",""opcode"":""0"",""keywords"":""0x8020000000000000"",""systemTime"":""2025-03-28T16:03:23.0104094Z"",""eventRecordID"":""258088"",""processID"":""832"",""threadID"":""2796"",""channel"":""Security"",""computer"":""OTDC1.PLUMETECH-OT.LOCAL"",""severityValue"":""AUDIT_SUCCESS"",""message"":""\""An account was successfully logged on.\r\n\r\nSubject:\r\n\tSecurity ID:\t\tS-1-0-0\r\n\tAccount Name:\t\t-\r\n\tAccount Domain:\t\t-\r\n\tLogon ID:\t\t0x0\r\n\r\nLogon Information:\r\n\tLogon Type:\t\t3\r\n\tRestricted Admin Mode:\t-\r\n\tVirtual Account:\t\tNo\r\n\tElevated Token:\t\tYes\r\n\r\nImpersonation Level:\t\tImpersonation\r\n\r\nNew Logon:\r\n\tSecurity ID:\t\tS-1-5-21-514844351-3181471642-2638765006-1103\r\n\tAccount Name:\t\tmanuel\r\n\tAccount Domain:\t\tPLUMETECH\r\n\tLogon ID:\t\t0xF81D79\r\n\tLinked Logon ID:\t\t0x0\r\n\tNetwork Account Name:\t-\r\n\tNetwork Account Domain:\t-\r\n\tLogon GUID:\t\t{00000000-0000-0000-0000-000000000000}\r\n\r\nProcess Information:\r\n\tProcess ID:\t\t0x0\r\n\tProcess Name:\t\t-\r\n\r\nNetwork Information:\r\n\tWorkstation Name:\t-\r\n\tSource Network Address:\t10.0.4.11\r\n\tSource Port:\t\t58910\r\n\r\nDetailed Authentication Information:\r\n\tLogon Process:\t\tNtLmSsp \r\n\tAuthentication Package:\tNTLM\r\n\tTransited Services:\t-\r\n\tPackage Name (NTLM only):\tNTLM V2\r\n\tKey Length:\t\t128\r\n\r\nThis event is generated when a logon session is created. It is generated on the computer that was accessed.\r\n\r\nThe subject fields indicate the account on the local system which requested the logon. This is most commonly a service such as the Server service, or a local process such as Winlogon.exe or Services.exe.\r\n\r\nThe logon type field indicates the kind of logon that occurred. The most common types are 2 (interactive) and 3 (network).\r\n\r\nThe New Logon fields indicate the account for whom the new logon was created, i.e. the account that was logged on.\r\n\r\nThe network fields indicate where a remote logon request originated. Workstation name is not always available and may be left blank in some cases.\r\n\r\nThe impersonation level field indicates the extent to which a process in the logon session can impersonate.\r\n\r\nThe authentication information fields provide detailed information about this specific logon request.\r\n\t- Logon GUID is a unique identifier that can be used to correlate this event with a KDC event.\r\n\t- Transited services indicate which intermediate services have participated in this logon request.\r\n\t- Package name indicates which sub-protocol was used among the NTLM protocols.\r\n\t- Key length indicates the length of the generated session key. This will be 0 if no session key was requested.\""""},""eventdata"":{""subjectUserSid"":""S-1-0-0"",""subjectLogonId"":""0x0"",""targetUserSid"":""S-1-5-21-514844351-3181471642-2638765006-1103"",""targetUserName"":""manuel"",""targetDomainName"":""PLUMETECH"",""targetLogonId"":""0xf81d79"",""logonType"":""3"",""logonProcessName"":""NtLmSsp"",""authenticationPackageName"":""NTLM"",""logonGuid"":""{00000000-0000-0000-0000-000000000000}"",""lmPackageName"":""NTLM V2"",""keyLength"":""128"",""processId"":""0x0"",""ipAddress"":""10.0.4.11"",""ipPort"":""58910"",""impersonationLevel"":""%%1833"",""virtualAccount"":""%%1843"",""targetLinkedLogonId"":""0x0"",""elevatedToken"":""%%1842""}}}"
2025-03-28T16:03:24.005Z,OTDC1,low,6,"Successful Remote Logon Detected - User:\manuel - NTLM authentication, possible pass-the-hash attack.","{""win"":{""system"":{""providerName"":""Microsoft-Windows-Security-Auditing"",""providerGuid"":""{54849625-5478-4994-a5ba-3e3b0328c30d}"",""eventID"":""4624"",""version"":""2"",""level"":""0"",""task"":""12544"",""opcode"":""0"",""keywords"":""0x8020000000000000"",""systemTime"":""2025-03-28T16:03:23.1551133Z"",""eventRecordID"":""258089"",""processID"":""832"",""threadID"":""4640"",""channel"":""Security"",""computer"":""OTDC1.PLUMETECH-OT.LOCAL"",""severityValue"":""AUDIT_SUCCESS"",""message"":""\""An account was successfully logged on.\r\n\r\nSubject:\r\n\tSecurity ID:\t\tS-1-0-0\r\n\tAccount Name:\t\t-\r\n\tAccount Domain:\t\t-\r\n\tLogon ID:\t\t0x0\r\n\r\nLogon Information:\r\n\tLogon Type:\t\t3\r\n\tRestricted Admin Mode:\t-\r\n\tVirtual Account:\t\tNo\r\n\tElevated Token:\t\tYes\r\n\r\nImpersonation Level:\t\tImpersonation\r\n\r\nNew Logon:\r\n\tSecurity ID:\t\tS-1-5-21-514844351-3181471642-2638765006-1103\r\n\tAccount Name:\t\tmanuel\r\n\tAccount Domain:\t\tPLUMETECH\r\n\tLogon ID:\t\t0xF81DF7\r\n\tLinked Logon ID:\t\t0x0\r\n\tNetwork Account Name:\t-\r\n\tNetwork Account Domain:\t-\r\n\tLogon GUID:\t\t{00000000-0000-0000-0000-000000000000}\r\n\r\nProcess Information:\r\n\tProcess ID:\t\t0x0\r\n\tProcess Name:\t\t-\r\n\r\nNetwork Information:\r\n\tWorkstation Name:\t-\r\n\tSource Network Address:\t10.0.4.11\r\n\tSource Port:\t\t58912\r\n\r\nDetailed Authentication Information:\r\n\tLogon Process:\t\tNtLmSsp \r\n\tAuthentication Package:\tNTLM\r\n\tTransited Services:\t-\r\n\tPackage Name (NTLM only):\tNTLM V2\r\n\tKey Length:\t\t128\r\n\r\nThis event is generated when a logon session is created. It is generated on the computer that was accessed.\r\n\r\nThe subject fields indicate the account on the local system which requested the logon. This is most commonly a service such as the Server service, or a local process such as Winlogon.exe or Services.exe.\r\n\r\nThe logon type field indicates the kind of logon that occurred. The most common types are 2 (interactive) and 3 (network).\r\n\r\nThe New Logon fields indicate the account for whom the new logon was created, i.e. the account that was logged on.\r\n\r\nThe network fields indicate where a remote logon request originated. Workstation name is not always available and may be left blank in some cases.\r\n\r\nThe impersonation level field indicates the extent to which a process in the logon session can impersonate.\r\n\r\nThe authentication information fields provide detailed information about this specific logon request.\r\n\t- Logon GUID is a unique identifier that can be used to correlate this event with a KDC event.\r\n\t- Transited services indicate which intermediate services have participated in this logon request.\r\n\t- Package name indicates which sub-protocol was used among the NTLM protocols.\r\n\t- Key length indicates the length of the generated session key. This will be 0 if no session key was requested.\""""},""eventdata"":{""subjectUserSid"":""S-1-0-0"",""subjectLogonId"":""0x0"",""targetUserSid"":""S-1-5-21-514844351-3181471642-2638765006-1103"",""targetUserName"":""manuel"",""targetDomainName"":""PLUMETECH"",""targetLogonId"":""0xf81df7"",""logonType"":""3"",""logonProcessName"":""NtLmSsp"",""authenticationPackageName"":""NTLM"",""logonGuid"":""{00000000-0000-0000-0000-000000000000}"",""lmPackageName"":""NTLM V2"",""keyLength"":""128"",""processId"":""0x0"",""ipAddress"":""10.0.4.11"",""ipPort"":""58912"",""impersonationLevel"":""%%1833"",""virtualAccount"":""%%1843"",""targetLinkedLogonId"":""0x0"",""elevatedToken"":""%%1842""}}}"
2025-03-28T16:03:24.957Z,DC1,low,4,Detected WinRM activity from 10.0.4.11 to 10.0.4.43,"""Network connection detected:
RuleName: Usermode
UtcTime: 2025-03-28 16:03:22.011
ProcessGuid: {0a2ae400-c6e6-67e6-e801-000000001402}
ProcessId: 4476
Image: C:\Users\plumber\Desktop\win.exe
User: PLUMETECH\plumber
Protocol: tcp
Initiated: true
SourceIsIpv6: false
SourceIp: 10.0.4.11
SourceHostname: DC1.PLUMETECH.LOCAL
SourcePort: 58910
SourcePortName: -
DestinationIsIpv6: false
DestinationIp: 10.0.4.43
DestinationHostname: -
DestinationPort: 5985
DestinationPortName: -"""
2025-03-28T16:03:24.971Z,DC1,low,4,Detected WinRM activity from 10.0.4.11 to 10.0.4.43,"""Network connection detected:
RuleName: Usermode
UtcTime: 2025-03-28 16:03:22.157
ProcessGuid: {0a2ae400-c6e6-67e6-e801-000000001402}
ProcessId: 4476
Image: C:\Users\plumber\Desktop\win.exe
User: PLUMETECH\plumber
Protocol: tcp
Initiated: true
SourceIsIpv6: false
SourceIp: 10.0.4.11
SourceHostname: DC1.PLUMETECH.LOCAL
SourcePort: 58911
SourcePortName: -
DestinationIsIpv6: false
DestinationIp: 10.0.4.43
DestinationHostname: -
DestinationPort: 5985
DestinationPortName: -"""
2025-03-28T16:03:24.971Z,DC1,low,4,Detected WinRM activity from 10.0.4.11 to 10.0.4.43,"""Network connection detected:
RuleName: Usermode
UtcTime: 2025-03-28 16:03:22.165
ProcessGuid: {0a2ae400-c6e6-67e6-e801-000000001402}
ProcessId: 4476
Image: C:\Users\plumber\Desktop\win.exe
User: PLUMETECH\plumber
Protocol: tcp
Initiated: true
SourceIsIpv6: false
SourceIp: 10.0.4.11
SourceHostname: DC1.PLUMETECH.LOCAL
SourcePort: 58912
SourcePortName: -
DestinationIsIpv6: false
DestinationIp: 10.0.4.43
DestinationHostname: -
DestinationPort: 5985
DestinationPortName: -"""
2025-03-28T16:03:26.006Z,DC1,low,4,Detected WinRM activity from 10.0.4.11 to 10.0.4.43,"""Network connection detected:
RuleName: Usermode
UtcTime: 2025-03-28 16:03:22.300
ProcessGuid: {0a2ae400-c6e6-67e6-e801-000000001402}
ProcessId: 4476
Image: C:\Users\plumber\Desktop\win.exe
User: PLUMETECH\plumber
Protocol: tcp
Initiated: true
SourceIsIpv6: false
SourceIp: 10.0.4.11
SourceHostname: DC1.PLUMETECH.LOCAL
SourcePort: 58913
SourcePortName: -
DestinationIsIpv6: false
DestinationIp: 10.0.4.43
DestinationHostname: -
DestinationPort: 5985
DestinationPortName: -"""
2025-03-28T16:03:29.633Z,DC1,low,6,"Successful Remote Logon Detected - User:\plumber - NTLM authentication, possible pass-the-hash attack.","{""win"":{""system"":{""providerName"":""Microsoft-Windows-Security-Auditing"",""providerGuid"":""{54849625-5478-4994-a5ba-3e3b0328c30d}"",""eventID"":""4624"",""version"":""2"",""level"":""0"",""task"":""12544"",""opcode"":""0"",""keywords"":""0x8020000000000000"",""systemTime"":""2025-03-28T16:03:28.7523008Z"",""eventRecordID"":""260132"",""processID"":""836"",""threadID"":""2764"",""channel"":""Security"",""computer"":""DC1.PLUMETECH.LOCAL"",""severityValue"":""AUDIT_SUCCESS"",""message"":""\""An account was successfully logged on.\r\n\r\nSubject:\r\n\tSecurity ID:\t\tS-1-0-0\r\n\tAccount Name:\t\t-\r\n\tAccount Domain:\t\t-\r\n\tLogon ID:\t\t0x0\r\n\r\nLogon Information:\r\n\tLogon Type:\t\t3\r\n\tRestricted Admin Mode:\t-\r\n\tVirtual Account:\t\tNo\r\n\tElevated Token:\t\tYes\r\n\r\nImpersonation Level:\t\tImpersonation\r\n\r\nNew Logon:\r\n\tSecurity ID:\t\tS-1-5-21-514844351-3181471642-2638765006-1601\r\n\tAccount Name:\t\tplumber\r\n\tAccount Domain:\t\tPLUMETECH\r\n\tLogon ID:\t\t0x1016477\r\n\tLinked Logon ID:\t\t0x0\r\n\tNetwork Account Name:\t-\r\n\tNetwork Account Domain:\t-\r\n\tLogon GUID:\t\t{00000000-0000-0000-0000-000000000000}\r\n\r\nProcess Information:\r\n\tProcess ID:\t\t0x0\r\n\tProcess Name:\t\t-\r\n\r\nNetwork Information:\r\n\tWorkstation Name:\t-\r\n\tSource Network Address:\t10.0.4.30\r\n\tSource Port:\t\t44716\r\n\r\nDetailed Authentication Information:\r\n\tLogon Process:\t\tNtLmSsp \r\n\tAuthentication Package:\tNTLM\r\n\tTransited Services:\t-\r\n\tPackage Name (NTLM only):\tNTLM V2\r\n\tKey Length:\t\t128\r\n\r\nThis event is generated when a logon session is created. It is generated on the computer that was accessed.\r\n\r\nThe subject fields indicate the account on the local system which requested the logon. This is most commonly a service such as the Server service, or a local process such as Winlogon.exe or Services.exe.\r\n\r\nThe logon type field indicates the kind of logon that occurred. The most common types are 2 (interactive) and 3 (network).\r\n\r\nThe New Logon fields indicate the account for whom the new logon was created, i.e. the account that was logged on.\r\n\r\nThe network fields indicate where a remote logon request originated. Workstation name is not always available and may be left blank in some cases.\r\n\r\nThe impersonation level field indicates the extent to which a process in the logon session can impersonate.\r\n\r\nThe authentication information fields provide detailed information about this specific logon request.\r\n\t- Logon GUID is a unique identifier that can be used to correlate this event with a KDC event.\r\n\t- Transited services indicate which intermediate services have participated in this logon request.\r\n\t- Package name indicates which sub-protocol was used among the NTLM protocols.\r\n\t- Key length indicates the length of the generated session key. This will be 0 if no session key was requested.\""""},""eventdata"":{""subjectUserSid"":""S-1-0-0"",""subjectLogonId"":""0x0"",""targetUserSid"":""S-1-5-21-514844351-3181471642-2638765006-1601"",""targetUserName"":""plumber"",""targetDomainName"":""PLUMETECH"",""targetLogonId"":""0x1016477"",""logonType"":""3"",""logonProcessName"":""NtLmSsp"",""authenticationPackageName"":""NTLM"",""logonGuid"":""{00000000-0000-0000-0000-000000000000}"",""lmPackageName"":""NTLM V2"",""keyLength"":""128"",""processId"":""0x0"",""ipAddress"":""10.0.4.30"",""ipPort"":""44716"",""impersonationLevel"":""%%1833"",""virtualAccount"":""%%1843"",""targetLinkedLogonId"":""0x0"",""elevatedToken"":""%%1842""}}}"
2025-03-28T16:03:34.391Z,OTDC1,low,6,"Successful Remote Logon Detected - User:\manuel - NTLM authentication, possible pass-the-hash attack.","{""win"":{""system"":{""providerName"":""Microsoft-Windows-Security-Auditing"",""providerGuid"":""{54849625-5478-4994-a5ba-3e3b0328c30d}"",""eventID"":""4624"",""version"":""2"",""level"":""0"",""task"":""12544"",""opcode"":""0"",""keywords"":""0x8020000000000000"",""systemTime"":""2025-03-28T16:03:33.3123537Z"",""eventRecordID"":""258090"",""processID"":""832"",""threadID"":""4640"",""channel"":""Security"",""computer"":""OTDC1.PLUMETECH-OT.LOCAL"",""severityValue"":""AUDIT_SUCCESS"",""message"":""\""An account was successfully logged on.\r\n\r\nSubject:\r\n\tSecurity ID:\t\tS-1-0-0\r\n\tAccount Name:\t\t-\r\n\tAccount Domain:\t\t-\r\n\tLogon ID:\t\t0x0\r\n\r\nLogon Information:\r\n\tLogon Type:\t\t3\r\n\tRestricted Admin Mode:\t-\r\n\tVirtual Account:\t\tNo\r\n\tElevated Token:\t\tYes\r\n\r\nImpersonation Level:\t\tImpersonation\r\n\r\nNew Logon:\r\n\tSecurity ID:\t\tS-1-5-21-514844351-3181471642-2638765006-1103\r\n\tAccount Name:\t\tmanuel\r\n\tAccount Domain:\t\tPLUMETECH\r\n\tLogon ID:\t\t0xF81EF4\r\n\tLinked Logon ID:\t\t0x0\r\n\tNetwork Account Name:\t-\r\n\tNetwork Account Domain:\t-\r\n\tLogon GUID:\t\t{00000000-0000-0000-0000-000000000000}\r\n\r\nProcess Information:\r\n\tProcess ID:\t\t0x0\r\n\tProcess Name:\t\t-\r\n\r\nNetwork Information:\r\n\tWorkstation Name:\t-\r\n\tSource Network Address:\t10.0.4.11\r\n\tSource Port:\t\t58915\r\n\r\nDetailed Authentication Information:\r\n\tLogon Process:\t\tNtLmSsp \r\n\tAuthentication Package:\tNTLM\r\n\tTransited Services:\t-\r\n\tPackage Name (NTLM only):\tNTLM V2\r\n\tKey Length:\t\t128\r\n\r\nThis event is generated when a logon session is created. It is generated on the computer that was accessed.\r\n\r\nThe subject fields indicate the account on the local system which requested the logon. This is most commonly a service such as the Server service, or a local process such as Winlogon.exe or Services.exe.\r\n\r\nThe logon type field indicates the kind of logon that occurred. The most common types are 2 (interactive) and 3 (network).\r\n\r\nThe New Logon fields indicate the account for whom the new logon was created, i.e. the account that was logged on.\r\n\r\nThe network fields indicate where a remote logon request originated. Workstation name is not always available and may be left blank in some cases.\r\n\r\nThe impersonation level field indicates the extent to which a process in the logon session can impersonate.\r\n\r\nThe authentication information fields provide detailed information about this specific logon request.\r\n\t- Logon GUID is a unique identifier that can be used to correlate this event with a KDC event.\r\n\t- Transited services indicate which intermediate services have participated in this logon request.\r\n\t- Package name indicates which sub-protocol was used among the NTLM protocols.\r\n\t- Key length indicates the length of the generated session key. This will be 0 if no session key was requested.\""""},""eventdata"":{""subjectUserSid"":""S-1-0-0"",""subjectLogonId"":""0x0"",""targetUserSid"":""S-1-5-21-514844351-3181471642-2638765006-1103"",""targetUserName"":""manuel"",""targetDomainName"":""PLUMETECH"",""targetLogonId"":""0xf81ef4"",""logonType"":""3"",""logonProcessName"":""NtLmSsp"",""authenticationPackageName"":""NTLM"",""logonGuid"":""{00000000-0000-0000-0000-000000000000}"",""lmPackageName"":""NTLM V2"",""keyLength"":""128"",""processId"":""0x0"",""ipAddress"":""10.0.4.11"",""ipPort"":""58915"",""impersonationLevel"":""%%1833"",""virtualAccount"":""%%1843"",""targetLinkedLogonId"":""0x0"",""elevatedToken"":""%%1842""}}}"
2025-03-28T16:03:35.318Z,DC1,low,4,Detected WinRM activity from 10.0.4.11 to 10.0.4.43,"""Network connection detected:
RuleName: Usermode
UtcTime: 2025-03-28 16:03:32.313
ProcessGuid: {0a2ae400-c6e6-67e6-e801-000000001402}
ProcessId: 4476
Image: C:\Users\plumber\Desktop\win.exe
User: PLUMETECH\plumber
Protocol: tcp
Initiated: true
SourceIsIpv6: false
SourceIp: 10.0.4.11
SourceHostname: DC1.PLUMETECH.LOCAL
SourcePort: 58914
SourcePortName: -
DestinationIsIpv6: false
DestinationIp: 10.0.4.43
DestinationHostname: -
DestinationPort: 5985
DestinationPortName: -"""
2025-03-28T16:03:35.332Z,DC1,low,4,Detected WinRM activity from 10.0.4.11 to 10.0.4.43,"""Network connection detected:
RuleName: Usermode
UtcTime: 2025-03-28 16:03:32.457
ProcessGuid: {0a2ae400-c6e6-67e6-e801-000000001402}
ProcessId: 4476
Image: C:\Users\plumber\Desktop\win.exe
User: PLUMETECH\plumber
Protocol: tcp
Initiated: true
SourceIsIpv6: false
SourceIp: 10.0.4.11
SourceHostname: DC1.PLUMETECH.LOCAL
SourcePort: 58916
SourcePortName: -
DestinationIsIpv6: false
DestinationIp: 10.0.4.43
DestinationHostname: -
DestinationPort: 5985
DestinationPortName: -"""
2025-03-28T16:03:35.332Z,DC1,low,4,Detected WinRM activity from 10.0.4.11 to 10.0.4.43,"""Network connection detected:
RuleName: Usermode
UtcTime: 2025-03-28 16:03:32.325
ProcessGuid: {0a2ae400-c6e6-67e6-e801-000000001402}
ProcessId: 4476
Image: C:\Users\plumber\Desktop\win.exe
User: PLUMETECH\plumber
Protocol: tcp
Initiated: true
SourceIsIpv6: false
SourceIp: 10.0.4.11
SourceHostname: DC1.PLUMETECH.LOCAL
SourcePort: 58915
SourcePortName: -
DestinationIsIpv6: false
DestinationIp: 10.0.4.43
DestinationHostname: -
DestinationPort: 5985
DestinationPortName: -"""
2025-03-28T16:03:42.282Z,OTDC1,low,3,Windows Logon Success,"""An account was successfully logged on.

Subject:
	Security ID:		S-1-0-0
	Account Name:		-
	Account Domain:		-
	Logon ID:		0x0

Logon Information:
	Logon Type:		3
	Restricted Admin Mode:	-
	Virtual Account:		No
	Elevated Token:		Yes

Impersonation Level:		Impersonation

New Logon:
	Security ID:		S-1-5-18
	Account Name:		OTDC1$
	Account Domain:		PLUMETECH-OT.LOCAL
	Logon ID:		0xF82016
	Linked Logon ID:		0x0
	Network Account Name:	-
	Network Account Domain:	-
	Logon GUID:		{6df6b6b6-07f3-db1d-0578-8ee99788e199}

Process Information:
	Process ID:		0x0
	Process Name:		-

Network Information:
	Workstation Name:	-
	Source Network Address:	::1
	Source Port:		63723

Detailed Authentication Information:
	Logon Process:		Kerberos
	Authentication Package:	Kerberos
	Transited Services:	-
	Package Name (NTLM only):	-
	Key Length:		0

This event is generated when a logon session is created. It is generated on the computer that was accessed.

The subject fields indicate the account on the local system which requested the logon. This is most commonly a service such as the Server service, or a local process such as Winlogon.exe or Services.exe.

The logon type field indicates the kind of logon that occurred. The most common types are 2 (interactive) and 3 (network).

The New Logon fields indicate the account for whom the new logon was created, i.e. the account that was logged on.

The network fields indicate where a remote logon request originated. Workstation name is not always available and may be left blank in some cases.

The impersonation level field indicates the extent to which a process in the logon session can impersonate.

The authentication information fields provide detailed information about this specific logon request.
	- Logon GUID is a unique identifier that can be used to correlate this event with a KDC event.
	- Transited services indicate which intermediate services have participated in this logon request.
	- Package name indicates which sub-protocol was used among the NTLM protocols.
	- Key length indicates the length of the generated session key. This will be 0 if no session key was requested."""
2025-03-28T16:03:44.469Z,OTDC1,low,6,"Successful Remote Logon Detected - User:\manuel - NTLM authentication, possible pass-the-hash attack.","{""win"":{""system"":{""providerName"":""Microsoft-Windows-Security-Auditing"",""providerGuid"":""{54849625-5478-4994-a5ba-3e3b0328c30d}"",""eventID"":""4624"",""version"":""2"",""level"":""0"",""task"":""12544"",""opcode"":""0"",""keywords"":""0x8020000000000000"",""systemTime"":""2025-03-28T16:03:43.4684692Z"",""eventRecordID"":""258092"",""processID"":""832"",""threadID"":""4640"",""channel"":""Security"",""computer"":""OTDC1.PLUMETECH-OT.LOCAL"",""severityValue"":""AUDIT_SUCCESS"",""message"":""\""An account was successfully logged on.\r\n\r\nSubject:\r\n\tSecurity ID:\t\tS-1-0-0\r\n\tAccount Name:\t\t-\r\n\tAccount Domain:\t\t-\r\n\tLogon ID:\t\t0x0\r\n\r\nLogon Information:\r\n\tLogon Type:\t\t3\r\n\tRestricted Admin Mode:\t-\r\n\tVirtual Account:\t\tNo\r\n\tElevated Token:\t\tYes\r\n\r\nImpersonation Level:\t\tImpersonation\r\n\r\nNew Logon:\r\n\tSecurity ID:\t\tS-1-5-21-514844351-3181471642-2638765006-1103\r\n\tAccount Name:\t\tmanuel\r\n\tAccount Domain:\t\tPLUMETECH\r\n\tLogon ID:\t\t0xF8206E\r\n\tLinked Logon ID:\t\t0x0\r\n\tNetwork Account Name:\t-\r\n\tNetwork Account Domain:\t-\r\n\tLogon GUID:\t\t{00000000-0000-0000-0000-000000000000}\r\n\r\nProcess Information:\r\n\tProcess ID:\t\t0x0\r\n\tProcess Name:\t\t-\r\n\r\nNetwork Information:\r\n\tWorkstation Name:\t-\r\n\tSource Network Address:\t10.0.4.11\r\n\tSource Port:\t\t58918\r\n\r\nDetailed Authentication Information:\r\n\tLogon Process:\t\tNtLmSsp \r\n\tAuthentication Package:\tNTLM\r\n\tTransited Services:\t-\r\n\tPackage Name (NTLM only):\tNTLM V2\r\n\tKey Length:\t\t128\r\n\r\nThis event is generated when a logon session is created. It is generated on the computer that was accessed.\r\n\r\nThe subject fields indicate the account on the local system which requested the logon. This is most commonly a service such as the Server service, or a local process such as Winlogon.exe or Services.exe.\r\n\r\nThe logon type field indicates the kind of logon that occurred. The most common types are 2 (interactive) and 3 (network).\r\n\r\nThe New Logon fields indicate the account for whom the new logon was created, i.e. the account that was logged on.\r\n\r\nThe network fields indicate where a remote logon request originated. Workstation name is not always available and may be left blank in some cases.\r\n\r\nThe impersonation level field indicates the extent to which a process in the logon session can impersonate.\r\n\r\nThe authentication information fields provide detailed information about this specific logon request.\r\n\t- Logon GUID is a unique identifier that can be used to correlate this event with a KDC event.\r\n\t- Transited services indicate which intermediate services have participated in this logon request.\r\n\t- Package name indicates which sub-protocol was used among the NTLM protocols.\r\n\t- Key length indicates the length of the generated session key. This will be 0 if no session key was requested.\""""},""eventdata"":{""subjectUserSid"":""S-1-0-0"",""subjectLogonId"":""0x0"",""targetUserSid"":""S-1-5-21-514844351-3181471642-2638765006-1103"",""targetUserName"":""manuel"",""targetDomainName"":""PLUMETECH"",""targetLogonId"":""0xf8206e"",""logonType"":""3"",""logonProcessName"":""NtLmSsp"",""authenticationPackageName"":""NTLM"",""logonGuid"":""{00000000-0000-0000-0000-000000000000}"",""lmPackageName"":""NTLM V2"",""keyLength"":""128"",""processId"":""0x0"",""ipAddress"":""10.0.4.11"",""ipPort"":""58918"",""impersonationLevel"":""%%1833"",""virtualAccount"":""%%1843"",""targetLinkedLogonId"":""0x0"",""elevatedToken"":""%%1842""}}}"
2025-03-28T16:03:45.602Z,DC1,low,4,Detected WinRM activity from 10.0.4.11 to 10.0.4.43,"""Network connection detected:
RuleName: Usermode
UtcTime: 2025-03-28 16:03:42.469
ProcessGuid: {0a2ae400-c6e6-67e6-e801-000000001402}
ProcessId: 4476
Image: C:\Users\plumber\Desktop\win.exe
User: PLUMETECH\plumber
Protocol: tcp
Initiated: true
SourceIsIpv6: false
SourceIp: 10.0.4.11
SourceHostname: DC1.PLUMETECH.LOCAL
SourcePort: 58917
SourcePortName: -
DestinationIsIpv6: false
DestinationIp: 10.0.4.43
DestinationHostname: -
DestinationPort: 5985
DestinationPortName: -"""
2025-03-28T16:03:45.615Z,DC1,low,4,Detected WinRM activity from 10.0.4.11 to 10.0.4.43,"""Network connection detected:
RuleName: Usermode
UtcTime: 2025-03-28 16:03:42.613
ProcessGuid: {0a2ae400-c6e6-67e6-e801-000000001402}
ProcessId: 4476
Image: C:\Users\plumber\Desktop\win.exe
User: PLUMETECH\plumber
Protocol: tcp
Initiated: true
SourceIsIpv6: false
SourceIp: 10.0.4.11
SourceHostname: DC1.PLUMETECH.LOCAL
SourcePort: 58919
SourcePortName: -
DestinationIsIpv6: false
DestinationIp: 10.0.4.43
DestinationHostname: -
DestinationPort: 5985
DestinationPortName: -"""
