2025-03-28T16:11:58.642Z,DC1,low,4,A directory service object was modified,"""A directory service object was modified.
	
Subject:
	Security ID:		S-1-5-21-1754575515-22446835-1993822327-1113
	Account Name:		marty
	Account Domain:		PLUMETECH
	Logon ID:		0x9470E3

Directory Service:
	Name:	PLUMETECH.LOCAL
	Type:	Active Directory Domain Services
	
Object:
	DN:	CN=plumber,CN=Users,DC=PLUMETECH,DC=LOCAL
	GUID:	{d8fe9484-6b13-451e-9c73-26d3aca630b8}
	Class:	user
	
Attribute:
	LDAP Display Name:	sAMAccountName
	Syntax (OID):	2.5.5.12
	Value:	plumber
	
Operation:
	Type:	Value Added
	Correlation ID:	{7aa2309b-03f2-4123-a1e2-d9b94fee2a51}
	Application Correlation ID:	-"""
2025-03-28T16:11:58.673Z,DC1,low,4,A directory service object was modified,"""A directory service object was modified.
	
Subject:
	Security ID:		S-1-5-21-1754575515-22446835-1993822327-1113
	Account Name:		marty
	Account Domain:		PLUMETECH
	Logon ID:		0x9470E3

Directory Service:
	Name:	PLUMETECH.LOCAL
	Type:	Active Directory Domain Services
	
Object:
	DN:	CN=plumber,CN=Users,DC=PLUMETECH,DC=LOCAL
	GUID:	{d8fe9484-6b13-451e-9c73-26d3aca630b8}
	Class:	user
	
Attribute:
	LDAP Display Name:	objectClass
	Syntax (OID):	2.5.5.2
	Value:	1.2.840.113556.1.5.9
	
Operation:
	Type:	Value Added
	Correlation ID:	{7aa2309b-03f2-4123-a1e2-d9b94fee2a51}
	Application Correlation ID:	-"""
2025-03-28T16:11:58.673Z,DC1,low,4,A directory service object was modified,"""A directory service object was modified.
	
Subject:
	Security ID:		S-1-5-21-1754575515-22446835-1993822327-1113
	Account Name:		marty
	Account Domain:		PLUMETECH
	Logon ID:		0x9470E3

Directory Service:
	Name:	PLUMETECH.LOCAL
	Type:	Active Directory Domain Services
	
Object:
	DN:	CN=plumber,CN=Users,DC=PLUMETECH,DC=LOCAL
	GUID:	{d8fe9484-6b13-451e-9c73-26d3aca630b8}
	Class:	user
	
Attribute:
	LDAP Display Name:	userAccountControl
	Syntax (OID):	2.5.5.9
	Value:	512
	
Operation:
	Type:	Value Added
	Correlation ID:	{7aa2309b-03f2-4123-a1e2-d9b94fee2a51}
	Application Correlation ID:	-"""
2025-03-28T16:11:58.689Z,DC1,low,4,A directory service object was modified,"""A directory service object was modified.
	
Subject:
	Security ID:		S-1-5-21-1754575515-22446835-1993822327-1113
	Account Name:		marty
	Account Domain:		PLUMETECH
	Logon ID:		0x9470E3

Directory Service:
	Name:	PLUMETECH.LOCAL
	Type:	Active Directory Domain Services
	
Object:
	DN:	CN=plumber,CN=Users,DC=PLUMETECH,DC=LOCAL
	GUID:	{d8fe9484-6b13-451e-9c73-26d3aca630b8}
	Class:	user
	
Attribute:
	LDAP Display Name:	sAMAccountType
	Syntax (OID):	2.5.5.9
	Value:	805306368
	
Operation:
	Type:	Value Added
	Correlation ID:	{7aa2309b-03f2-4123-a1e2-d9b94fee2a51}
	Application Correlation ID:	-"""
2025-03-28T16:12:01.767Z,DC1,low,3,Service logon event registered from non standard service account.,"""An account was successfully logged on.

Subject:
	Security ID:		S-1-5-18
	Account Name:		DC1$
	Account Domain:		PLUMETECH
	Logon ID:		0x3E7

Logon Information:
	Logon Type:		5
	Restricted Admin Mode:	-
	Virtual Account:		Yes
	Elevated Token:		Yes

Impersonation Level:		Impersonation

New Logon:
	Security ID:		S-1-5-111-3847866527-469524349-687026318-516638107-1125189541-372
	Account Name:		sshd_372
	Account Domain:		VIRTUAL USERS
	Logon ID:		0x95399F
	Linked Logon ID:		0x0
	Network Account Name:	-
	Network Account Domain:	-
	Logon GUID:		{00000000-0000-0000-0000-000000000000}

Process Information:
	Process ID:		0x174
	Process Name:		C:\Windows\System32\OpenSSH\sshd.exe

Network Information:
	Workstation Name:	-
	Source Network Address:	-
	Source Port:		-

Detailed Authentication Information:
	Logon Process:		Advapi  
	Authentication Package:	Negotiate
	Transited Services:	-
	Package Name (NTLM only):	-
	Key Length:		0

This event is generated when a logon session is created. It is generated on the computer that was accessed.

The subject fields indicate the account on the local system which requested the logon. This is most commonly a service such as the Server service, or a local process such as Winlogon.exe or Services.exe.

The logon type field indicates the kind of logon that occurred. The most common types are 2 (interactive) and 3 (network).

The New Logon fields indicate the account for whom the new logon was created, i.e. the account that was logged on.

The network fields indicate where a remote logon request originated. Workstation name is not always available and may be left blank in some cases.

The impersonation level field indicates the extent to which a process in the logon session can impersonate.

The authentication information fields provide detailed information about this specific logon request.
	- Logon GUID is a unique identifier that can be used to correlate this event with a KDC event.
	- Transited services indicate which intermediate services have participated in this logon request.
	- Package name indicates which sub-protocol was used among the NTLM protocols.
	- Key length indicates the length of the generated session key. This will be 0 if no session key was requested."""
2025-03-28T16:12:01.783Z,DC1,low,3,Windows Logon Success,"""An account was successfully logged on.

Subject:
	Security ID:		S-1-0-0
	Account Name:		-
	Account Domain:		-
	Logon ID:		0x0

Logon Information:
	Logon Type:		3
	Restricted Admin Mode:	-
	Virtual Account:		No
	Elevated Token:		Yes

Impersonation Level:		Delegation

New Logon:
	Security ID:		S-1-5-18
	Account Name:		DC1$
	Account Domain:		PLUMETECH.LOCAL
	Logon ID:		0x953DA5
	Linked Logon ID:		0x0
	Network Account Name:	-
	Network Account Domain:	-
	Logon GUID:		{bec1f9ab-80e4-cd79-db4c-f6c5073d691e}

Process Information:
	Process ID:		0x0
	Process Name:		-

Network Information:
	Workstation Name:	-
	Source Network Address:	fe80::fea8:dc4c:13cf:e14c
	Source Port:		52631

Detailed Authentication Information:
	Logon Process:		Kerberos
	Authentication Package:	Kerberos
	Transited Services:	-
	Package Name (NTLM only):	-
	Key Length:		0

This event is generated when a logon session is created. It is generated on the computer that was accessed.

The subject fields indicate the account on the local system which requested the logon. This is most commonly a service such as the Server service, or a local process such as Winlogon.exe or Services.exe.

The logon type field indicates the kind of logon that occurred. The most common types are 2 (interactive) and 3 (network).

The New Logon fields indicate the account for whom the new logon was created, i.e. the account that was logged on.

The network fields indicate where a remote logon request originated. Workstation name is not always available and may be left blank in some cases.

The impersonation level field indicates the extent to which a process in the logon session can impersonate.

The authentication information fields provide detailed information about this specific logon request.
	- Logon GUID is a unique identifier that can be used to correlate this event with a KDC event.
	- Transited services indicate which intermediate services have participated in this logon request.
	- Package name indicates which sub-protocol was used among the NTLM protocols.
	- Key length indicates the length of the generated session key. This will be 0 if no session key was requested."""
2025-03-28T16:12:01.814Z,DC1,low,3,Service logon event registered from non standard service account.,"""An account was successfully logged on.

Subject:
	Security ID:		S-1-5-18
	Account Name:		DC1$
	Account Domain:		PLUMETECH
	Logon ID:		0x3E7

Logon Information:
	Logon Type:		5
	Restricted Admin Mode:	-
	Virtual Account:		Yes
	Elevated Token:		Yes

Impersonation Level:		Impersonation

New Logon:
	Security ID:		S-1-5-111-3847866527-469524349-687026318-516638107-1125189541-5532
	Account Name:		sshd_5532
	Account Domain:		VIRTUAL USERS
	Logon ID:		0x953D68
	Linked Logon ID:		0x0
	Network Account Name:	-
	Network Account Domain:	-
	Logon GUID:		{00000000-0000-0000-0000-000000000000}

Process Information:
	Process ID:		0x159c
	Process Name:		C:\Windows\System32\OpenSSH\sshd.exe

Network Information:
	Workstation Name:	-
	Source Network Address:	-
	Source Port:		-

Detailed Authentication Information:
	Logon Process:		Advapi  
	Authentication Package:	Negotiate
	Transited Services:	-
	Package Name (NTLM only):	-
	Key Length:		0

This event is generated when a logon session is created. It is generated on the computer that was accessed.

The subject fields indicate the account on the local system which requested the logon. This is most commonly a service such as the Server service, or a local process such as Winlogon.exe or Services.exe.

The logon type field indicates the kind of logon that occurred. The most common types are 2 (interactive) and 3 (network).

The New Logon fields indicate the account for whom the new logon was created, i.e. the account that was logged on.

The network fields indicate where a remote logon request originated. Workstation name is not always available and may be left blank in some cases.

The impersonation level field indicates the extent to which a process in the logon session can impersonate.

The authentication information fields provide detailed information about this specific logon request.
	- Logon GUID is a unique identifier that can be used to correlate this event with a KDC event.
	- Transited services indicate which intermediate services have participated in this logon request.
	- Package name indicates which sub-protocol was used among the NTLM protocols.
	- Key length indicates the length of the generated session key. This will be 0 if no session key was requested."""
2025-03-28T16:12:01.830Z,DC1,low,3,Windows Logon Success,"""An account was successfully logged on.

Subject:
	Security ID:		S-1-0-0
	Account Name:		-
	Account Domain:		-
	Logon ID:		0x0

Logon Information:
	Logon Type:		3
	Restricted Admin Mode:	-
	Virtual Account:		No
	Elevated Token:		Yes

Impersonation Level:		Impersonation

New Logon:
	Security ID:		S-1-5-18
	Account Name:		DC1$
	Account Domain:		PLUMETECH.LOCAL
	Logon ID:		0x954439
	Linked Logon ID:		0x0
	Network Account Name:	-
	Network Account Domain:	-
	Logon GUID:		{09ce1f90-1058-144b-c1d0-a01d51d0a3fc}

Process Information:
	Process ID:		0x0
	Process Name:		-

Network Information:
	Workstation Name:	-
	Source Network Address:	fe80::fea8:dc4c:13cf:e14c
	Source Port:		52633

Detailed Authentication Information:
	Logon Process:		Kerberos
	Authentication Package:	Kerberos
	Transited Services:	-
	Package Name (NTLM only):	-
	Key Length:		0

This event is generated when a logon session is created. It is generated on the computer that was accessed.

The subject fields indicate the account on the local system which requested the logon. This is most commonly a service such as the Server service, or a local process such as Winlogon.exe or Services.exe.

The logon type field indicates the kind of logon that occurred. The most common types are 2 (interactive) and 3 (network).

The New Logon fields indicate the account for whom the new logon was created, i.e. the account that was logged on.

The network fields indicate where a remote logon request originated. Workstation name is not always available and may be left blank in some cases.

The impersonation level field indicates the extent to which a process in the logon session can impersonate.

The authentication information fields provide detailed information about this specific logon request.
	- Logon GUID is a unique identifier that can be used to correlate this event with a KDC event.
	- Transited services indicate which intermediate services have participated in this logon request.
	- Package name indicates which sub-protocol was used among the NTLM protocols.
	- Key length indicates the length of the generated session key. This will be 0 if no session key was requested."""
2025-03-28T16:12:01.847Z,DC1,low,3,Windows Logon Success,"""A Kerberos service ticket was requested.

Account Information:
	Account Name:		DC1$@PLUMETECH.LOCAL
	Account Domain:		PLUMETECH.LOCAL
	Logon GUID:		{621faab9-b559-1da2-369d-8bfadfe019b2}
	MSDS-SupportedEncryptionTypes:	N/A
	Available Keys:	N/A

Service Information:
	Service Name:		DC1$
	Service ID:		S-1-5-21-1754575515-22446835-1993822327-1000
	MSDS-SupportedEncryptionTypes:	0x1F (DES, RC4, AES128-SHA96, AES256-SHA96)
	Available Keys:	AES-SHA1, RC4

Domain Controller Information:
	MSDS-SupportedEncryptionTypes:	0x1F (DES, RC4, AES128-SHA96, AES256-SHA96)
	Available Keys:	AES-SHA1, RC4

Network Information:
	Client Address:		::1
	Client Port:		0
	Advertized Etypes:	
		AES256-CTS-HMAC-SHA1-96
		AES128-CTS-HMAC-SHA1-96
		RC4-HMAC-NT
		RC4-HMAC-NT-EXP
		RC4-HMAC-OLD-EXP

Additional Information:
	Ticket Options:		0x40810000
	Ticket Encryption Type:	0x12
	Session Encryption Type:	0x12
	Failure Code:		0x0
	Transited Services:	-

Ticket information
	Request ticket hash:		NesSn96mvaHXh1sHadFT22zmvE1qtUw0tJAkVzhCGtk=
	Response ticket hash:		UHpMsM82Rz9IefTMvSr8HOzeFwYMHoXG254ac812OVo=

This event is generated every time access is requested to a resource such as a computer or a Windows service.  The service name indicates the resource to which access was requested.

This event can be correlated with Windows logon events by comparing the Logon GUID fields in each event.  The logon event occurs on the machine that was accessed, which is often a different machine than the domain controller which issued the service ticket.

Pre-authentication types, ticket options, encryption types and result codes are defined in RFC 4120."""
2025-03-28T16:12:01.892Z,DC1,low,3,Windows Logon Success,"""An account was successfully logged on.

Subject:
	Security ID:		S-1-5-18
	Account Name:		DC1$
	Account Domain:		PLUMETECH
	Logon ID:		0x3E7

Logon Information:
	Logon Type:		3
	Restricted Admin Mode:	-
	Virtual Account:		No
	Elevated Token:		Yes

Impersonation Level:		Identification

New Logon:
	Security ID:		S-1-5-21-1754575515-22446835-1993822327-500
	Account Name:		Administrator
	Account Domain:		PLUMETECH
	Logon ID:		0x9544D2
	Linked Logon ID:		0x0
	Network Account Name:	-
	Network Account Domain:	-
	Logon GUID:		{717ff6a7-10c5-439d-fc40-20424396d455}

Process Information:
	Process ID:		0x174
	Process Name:		C:\Windows\System32\OpenSSH\sshd.exe

Network Information:
	Workstation Name:	DC1
	Source Network Address:	-
	Source Port:		-

Detailed Authentication Information:
	Logon Process:		sshd
	Authentication Package:	Kerberos
	Transited Services:	-
	Package Name (NTLM only):	-
	Key Length:		0

This event is generated when a logon session is created. It is generated on the computer that was accessed.

The subject fields indicate the account on the local system which requested the logon. This is most commonly a service such as the Server service, or a local process such as Winlogon.exe or Services.exe.

The logon type field indicates the kind of logon that occurred. The most common types are 2 (interactive) and 3 (network).

The New Logon fields indicate the account for whom the new logon was created, i.e. the account that was logged on.

The network fields indicate where a remote logon request originated. Workstation name is not always available and may be left blank in some cases.

The impersonation level field indicates the extent to which a process in the logon session can impersonate.

The authentication information fields provide detailed information about this specific logon request.
	- Logon GUID is a unique identifier that can be used to correlate this event with a KDC event.
	- Transited services indicate which intermediate services have participated in this logon request.
	- Package name indicates which sub-protocol was used among the NTLM protocols.
	- Key length indicates the length of the generated session key. This will be 0 if no session key was requested."""
2025-03-28T16:12:01.924Z,DC1,low,3,Windows Logon Success,"""An account was successfully logged on.

Subject:
	Security ID:		S-1-5-18
	Account Name:		DC1$
	Account Domain:		PLUMETECH
	Logon ID:		0x3E7

Logon Information:
	Logon Type:		3
	Restricted Admin Mode:	-
	Virtual Account:		No
	Elevated Token:		Yes

Impersonation Level:		Impersonation

New Logon:
	Security ID:		S-1-5-21-1754575515-22446835-1993822327-500
	Account Name:		Administrator
	Account Domain:		PLUMETECH
	Logon ID:		0x9547D6
	Linked Logon ID:		0x0
	Network Account Name:	-
	Network Account Domain:	-
	Logon GUID:		{717ff6a7-10c5-439d-fc40-20424396d455}

Process Information:
	Process ID:		0x174
	Process Name:		C:\Windows\System32\OpenSSH\sshd.exe

Network Information:
	Workstation Name:	DC1
	Source Network Address:	-
	Source Port:		-

Detailed Authentication Information:
	Logon Process:		sshd
	Authentication Package:	Kerberos
	Transited Services:	-
	Package Name (NTLM only):	-
	Key Length:		0

This event is generated when a logon session is created. It is generated on the computer that was accessed.

The subject fields indicate the account on the local system which requested the logon. This is most commonly a service such as the Server service, or a local process such as Winlogon.exe or Services.exe.

The logon type field indicates the kind of logon that occurred. The most common types are 2 (interactive) and 3 (network).

The New Logon fields indicate the account for whom the new logon was created, i.e. the account that was logged on.

The network fields indicate where a remote logon request originated. Workstation name is not always available and may be left blank in some cases.

The impersonation level field indicates the extent to which a process in the logon session can impersonate.

The authentication information fields provide detailed information about this specific logon request.
	- Logon GUID is a unique identifier that can be used to correlate this event with a KDC event.
	- Transited services indicate which intermediate services have participated in this logon request.
	- Package name indicates which sub-protocol was used among the NTLM protocols.
	- Key length indicates the length of the generated session key. This will be 0 if no session key was requested."""
2025-03-28T16:12:01.939Z,DC1,low,3,Windows Logon Success,"""An account was successfully logged on.

Subject:
	Security ID:		S-1-0-0
	Account Name:		-
	Account Domain:		-
	Logon ID:		0x0

Logon Information:
	Logon Type:		3
	Restricted Admin Mode:	-
	Virtual Account:		No
	Elevated Token:		Yes

Impersonation Level:		Impersonation

New Logon:
	Security ID:		S-1-5-18
	Account Name:		DC1$
	Account Domain:		PLUMETECH.LOCAL
	Logon ID:		0x954D16
	Linked Logon ID:		0x0
	Network Account Name:	-
	Network Account Domain:	-
	Logon GUID:		{09ce1f90-1058-144b-c1d0-a01d51d0a3fc}

Process Information:
	Process ID:		0x0
	Process Name:		-

Network Information:
	Workstation Name:	-
	Source Network Address:	fe80::fea8:dc4c:13cf:e14c
	Source Port:		52635

Detailed Authentication Information:
	Logon Process:		Kerberos
	Authentication Package:	Kerberos
	Transited Services:	-
	Package Name (NTLM only):	-
	Key Length:		0

This event is generated when a logon session is created. It is generated on the computer that was accessed.

The subject fields indicate the account on the local system which requested the logon. This is most commonly a service such as the Server service, or a local process such as Winlogon.exe or Services.exe.

The logon type field indicates the kind of logon that occurred. The most common types are 2 (interactive) and 3 (network).

The New Logon fields indicate the account for whom the new logon was created, i.e. the account that was logged on.

The network fields indicate where a remote logon request originated. Workstation name is not always available and may be left blank in some cases.

The impersonation level field indicates the extent to which a process in the logon session can impersonate.

The authentication information fields provide detailed information about this specific logon request.
	- Logon GUID is a unique identifier that can be used to correlate this event with a KDC event.
	- Transited services indicate which intermediate services have participated in this logon request.
	- Package name indicates which sub-protocol was used among the NTLM protocols.
	- Key length indicates the length of the generated session key. This will be 0 if no session key was requested."""
2025-03-28T16:12:01.970Z,DC1,low,3,Windows Logon Success,"""An account was successfully logged on.

Subject:
	Security ID:		S-1-5-18
	Account Name:		DC1$
	Account Domain:		PLUMETECH
	Logon ID:		0x3E7

Logon Information:
	Logon Type:		3
	Restricted Admin Mode:	-
	Virtual Account:		No
	Elevated Token:		Yes

Impersonation Level:		Identification

New Logon:
	Security ID:		S-1-5-21-1754575515-22446835-1993822327-500
	Account Name:		Administrator
	Account Domain:		PLUMETECH
	Logon ID:		0x954D77
	Linked Logon ID:		0x0
	Network Account Name:	-
	Network Account Domain:	-
	Logon GUID:		{717ff6a7-10c5-439d-fc40-20424396d455}

Process Information:
	Process ID:		0x159c
	Process Name:		C:\Windows\System32\OpenSSH\sshd.exe

Network Information:
	Workstation Name:	DC1
	Source Network Address:	-
	Source Port:		-

Detailed Authentication Information:
	Logon Process:		sshd
	Authentication Package:	Kerberos
	Transited Services:	-
	Package Name (NTLM only):	-
	Key Length:		0

This event is generated when a logon session is created. It is generated on the computer that was accessed.

The subject fields indicate the account on the local system which requested the logon. This is most commonly a service such as the Server service, or a local process such as Winlogon.exe or Services.exe.

The logon type field indicates the kind of logon that occurred. The most common types are 2 (interactive) and 3 (network).

The New Logon fields indicate the account for whom the new logon was created, i.e. the account that was logged on.

The network fields indicate where a remote logon request originated. Workstation name is not always available and may be left blank in some cases.

The impersonation level field indicates the extent to which a process in the logon session can impersonate.

The authentication information fields provide detailed information about this specific logon request.
	- Logon GUID is a unique identifier that can be used to correlate this event with a KDC event.
	- Transited services indicate which intermediate services have participated in this logon request.
	- Package name indicates which sub-protocol was used among the NTLM protocols.
	- Key length indicates the length of the generated session key. This will be 0 if no session key was requested."""
2025-03-28T16:12:02.001Z,DC1,low,3,Windows Logon Success,"""An account was successfully logged on.

Subject:
	Security ID:		S-1-5-18
	Account Name:		DC1$
	Account Domain:		PLUMETECH
	Logon ID:		0x3E7

Logon Information:
	Logon Type:		3
	Restricted Admin Mode:	-
	Virtual Account:		No
	Elevated Token:		Yes

Impersonation Level:		Impersonation

New Logon:
	Security ID:		S-1-5-21-1754575515-22446835-1993822327-500
	Account Name:		Administrator
	Account Domain:		PLUMETECH
	Logon ID:		0x954FA3
	Linked Logon ID:		0x0
	Network Account Name:	-
	Network Account Domain:	-
	Logon GUID:		{717ff6a7-10c5-439d-fc40-20424396d455}

Process Information:
	Process ID:		0x159c
	Process Name:		C:\Windows\System32\OpenSSH\sshd.exe

Network Information:
	Workstation Name:	DC1
	Source Network Address:	-
	Source Port:		-

Detailed Authentication Information:
	Logon Process:		sshd
	Authentication Package:	Kerberos
	Transited Services:	-
	Package Name (NTLM only):	-
	Key Length:		0

This event is generated when a logon session is created. It is generated on the computer that was accessed.

The subject fields indicate the account on the local system which requested the logon. This is most commonly a service such as the Server service, or a local process such as Winlogon.exe or Services.exe.

The logon type field indicates the kind of logon that occurred. The most common types are 2 (interactive) and 3 (network).

The New Logon fields indicate the account for whom the new logon was created, i.e. the account that was logged on.

The network fields indicate where a remote logon request originated. Workstation name is not always available and may be left blank in some cases.

The impersonation level field indicates the extent to which a process in the logon session can impersonate.

The authentication information fields provide detailed information about this specific logon request.
	- Logon GUID is a unique identifier that can be used to correlate this event with a KDC event.
	- Transited services indicate which intermediate services have participated in this logon request.
	- Package name indicates which sub-protocol was used among the NTLM protocols.
	- Key length indicates the length of the generated session key. This will be 0 if no session key was requested."""
2025-03-28T16:12:05.187Z,DC1,low,3,Windows Logon Success,"""An account was successfully logged on.

Subject:
	Security ID:		S-1-0-0
	Account Name:		-
	Account Domain:		-
	Logon ID:		0x0

Logon Information:
	Logon Type:		3
	Restricted Admin Mode:	-
	Virtual Account:		No
	Elevated Token:		Yes

Impersonation Level:		Impersonation

New Logon:
	Security ID:		S-1-5-18
	Account Name:		DC1$
	Account Domain:		PLUMETECH.LOCAL
	Logon ID:		0x95D0CF
	Linked Logon ID:		0x0
	Network Account Name:	-
	Network Account Domain:	-
	Logon GUID:		{09ce1f90-1058-144b-c1d0-a01d51d0a3fc}

Process Information:
	Process ID:		0x0
	Process Name:		-

Network Information:
	Workstation Name:	-
	Source Network Address:	::1
	Source Port:		52642

Detailed Authentication Information:
	Logon Process:		Kerberos
	Authentication Package:	Kerberos
	Transited Services:	-
	Package Name (NTLM only):	-
	Key Length:		0

This event is generated when a logon session is created. It is generated on the computer that was accessed.

The subject fields indicate the account on the local system which requested the logon. This is most commonly a service such as the Server service, or a local process such as Winlogon.exe or Services.exe.

The logon type field indicates the kind of logon that occurred. The most common types are 2 (interactive) and 3 (network).

The New Logon fields indicate the account for whom the new logon was created, i.e. the account that was logged on.

The network fields indicate where a remote logon request originated. Workstation name is not always available and may be left blank in some cases.

The impersonation level field indicates the extent to which a process in the logon session can impersonate.

The authentication information fields provide detailed information about this specific logon request.
	- Logon GUID is a unique identifier that can be used to correlate this event with a KDC event.
	- Transited services indicate which intermediate services have participated in this logon request.
	- Package name indicates which sub-protocol was used among the NTLM protocols.
	- Key length indicates the length of the generated session key. This will be 0 if no session key was requested."""
2025-03-28T16:12:10.283Z,DC1,low,3,Service logon event registered from non standard service account.,"""An account was successfully logged on.

Subject:
	Security ID:		S-1-5-18
	Account Name:		DC1$
	Account Domain:		PLUMETECH
	Logon ID:		0x3E7

Logon Information:
	Logon Type:		5
	Restricted Admin Mode:	-
	Virtual Account:		Yes
	Elevated Token:		Yes

Impersonation Level:		Impersonation

New Logon:
	Security ID:		S-1-5-111-3847866527-469524349-687026318-516638107-1125189541-2124
	Account Name:		sshd_2124
	Account Domain:		VIRTUAL USERS
	Logon ID:		0x966781
	Linked Logon ID:		0x0
	Network Account Name:	-
	Network Account Domain:	-
	Logon GUID:		{00000000-0000-0000-0000-000000000000}

Process Information:
	Process ID:		0x84c
	Process Name:		C:\Windows\System32\OpenSSH\sshd.exe

Network Information:
	Workstation Name:	-
	Source Network Address:	-
	Source Port:		-

Detailed Authentication Information:
	Logon Process:		Advapi  
	Authentication Package:	Negotiate
	Transited Services:	-
	Package Name (NTLM only):	-
	Key Length:		0

This event is generated when a logon session is created. It is generated on the computer that was accessed.

The subject fields indicate the account on the local system which requested the logon. This is most commonly a service such as the Server service, or a local process such as Winlogon.exe or Services.exe.

The logon type field indicates the kind of logon that occurred. The most common types are 2 (interactive) and 3 (network).

The New Logon fields indicate the account for whom the new logon was created, i.e. the account that was logged on.

The network fields indicate where a remote logon request originated. Workstation name is not always available and may be left blank in some cases.

The impersonation level field indicates the extent to which a process in the logon session can impersonate.

The authentication information fields provide detailed information about this specific logon request.
	- Logon GUID is a unique identifier that can be used to correlate this event with a KDC event.
	- Transited services indicate which intermediate services have participated in this logon request.
	- Package name indicates which sub-protocol was used among the NTLM protocols.
	- Key length indicates the length of the generated session key. This will be 0 if no session key was requested."""
2025-03-28T16:12:10.298Z,DC1,low,3,Windows Logon Success,"""An account was successfully logged on.

Subject:
	Security ID:		S-1-0-0
	Account Name:		-
	Account Domain:		-
	Logon ID:		0x0

Logon Information:
	Logon Type:		3
	Restricted Admin Mode:	-
	Virtual Account:		No
	Elevated Token:		Yes

Impersonation Level:		Impersonation

New Logon:
	Security ID:		S-1-5-18
	Account Name:		DC1$
	Account Domain:		PLUMETECH.LOCAL
	Logon ID:		0x96776C
	Linked Logon ID:		0x0
	Network Account Name:	-
	Network Account Domain:	-
	Logon GUID:		{09ce1f90-1058-144b-c1d0-a01d51d0a3fc}

Process Information:
	Process ID:		0x0
	Process Name:		-

Network Information:
	Workstation Name:	-
	Source Network Address:	fe80::fea8:dc4c:13cf:e14c
	Source Port:		52661

Detailed Authentication Information:
	Logon Process:		Kerberos
	Authentication Package:	Kerberos
	Transited Services:	-
	Package Name (NTLM only):	-
	Key Length:		0

This event is generated when a logon session is created. It is generated on the computer that was accessed.

The subject fields indicate the account on the local system which requested the logon. This is most commonly a service such as the Server service, or a local process such as Winlogon.exe or Services.exe.

The logon type field indicates the kind of logon that occurred. The most common types are 2 (interactive) and 3 (network).

The New Logon fields indicate the account for whom the new logon was created, i.e. the account that was logged on.

The network fields indicate where a remote logon request originated. Workstation name is not always available and may be left blank in some cases.

The impersonation level field indicates the extent to which a process in the logon session can impersonate.

The authentication information fields provide detailed information about this specific logon request.
	- Logon GUID is a unique identifier that can be used to correlate this event with a KDC event.
	- Transited services indicate which intermediate services have participated in this logon request.
	- Package name indicates which sub-protocol was used among the NTLM protocols.
	- Key length indicates the length of the generated session key. This will be 0 if no session key was requested."""
2025-03-28T16:12:10.330Z,DC1,low,3,Windows Logon Success,"""An account was successfully logged on.

Subject:
	Security ID:		S-1-5-18
	Account Name:		DC1$
	Account Domain:		PLUMETECH
	Logon ID:		0x3E7

Logon Information:
	Logon Type:		3
	Restricted Admin Mode:	-
	Virtual Account:		No
	Elevated Token:		Yes

Impersonation Level:		Identification

New Logon:
	Security ID:		S-1-5-21-1754575515-22446835-1993822327-500
	Account Name:		Administrator
	Account Domain:		PLUMETECH
	Logon ID:		0x9677F8
	Linked Logon ID:		0x0
	Network Account Name:	-
	Network Account Domain:	-
	Logon GUID:		{717ff6a7-10c5-439d-fc40-20424396d455}

Process Information:
	Process ID:		0x84c
	Process Name:		C:\Windows\System32\OpenSSH\sshd.exe

Network Information:
	Workstation Name:	DC1
	Source Network Address:	-
	Source Port:		-

Detailed Authentication Information:
	Logon Process:		sshd
	Authentication Package:	Kerberos
	Transited Services:	-
	Package Name (NTLM only):	-
	Key Length:		0

This event is generated when a logon session is created. It is generated on the computer that was accessed.

The subject fields indicate the account on the local system which requested the logon. This is most commonly a service such as the Server service, or a local process such as Winlogon.exe or Services.exe.

The logon type field indicates the kind of logon that occurred. The most common types are 2 (interactive) and 3 (network).

The New Logon fields indicate the account for whom the new logon was created, i.e. the account that was logged on.

The network fields indicate where a remote logon request originated. Workstation name is not always available and may be left blank in some cases.

The impersonation level field indicates the extent to which a process in the logon session can impersonate.

The authentication information fields provide detailed information about this specific logon request.
	- Logon GUID is a unique identifier that can be used to correlate this event with a KDC event.
	- Transited services indicate which intermediate services have participated in this logon request.
	- Package name indicates which sub-protocol was used among the NTLM protocols.
	- Key length indicates the length of the generated session key. This will be 0 if no session key was requested."""
2025-03-28T16:12:10.363Z,DC1,low,3,Windows Logon Success,"""An account was successfully logged on.

Subject:
	Security ID:		S-1-5-18
	Account Name:		DC1$
	Account Domain:		PLUMETECH
	Logon ID:		0x3E7

Logon Information:
	Logon Type:		3
	Restricted Admin Mode:	-
	Virtual Account:		No
	Elevated Token:		Yes

Impersonation Level:		Impersonation

New Logon:
	Security ID:		S-1-5-21-1754575515-22446835-1993822327-500
	Account Name:		Administrator
	Account Domain:		PLUMETECH
	Logon ID:		0x967A07
	Linked Logon ID:		0x0
	Network Account Name:	-
	Network Account Domain:	-
	Logon GUID:		{717ff6a7-10c5-439d-fc40-20424396d455}

Process Information:
	Process ID:		0x84c
	Process Name:		C:\Windows\System32\OpenSSH\sshd.exe

Network Information:
	Workstation Name:	DC1
	Source Network Address:	-
	Source Port:		-

Detailed Authentication Information:
	Logon Process:		sshd
	Authentication Package:	Kerberos
	Transited Services:	-
	Package Name (NTLM only):	-
	Key Length:		0

This event is generated when a logon session is created. It is generated on the computer that was accessed.

The subject fields indicate the account on the local system which requested the logon. This is most commonly a service such as the Server service, or a local process such as Winlogon.exe or Services.exe.

The logon type field indicates the kind of logon that occurred. The most common types are 2 (interactive) and 3 (network).

The New Logon fields indicate the account for whom the new logon was created, i.e. the account that was logged on.

The network fields indicate where a remote logon request originated. Workstation name is not always available and may be left blank in some cases.

The impersonation level field indicates the extent to which a process in the logon session can impersonate.

The authentication information fields provide detailed information about this specific logon request.
	- Logon GUID is a unique identifier that can be used to correlate this event with a KDC event.
	- Transited services indicate which intermediate services have participated in this logon request.
	- Package name indicates which sub-protocol was used among the NTLM protocols.
	- Key length indicates the length of the generated session key. This will be 0 if no session key was requested."""
2025-03-28T16:12:16.002Z,DC1,low,4,"LDAP Query from 10.0.3.29: ( & ( !  (flags&1) )  (gPCUserExtensionNames=[*])  ( |  (distinguishedName=cn={28a9e702-cbf4-4d3f-925e-a4fae4685101},cn=policies,cn=system,DC=PLUMETECH,DC=LOCAL)  (distinguishedName=CN={31B2F340-016D-11D2-945F-00C04FB984F9},CN=Policies,CN=System,DC=PLUMETECH,DC=LOCAL) ) )","2025-03-28T17:11:56.270+01:00 DC1.PLUMETECH.LOCAL LDAPQueryLogParser: date=2025-03-28 time=17:11:56 hostname=DC1.PLUMETECH.LOCAL srcip=10.0.3.29 win.eventdata.ipAddress=::ffff:10.0.3.29 srcport=62946 user=PLUMETECH\CLI1$ filter=""( & ( !  (flags&1) )  (gPCUserExtensionNames=[*])  ( |  (distinguishedName=cn={28a9e702-cbf4-4d3f-925e-a4fae4685101},cn=policies,cn=system,DC=PLUMETECH,DC=LOCAL)  (distinguishedName=CN={31B2F340-016D-11D2-945F-00C04FB984F9},CN=Policies,CN=System,DC=PLUMETECH,DC=LOCAL) ) )"" scope=subtree startingnode=cn=policies,cn=system,DC=PLUMETECH,DC=LOCAL attributeselection=nTSecurityDescriptor,gPCFileSysPath,cn,displayName,versionNumber,gPCFunctionalityVersion,flags,gPCMachineExtensionNames,gPCUserExtensionNames,objectClass,gPCWQLFilter"
2025-03-28T16:12:16.656Z,OTDC1,low,3,Windows Logon Success,"""An account was successfully logged on.

Subject:
	Security ID:		S-1-0-0
	Account Name:		-
	Account Domain:		-
	Logon ID:		0x0

Logon Information:
	Logon Type:		3
	Restricted Admin Mode:	-
	Virtual Account:		No
	Elevated Token:		Yes

Impersonation Level:		Impersonation

New Logon:
	Security ID:		S-1-5-18
	Account Name:		OTDC1$
	Account Domain:		PLUMETECH-OT.LOCAL
	Logon ID:		0xA7D945
	Linked Logon ID:		0x0
	Network Account Name:	-
	Network Account Domain:	-
	Logon GUID:		{8106fa6f-b3ce-218c-5f43-7aa78859dafe}

Process Information:
	Process ID:		0x0
	Process Name:		-

Network Information:
	Workstation Name:	-
	Source Network Address:	::1
	Source Port:		63225

Detailed Authentication Information:
	Logon Process:		Kerberos
	Authentication Package:	Kerberos
	Transited Services:	-
	Package Name (NTLM only):	-
	Key Length:		0

This event is generated when a logon session is created. It is generated on the computer that was accessed.

The subject fields indicate the account on the local system which requested the logon. This is most commonly a service such as the Server service, or a local process such as Winlogon.exe or Services.exe.

The logon type field indicates the kind of logon that occurred. The most common types are 2 (interactive) and 3 (network).

The New Logon fields indicate the account for whom the new logon was created, i.e. the account that was logged on.

The network fields indicate where a remote logon request originated. Workstation name is not always available and may be left blank in some cases.

The impersonation level field indicates the extent to which a process in the logon session can impersonate.

The authentication information fields provide detailed information about this specific logon request.
	- Logon GUID is a unique identifier that can be used to correlate this event with a KDC event.
	- Transited services indicate which intermediate services have participated in this logon request.
	- Package name indicates which sub-protocol was used among the NTLM protocols.
	- Key length indicates the length of the generated session key. This will be 0 if no session key was requested."""
2025-03-28T16:12:16.869Z,DC1,low,3,Windows Logon Success,"""An account was successfully logged on.

Subject:
	Security ID:		S-1-0-0
	Account Name:		-
	Account Domain:		-
	Logon ID:		0x0

Logon Information:
	Logon Type:		3
	Restricted Admin Mode:	-
	Virtual Account:		No
	Elevated Token:		Yes

Impersonation Level:		Impersonation

New Logon:
	Security ID:		S-1-5-18
	Account Name:		DC1$
	Account Domain:		PLUMETECH.LOCAL
	Logon ID:		0x976A8A
	Linked Logon ID:		0x0
	Network Account Name:	-
	Network Account Domain:	-
	Logon GUID:		{09ce1f90-1058-144b-c1d0-a01d51d0a3fc}

Process Information:
	Process ID:		0x0
	Process Name:		-

Network Information:
	Workstation Name:	-
	Source Network Address:	::1
	Source Port:		52672

Detailed Authentication Information:
	Logon Process:		Kerberos
	Authentication Package:	Kerberos
	Transited Services:	-
	Package Name (NTLM only):	-
	Key Length:		0

This event is generated when a logon session is created. It is generated on the computer that was accessed.

The subject fields indicate the account on the local system which requested the logon. This is most commonly a service such as the Server service, or a local process such as Winlogon.exe or Services.exe.

The logon type field indicates the kind of logon that occurred. The most common types are 2 (interactive) and 3 (network).

The New Logon fields indicate the account for whom the new logon was created, i.e. the account that was logged on.

The network fields indicate where a remote logon request originated. Workstation name is not always available and may be left blank in some cases.

The impersonation level field indicates the extent to which a process in the logon session can impersonate.

The authentication information fields provide detailed information about this specific logon request.
	- Logon GUID is a unique identifier that can be used to correlate this event with a KDC event.
	- Transited services indicate which intermediate services have participated in this logon request.
	- Package name indicates which sub-protocol was used among the NTLM protocols.
	- Key length indicates the length of the generated session key. This will be 0 if no session key was requested."""
2025-03-28T16:13:16.628Z,OTDC1,low,3,Windows Logon Success,"""An account was successfully logged on.

Subject:
	Security ID:		S-1-0-0
	Account Name:		-
	Account Domain:		-
	Logon ID:		0x0

Logon Information:
	Logon Type:		3
	Restricted Admin Mode:	-
	Virtual Account:		No
	Elevated Token:		Yes

Impersonation Level:		Impersonation

New Logon:
	Security ID:		S-1-5-18
	Account Name:		OTDC1$
	Account Domain:		PLUMETECH-OT.LOCAL
	Logon ID:		0xAD27C1
	Linked Logon ID:		0x0
	Network Account Name:	-
	Network Account Domain:	-
	Logon GUID:		{8106fa6f-b3ce-218c-5f43-7aa78859dafe}

Process Information:
	Process ID:		0x0
	Process Name:		-

Network Information:
	Workstation Name:	-
	Source Network Address:	::1
	Source Port:		63226

Detailed Authentication Information:
	Logon Process:		Kerberos
	Authentication Package:	Kerberos
	Transited Services:	-
	Package Name (NTLM only):	-
	Key Length:		0

This event is generated when a logon session is created. It is generated on the computer that was accessed.

The subject fields indicate the account on the local system which requested the logon. This is most commonly a service such as the Server service, or a local process such as Winlogon.exe or Services.exe.

The logon type field indicates the kind of logon that occurred. The most common types are 2 (interactive) and 3 (network).

The New Logon fields indicate the account for whom the new logon was created, i.e. the account that was logged on.

The network fields indicate where a remote logon request originated. Workstation name is not always available and may be left blank in some cases.

The impersonation level field indicates the extent to which a process in the logon session can impersonate.

The authentication information fields provide detailed information about this specific logon request.
	- Logon GUID is a unique identifier that can be used to correlate this event with a KDC event.
	- Transited services indicate which intermediate services have participated in this logon request.
	- Package name indicates which sub-protocol was used among the NTLM protocols.
	- Key length indicates the length of the generated session key. This will be 0 if no session key was requested."""
2025-03-28T16:13:16.888Z,DC1,low,3,Windows Logon Success,"""An account was successfully logged on.

Subject:
	Security ID:		S-1-0-0
	Account Name:		-
	Account Domain:		-
	Logon ID:		0x0

Logon Information:
	Logon Type:		3
	Restricted Admin Mode:	-
	Virtual Account:		No
	Elevated Token:		Yes

Impersonation Level:		Impersonation

New Logon:
	Security ID:		S-1-5-18
	Account Name:		DC1$
	Account Domain:		PLUMETECH.LOCAL
	Logon ID:		0x9A6C83
	Linked Logon ID:		0x0
	Network Account Name:	-
	Network Account Domain:	-
	Logon GUID:		{09ce1f90-1058-144b-c1d0-a01d51d0a3fc}

Process Information:
	Process ID:		0x0
	Process Name:		-

Network Information:
	Workstation Name:	-
	Source Network Address:	::1
	Source Port:		52673

Detailed Authentication Information:
	Logon Process:		Kerberos
	Authentication Package:	Kerberos
	Transited Services:	-
	Package Name (NTLM only):	-
	Key Length:		0

This event is generated when a logon session is created. It is generated on the computer that was accessed.

The subject fields indicate the account on the local system which requested the logon. This is most commonly a service such as the Server service, or a local process such as Winlogon.exe or Services.exe.

The logon type field indicates the kind of logon that occurred. The most common types are 2 (interactive) and 3 (network).

The New Logon fields indicate the account for whom the new logon was created, i.e. the account that was logged on.

The network fields indicate where a remote logon request originated. Workstation name is not always available and may be left blank in some cases.

The impersonation level field indicates the extent to which a process in the logon session can impersonate.

The authentication information fields provide detailed information about this specific logon request.
	- Logon GUID is a unique identifier that can be used to correlate this event with a KDC event.
	- Transited services indicate which intermediate services have participated in this logon request.
	- Package name indicates which sub-protocol was used among the NTLM protocols.
	- Key length indicates the length of the generated session key. This will be 0 if no session key was requested."""
2025-03-28T16:14:16.765Z,OTDC1,low,3,Windows Logon Success,"""An account was successfully logged on.

Subject:
	Security ID:		S-1-0-0
	Account Name:		-
	Account Domain:		-
	Logon ID:		0x0

Logon Information:
	Logon Type:		3
	Restricted Admin Mode:	-
	Virtual Account:		No
	Elevated Token:		Yes

Impersonation Level:		Impersonation

New Logon:
	Security ID:		S-1-5-18
	Account Name:		OTDC1$
	Account Domain:		PLUMETECH-OT.LOCAL
	Logon ID:		0xB18148
	Linked Logon ID:		0x0
	Network Account Name:	-
	Network Account Domain:	-
	Logon GUID:		{8106fa6f-b3ce-218c-5f43-7aa78859dafe}

Process Information:
	Process ID:		0x0
	Process Name:		-

Network Information:
	Workstation Name:	-
	Source Network Address:	::1
	Source Port:		63227

Detailed Authentication Information:
	Logon Process:		Kerberos
	Authentication Package:	Kerberos
	Transited Services:	-
	Package Name (NTLM only):	-
	Key Length:		0

This event is generated when a logon session is created. It is generated on the computer that was accessed.

The subject fields indicate the account on the local system which requested the logon. This is most commonly a service such as the Server service, or a local process such as Winlogon.exe or Services.exe.

The logon type field indicates the kind of logon that occurred. The most common types are 2 (interactive) and 3 (network).

The New Logon fields indicate the account for whom the new logon was created, i.e. the account that was logged on.

The network fields indicate where a remote logon request originated. Workstation name is not always available and may be left blank in some cases.

The impersonation level field indicates the extent to which a process in the logon session can impersonate.

The authentication information fields provide detailed information about this specific logon request.
	- Logon GUID is a unique identifier that can be used to correlate this event with a KDC event.
	- Transited services indicate which intermediate services have participated in this logon request.
	- Package name indicates which sub-protocol was used among the NTLM protocols.
	- Key length indicates the length of the generated session key. This will be 0 if no session key was requested."""
