2025-03-28T09:52:15.198Z,OTDC1,low,3,Windows Logon Success,"""An account was successfully logged on.

Subject:
	Security ID:		S-1-0-0
	Account Name:		-
	Account Domain:		-
	Logon ID:		0x0

Logon Information:
	Logon Type:		3
	Restricted Admin Mode:	-
	Virtual Account:		No
	Elevated Token:		Yes

Impersonation Level:		Impersonation

New Logon:
	Security ID:		S-1-5-18
	Account Name:		OTDC1$
	Account Domain:		PLUMETECH-OT.LOCAL
	Logon ID:		0x135E2EF
	Linked Logon ID:		0x0
	Network Account Name:	-
	Network Account Domain:	-
	Logon GUID:		{cef423a1-137b-87e4-9359-83b45a671066}

Process Information:
	Process ID:		0x0
	Process Name:		-

Network Information:
	Workstation Name:	-
	Source Network Address:	::1
	Source Port:		0

Detailed Authentication Information:
	Logon Process:		Kerberos
	Authentication Package:	Kerberos
	Transited Services:	-
	Package Name (NTLM only):	-
	Key Length:		0

This event is generated when a logon session is created. It is generated on the computer that was accessed.

The subject fields indicate the account on the local system which requested the logon. This is most commonly a service such as the Server service, or a local process such as Winlogon.exe or Services.exe.

The logon type field indicates the kind of logon that occurred. The most common types are 2 (interactive) and 3 (network).

The New Logon fields indicate the account for whom the new logon was created, i.e. the account that was logged on.

The network fields indicate where a remote logon request originated. Workstation name is not always available and may be left blank in some cases.

The impersonation level field indicates the extent to which a process in the logon session can impersonate.

The authentication information fields provide detailed information about this specific logon request.
	- Logon GUID is a unique identifier that can be used to correlate this event with a KDC event.
	- Transited services indicate which intermediate services have participated in this logon request.
	- Package name indicates which sub-protocol was used among the NTLM protocols.
	- Key length indicates the length of the generated session key. This will be 0 if no session key was requested."""
2025-03-28T09:52:15.229Z,OTDC1,low,3,Windows Logon Success,"""An account was successfully logged on.

Subject:
	Security ID:		S-1-0-0
	Account Name:		-
	Account Domain:		-
	Logon ID:		0x0

Logon Information:
	Logon Type:		3
	Restricted Admin Mode:	-
	Virtual Account:		No
	Elevated Token:		Yes

Impersonation Level:		Impersonation

New Logon:
	Security ID:		S-1-5-18
	Account Name:		OTDC1$
	Account Domain:		PLUMETECH-OT.LOCAL
	Logon ID:		0x135E473
	Linked Logon ID:		0x0
	Network Account Name:	-
	Network Account Domain:	-
	Logon GUID:		{cef423a1-137b-87e4-9359-83b45a671066}

Process Information:
	Process ID:		0x0
	Process Name:		-

Network Information:
	Workstation Name:	-
	Source Network Address:	::1
	Source Port:		0

Detailed Authentication Information:
	Logon Process:		Kerberos
	Authentication Package:	Kerberos
	Transited Services:	-
	Package Name (NTLM only):	-
	Key Length:		0

This event is generated when a logon session is created. It is generated on the computer that was accessed.

The subject fields indicate the account on the local system which requested the logon. This is most commonly a service such as the Server service, or a local process such as Winlogon.exe or Services.exe.

The logon type field indicates the kind of logon that occurred. The most common types are 2 (interactive) and 3 (network).

The New Logon fields indicate the account for whom the new logon was created, i.e. the account that was logged on.

The network fields indicate where a remote logon request originated. Workstation name is not always available and may be left blank in some cases.

The impersonation level field indicates the extent to which a process in the logon session can impersonate.

The authentication information fields provide detailed information about this specific logon request.
	- Logon GUID is a unique identifier that can be used to correlate this event with a KDC event.
	- Transited services indicate which intermediate services have participated in this logon request.
	- Package name indicates which sub-protocol was used among the NTLM protocols.
	- Key length indicates the length of the generated session key. This will be 0 if no session key was requested."""
2025-03-28T09:52:42.829Z,OTDC1,low,3,Windows Logon Success,"""An account was successfully logged on.

Subject:
	Security ID:		S-1-0-0
	Account Name:		-
	Account Domain:		-
	Logon ID:		0x0

Logon Information:
	Logon Type:		3
	Restricted Admin Mode:	-
	Virtual Account:		No
	Elevated Token:		Yes

Impersonation Level:		Impersonation

New Logon:
	Security ID:		S-1-5-18
	Account Name:		OTDC1$
	Account Domain:		PLUMETECH-OT.LOCAL
	Logon ID:		0x135FBC9
	Linked Logon ID:		0x0
	Network Account Name:	-
	Network Account Domain:	-
	Logon GUID:		{7e70aad8-ff7c-445b-1e89-ec65cb914a8c}

Process Information:
	Process ID:		0x0
	Process Name:		-

Network Information:
	Workstation Name:	-
	Source Network Address:	::1
	Source Port:		49818

Detailed Authentication Information:
	Logon Process:		Kerberos
	Authentication Package:	Kerberos
	Transited Services:	-
	Package Name (NTLM only):	-
	Key Length:		0

This event is generated when a logon session is created. It is generated on the computer that was accessed.

The subject fields indicate the account on the local system which requested the logon. This is most commonly a service such as the Server service, or a local process such as Winlogon.exe or Services.exe.

The logon type field indicates the kind of logon that occurred. The most common types are 2 (interactive) and 3 (network).

The New Logon fields indicate the account for whom the new logon was created, i.e. the account that was logged on.

The network fields indicate where a remote logon request originated. Workstation name is not always available and may be left blank in some cases.

The impersonation level field indicates the extent to which a process in the logon session can impersonate.

The authentication information fields provide detailed information about this specific logon request.
	- Logon GUID is a unique identifier that can be used to correlate this event with a KDC event.
	- Transited services indicate which intermediate services have participated in this logon request.
	- Package name indicates which sub-protocol was used among the NTLM protocols.
	- Key length indicates the length of the generated session key. This will be 0 if no session key was requested."""
2025-03-28T09:52:54.881Z,DC1,low,6,"Successful Remote Logon Detected - User:\ANONYMOUS LOGON - NTLM authentication, possible pass-the-hash attack.","{""win"":{""system"":{""providerName"":""Microsoft-Windows-Security-Auditing"",""providerGuid"":""{54849625-5478-4994-a5ba-3e3b0328c30d}"",""eventID"":""4624"",""version"":""2"",""level"":""0"",""task"":""12544"",""opcode"":""0"",""keywords"":""0x8020000000000000"",""systemTime"":""2025-03-28T09:52:54.0814967Z"",""eventRecordID"":""260420"",""processID"":""832"",""threadID"":""6084"",""channel"":""Security"",""computer"":""DC1.PLUMETECH.LOCAL"",""severityValue"":""AUDIT_SUCCESS"",""message"":""\""An account was successfully logged on.\r\n\r\nSubject:\r\n\tSecurity ID:\t\tS-1-0-0\r\n\tAccount Name:\t\t-\r\n\tAccount Domain:\t\t-\r\n\tLogon ID:\t\t0x0\r\n\r\nLogon Information:\r\n\tLogon Type:\t\t3\r\n\tRestricted Admin Mode:\t-\r\n\tVirtual Account:\t\tNo\r\n\tElevated Token:\t\tNo\r\n\r\nImpersonation Level:\t\tImpersonation\r\n\r\nNew Logon:\r\n\tSecurity ID:\t\tS-1-5-7\r\n\tAccount Name:\t\tANONYMOUS LOGON\r\n\tAccount Domain:\t\tNT AUTHORITY\r\n\tLogon ID:\t\t0x161A509\r\n\tLinked Logon ID:\t\t0x0\r\n\tNetwork Account Name:\t-\r\n\tNetwork Account Domain:\t-\r\n\tLogon GUID:\t\t{00000000-0000-0000-0000-000000000000}\r\n\r\nProcess Information:\r\n\tProcess ID:\t\t0x0\r\n\tProcess Name:\t\t-\r\n\r\nNetwork Information:\r\n\tWorkstation Name:\t-\r\n\tSource Network Address:\t10.0.2.30\r\n\tSource Port:\t\t36104\r\n\r\nDetailed Authentication Information:\r\n\tLogon Process:\t\tNtLmSsp \r\n\tAuthentication Package:\tNTLM\r\n\tTransited Services:\t-\r\n\tPackage Name (NTLM only):\tNTLM V1\r\n\tKey Length:\t\t128\r\n\r\nThis event is generated when a logon session is created. It is generated on the computer that was accessed.\r\n\r\nThe subject fields indicate the account on the local system which requested the logon. This is most commonly a service such as the Server service, or a local process such as Winlogon.exe or Services.exe.\r\n\r\nThe logon type field indicates the kind of logon that occurred. The most common types are 2 (interactive) and 3 (network).\r\n\r\nThe New Logon fields indicate the account for whom the new logon was created, i.e. the account that was logged on.\r\n\r\nThe network fields indicate where a remote logon request originated. Workstation name is not always available and may be left blank in some cases.\r\n\r\nThe impersonation level field indicates the extent to which a process in the logon session can impersonate.\r\n\r\nThe authentication information fields provide detailed information about this specific logon request.\r\n\t- Logon GUID is a unique identifier that can be used to correlate this event with a KDC event.\r\n\t- Transited services indicate which intermediate services have participated in this logon request.\r\n\t- Package name indicates which sub-protocol was used among the NTLM protocols.\r\n\t- Key length indicates the length of the generated session key. This will be 0 if no session key was requested.\""""},""eventdata"":{""subjectUserSid"":""S-1-0-0"",""subjectLogonId"":""0x0"",""targetUserSid"":""S-1-5-7"",""targetUserName"":""ANONYMOUS LOGON"",""targetDomainName"":""NT AUTHORITY"",""targetLogonId"":""0x161a509"",""logonType"":""3"",""logonProcessName"":""NtLmSsp"",""authenticationPackageName"":""NTLM"",""logonGuid"":""{00000000-0000-0000-0000-000000000000}"",""lmPackageName"":""NTLM V1"",""keyLength"":""128"",""processId"":""0x0"",""ipAddress"":""10.0.2.30"",""ipPort"":""36104"",""impersonationLevel"":""%%1833"",""virtualAccount"":""%%1843"",""targetLinkedLogonId"":""0x0"",""elevatedToken"":""%%1843""}}}"
2025-03-28T09:52:54.887Z,DC1,low,6,"Successful Remote Logon Detected - User:\martin - NTLM authentication, possible pass-the-hash attack.","{""win"":{""system"":{""providerName"":""Microsoft-Windows-Security-Auditing"",""providerGuid"":""{54849625-5478-4994-a5ba-3e3b0328c30d}"",""eventID"":""4624"",""version"":""2"",""level"":""0"",""task"":""12544"",""opcode"":""0"",""keywords"":""0x8020000000000000"",""systemTime"":""2025-03-28T09:52:54.1306290Z"",""eventRecordID"":""260421"",""processID"":""832"",""threadID"":""2532"",""channel"":""Security"",""computer"":""DC1.PLUMETECH.LOCAL"",""severityValue"":""AUDIT_SUCCESS"",""message"":""\""An account was successfully logged on.\r\n\r\nSubject:\r\n\tSecurity ID:\t\tS-1-0-0\r\n\tAccount Name:\t\t-\r\n\tAccount Domain:\t\t-\r\n\tLogon ID:\t\t0x0\r\n\r\nLogon Information:\r\n\tLogon Type:\t\t3\r\n\tRestricted Admin Mode:\t-\r\n\tVirtual Account:\t\tNo\r\n\tElevated Token:\t\tYes\r\n\r\nImpersonation Level:\t\tImpersonation\r\n\r\nNew Logon:\r\n\tSecurity ID:\t\tS-1-5-21-742041295-2727698780-1124300366-1105\r\n\tAccount Name:\t\tmartin\r\n\tAccount Domain:\t\tPLUMETECH\r\n\tLogon ID:\t\t0x161A572\r\n\tLinked Logon ID:\t\t0x0\r\n\tNetwork Account Name:\t-\r\n\tNetwork Account Domain:\t-\r\n\tLogon GUID:\t\t{00000000-0000-0000-0000-000000000000}\r\n\r\nProcess Information:\r\n\tProcess ID:\t\t0x0\r\n\tProcess Name:\t\t-\r\n\r\nNetwork Information:\r\n\tWorkstation Name:\t-\r\n\tSource Network Address:\t10.0.2.30\r\n\tSource Port:\t\t47502\r\n\r\nDetailed Authentication Information:\r\n\tLogon Process:\t\tNtLmSsp \r\n\tAuthentication Package:\tNTLM\r\n\tTransited Services:\t-\r\n\tPackage Name (NTLM only):\tNTLM V2\r\n\tKey Length:\t\t0\r\n\r\nThis event is generated when a logon session is created. It is generated on the computer that was accessed.\r\n\r\nThe subject fields indicate the account on the local system which requested the logon. This is most commonly a service such as the Server service, or a local process such as Winlogon.exe or Services.exe.\r\n\r\nThe logon type field indicates the kind of logon that occurred. The most common types are 2 (interactive) and 3 (network).\r\n\r\nThe New Logon fields indicate the account for whom the new logon was created, i.e. the account that was logged on.\r\n\r\nThe network fields indicate where a remote logon request originated. Workstation name is not always available and may be left blank in some cases.\r\n\r\nThe impersonation level field indicates the extent to which a process in the logon session can impersonate.\r\n\r\nThe authentication information fields provide detailed information about this specific logon request.\r\n\t- Logon GUID is a unique identifier that can be used to correlate this event with a KDC event.\r\n\t- Transited services indicate which intermediate services have participated in this logon request.\r\n\t- Package name indicates which sub-protocol was used among the NTLM protocols.\r\n\t- Key length indicates the length of the generated session key. This will be 0 if no session key was requested.\""""},""eventdata"":{""subjectUserSid"":""S-1-0-0"",""subjectLogonId"":""0x0"",""targetUserSid"":""S-1-5-21-742041295-2727698780-1124300366-1105"",""targetUserName"":""martin"",""targetDomainName"":""PLUMETECH"",""targetLogonId"":""0x161a572"",""logonType"":""3"",""logonProcessName"":""NtLmSsp"",""authenticationPackageName"":""NTLM"",""logonGuid"":""{00000000-0000-0000-0000-000000000000}"",""lmPackageName"":""NTLM V2"",""keyLength"":""0"",""processId"":""0x0"",""ipAddress"":""10.0.2.30"",""ipPort"":""47502"",""impersonationLevel"":""%%1833"",""virtualAccount"":""%%1843"",""targetLinkedLogonId"":""0x0"",""elevatedToken"":""%%1842""}}}"
2025-03-28T09:52:55.537Z,suricata,low,3,NTLM Challenge from 10.0.2.11 to 10.0.2.30,"{""timestamp"":""2025-03-28T09:52:54.068274+0000"",""flow_id"":1623820005610983,""in_iface"":""ens5"",""event_type"":""alert"",""src_ip"":""10.0.2.11"",""src_port"":445,""dest_ip"":""10.0.2.30"",""dest_port"":36104,""proto"":""TCP"",""pkt_src"":""vxlan encapsulation"",""community_id"":""1:7p6hG6hrDf7hChlyxdO8QPC2nLI="",""alert"":{""action"":""allowed"",""gid"":1,""signature_id"":211,""rev"":2,""signature"":""NTLMSSP_CHALLENGE"",""category"":"""",""severity"":1,""metadata"":{""ntlmssp"":[""challenge""]}},""tunnel"":{""src_ip"":""10.0.2.11"",""src_port"":65535,""dest_ip"":""10.0.2.9"",""dest_port"":4789,""proto"":""UDP"",""depth"":1,""pkt_src"":""wire/pcap""},""app_proto"":""smb"",""direction"":""to_client"",""flow"":{""pkts_toserver"":37,""pkts_toclient"":25,""bytes_toserver"":4332,""bytes_toclient"":5340,""start"":""2025-03-28T09:52:53.836827+0000"",""src_ip"":""10.0.2.30"",""dest_ip"":""10.0.2.11"",""src_port"":36104,""dest_port"":445},""capture_file"":""/var/log/suricata/nsm_data//log.pcap.1743155225"",""source"":""suricata""}"
2025-03-28T09:52:55.537Z,suricata,low,3,NTLM Challenge from 10.0.2.11 to 10.0.2.30,"{""timestamp"":""2025-03-28T09:52:54.068274+0000"",""flow_id"":1623820005610983,""in_iface"":""ens5"",""event_type"":""alert"",""src_ip"":""10.0.2.11"",""src_port"":445,""dest_ip"":""10.0.2.30"",""dest_port"":36104,""proto"":""TCP"",""pkt_src"":""vxlan encapsulation"",""community_id"":""1:7p6hG6hrDf7hChlyxdO8QPC2nLI="",""alert"":{""action"":""allowed"",""gid"":1,""signature_id"":21,""rev"":2,""signature"":""NTLMSSP_CHALLENGE"",""category"":"""",""severity"":1,""metadata"":{""ntlmssp"":[""challenge""]}},""tunnel"":{""src_ip"":""10.0.2.11"",""src_port"":65535,""dest_ip"":""10.0.2.9"",""dest_port"":4789,""proto"":""UDP"",""depth"":1,""pkt_src"":""wire/pcap""},""app_proto"":""smb"",""direction"":""to_client"",""flow"":{""pkts_toserver"":37,""pkts_toclient"":25,""bytes_toserver"":4332,""bytes_toclient"":5340,""start"":""2025-03-28T09:52:53.836827+0000"",""src_ip"":""10.0.2.30"",""dest_ip"":""10.0.2.11"",""src_port"":36104,""dest_port"":445},""capture_file"":""/var/log/suricata/nsm_data//log.pcap.1743155225"",""source"":""suricata""}"
2025-03-28T09:53:01.465Z,suricata,low,3,NTLM Challenge from 10.0.2.11 to 10.0.2.12,"{""timestamp"":""2025-03-28T09:53:00.674039+0000"",""flow_id"":1327154990360758,""in_iface"":""ens5"",""event_type"":""alert"",""src_ip"":""10.0.2.11"",""src_port"":445,""dest_ip"":""10.0.2.12"",""dest_port"":61021,""proto"":""TCP"",""pkt_src"":""stream (flow timeout)"",""community_id"":""1:oJamNmlFwt4/bsAq8SrTWtXJjrE="",""alert"":{""action"":""allowed"",""gid"":1,""signature_id"":21,""rev"":2,""signature"":""NTLMSSP_CHALLENGE"",""category"":"""",""severity"":1,""metadata"":{""ntlmssp"":[""challenge""]}},""app_proto"":""smb"",""direction"":""to_client"",""flow"":{""pkts_toserver"":28,""pkts_toclient"":16,""bytes_toserver"":5412,""bytes_toclient"":3976,""start"":""2025-03-28T09:51:48.833290+0000"",""src_ip"":""10.0.2.12"",""dest_ip"":""10.0.2.11"",""src_port"":61021,""dest_port"":445},""capture_file"":""/var/log/suricata/nsm_data//log.pcap.1743155225"",""source"":""suricata""}"
2025-03-28T09:53:01.466Z,suricata,low,3,NTLM Challenge from 10.0.2.11 to 10.0.2.12,"{""timestamp"":""2025-03-28T09:53:00.674039+0000"",""flow_id"":1327154990360758,""in_iface"":""ens5"",""event_type"":""alert"",""src_ip"":""10.0.2.11"",""src_port"":445,""dest_ip"":""10.0.2.12"",""dest_port"":61021,""proto"":""TCP"",""pkt_src"":""stream (flow timeout)"",""community_id"":""1:oJamNmlFwt4/bsAq8SrTWtXJjrE="",""alert"":{""action"":""allowed"",""gid"":1,""signature_id"":211,""rev"":2,""signature"":""NTLMSSP_CHALLENGE"",""category"":"""",""severity"":1,""metadata"":{""ntlmssp"":[""challenge""]}},""app_proto"":""smb"",""direction"":""to_client"",""flow"":{""pkts_toserver"":28,""pkts_toclient"":16,""bytes_toserver"":5412,""bytes_toclient"":3976,""start"":""2025-03-28T09:51:48.833290+0000"",""src_ip"":""10.0.2.12"",""dest_ip"":""10.0.2.11"",""src_port"":61021,""dest_port"":445},""capture_file"":""/var/log/suricata/nsm_data//log.pcap.1743155225"",""source"":""suricata""}"
2025-03-28T09:53:01.474Z,suricata,low,3,NTLM Challenge from 10.0.2.11 to 10.0.2.12,"{""timestamp"":""2025-03-28T09:53:00.697788+0000"",""flow_id"":1395164014906594,""in_iface"":""ens5"",""event_type"":""alert"",""src_ip"":""10.0.2.11"",""src_port"":445,""dest_ip"":""10.0.2.12"",""dest_port"":61020,""proto"":""TCP"",""pkt_src"":""stream (flow timeout)"",""community_id"":""1:iyoH/30ZYcuNWBQsA5b6IKcvSbs="",""alert"":{""action"":""allowed"",""gid"":1,""signature_id"":211,""rev"":2,""signature"":""NTLMSSP_CHALLENGE"",""category"":"""",""severity"":1,""metadata"":{""ntlmssp"":[""challenge""]}},""app_proto"":""smb"",""direction"":""to_client"",""flow"":{""pkts_toserver"":48,""pkts_toclient"":36,""bytes_toserver"":9528,""bytes_toclient"":10680,""start"":""2025-03-28T09:51:48.718052+0000"",""src_ip"":""10.0.2.12"",""dest_ip"":""10.0.2.11"",""src_port"":61020,""dest_port"":445},""capture_file"":""/var/log/suricata/nsm_data//log.pcap.1743155225"",""source"":""suricata""}"
2025-03-28T09:53:01.474Z,suricata,low,3,NTLM Challenge from 10.0.2.11 to 10.0.2.12,"{""timestamp"":""2025-03-28T09:53:00.697788+0000"",""flow_id"":1395164014906594,""in_iface"":""ens5"",""event_type"":""alert"",""src_ip"":""10.0.2.11"",""src_port"":445,""dest_ip"":""10.0.2.12"",""dest_port"":61020,""proto"":""TCP"",""pkt_src"":""stream (flow timeout)"",""community_id"":""1:iyoH/30ZYcuNWBQsA5b6IKcvSbs="",""alert"":{""action"":""allowed"",""gid"":1,""signature_id"":21,""rev"":2,""signature"":""NTLMSSP_CHALLENGE"",""category"":"""",""severity"":1,""metadata"":{""ntlmssp"":[""challenge""]}},""app_proto"":""smb"",""direction"":""to_client"",""flow"":{""pkts_toserver"":48,""pkts_toclient"":36,""bytes_toserver"":9528,""bytes_toclient"":10680,""start"":""2025-03-28T09:51:48.718052+0000"",""src_ip"":""10.0.2.12"",""dest_ip"":""10.0.2.11"",""src_port"":61020,""dest_port"":445},""capture_file"":""/var/log/suricata/nsm_data//log.pcap.1743155225"",""source"":""suricata""}"
2025-03-28T09:53:07.470Z,suricata,low,3,NTLM Challenge from 10.0.2.11 to 10.0.2.29,"{""timestamp"":""2025-03-28T09:53:06.512681+0000"",""flow_id"":559820504461316,""in_iface"":""ens5"",""event_type"":""alert"",""src_ip"":""10.0.2.11"",""src_port"":445,""dest_ip"":""10.0.2.29"",""dest_port"":58680,""proto"":""TCP"",""pkt_src"":""stream (flow timeout)"",""community_id"":""1:qWQJmEaxCUy5LGCGmGrH8DL0ViY="",""alert"":{""action"":""allowed"",""gid"":1,""signature_id"":21,""rev"":2,""signature"":""NTLMSSP_CHALLENGE"",""category"":"""",""severity"":1,""metadata"":{""ntlmssp"":[""challenge""]}},""app_proto"":""smb"",""direction"":""to_client"",""flow"":{""pkts_toserver"":44,""pkts_toclient"":32,""bytes_toserver"":8916,""bytes_toclient"":9720,""start"":""2025-03-28T09:51:53.654631+0000"",""src_ip"":""10.0.2.29"",""dest_ip"":""10.0.2.11"",""src_port"":58680,""dest_port"":445},""capture_file"":""/var/log/suricata/nsm_data//log.pcap.1743155225"",""source"":""suricata""}"
2025-03-28T09:53:07.511Z,suricata,low,3,NTLM Challenge from 10.0.2.11 to 10.0.2.29,"{""timestamp"":""2025-03-28T09:53:06.512681+0000"",""flow_id"":559820504461316,""in_iface"":""ens5"",""event_type"":""alert"",""src_ip"":""10.0.2.11"",""src_port"":445,""dest_ip"":""10.0.2.29"",""dest_port"":58680,""proto"":""TCP"",""pkt_src"":""stream (flow timeout)"",""community_id"":""1:qWQJmEaxCUy5LGCGmGrH8DL0ViY="",""alert"":{""action"":""allowed"",""gid"":1,""signature_id"":211,""rev"":2,""signature"":""NTLMSSP_CHALLENGE"",""category"":"""",""severity"":1,""metadata"":{""ntlmssp"":[""challenge""]}},""app_proto"":""smb"",""direction"":""to_client"",""flow"":{""pkts_toserver"":44,""pkts_toclient"":32,""bytes_toserver"":8916,""bytes_toclient"":9720,""start"":""2025-03-28T09:51:53.654631+0000"",""src_ip"":""10.0.2.29"",""dest_ip"":""10.0.2.11"",""src_port"":58680,""dest_port"":445},""capture_file"":""/var/log/suricata/nsm_data//log.pcap.1743155225"",""source"":""suricata""}"
2025-03-28T09:53:07.511Z,suricata,low,3,NTLM Challenge from 10.0.2.11 to 10.0.2.29,"{""timestamp"":""2025-03-28T09:53:07.471760+0000"",""flow_id"":475446666892878,""in_iface"":""ens5"",""event_type"":""alert"",""src_ip"":""10.0.2.11"",""src_port"":445,""dest_ip"":""10.0.2.29"",""dest_port"":58681,""proto"":""TCP"",""pkt_src"":""stream (flow timeout)"",""community_id"":""1:wlSZbteBEPlvZjZCC0spAk7YWd4="",""alert"":{""action"":""allowed"",""gid"":1,""signature_id"":21,""rev"":2,""signature"":""NTLMSSP_CHALLENGE"",""category"":"""",""severity"":1,""metadata"":{""ntlmssp"":[""challenge""]}},""app_proto"":""smb"",""direction"":""to_client"",""flow"":{""pkts_toserver"":28,""pkts_toclient"":16,""bytes_toserver"":5428,""bytes_toclient"":3976,""start"":""2025-03-28T09:51:53.766058+0000"",""src_ip"":""10.0.2.29"",""dest_ip"":""10.0.2.11"",""src_port"":58681,""dest_port"":445},""capture_file"":""/var/log/suricata/nsm_data//log.pcap.1743155225"",""source"":""suricata""}"
2025-03-28T09:53:07.511Z,suricata,low,3,NTLM Challenge from 10.0.2.11 to 10.0.2.29,"{""timestamp"":""2025-03-28T09:53:07.471760+0000"",""flow_id"":475446666892878,""in_iface"":""ens5"",""event_type"":""alert"",""src_ip"":""10.0.2.11"",""src_port"":445,""dest_ip"":""10.0.2.29"",""dest_port"":58681,""proto"":""TCP"",""pkt_src"":""stream (flow timeout)"",""community_id"":""1:wlSZbteBEPlvZjZCC0spAk7YWd4="",""alert"":{""action"":""allowed"",""gid"":1,""signature_id"":211,""rev"":2,""signature"":""NTLMSSP_CHALLENGE"",""category"":"""",""severity"":1,""metadata"":{""ntlmssp"":[""challenge""]}},""app_proto"":""smb"",""direction"":""to_client"",""flow"":{""pkts_toserver"":28,""pkts_toclient"":16,""bytes_toserver"":5428,""bytes_toclient"":3976,""start"":""2025-03-28T09:51:53.766058+0000"",""src_ip"":""10.0.2.29"",""dest_ip"":""10.0.2.11"",""src_port"":58681,""dest_port"":445},""capture_file"":""/var/log/suricata/nsm_data//log.pcap.1743155225"",""source"":""suricata""}"
2025-03-28T09:53:07.780Z,DC1,low,3,Windows Logon Success,"""An account was successfully logged on.

Subject:
	Security ID:		S-1-0-0
	Account Name:		-
	Account Domain:		-
	Logon ID:		0x0

Logon Information:
	Logon Type:		3
	Restricted Admin Mode:	-
	Virtual Account:		No
	Elevated Token:		Yes

Impersonation Level:		Impersonation

New Logon:
	Security ID:		S-1-5-18
	Account Name:		DC1$
	Account Domain:		PLUMETECH.LOCAL
	Logon ID:		0x161AFA7
	Linked Logon ID:		0x0
	Network Account Name:	-
	Network Account Domain:	-
	Logon GUID:		{135076b4-c946-31b9-05a5-29a4c0549096}

Process Information:
	Process ID:		0x0
	Process Name:		-

Network Information:
	Workstation Name:	-
	Source Network Address:	::1
	Source Port:		63258

Detailed Authentication Information:
	Logon Process:		Kerberos
	Authentication Package:	Kerberos
	Transited Services:	-
	Package Name (NTLM only):	-
	Key Length:		0

This event is generated when a logon session is created. It is generated on the computer that was accessed.

The subject fields indicate the account on the local system which requested the logon. This is most commonly a service such as the Server service, or a local process such as Winlogon.exe or Services.exe.

The logon type field indicates the kind of logon that occurred. The most common types are 2 (interactive) and 3 (network).

The New Logon fields indicate the account for whom the new logon was created, i.e. the account that was logged on.

The network fields indicate where a remote logon request originated. Workstation name is not always available and may be left blank in some cases.

The impersonation level field indicates the extent to which a process in the logon session can impersonate.

The authentication information fields provide detailed information about this specific logon request.
	- Logon GUID is a unique identifier that can be used to correlate this event with a KDC event.
	- Transited services indicate which intermediate services have participated in this logon request.
	- Package name indicates which sub-protocol was used among the NTLM protocols.
	- Key length indicates the length of the generated session key. This will be 0 if no session key was requested."""
2025-03-28T09:53:09.480Z,suricata,low,3,NTLM Challenge from 10.0.2.11 to 10.0.2.29,"{""timestamp"":""2025-03-28T09:53:08.408709+0000"",""flow_id"":384800760752509,""in_iface"":""ens5"",""event_type"":""alert"",""src_ip"":""10.0.2.11"",""src_port"":445,""dest_ip"":""10.0.2.29"",""dest_port"":58682,""proto"":""TCP"",""pkt_src"":""stream (flow timeout)"",""community_id"":""1:Jb4WI4mp0QPhxPIxd6OWl6jTsTo="",""alert"":{""action"":""allowed"",""gid"":1,""signature_id"":21,""rev"":2,""signature"":""NTLMSSP_CHALLENGE"",""category"":"""",""severity"":1,""metadata"":{""ntlmssp"":[""challenge""]}},""app_proto"":""smb"",""direction"":""to_client"",""flow"":{""pkts_toserver"":36,""pkts_toclient"":24,""bytes_toserver"":6036,""bytes_toclient"":4584,""start"":""2025-03-28T09:51:53.876025+0000"",""src_ip"":""10.0.2.29"",""dest_ip"":""10.0.2.11"",""src_port"":58682,""dest_port"":445},""capture_file"":""/var/log/suricata/nsm_data//log.pcap.1743155225"",""source"":""suricata""}"
2025-03-28T09:53:09.482Z,suricata,low,3,NTLM Challenge from 10.0.2.11 to 10.0.2.29,"{""timestamp"":""2025-03-28T09:53:08.408709+0000"",""flow_id"":384800760752509,""in_iface"":""ens5"",""event_type"":""alert"",""src_ip"":""10.0.2.11"",""src_port"":445,""dest_ip"":""10.0.2.29"",""dest_port"":58682,""proto"":""TCP"",""pkt_src"":""stream (flow timeout)"",""community_id"":""1:Jb4WI4mp0QPhxPIxd6OWl6jTsTo="",""alert"":{""action"":""allowed"",""gid"":1,""signature_id"":211,""rev"":2,""signature"":""NTLMSSP_CHALLENGE"",""category"":"""",""severity"":1,""metadata"":{""ntlmssp"":[""challenge""]}},""app_proto"":""smb"",""direction"":""to_client"",""flow"":{""pkts_toserver"":36,""pkts_toclient"":24,""bytes_toserver"":6036,""bytes_toclient"":4584,""start"":""2025-03-28T09:51:53.876025+0000"",""src_ip"":""10.0.2.29"",""dest_ip"":""10.0.2.11"",""src_port"":58682,""dest_port"":445},""capture_file"":""/var/log/suricata/nsm_data//log.pcap.1743155225"",""source"":""suricata""}"
2025-03-28T09:53:33.528Z,DC1,low,4,LDAP Query from : ,"2025-03-28T10:52:54.150+01:00 DC1.PLUMETECH.LOCAL LDAPQueryLogParser: date=2025-03-28 time=10:52:54 hostname=DC1.PLUMETECH.LOCAL srcip=10.0.2.30 win.eventdata.ipAddress=::ffff:10.0.2.30 srcport=47502 user=PLUMETECH\martin filter=""( &  (objectCategory=CN=Person,CN=Schema,CN=Configuration,DC=PLUMETECH,DC=LOCAL)  (sAMAccountName=martin)  ( |  (memberOf<==>CN=Server Operators,CN=Builtin,DC=PLUMETECH,DC=LOCAL)  (memberOf<==>CN=Backup Operators,CN=Builtin,DC=PLUMETECH,DC=LOCAL)  (memberOf<==>CN=Domain Admins,CN=Users,DC=PLUMETECH,DC=LOCAL)  (memberOf<==>CN=Enterprise Admins,CN=Users,DC=PLUMETECH,DC=LOCAL) ) )"" scope=subtree startingnode=DC=PLUMETECH,DC=LOCAL attributeselection=[]"
2025-03-28T09:53:33.529Z,DC1,low,4,LDAP Query from 10.0.2.30: (userAccountControl&8192),"2025-03-28T10:52:54.134+01:00 DC1.PLUMETECH.LOCAL LDAPQueryLogParser: date=2025-03-28 time=10:52:54 hostname=DC1.PLUMETECH.LOCAL srcip=10.0.2.30 win.eventdata.ipAddress=::ffff:10.0.2.30 srcport=47502 user=PLUMETECH\martin filter=""(userAccountControl&8192)"" scope=subtree startingnode=DC=PLUMETECH,DC=LOCAL attributeselection=objectSid"
2025-03-28T09:53:42.921Z,OTDC1,low,3,Windows Logon Success,"""An account was successfully logged on.

Subject:
	Security ID:		S-1-0-0
	Account Name:		-
	Account Domain:		-
	Logon ID:		0x0

Logon Information:
	Logon Type:		3
	Restricted Admin Mode:	-
	Virtual Account:		No
	Elevated Token:		Yes

Impersonation Level:		Impersonation

New Logon:
	Security ID:		S-1-5-18
	Account Name:		OTDC1$
	Account Domain:		PLUMETECH-OT.LOCAL
	Logon ID:		0x13655E2
	Linked Logon ID:		0x0
	Network Account Name:	-
	Network Account Domain:	-
	Logon GUID:		{7e70aad8-ff7c-445b-1e89-ec65cb914a8c}

Process Information:
	Process ID:		0x0
	Process Name:		-

Network Information:
	Workstation Name:	-
	Source Network Address:	::1
	Source Port:		49819

Detailed Authentication Information:
	Logon Process:		Kerberos
	Authentication Package:	Kerberos
	Transited Services:	-
	Package Name (NTLM only):	-
	Key Length:		0

This event is generated when a logon session is created. It is generated on the computer that was accessed.

The subject fields indicate the account on the local system which requested the logon. This is most commonly a service such as the Server service, or a local process such as Winlogon.exe or Services.exe.

The logon type field indicates the kind of logon that occurred. The most common types are 2 (interactive) and 3 (network).

The New Logon fields indicate the account for whom the new logon was created, i.e. the account that was logged on.

The network fields indicate where a remote logon request originated. Workstation name is not always available and may be left blank in some cases.

The impersonation level field indicates the extent to which a process in the logon session can impersonate.

The authentication information fields provide detailed information about this specific logon request.
	- Logon GUID is a unique identifier that can be used to correlate this event with a KDC event.
	- Transited services indicate which intermediate services have participated in this logon request.
	- Package name indicates which sub-protocol was used among the NTLM protocols.
	- Key length indicates the length of the generated session key. This will be 0 if no session key was requested."""
2025-03-28T09:54:04.641Z,DC1,low,6,"Successful Remote Logon Detected - User:\ANONYMOUS LOGON - NTLM authentication, possible pass-the-hash attack.","{""win"":{""system"":{""providerName"":""Microsoft-Windows-Security-Auditing"",""providerGuid"":""{54849625-5478-4994-a5ba-3e3b0328c30d}"",""eventID"":""4624"",""version"":""2"",""level"":""0"",""task"":""12544"",""opcode"":""0"",""keywords"":""0x8020000000000000"",""systemTime"":""2025-03-28T09:54:03.8360165Z"",""eventRecordID"":""260423"",""processID"":""832"",""threadID"":""6084"",""channel"":""Security"",""computer"":""DC1.PLUMETECH.LOCAL"",""severityValue"":""AUDIT_SUCCESS"",""message"":""\""An account was successfully logged on.\r\n\r\nSubject:\r\n\tSecurity ID:\t\tS-1-0-0\r\n\tAccount Name:\t\t-\r\n\tAccount Domain:\t\t-\r\n\tLogon ID:\t\t0x0\r\n\r\nLogon Information:\r\n\tLogon Type:\t\t3\r\n\tRestricted Admin Mode:\t-\r\n\tVirtual Account:\t\tNo\r\n\tElevated Token:\t\tNo\r\n\r\nImpersonation Level:\t\tImpersonation\r\n\r\nNew Logon:\r\n\tSecurity ID:\t\tS-1-5-7\r\n\tAccount Name:\t\tANONYMOUS LOGON\r\n\tAccount Domain:\t\tNT AUTHORITY\r\n\tLogon ID:\t\t0x1620972\r\n\tLinked Logon ID:\t\t0x0\r\n\tNetwork Account Name:\t-\r\n\tNetwork Account Domain:\t-\r\n\tLogon GUID:\t\t{00000000-0000-0000-0000-000000000000}\r\n\r\nProcess Information:\r\n\tProcess ID:\t\t0x0\r\n\tProcess Name:\t\t-\r\n\r\nNetwork Information:\r\n\tWorkstation Name:\t-\r\n\tSource Network Address:\t10.0.2.30\r\n\tSource Port:\t\t52614\r\n\r\nDetailed Authentication Information:\r\n\tLogon Process:\t\tNtLmSsp \r\n\tAuthentication Package:\tNTLM\r\n\tTransited Services:\t-\r\n\tPackage Name (NTLM only):\tNTLM V1\r\n\tKey Length:\t\t128\r\n\r\nThis event is generated when a logon session is created. It is generated on the computer that was accessed.\r\n\r\nThe subject fields indicate the account on the local system which requested the logon. This is most commonly a service such as the Server service, or a local process such as Winlogon.exe or Services.exe.\r\n\r\nThe logon type field indicates the kind of logon that occurred. The most common types are 2 (interactive) and 3 (network).\r\n\r\nThe New Logon fields indicate the account for whom the new logon was created, i.e. the account that was logged on.\r\n\r\nThe network fields indicate where a remote logon request originated. Workstation name is not always available and may be left blank in some cases.\r\n\r\nThe impersonation level field indicates the extent to which a process in the logon session can impersonate.\r\n\r\nThe authentication information fields provide detailed information about this specific logon request.\r\n\t- Logon GUID is a unique identifier that can be used to correlate this event with a KDC event.\r\n\t- Transited services indicate which intermediate services have participated in this logon request.\r\n\t- Package name indicates which sub-protocol was used among the NTLM protocols.\r\n\t- Key length indicates the length of the generated session key. This will be 0 if no session key was requested.\""""},""eventdata"":{""subjectUserSid"":""S-1-0-0"",""subjectLogonId"":""0x0"",""targetUserSid"":""S-1-5-7"",""targetUserName"":""ANONYMOUS LOGON"",""targetDomainName"":""NT AUTHORITY"",""targetLogonId"":""0x1620972"",""logonType"":""3"",""logonProcessName"":""NtLmSsp"",""authenticationPackageName"":""NTLM"",""logonGuid"":""{00000000-0000-0000-0000-000000000000}"",""lmPackageName"":""NTLM V1"",""keyLength"":""128"",""processId"":""0x0"",""ipAddress"":""10.0.2.30"",""ipPort"":""52614"",""impersonationLevel"":""%%1833"",""virtualAccount"":""%%1843"",""targetLinkedLogonId"":""0x0"",""elevatedToken"":""%%1843""}}}"
2025-03-28T09:54:04.645Z,DC1,low,6,"Successful Remote Logon Detected - User:\martin - NTLM authentication, possible pass-the-hash attack.","{""win"":{""system"":{""providerName"":""Microsoft-Windows-Security-Auditing"",""providerGuid"":""{54849625-5478-4994-a5ba-3e3b0328c30d}"",""eventID"":""4624"",""version"":""2"",""level"":""0"",""task"":""12544"",""opcode"":""0"",""keywords"":""0x8020000000000000"",""systemTime"":""2025-03-28T09:54:03.8881809Z"",""eventRecordID"":""260424"",""processID"":""832"",""threadID"":""5808"",""channel"":""Security"",""computer"":""DC1.PLUMETECH.LOCAL"",""severityValue"":""AUDIT_SUCCESS"",""message"":""\""An account was successfully logged on.\r\n\r\nSubject:\r\n\tSecurity ID:\t\tS-1-0-0\r\n\tAccount Name:\t\t-\r\n\tAccount Domain:\t\t-\r\n\tLogon ID:\t\t0x0\r\n\r\nLogon Information:\r\n\tLogon Type:\t\t3\r\n\tRestricted Admin Mode:\t-\r\n\tVirtual Account:\t\tNo\r\n\tElevated Token:\t\tYes\r\n\r\nImpersonation Level:\t\tImpersonation\r\n\r\nNew Logon:\r\n\tSecurity ID:\t\tS-1-5-21-742041295-2727698780-1124300366-1105\r\n\tAccount Name:\t\tmartin\r\n\tAccount Domain:\t\tPLUMETECH\r\n\tLogon ID:\t\t0x16209DB\r\n\tLinked Logon ID:\t\t0x0\r\n\tNetwork Account Name:\t-\r\n\tNetwork Account Domain:\t-\r\n\tLogon GUID:\t\t{00000000-0000-0000-0000-000000000000}\r\n\r\nProcess Information:\r\n\tProcess ID:\t\t0x0\r\n\tProcess Name:\t\t-\r\n\r\nNetwork Information:\r\n\tWorkstation Name:\t-\r\n\tSource Network Address:\t10.0.2.30\r\n\tSource Port:\t\t39570\r\n\r\nDetailed Authentication Information:\r\n\tLogon Process:\t\tNtLmSsp \r\n\tAuthentication Package:\tNTLM\r\n\tTransited Services:\t-\r\n\tPackage Name (NTLM only):\tNTLM V2\r\n\tKey Length:\t\t0\r\n\r\nThis event is generated when a logon session is created. It is generated on the computer that was accessed.\r\n\r\nThe subject fields indicate the account on the local system which requested the logon. This is most commonly a service such as the Server service, or a local process such as Winlogon.exe or Services.exe.\r\n\r\nThe logon type field indicates the kind of logon that occurred. The most common types are 2 (interactive) and 3 (network).\r\n\r\nThe New Logon fields indicate the account for whom the new logon was created, i.e. the account that was logged on.\r\n\r\nThe network fields indicate where a remote logon request originated. Workstation name is not always available and may be left blank in some cases.\r\n\r\nThe impersonation level field indicates the extent to which a process in the logon session can impersonate.\r\n\r\nThe authentication information fields provide detailed information about this specific logon request.\r\n\t- Logon GUID is a unique identifier that can be used to correlate this event with a KDC event.\r\n\t- Transited services indicate which intermediate services have participated in this logon request.\r\n\t- Package name indicates which sub-protocol was used among the NTLM protocols.\r\n\t- Key length indicates the length of the generated session key. This will be 0 if no session key was requested.\""""},""eventdata"":{""subjectUserSid"":""S-1-0-0"",""subjectLogonId"":""0x0"",""targetUserSid"":""S-1-5-21-742041295-2727698780-1124300366-1105"",""targetUserName"":""martin"",""targetDomainName"":""PLUMETECH"",""targetLogonId"":""0x16209db"",""logonType"":""3"",""logonProcessName"":""NtLmSsp"",""authenticationPackageName"":""NTLM"",""logonGuid"":""{00000000-0000-0000-0000-000000000000}"",""lmPackageName"":""NTLM V2"",""keyLength"":""0"",""processId"":""0x0"",""ipAddress"":""10.0.2.30"",""ipPort"":""39570"",""impersonationLevel"":""%%1833"",""virtualAccount"":""%%1843"",""targetLinkedLogonId"":""0x0"",""elevatedToken"":""%%1842""}}}"
2025-03-28T09:54:05.619Z,suricata,low,3,NTLM Challenge from 10.0.2.11 to 10.0.2.30,"{""timestamp"":""2025-03-28T09:54:03.859891+0000"",""flow_id"":1.10941157009512e+15,""in_iface"":""ens5"",""event_type"":""alert"",""src_ip"":""10.0.2.11"",""src_port"":445,""dest_ip"":""10.0.2.30"",""dest_port"":52614,""proto"":""TCP"",""pkt_src"":""vxlan encapsulation"",""community_id"":""1:wRKMlALNVGwn3mIYUeWHjbOmun4="",""alert"":{""action"":""allowed"",""gid"":1,""signature_id"":211,""rev"":2,""signature"":""NTLMSSP_CHALLENGE"",""category"":"""",""severity"":1,""metadata"":{""ntlmssp"":[""challenge""]}},""tunnel"":{""src_ip"":""10.0.2.11"",""src_port"":65484,""dest_ip"":""10.0.2.9"",""dest_port"":4789,""proto"":""UDP"",""depth"":1,""pkt_src"":""wire/pcap""},""app_proto"":""smb"",""direction"":""to_client"",""flow"":{""pkts_toserver"":39,""pkts_toclient"":25,""bytes_toserver"":4436,""bytes_toclient"":5340,""start"":""2025-03-28T09:54:03.585985+0000"",""src_ip"":""10.0.2.30"",""dest_ip"":""10.0.2.11"",""src_port"":52614,""dest_port"":445},""capture_file"":""/var/log/suricata/nsm_data//log.pcap.1743155225"",""source"":""suricata""}"
2025-03-28T09:54:05.619Z,suricata,low,3,NTLM Challenge from 10.0.2.11 to 10.0.2.30,"{""timestamp"":""2025-03-28T09:54:03.859891+0000"",""flow_id"":1.10941157009512e+15,""in_iface"":""ens5"",""event_type"":""alert"",""src_ip"":""10.0.2.11"",""src_port"":445,""dest_ip"":""10.0.2.30"",""dest_port"":52614,""proto"":""TCP"",""pkt_src"":""vxlan encapsulation"",""community_id"":""1:wRKMlALNVGwn3mIYUeWHjbOmun4="",""alert"":{""action"":""allowed"",""gid"":1,""signature_id"":21,""rev"":2,""signature"":""NTLMSSP_CHALLENGE"",""category"":"""",""severity"":1,""metadata"":{""ntlmssp"":[""challenge""]}},""tunnel"":{""src_ip"":""10.0.2.11"",""src_port"":65484,""dest_ip"":""10.0.2.9"",""dest_port"":4789,""proto"":""UDP"",""depth"":1,""pkt_src"":""wire/pcap""},""app_proto"":""smb"",""direction"":""to_client"",""flow"":{""pkts_toserver"":39,""pkts_toclient"":25,""bytes_toserver"":4436,""bytes_toclient"":5340,""start"":""2025-03-28T09:54:03.585985+0000"",""src_ip"":""10.0.2.30"",""dest_ip"":""10.0.2.11"",""src_port"":52614,""dest_port"":445},""capture_file"":""/var/log/suricata/nsm_data//log.pcap.1743155225"",""source"":""suricata""}"
2025-03-28T09:54:07.813Z,DC1,low,3,Windows Logon Success,"""An account was successfully logged on.

Subject:
	Security ID:		S-1-0-0
	Account Name:		-
	Account Domain:		-
	Logon ID:		0x0

Logon Information:
	Logon Type:		3
	Restricted Admin Mode:	-
	Virtual Account:		No
	Elevated Token:		Yes

Impersonation Level:		Impersonation

New Logon:
	Security ID:		S-1-5-18
	Account Name:		DC1$
	Account Domain:		PLUMETECH.LOCAL
	Logon ID:		0x1620B81
	Linked Logon ID:		0x0
	Network Account Name:	-
	Network Account Domain:	-
	Logon GUID:		{135076b4-c946-31b9-05a5-29a4c0549096}

Process Information:
	Process ID:		0x0
	Process Name:		-

Network Information:
	Workstation Name:	-
	Source Network Address:	::1
	Source Port:		63266

Detailed Authentication Information:
	Logon Process:		Kerberos
	Authentication Package:	Kerberos
	Transited Services:	-
	Package Name (NTLM only):	-
	Key Length:		0

This event is generated when a logon session is created. It is generated on the computer that was accessed.

The subject fields indicate the account on the local system which requested the logon. This is most commonly a service such as the Server service, or a local process such as Winlogon.exe or Services.exe.

The logon type field indicates the kind of logon that occurred. The most common types are 2 (interactive) and 3 (network).

The New Logon fields indicate the account for whom the new logon was created, i.e. the account that was logged on.

The network fields indicate where a remote logon request originated. Workstation name is not always available and may be left blank in some cases.

The impersonation level field indicates the extent to which a process in the logon session can impersonate.

The authentication information fields provide detailed information about this specific logon request.
	- Logon GUID is a unique identifier that can be used to correlate this event with a KDC event.
	- Transited services indicate which intermediate services have participated in this logon request.
	- Package name indicates which sub-protocol was used among the NTLM protocols.
	- Key length indicates the length of the generated session key. This will be 0 if no session key was requested."""
2025-03-28T09:54:31.535Z,JUMP,low,3,Windows Logon Success,"""An account was successfully logged on.

Subject:
	Security ID:		S-1-5-18
	Account Name:		JUMP$
	Account Domain:		PLUMETECH-OT
	Logon ID:		0x3E7

Logon Information:
	Logon Type:		5
	Restricted Admin Mode:	-
	Virtual Account:		No
	Elevated Token:		Yes

Impersonation Level:		Impersonation

New Logon:
	Security ID:		S-1-5-18
	Account Name:		SYSTEM
	Account Domain:		NT AUTHORITY
	Logon ID:		0x3E7
	Linked Logon ID:		0x0
	Network Account Name:	-
	Network Account Domain:	-
	Logon GUID:		{00000000-0000-0000-0000-000000000000}

Process Information:
	Process ID:		0x330
	Process Name:		C:\Windows\System32\services.exe

Network Information:
	Workstation Name:	-
	Source Network Address:	-
	Source Port:		-

Detailed Authentication Information:
	Logon Process:		Advapi  
	Authentication Package:	Negotiate
	Transited Services:	-
	Package Name (NTLM only):	-
	Key Length:		0

This event is generated when a logon session is created. It is generated on the computer that was accessed.

The subject fields indicate the account on the local system which requested the logon. This is most commonly a service such as the Server service, or a local process such as Winlogon.exe or Services.exe.

The logon type field indicates the kind of logon that occurred. The most common types are 2 (interactive) and 3 (network).

The New Logon fields indicate the account for whom the new logon was created, i.e. the account that was logged on.

The network fields indicate where a remote logon request originated. Workstation name is not always available and may be left blank in some cases.

The impersonation level field indicates the extent to which a process in the logon session can impersonate.

The authentication information fields provide detailed information about this specific logon request.
	- Logon GUID is a unique identifier that can be used to correlate this event with a KDC event.
	- Transited services indicate which intermediate services have participated in this logon request.
	- Package name indicates which sub-protocol was used among the NTLM protocols.
	- Key length indicates the length of the generated session key. This will be 0 if no session key was requested."""
2025-03-28T09:54:31.538Z,JUMP,low,3,Windows Logon Success,"""An account was successfully logged on.

Subject:
	Security ID:		S-1-5-18
	Account Name:		JUMP$
	Account Domain:		PLUMETECH-OT
	Logon ID:		0x3E7

Logon Information:
	Logon Type:		5
	Restricted Admin Mode:	-
	Virtual Account:		No
	Elevated Token:		Yes

Impersonation Level:		Impersonation

New Logon:
	Security ID:		S-1-5-18
	Account Name:		SYSTEM
	Account Domain:		NT AUTHORITY
	Logon ID:		0x3E7
	Linked Logon ID:		0x0
	Network Account Name:	-
	Network Account Domain:	-
	Logon GUID:		{00000000-0000-0000-0000-000000000000}

Process Information:
	Process ID:		0x330
	Process Name:		C:\Windows\System32\services.exe

Network Information:
	Workstation Name:	-
	Source Network Address:	-
	Source Port:		-

Detailed Authentication Information:
	Logon Process:		Advapi  
	Authentication Package:	Negotiate
	Transited Services:	-
	Package Name (NTLM only):	-
	Key Length:		0

This event is generated when a logon session is created. It is generated on the computer that was accessed.

The subject fields indicate the account on the local system which requested the logon. This is most commonly a service such as the Server service, or a local process such as Winlogon.exe or Services.exe.

The logon type field indicates the kind of logon that occurred. The most common types are 2 (interactive) and 3 (network).

The New Logon fields indicate the account for whom the new logon was created, i.e. the account that was logged on.

The network fields indicate where a remote logon request originated. Workstation name is not always available and may be left blank in some cases.

The impersonation level field indicates the extent to which a process in the logon session can impersonate.

The authentication information fields provide detailed information about this specific logon request.
	- Logon GUID is a unique identifier that can be used to correlate this event with a KDC event.
	- Transited services indicate which intermediate services have participated in this logon request.
	- Package name indicates which sub-protocol was used among the NTLM protocols.
	- Key length indicates the length of the generated session key. This will be 0 if no session key was requested."""
