2025-03-28T15:29:55.753Z,CLI1,low,3,Windows Logon Success,"""An account was successfully logged on.

Subject:
	Security ID:		S-1-5-18
	Account Name:		CLI1$
	Account Domain:		PLUMETECH
	Logon ID:		0x3E7

Logon Information:
	Logon Type:		5
	Restricted Admin Mode:	-
	Virtual Account:		No
	Elevated Token:		Yes

Impersonation Level:		Impersonation

New Logon:
	Security ID:		S-1-5-18
	Account Name:		SYSTEM
	Account Domain:		NT AUTHORITY
	Logon ID:		0x3E7
	Linked Logon ID:		0x0
	Network Account Name:	-
	Network Account Domain:	-
	Logon GUID:		{00000000-0000-0000-0000-000000000000}

Process Information:
	Process ID:		0x330
	Process Name:		C:\Windows\System32\services.exe

Network Information:
	Workstation Name:	-
	Source Network Address:	-
	Source Port:		-

Detailed Authentication Information:
	Logon Process:		Advapi  
	Authentication Package:	Negotiate
	Transited Services:	-
	Package Name (NTLM only):	-
	Key Length:		0

This event is generated when a logon session is created. It is generated on the computer that was accessed.

The subject fields indicate the account on the local system which requested the logon. This is most commonly a service such as the Server service, or a local process such as Winlogon.exe or Services.exe.

The logon type field indicates the kind of logon that occurred. The most common types are 2 (interactive) and 3 (network).

The New Logon fields indicate the account for whom the new logon was created, i.e. the account that was logged on.

The network fields indicate where a remote logon request originated. Workstation name is not always available and may be left blank in some cases.

The impersonation level field indicates the extent to which a process in the logon session can impersonate.

The authentication information fields provide detailed information about this specific logon request.
	- Logon GUID is a unique identifier that can be used to correlate this event with a KDC event.
	- Transited services indicate which intermediate services have participated in this logon request.
	- Package name indicates which sub-protocol was used among the NTLM protocols.
	- Key length indicates the length of the generated session key. This will be 0 if no session key was requested."""
2025-03-28T15:29:55.959Z,suricata,low,3,Informational Suricata Alert: ET INFO RDP - Response To External Host,"{""timestamp"":""2025-03-28T15:29:54.613257+0000"",""flow_id"":792290108702961,""in_iface"":""ens5"",""event_type"":""alert"",""src_ip"":""10.0.6.29"",""src_port"":3389,""dest_ip"":""10.0.6.30"",""dest_port"":47772,""proto"":""TCP"",""pkt_src"":""vxlan encapsulation"",""metadata"":{""flowbits"":[""ms.rdp.established""]},""community_id"":""1:1jee1iTOKY/YkG0I5b57860CoM4="",""alert"":{""action"":""allowed"",""gid"":1,""signature_id"":2001330,""rev"":10,""signature"":""ET INFO RDP - Response To External Host"",""category"":""Misc activity"",""severity"":3,""source"":{""ip"":""10.0.6.30"",""port"":47772},""target"":{""ip"":""10.0.6.29"",""port"":3389},""metadata"":{""attack_target"":[""Client_and_Server""],""confidence"":[""Medium""],""created_at"":[""2010_07_30""],""deployment"":[""Perimeter""],""performance_impact"":[""Significant""],""reviewed_at"":[""2024_05_02""],""signature_severity"":[""Informational""],""updated_at"":[""2023_04_25""]}},""tunnel"":{""src_ip"":""10.0.6.29"",""src_port"":65522,""dest_ip"":""10.0.6.9"",""dest_port"":4789,""proto"":""UDP"",""depth"":1,""pkt_src"":""wire/pcap""},""app_proto"":""rdp"",""direction"":""to_client"",""flow"":{""pkts_toserver"":6,""pkts_toclient"":2,""bytes_toserver"":422,""bytes_toclient"":131,""start"":""2025-03-28T15:29:54.577685+0000"",""src_ip"":""10.0.6.30"",""dest_ip"":""10.0.6.29"",""src_port"":47772,""dest_port"":3389},""capture_file"":""/var/log/suricata/nsm_data//log.pcap.1743175207"",""source"":""suricata""}"
2025-03-28T15:29:55.959Z,suricata,low,3,Informational Suricata Alert: ET INFO RDP - Response To External Host,"{""timestamp"":""2025-03-28T15:29:54.613472+0000"",""flow_id"":792290108702961,""in_iface"":""ens5"",""event_type"":""alert"",""src_ip"":""10.0.6.29"",""src_port"":3389,""dest_ip"":""10.0.6.30"",""dest_port"":47772,""proto"":""TCP"",""pkt_src"":""vxlan encapsulation"",""metadata"":{""flowbits"":[""ms.rdp.established""]},""community_id"":""1:1jee1iTOKY/YkG0I5b57860CoM4="",""alert"":{""action"":""allowed"",""gid"":1,""signature_id"":2001330,""rev"":10,""signature"":""ET INFO RDP - Response To External Host"",""category"":""Misc activity"",""severity"":3,""source"":{""ip"":""10.0.6.30"",""port"":47772},""target"":{""ip"":""10.0.6.29"",""port"":3389},""metadata"":{""attack_target"":[""Client_and_Server""],""confidence"":[""Medium""],""created_at"":[""2010_07_30""],""deployment"":[""Perimeter""],""performance_impact"":[""Significant""],""reviewed_at"":[""2024_05_02""],""signature_severity"":[""Informational""],""updated_at"":[""2023_04_25""]}},""tunnel"":{""src_ip"":""10.0.6.30"",""src_port"":65428,""dest_ip"":""10.0.6.9"",""dest_port"":4789,""proto"":""UDP"",""depth"":1,""pkt_src"":""wire/pcap""},""app_proto"":""rdp"",""direction"":""to_client"",""flow"":{""pkts_toserver"":7,""pkts_toclient"":3,""bytes_toserver"":474,""bytes_toclient"":202,""start"":""2025-03-28T15:29:54.577685+0000"",""src_ip"":""10.0.6.30"",""dest_ip"":""10.0.6.29"",""src_port"":47772,""dest_port"":3389},""capture_file"":""/var/log/suricata/nsm_data//log.pcap.1743175207"",""source"":""suricata""}"
2025-03-28T15:29:55.975Z,suricata,low,3,Informational Suricata Alert: Stamus Networks MS-LSAD service - LsarQueryInformationPolicy,"{""timestamp"":""2025-03-28T15:29:54.732120+0000"",""flow_id"":769082228573251,""in_iface"":""ens5"",""event_type"":""alert"",""src_ip"":""10.0.6.29"",""src_port"":57013,""dest_ip"":""10.0.6.11"",""dest_port"":445,""proto"":""TCP"",""pkt_src"":""vxlan encapsulation"",""metadata"":{""flowbits"":[""stamus.lsad.service.LsarQueryInformationPolicy""]},""community_id"":""1:9QGMvwhuQJW0IUwlHQuEHcE1zm0="",""tx_id"":9,""alert"":{""action"":""allowed"",""gid"":1,""signature_id"":3115259,""rev"":4,""signature"":""Stamus Networks MS-LSAD service - LsarQueryInformationPolicy"",""category"":"""",""severity"":3,""source"":{""ip"":""10.0.6.29"",""port"":57013},""target"":{""ip"":""10.0.6.11"",""port"":445},""metadata"":{""created_at"":[""2022_04_02""],""lateral_asset"":[""src_ip""],""lateral_function"":[""LsarQueryInformationPolicy""],""lateral_key"":[""dcerpc.iface""],""provider"":[""Stamus""],""signature_severity"":[""Informational""],""source"":[""smb_lateral""],""stamus_classification"":[""lateral""],""updated_at"":[""2024_08_05""]}},""tunnel"":{""src_ip"":""10.0.6.29"",""src_port"":65531,""dest_ip"":""10.0.6.9"",""dest_port"":4789,""proto"":""UDP"",""depth"":1,""pkt_src"":""wire/pcap""},""smb"":{""id"":10,""dialect"":""3.11"",""command"":""SMB2_COMMAND_IOCTL"",""status"":""STATUS_SUCCESS"",""status_code"":""0x0"",""session_id"":79164904308749,""tree_id"":1,""dcerpc"":{""request"":""REQUEST"",""response"":""RESPONSE"",""opnum"":7,""req"":{""frag_cnt"":1,""stub_data_size"":24},""res"":{""frag_cnt"":1,""stub_data_size"":124},""call_id"":3}},""app_proto"":""smb"",""direction"":""to_server"",""flow"":{""pkts_toserver"":31,""pkts_toclient"":25,""bytes_toserver"":6406,""bytes_toclient"":5884,""start"":""2025-03-28T15:29:54.572281+0000"",""src_ip"":""10.0.6.29"",""dest_ip"":""10.0.6.11"",""src_port"":57013,""dest_port"":445},""capture_file"":""/var/log/suricata/nsm_data//log.pcap.1743175207"",""source"":""suricata""}"
2025-03-28T15:29:55.976Z,suricata,low,3,Informational Suricata Alert: Stamus Networks MS-SAMR service - SamrLookupNamesInDomain,"{""timestamp"":""2025-03-28T15:29:54.743958+0000"",""flow_id"":769082228573251,""in_iface"":""ens5"",""event_type"":""alert"",""src_ip"":""10.0.6.29"",""src_port"":57013,""dest_ip"":""10.0.6.11"",""dest_port"":445,""proto"":""TCP"",""pkt_src"":""vxlan encapsulation"",""metadata"":{""flowbits"":[""stamus.lsad.service.LsarQueryInformationPolicy"",""stamus.samr.service.SamrLookupNamesInDomain""]},""community_id"":""1:9QGMvwhuQJW0IUwlHQuEHcE1zm0="",""tx_id"":16,""alert"":{""action"":""allowed"",""gid"":1,""signature_id"":3115607,""rev"":4,""signature"":""Stamus Networks MS-SAMR service - SamrLookupNamesInDomain"",""category"":"""",""severity"":3,""source"":{""ip"":""10.0.6.29"",""port"":57013},""target"":{""ip"":""10.0.6.11"",""port"":445},""metadata"":{""created_at"":[""2022_04_03""],""lateral_asset"":[""src_ip""],""lateral_function"":[""SamrLookupNamesInDomain""],""lateral_key"":[""dcerpc.iface""],""provider"":[""Stamus""],""signature_severity"":[""Informational""],""source"":[""smb_lateral""],""stamus_classification"":[""lateral""],""updated_at"":[""2024_08_05""]}},""tunnel"":{""src_ip"":""10.0.6.29"",""src_port"":65531,""dest_ip"":""10.0.6.9"",""dest_port"":4789,""proto"":""UDP"",""depth"":1,""pkt_src"":""wire/pcap""},""smb"":{""id"":17,""dialect"":""3.11"",""command"":""SMB2_COMMAND_IOCTL"",""status"":""STATUS_SUCCESS"",""status_code"":""0x0"",""session_id"":79164904308749,""tree_id"":1,""dcerpc"":{""request"":""REQUEST"",""response"":""RESPONSE"",""opnum"":17,""req"":{""frag_cnt"":1,""stub_data_size"":102},""res"":{""frag_cnt"":1,""stub_data_size"":64},""call_id"":4}},""app_proto"":""smb"",""direction"":""to_server"",""flow"":{""pkts_toserver"":48,""pkts_toclient"":43,""bytes_toserver"":9994,""bytes_toclient"":9424,""start"":""2025-03-28T15:29:54.572281+0000"",""src_ip"":""10.0.6.29"",""dest_ip"":""10.0.6.11"",""src_port"":57013,""dest_port"":445},""capture_file"":""/var/log/suricata/nsm_data//log.pcap.1743175207"",""source"":""suricata""}"
2025-03-28T15:29:55.976Z,suricata,low,3,Informational Suricata Alert: Stamus Networks MS-SAMR service - SamrOpenUser,"{""timestamp"":""2025-03-28T15:29:54.748723+0000"",""flow_id"":769082228573251,""in_iface"":""ens5"",""event_type"":""alert"",""src_ip"":""10.0.6.29"",""src_port"":57013,""dest_ip"":""10.0.6.11"",""dest_port"":445,""proto"":""TCP"",""pkt_src"":""vxlan encapsulation"",""metadata"":{""flowbits"":[""stamus.lsad.service.LsarQueryInformationPolicy"",""stamus.samr.service.SamrLookupNamesInDomain"",""stamus.samr.service.SamrOpenUser""]},""community_id"":""1:9QGMvwhuQJW0IUwlHQuEHcE1zm0="",""tx_id"":18,""alert"":{""action"":""allowed"",""gid"":1,""signature_id"":3115624,""rev"":4,""signature"":""Stamus Networks MS-SAMR service - SamrOpenUser"",""category"":"""",""severity"":3,""source"":{""ip"":""10.0.6.29"",""port"":57013},""target"":{""ip"":""10.0.6.11"",""port"":445},""metadata"":{""created_at"":[""2022_04_03""],""lateral_asset"":[""src_ip""],""lateral_function"":[""SamrOpenUser""],""lateral_key"":[""dcerpc.iface""],""provider"":[""Stamus""],""signature_severity"":[""Informational""],""source"":[""smb_lateral""],""stamus_classification"":[""lateral""],""updated_at"":[""2024_08_05""]}},""tunnel"":{""src_ip"":""10.0.6.29"",""src_port"":65531,""dest_ip"":""10.0.6.9"",""dest_port"":4789,""proto"":""UDP"",""depth"":1,""pkt_src"":""wire/pcap""},""smb"":{""id"":19,""dialect"":""3.11"",""command"":""SMB2_COMMAND_IOCTL"",""status"":""STATUS_SUCCESS"",""status_code"":""0x0"",""session_id"":79164904308749,""tree_id"":1,""dcerpc"":{""request"":""REQUEST"",""response"":""RESPONSE"",""opnum"":34,""req"":{""frag_cnt"":1,""stub_data_size"":28},""res"":{""frag_cnt"":1,""stub_data_size"":24},""call_id"":6}},""app_proto"":""smb"",""direction"":""to_server"",""flow"":{""pkts_toserver"":50,""pkts_toclient"":45,""bytes_toserver"":10422,""bytes_toclient"":9832,""start"":""2025-03-28T15:29:54.572281+0000"",""src_ip"":""10.0.6.29"",""dest_ip"":""10.0.6.11"",""src_port"":57013,""dest_port"":445},""capture_file"":""/var/log/suricata/nsm_data//log.pcap.1743175207"",""source"":""suricata""}"
2025-03-28T15:29:55.993Z,suricata,low,3,Informational Suricata Alert: Stamus Networks MS-SAMR service - SamrQueryInformationUser,"{""timestamp"":""2025-03-28T15:29:54.750435+0000"",""flow_id"":769082228573251,""in_iface"":""ens5"",""event_type"":""alert"",""src_ip"":""10.0.6.29"",""src_port"":57013,""dest_ip"":""10.0.6.11"",""dest_port"":445,""proto"":""TCP"",""pkt_src"":""vxlan encapsulation"",""metadata"":{""flowbits"":[""stamus.lsad.service.LsarQueryInformationPolicy"",""stamus.samr.service.SamrLookupNamesInDomain"",""stamus.samr.service.SamrOpenUser"",""stamus.samr.service.SamrQueryInformationUser""]},""community_id"":""1:9QGMvwhuQJW0IUwlHQuEHcE1zm0="",""tx_id"":19,""alert"":{""action"":""allowed"",""gid"":1,""signature_id"":3115626,""rev"":4,""signature"":""Stamus Networks MS-SAMR service - SamrQueryInformationUser"",""category"":"""",""severity"":3,""source"":{""ip"":""10.0.6.29"",""port"":57013},""target"":{""ip"":""10.0.6.11"",""port"":445},""metadata"":{""created_at"":[""2022_04_03""],""lateral_asset"":[""src_ip""],""lateral_function"":[""SamrQueryInformationUser""],""lateral_key"":[""dcerpc.iface""],""provider"":[""Stamus""],""signature_severity"":[""Informational""],""source"":[""smb_lateral""],""stamus_classification"":[""lateral""],""updated_at"":[""2024_08_05""]}},""tunnel"":{""src_ip"":""10.0.6.11"",""src_port"":65454,""dest_ip"":""10.0.6.9"",""dest_port"":4789,""proto"":""UDP"",""depth"":1,""pkt_src"":""wire/pcap""},""smb"":{""id"":20,""dialect"":""3.11"",""command"":""SMB2_COMMAND_IOCTL"",""status"":""STATUS_SUCCESS"",""status_code"":""0x0"",""session_id"":79164904308749,""tree_id"":1,""dcerpc"":{""request"":""REQUEST"",""response"":""RESPONSE"",""opnum"":36,""req"":{""frag_cnt"":1,""stub_data_size"":24},""res"":{""frag_cnt"":1,""stub_data_size"":644},""call_id"":7}},""app_proto"":""smb"",""direction"":""to_server"",""flow"":{""pkts_toserver"":55,""pkts_toclient"":49,""bytes_toserver"":11556,""bytes_toclient"":11308,""start"":""2025-03-28T15:29:54.572281+0000"",""src_ip"":""10.0.6.29"",""dest_ip"":""10.0.6.11"",""src_port"":57013,""dest_port"":445},""capture_file"":""/var/log/suricata/nsm_data//log.pcap.1743175207"",""source"":""suricata""}"
2025-03-28T15:29:55.993Z,suricata,low,3,NTLM Challenge from 10.0.6.11 to 10.0.6.29,"{""timestamp"":""2025-03-28T15:29:54.752747+0000"",""flow_id"":769082228573251,""in_iface"":""ens5"",""event_type"":""alert"",""src_ip"":""10.0.6.11"",""src_port"":445,""dest_ip"":""10.0.6.29"",""dest_port"":57013,""proto"":""TCP"",""pkt_src"":""vxlan encapsulation"",""metadata"":{""flowbits"":[""stamus.lsad.service.LsarQueryInformationPolicy"",""stamus.samr.service.SamrLookupNamesInDomain"",""stamus.samr.service.SamrOpenUser"",""stamus.samr.service.SamrQueryInformationUser""]},""community_id"":""1:9QGMvwhuQJW0IUwlHQuEHcE1zm0="",""alert"":{""action"":""allowed"",""gid"":1,""signature_id"":21,""rev"":2,""signature"":""NTLMSSP_CHALLENGE"",""category"":"""",""severity"":1,""metadata"":{""ntlmssp"":[""challenge""]}},""tunnel"":{""src_ip"":""10.0.6.11"",""src_port"":65454,""dest_ip"":""10.0.6.9"",""dest_port"":4789,""proto"":""UDP"",""depth"":1,""pkt_src"":""wire/pcap""},""app_proto"":""smb"",""direction"":""to_client"",""flow"":{""pkts_toserver"":55,""pkts_toclient"":50,""bytes_toserver"":11556,""bytes_toclient"":11512,""start"":""2025-03-28T15:29:54.572281+0000"",""src_ip"":""10.0.6.29"",""dest_ip"":""10.0.6.11"",""src_port"":57013,""dest_port"":445},""capture_file"":""/var/log/suricata/nsm_data//log.pcap.1743175207"",""source"":""suricata""}"
2025-03-28T15:29:55.993Z,suricata,low,3,NTLM Challenge from 10.0.6.11 to 10.0.6.29,"{""timestamp"":""2025-03-28T15:29:54.752747+0000"",""flow_id"":769082228573251,""in_iface"":""ens5"",""event_type"":""alert"",""src_ip"":""10.0.6.11"",""src_port"":445,""dest_ip"":""10.0.6.29"",""dest_port"":57013,""proto"":""TCP"",""pkt_src"":""vxlan encapsulation"",""metadata"":{""flowbits"":[""stamus.lsad.service.LsarQueryInformationPolicy"",""stamus.samr.service.SamrLookupNamesInDomain"",""stamus.samr.service.SamrOpenUser"",""stamus.samr.service.SamrQueryInformationUser""]},""community_id"":""1:9QGMvwhuQJW0IUwlHQuEHcE1zm0="",""alert"":{""action"":""allowed"",""gid"":1,""signature_id"":211,""rev"":2,""signature"":""NTLMSSP_CHALLENGE"",""category"":"""",""severity"":1,""metadata"":{""ntlmssp"":[""challenge""]}},""tunnel"":{""src_ip"":""10.0.6.11"",""src_port"":65454,""dest_ip"":""10.0.6.9"",""dest_port"":4789,""proto"":""UDP"",""depth"":1,""pkt_src"":""wire/pcap""},""app_proto"":""smb"",""direction"":""to_client"",""flow"":{""pkts_toserver"":55,""pkts_toclient"":50,""bytes_toserver"":11556,""bytes_toclient"":11512,""start"":""2025-03-28T15:29:54.572281+0000"",""src_ip"":""10.0.6.29"",""dest_ip"":""10.0.6.11"",""src_port"":57013,""dest_port"":445},""capture_file"":""/var/log/suricata/nsm_data//log.pcap.1743175207"",""source"":""suricata""}"
2025-03-28T15:29:57.642Z,CLI1,low,3,Non network or service local logon.,"""An account was successfully logged on.

Subject:
	Security ID:		S-1-5-18
	Account Name:		CLI1$
	Account Domain:		PLUMETECH
	Logon ID:		0x3E7

Logon Information:
	Logon Type:		2
	Restricted Admin Mode:	-
	Virtual Account:		Yes
	Elevated Token:		No

Impersonation Level:		Impersonation

New Logon:
	Security ID:		S-1-5-96-0-2
	Account Name:		UMFD-2
	Account Domain:		Font Driver Host
	Logon ID:		0xE01CAD
	Linked Logon ID:		0x0
	Network Account Name:	-
	Network Account Domain:	-
	Logon GUID:		{00000000-0000-0000-0000-000000000000}

Process Information:
	Process ID:		0xe04
	Process Name:		C:\Windows\System32\winlogon.exe

Network Information:
	Workstation Name:	-
	Source Network Address:	-
	Source Port:		-

Detailed Authentication Information:
	Logon Process:		Advapi  
	Authentication Package:	Negotiate
	Transited Services:	-
	Package Name (NTLM only):	-
	Key Length:		0

This event is generated when a logon session is created. It is generated on the computer that was accessed.

The subject fields indicate the account on the local system which requested the logon. This is most commonly a service such as the Server service, or a local process such as Winlogon.exe or Services.exe.

The logon type field indicates the kind of logon that occurred. The most common types are 2 (interactive) and 3 (network).

The New Logon fields indicate the account for whom the new logon was created, i.e. the account that was logged on.

The network fields indicate where a remote logon request originated. Workstation name is not always available and may be left blank in some cases.

The impersonation level field indicates the extent to which a process in the logon session can impersonate.

The authentication information fields provide detailed information about this specific logon request.
	- Logon GUID is a unique identifier that can be used to correlate this event with a KDC event.
	- Transited services indicate which intermediate services have participated in this logon request.
	- Package name indicates which sub-protocol was used among the NTLM protocols.
	- Key length indicates the length of the generated session key. This will be 0 if no session key was requested."""
2025-03-28T15:29:57.683Z,CLI1,low,3,Non network or service local logon.,"""An account was successfully logged on.

Subject:
	Security ID:		S-1-5-18
	Account Name:		CLI1$
	Account Domain:		PLUMETECH
	Logon ID:		0x3E7

Logon Information:
	Logon Type:		2
	Restricted Admin Mode:	-
	Virtual Account:		Yes
	Elevated Token:		Yes

Impersonation Level:		Impersonation

New Logon:
	Security ID:		S-1-5-90-0-2
	Account Name:		DWM-2
	Account Domain:		Window Manager
	Logon ID:		0xE025ED
	Linked Logon ID:		0xE02B6B
	Network Account Name:	-
	Network Account Domain:	-
	Logon GUID:		{00000000-0000-0000-0000-000000000000}

Process Information:
	Process ID:		0xe04
	Process Name:		C:\Windows\System32\winlogon.exe

Network Information:
	Workstation Name:	-
	Source Network Address:	-
	Source Port:		-

Detailed Authentication Information:
	Logon Process:		Advapi  
	Authentication Package:	Negotiate
	Transited Services:	-
	Package Name (NTLM only):	-
	Key Length:		0

This event is generated when a logon session is created. It is generated on the computer that was accessed.

The subject fields indicate the account on the local system which requested the logon. This is most commonly a service such as the Server service, or a local process such as Winlogon.exe or Services.exe.

The logon type field indicates the kind of logon that occurred. The most common types are 2 (interactive) and 3 (network).

The New Logon fields indicate the account for whom the new logon was created, i.e. the account that was logged on.

The network fields indicate where a remote logon request originated. Workstation name is not always available and may be left blank in some cases.

The impersonation level field indicates the extent to which a process in the logon session can impersonate.

The authentication information fields provide detailed information about this specific logon request.
	- Logon GUID is a unique identifier that can be used to correlate this event with a KDC event.
	- Transited services indicate which intermediate services have participated in this logon request.
	- Package name indicates which sub-protocol was used among the NTLM protocols.
	- Key length indicates the length of the generated session key. This will be 0 if no session key was requested."""
2025-03-28T15:29:57.687Z,CLI1,low,3,Non network or service local logon.,"""An account was successfully logged on.

Subject:
	Security ID:		S-1-5-18
	Account Name:		CLI1$
	Account Domain:		PLUMETECH
	Logon ID:		0x3E7

Logon Information:
	Logon Type:		2
	Restricted Admin Mode:	-
	Virtual Account:		Yes
	Elevated Token:		No

Impersonation Level:		Impersonation

New Logon:
	Security ID:		S-1-5-90-0-2
	Account Name:		DWM-2
	Account Domain:		Window Manager
	Logon ID:		0xE02B6B
	Linked Logon ID:		0xE025ED
	Network Account Name:	-
	Network Account Domain:	-
	Logon GUID:		{00000000-0000-0000-0000-000000000000}

Process Information:
	Process ID:		0xe04
	Process Name:		C:\Windows\System32\winlogon.exe

Network Information:
	Workstation Name:	-
	Source Network Address:	-
	Source Port:		-

Detailed Authentication Information:
	Logon Process:		Advapi  
	Authentication Package:	Negotiate
	Transited Services:	-
	Package Name (NTLM only):	-
	Key Length:		0

This event is generated when a logon session is created. It is generated on the computer that was accessed.

The subject fields indicate the account on the local system which requested the logon. This is most commonly a service such as the Server service, or a local process such as Winlogon.exe or Services.exe.

The logon type field indicates the kind of logon that occurred. The most common types are 2 (interactive) and 3 (network).

The New Logon fields indicate the account for whom the new logon was created, i.e. the account that was logged on.

The network fields indicate where a remote logon request originated. Workstation name is not always available and may be left blank in some cases.

The impersonation level field indicates the extent to which a process in the logon session can impersonate.

The authentication information fields provide detailed information about this specific logon request.
	- Logon GUID is a unique identifier that can be used to correlate this event with a KDC event.
	- Transited services indicate which intermediate services have participated in this logon request.
	- Package name indicates which sub-protocol was used among the NTLM protocols.
	- Key length indicates the length of the generated session key. This will be 0 if no session key was requested."""
2025-03-28T15:29:57.945Z,suricata,low,3,Informational Suricata Alert: ET INFO RDP - Response To External Host,"{""timestamp"":""2025-03-28T15:29:56.593971+0000"",""flow_id"":792290108702961,""in_iface"":""ens5"",""event_type"":""alert"",""src_ip"":""10.0.6.29"",""src_port"":3389,""dest_ip"":""10.0.6.30"",""dest_port"":47772,""proto"":""TCP"",""pkt_src"":""vxlan encapsulation"",""metadata"":{""flowbits"":[""ms.rdp.established""]},""community_id"":""1:1jee1iTOKY/YkG0I5b57860CoM4="",""alert"":{""action"":""allowed"",""gid"":1,""signature_id"":2001330,""rev"":10,""signature"":""ET INFO RDP - Response To External Host"",""category"":""Misc activity"",""severity"":3,""source"":{""ip"":""10.0.6.30"",""port"":47772},""target"":{""ip"":""10.0.6.29"",""port"":3389},""metadata"":{""attack_target"":[""Client_and_Server""],""confidence"":[""Medium""],""created_at"":[""2010_07_30""],""deployment"":[""Perimeter""],""performance_impact"":[""Significant""],""reviewed_at"":[""2024_05_02""],""signature_severity"":[""Informational""],""updated_at"":[""2023_04_25""]}},""tunnel"":{""src_ip"":""10.0.6.30"",""src_port"":65428,""dest_ip"":""10.0.6.9"",""dest_port"":4789,""proto"":""UDP"",""depth"":1,""pkt_src"":""wire/pcap""},""app_proto"":""rdp"",""direction"":""to_client"",""flow"":{""pkts_toserver"":129,""pkts_toclient"":105,""bytes_toserver"":80252,""bytes_toclient"":17923,""start"":""2025-03-28T15:29:54.577685+0000"",""src_ip"":""10.0.6.30"",""dest_ip"":""10.0.6.29"",""src_port"":47772,""dest_port"":3389},""capture_file"":""/var/log/suricata/nsm_data//log.pcap.1743175207"",""source"":""suricata""}"
2025-03-28T15:30:00.666Z,CLI1,low,3,User: PLUMETECH\plumber logged using Remote Desktop Connection (RDP) from ip:10.0.6.30.,"{""win"":{""system"":{""providerName"":""Microsoft-Windows-Security-Auditing"",""providerGuid"":""{54849625-5478-4994-a5ba-3e3b0328c30d}"",""eventID"":""4624"",""version"":""2"",""level"":""0"",""task"":""12544"",""opcode"":""0"",""keywords"":""0x8020000000000000"",""systemTime"":""2025-03-28T15:29:59.5524414Z"",""eventRecordID"":""254832"",""processID"":""832"",""threadID"":""6908"",""channel"":""Security"",""computer"":""CLI1.PLUMETECH.LOCAL"",""severityValue"":""AUDIT_SUCCESS"",""message"":""\""An account was successfully logged on.\r\n\r\nSubject:\r\n\tSecurity ID:\t\tS-1-5-18\r\n\tAccount Name:\t\tCLI1$\r\n\tAccount Domain:\t\tPLUMETECH\r\n\tLogon ID:\t\t0x3E7\r\n\r\nLogon Information:\r\n\tLogon Type:\t\t10\r\n\tRestricted Admin Mode:\tNo\r\n\tVirtual Account:\t\tNo\r\n\tElevated Token:\t\tYes\r\n\r\nImpersonation Level:\t\tImpersonation\r\n\r\nNew Logon:\r\n\tSecurity ID:\t\tS-1-5-21-514844351-3181471642-2638765006-1601\r\n\tAccount Name:\t\tplumber\r\n\tAccount Domain:\t\tPLUMETECH\r\n\tLogon ID:\t\t0xE0DEB9\r\n\tLinked Logon ID:\t\t0xE0E087\r\n\tNetwork Account Name:\t-\r\n\tNetwork Account Domain:\t-\r\n\tLogon GUID:\t\t{d247e77f-0693-de9d-4b12-05913129cd53}\r\n\r\nProcess Information:\r\n\tProcess ID:\t\t0x9a4\r\n\tProcess Name:\t\tC:\\Windows\\System32\\svchost.exe\r\n\r\nNetwork Information:\r\n\tWorkstation Name:\tCLI1\r\n\tSource Network Address:\t10.0.6.30\r\n\tSource Port:\t\t0\r\n\r\nDetailed Authentication Information:\r\n\tLogon Process:\t\tUser32 \r\n\tAuthentication Package:\tNegotiate\r\n\tTransited Services:\t-\r\n\tPackage Name (NTLM only):\t-\r\n\tKey Length:\t\t0\r\n\r\nThis event is generated when a logon session is created. It is generated on the computer that was accessed.\r\n\r\nThe subject fields indicate the account on the local system which requested the logon. This is most commonly a service such as the Server service, or a local process such as Winlogon.exe or Services.exe.\r\n\r\nThe logon type field indicates the kind of logon that occurred. The most common types are 2 (interactive) and 3 (network).\r\n\r\nThe New Logon fields indicate the account for whom the new logon was created, i.e. the account that was logged on.\r\n\r\nThe network fields indicate where a remote logon request originated. Workstation name is not always available and may be left blank in some cases.\r\n\r\nThe impersonation level field indicates the extent to which a process in the logon session can impersonate.\r\n\r\nThe authentication information fields provide detailed information about this specific logon request.\r\n\t- Logon GUID is a unique identifier that can be used to correlate this event with a KDC event.\r\n\t- Transited services indicate which intermediate services have participated in this logon request.\r\n\t- Package name indicates which sub-protocol was used among the NTLM protocols.\r\n\t- Key length indicates the length of the generated session key. This will be 0 if no session key was requested.\""""},""eventdata"":{""subjectUserSid"":""S-1-5-18"",""subjectUserName"":""CLI1$"",""subjectDomainName"":""PLUMETECH"",""subjectLogonId"":""0x3e7"",""targetUserSid"":""S-1-5-21-514844351-3181471642-2638765006-1601"",""targetUserName"":""plumber"",""targetDomainName"":""PLUMETECH"",""targetLogonId"":""0xe0deb9"",""logonType"":""10"",""logonProcessName"":""User32"",""authenticationPackageName"":""Negotiate"",""workstationName"":""CLI1"",""logonGuid"":""{d247e77f-0693-de9d-4b12-05913129cd53}"",""keyLength"":""0"",""processId"":""0x9a4"",""processName"":""C:\\\\Windows\\\\System32\\\\svchost.exe"",""ipAddress"":""10.0.6.30"",""ipPort"":""0"",""impersonationLevel"":""%%1833"",""restrictedAdminMode"":""%%1843"",""virtualAccount"":""%%1843"",""targetLinkedLogonId"":""0xe0e087"",""elevatedToken"":""%%1842""}}}"
2025-03-28T15:30:00.680Z,CLI1,low,3,User: PLUMETECH\plumber logged using Remote Desktop Connection (RDP) from ip:10.0.6.30.,"{""win"":{""system"":{""providerName"":""Microsoft-Windows-Security-Auditing"",""providerGuid"":""{54849625-5478-4994-a5ba-3e3b0328c30d}"",""eventID"":""4624"",""version"":""2"",""level"":""0"",""task"":""12544"",""opcode"":""0"",""keywords"":""0x8020000000000000"",""systemTime"":""2025-03-28T15:29:59.5525761Z"",""eventRecordID"":""254833"",""processID"":""832"",""threadID"":""6908"",""channel"":""Security"",""computer"":""CLI1.PLUMETECH.LOCAL"",""severityValue"":""AUDIT_SUCCESS"",""message"":""\""An account was successfully logged on.\r\n\r\nSubject:\r\n\tSecurity ID:\t\tS-1-5-18\r\n\tAccount Name:\t\tCLI1$\r\n\tAccount Domain:\t\tPLUMETECH\r\n\tLogon ID:\t\t0x3E7\r\n\r\nLogon Information:\r\n\tLogon Type:\t\t10\r\n\tRestricted Admin Mode:\tNo\r\n\tVirtual Account:\t\tNo\r\n\tElevated Token:\t\tNo\r\n\r\nImpersonation Level:\t\tImpersonation\r\n\r\nNew Logon:\r\n\tSecurity ID:\t\tS-1-5-21-514844351-3181471642-2638765006-1601\r\n\tAccount Name:\t\tplumber\r\n\tAccount Domain:\t\tPLUMETECH\r\n\tLogon ID:\t\t0xE0E087\r\n\tLinked Logon ID:\t\t0xE0DEB9\r\n\tNetwork Account Name:\t-\r\n\tNetwork Account Domain:\t-\r\n\tLogon GUID:\t\t{00000000-0000-0000-0000-000000000000}\r\n\r\nProcess Information:\r\n\tProcess ID:\t\t0x9a4\r\n\tProcess Name:\t\tC:\\Windows\\System32\\svchost.exe\r\n\r\nNetwork Information:\r\n\tWorkstation Name:\tCLI1\r\n\tSource Network Address:\t10.0.6.30\r\n\tSource Port:\t\t0\r\n\r\nDetailed Authentication Information:\r\n\tLogon Process:\t\tUser32 \r\n\tAuthentication Package:\tNegotiate\r\n\tTransited Services:\t-\r\n\tPackage Name (NTLM only):\t-\r\n\tKey Length:\t\t0\r\n\r\nThis event is generated when a logon session is created. It is generated on the computer that was accessed.\r\n\r\nThe subject fields indicate the account on the local system which requested the logon. This is most commonly a service such as the Server service, or a local process such as Winlogon.exe or Services.exe.\r\n\r\nThe logon type field indicates the kind of logon that occurred. The most common types are 2 (interactive) and 3 (network).\r\n\r\nThe New Logon fields indicate the account for whom the new logon was created, i.e. the account that was logged on.\r\n\r\nThe network fields indicate where a remote logon request originated. Workstation name is not always available and may be left blank in some cases.\r\n\r\nThe impersonation level field indicates the extent to which a process in the logon session can impersonate.\r\n\r\nThe authentication information fields provide detailed information about this specific logon request.\r\n\t- Logon GUID is a unique identifier that can be used to correlate this event with a KDC event.\r\n\t- Transited services indicate which intermediate services have participated in this logon request.\r\n\t- Package name indicates which sub-protocol was used among the NTLM protocols.\r\n\t- Key length indicates the length of the generated session key. This will be 0 if no session key was requested.\""""},""eventdata"":{""subjectUserSid"":""S-1-5-18"",""subjectUserName"":""CLI1$"",""subjectDomainName"":""PLUMETECH"",""subjectLogonId"":""0x3e7"",""targetUserSid"":""S-1-5-21-514844351-3181471642-2638765006-1601"",""targetUserName"":""plumber"",""targetDomainName"":""PLUMETECH"",""targetLogonId"":""0xe0e087"",""logonType"":""10"",""logonProcessName"":""User32"",""authenticationPackageName"":""Negotiate"",""workstationName"":""CLI1"",""logonGuid"":""{00000000-0000-0000-0000-000000000000}"",""keyLength"":""0"",""processId"":""0x9a4"",""processName"":""C:\\\\Windows\\\\System32\\\\svchost.exe"",""ipAddress"":""10.0.6.30"",""ipPort"":""0"",""impersonationLevel"":""%%1833"",""restrictedAdminMode"":""%%1843"",""virtualAccount"":""%%1843"",""targetLinkedLogonId"":""0xe0deb9"",""elevatedToken"":""%%1843""}}}"
2025-03-28T15:30:09.918Z,CLI1,low,3,Evidence of new service creation found in registry under HKLM\\System\\CurrentControlSet\\Services\\CaptureService_e461d4\\ImagePath binary is: C:\\Windows\\system32\\svchost.exe -k LocalService -p,"""Registry value set:
RuleName: T1031,T1050
EventType: SetValue
UtcTime: 2025-03-28 15:30:08.750
ProcessGuid: {3a115e96-b4ff-67e6-0b00-000000001502}
ProcessId: 816
Image: C:\Windows\system32\services.exe
TargetObject: HKLM\System\CurrentControlSet\Services\CaptureService_e461d4\ImagePath
Details: C:\Windows\system32\svchost.exe -k LocalService -p
User: NT AUTHORITY\SYSTEM"""
2025-03-28T15:30:09.945Z,CLI1,low,3,Evidence of new service creation found in registry under HKLM\\System\\CurrentControlSet\\Services\\cbdhsvc_e461d4\\ImagePath binary is: C:\\Windows\\system32\\svchost.exe -k ClipboardSvcGroup -p,"""Registry value set:
RuleName: T1031,T1050
EventType: SetValue
UtcTime: 2025-03-28 15:30:08.750
ProcessGuid: {3a115e96-b4ff-67e6-0b00-000000001502}
ProcessId: 816
Image: C:\Windows\system32\services.exe
TargetObject: HKLM\System\CurrentControlSet\Services\cbdhsvc_e461d4\ImagePath
Details: C:\Windows\system32\svchost.exe -k ClipboardSvcGroup -p
User: NT AUTHORITY\SYSTEM"""
2025-03-28T15:30:09.977Z,CLI1,low,3,Evidence of new service creation found in registry under HKLM\\System\\CurrentControlSet\\Services\\CDPUserSvc_e461d4\\ImagePath binary is: C:\\Windows\\system32\\svchost.exe -k UnistackSvcGroup,"""Registry value set:
RuleName: T1031,T1050
EventType: SetValue
UtcTime: 2025-03-28 15:30:08.766
ProcessGuid: {3a115e96-b4ff-67e6-0b00-000000001502}
ProcessId: 816
Image: C:\Windows\system32\services.exe
TargetObject: HKLM\System\CurrentControlSet\Services\CDPUserSvc_e461d4\ImagePath
Details: C:\Windows\system32\svchost.exe -k UnistackSvcGroup
User: NT AUTHORITY\SYSTEM"""
2025-03-28T15:30:10.017Z,CLI1,low,3,Evidence of new service creation found in registry under HKLM\\System\\CurrentControlSet\\Services\\ConsentUxUserSvc_e461d4\\ImagePath binary is: C:\\Windows\\system32\\svchost.exe -k DevicesFlow,"""Registry value set:
RuleName: T1031,T1050
EventType: SetValue
UtcTime: 2025-03-28 15:30:08.766
ProcessGuid: {3a115e96-b4ff-67e6-0b00-000000001502}
ProcessId: 816
Image: C:\Windows\system32\services.exe
TargetObject: HKLM\System\CurrentControlSet\Services\ConsentUxUserSvc_e461d4\ImagePath
Details: C:\Windows\system32\svchost.exe -k DevicesFlow
User: NT AUTHORITY\SYSTEM"""
2025-03-28T15:30:10.039Z,CLI1,low,3,Evidence of new service creation found in registry under HKLM\\System\\CurrentControlSet\\Services\\CredentialEnrollmentManagerUserSvc_e461d4\\ImagePath binary is: C:\\Windows\\system32\\CredentialEnrollmentManager.exe,"""Registry value set:
RuleName: T1031,T1050
EventType: SetValue
UtcTime: 2025-03-28 15:30:08.782
ProcessGuid: {3a115e96-b4ff-67e6-0b00-000000001502}
ProcessId: 816
Image: C:\Windows\system32\services.exe
TargetObject: HKLM\System\CurrentControlSet\Services\CredentialEnrollmentManagerUserSvc_e461d4\ImagePath
Details: C:\Windows\system32\CredentialEnrollmentManager.exe
User: NT AUTHORITY\SYSTEM"""
2025-03-28T15:30:10.119Z,CLI1,low,3,Evidence of new service creation found in registry under HKLM\\System\\CurrentControlSet\\Services\\DeviceAssociationBrokerSvc_e461d4\\ImagePath binary is: C:\\Windows\\system32\\svchost.exe -k DevicesFlow -p,"""Registry value set:
RuleName: T1031,T1050
EventType: SetValue
UtcTime: 2025-03-28 15:30:08.782
ProcessGuid: {3a115e96-b4ff-67e6-0b00-000000001502}
ProcessId: 816
Image: C:\Windows\system32\services.exe
TargetObject: HKLM\System\CurrentControlSet\Services\DeviceAssociationBrokerSvc_e461d4\ImagePath
Details: C:\Windows\system32\svchost.exe -k DevicesFlow -p
User: NT AUTHORITY\SYSTEM"""
2025-03-28T15:30:10.149Z,CLI1,low,3,Evidence of new service creation found in registry under HKLM\\System\\CurrentControlSet\\Services\\DevicePickerUserSvc_e461d4\\ImagePath binary is: C:\\Windows\\system32\\svchost.exe -k DevicesFlow,"""Registry value set:
RuleName: T1031,T1050
EventType: SetValue
UtcTime: 2025-03-28 15:30:08.782
ProcessGuid: {3a115e96-b4ff-67e6-0b00-000000001502}
ProcessId: 816
Image: C:\Windows\system32\services.exe
TargetObject: HKLM\System\CurrentControlSet\Services\DevicePickerUserSvc_e461d4\ImagePath
Details: C:\Windows\system32\svchost.exe -k DevicesFlow
User: NT AUTHORITY\SYSTEM"""
2025-03-28T15:30:10.204Z,CLI1,low,3,Evidence of new service creation found in registry under HKLM\\System\\CurrentControlSet\\Services\\DevicesFlowUserSvc_e461d4\\ImagePath binary is: C:\\Windows\\system32\\svchost.exe -k DevicesFlow,"""Registry value set:
RuleName: T1031,T1050
EventType: SetValue
UtcTime: 2025-03-28 15:30:08.797
ProcessGuid: {3a115e96-b4ff-67e6-0b00-000000001502}
ProcessId: 816
Image: C:\Windows\system32\services.exe
TargetObject: HKLM\System\CurrentControlSet\Services\DevicesFlowUserSvc_e461d4\ImagePath
Details: C:\Windows\system32\svchost.exe -k DevicesFlow
User: NT AUTHORITY\SYSTEM"""
2025-03-28T15:30:10.216Z,CLI1,low,3,Evidence of new service creation found in registry under HKLM\\System\\CurrentControlSet\\Services\\PimIndexMaintenanceSvc_e461d4\\ImagePath binary is: C:\\Windows\\system32\\svchost.exe -k UnistackSvcGroup,"""Registry value set:
RuleName: T1031,T1050
EventType: SetValue
UtcTime: 2025-03-28 15:30:08.797
ProcessGuid: {3a115e96-b4ff-67e6-0b00-000000001502}
ProcessId: 816
Image: C:\Windows\system32\services.exe
TargetObject: HKLM\System\CurrentControlSet\Services\PimIndexMaintenanceSvc_e461d4\ImagePath
Details: C:\Windows\system32\svchost.exe -k UnistackSvcGroup
User: NT AUTHORITY\SYSTEM"""
2025-03-28T15:30:10.247Z,CLI1,low,3,Evidence of new service creation found in registry under HKLM\\System\\CurrentControlSet\\Services\\PrintWorkflowUserSvc_e461d4\\ImagePath binary is: C:\\Windows\\system32\\svchost.exe -k PrintWorkflow,"""Registry value set:
RuleName: T1031,T1050
EventType: SetValue
UtcTime: 2025-03-28 15:30:08.797
ProcessGuid: {3a115e96-b4ff-67e6-0b00-000000001502}
ProcessId: 816
Image: C:\Windows\system32\services.exe
TargetObject: HKLM\System\CurrentControlSet\Services\PrintWorkflowUserSvc_e461d4\ImagePath
Details: C:\Windows\system32\svchost.exe -k PrintWorkflow
User: NT AUTHORITY\SYSTEM"""
2025-03-28T15:30:10.293Z,CLI1,low,3,Evidence of new service creation found in registry under HKLM\\System\\CurrentControlSet\\Services\\UdkUserSvc_e461d4\\ImagePath binary is: C:\\Windows\\system32\\svchost.exe -k UdkSvcGroup,"""Registry value set:
RuleName: T1031,T1050
EventType: SetValue
UtcTime: 2025-03-28 15:30:08.813
ProcessGuid: {3a115e96-b4ff-67e6-0b00-000000001502}
ProcessId: 816
Image: C:\Windows\system32\services.exe
TargetObject: HKLM\System\CurrentControlSet\Services\UdkUserSvc_e461d4\ImagePath
Details: C:\Windows\system32\svchost.exe -k UdkSvcGroup
User: NT AUTHORITY\SYSTEM"""
2025-03-28T15:30:10.309Z,CLI1,low,3,Evidence of new service creation found in registry under HKLM\\System\\CurrentControlSet\\Services\\UnistoreSvc_e461d4\\ImagePath binary is: C:\\Windows\\System32\\svchost.exe -k UnistackSvcGroup,"""Registry value set:
RuleName: T1031,T1050
EventType: SetValue
UtcTime: 2025-03-28 15:30:08.813
ProcessGuid: {3a115e96-b4ff-67e6-0b00-000000001502}
ProcessId: 816
Image: C:\Windows\system32\services.exe
TargetObject: HKLM\System\CurrentControlSet\Services\UnistoreSvc_e461d4\ImagePath
Details: C:\Windows\System32\svchost.exe -k UnistackSvcGroup
User: NT AUTHORITY\SYSTEM"""
2025-03-28T15:30:10.340Z,CLI1,low,3,Evidence of new service creation found in registry under HKLM\\System\\CurrentControlSet\\Services\\UserDataSvc_e461d4\\ImagePath binary is: C:\\Windows\\system32\\svchost.exe -k UnistackSvcGroup,"""Registry value set:
RuleName: T1031,T1050
EventType: SetValue
UtcTime: 2025-03-28 15:30:08.829
ProcessGuid: {3a115e96-b4ff-67e6-0b00-000000001502}
ProcessId: 816
Image: C:\Windows\system32\services.exe
TargetObject: HKLM\System\CurrentControlSet\Services\UserDataSvc_e461d4\ImagePath
Details: C:\Windows\system32\svchost.exe -k UnistackSvcGroup
User: NT AUTHORITY\SYSTEM"""
