2025-03-28T15:48:11.282Z,FS1,low,5,Registry Key Integrity Checksum Changed,"Registry Key '[x32] HKEY_LOCAL_MACHINE\System\CurrentControlSet\Services\Dnscache\Parameters\Probe\{55735fa0-f8f1-426b-be45-f9561f977ab2}' modified
Mode: scheduled
Changed attributes: mtime
Old modification time was: '1743042233', now it is '1743176291'
"
2025-03-28T15:48:11.283Z,FS1,low,5,Registry Value Integrity Checksum Changed,"Registry Value '[x32] HKEY_LOCAL_MACHINE\System\CurrentControlSet\Services\Dnscache\Parameters\Probe\{55735fa0-f8f1-426b-be45-f9561f977ab2}\LastProbeTime' modified
Mode: scheduled
Changed attributes: md5,sha1,sha256
Old md5sum was: '92a5f345fee1f4fcd9e09ab993e23190'
New md5sum is : '7532ccb8262cd48e608762b7c1141187'
Old sha1sum was: '3e997554765fb480928a14f85345f4bbbcd98cec'
New sha1sum is : 'de244f6b40fed3de3a151461bc67c4c503fdbccf'
Old sha256sum was: '769e2f83327824b7e73b1f86a375340d4a39ff5fa920ddacbc372b7ac0fd034f'
New sha256sum is : '5e1a0c34d58772e6fb93a018a6c09d70c28c070a956cae26aa5cb7f0dddcc0e4'
"
2025-03-28T15:48:11.452Z,CLI1,low,5,Registry Key Integrity Checksum Changed,"Registry Key '[x32] HKEY_LOCAL_MACHINE\System\CurrentControlSet\Services\pci' modified
Mode: scheduled
Changed attributes: mtime
Old modification time was: '1743174527', now it is '1743175226'
"
2025-03-28T15:48:11.455Z,CLI1,low,5,Registry Value Integrity Checksum Changed,"Registry Value '[x32] HKEY_LOCAL_MACHINE\System\CurrentControlSet\Services\pci\Owners' modified
Mode: scheduled
Changed attributes: size,md5,sha1,sha256
Size changed from '379' to '369'
Old md5sum was: 'a0ac3b62fb36ecc788fc10afb2bef413'
New md5sum is : 'c357a54ea56336c72fd6c71eee0c756d'
Old sha1sum was: '3d805d38ad86be5e56c2e450f70f026cb3b0d3a0'
New sha1sum is : '1d280fa5aee5f6eb0d7a6506b05d4adfa1c11d9e'
Old sha256sum was: 'bf6e1223e8716358e54170c2fa8c26ad80bc424a6ea6335eeeb1cf145ace6111'
New sha256sum is : 'ecb7bc3e16ad62f3f95a303a78321722cf6708c1b5d1beaa12a90f4b0ca8dbc8'
"
2025-03-28T15:48:12.536Z,JUMP,low,5,Registry Key Entry Added to the System,"Registry Key '[x32] HKEY_LOCAL_MACHINE\System\CurrentControlSet\Services\VSS\Diag\ASR Writer' added
Mode: scheduled
"
2025-03-28T15:48:12.542Z,JUMP,low,5,Registry Key Entry Added to the System,"Registry Key '[x32] HKEY_LOCAL_MACHINE\System\CurrentControlSet\Services\VSS\Diag\COM+ REGDB Writer' added
Mode: scheduled
"
2025-03-28T15:48:12.574Z,JUMP,low,5,Registry Key Entry Added to the System,"Registry Key '[x32] HKEY_LOCAL_MACHINE\System\CurrentControlSet\Services\VSS\Diag\Registry Writer' added
Mode: scheduled
"
2025-03-28T15:48:12.620Z,JUMP,low,5,Registry Key Entry Added to the System,"Registry Key '[x32] HKEY_LOCAL_MACHINE\System\CurrentControlSet\Services\VSS\Diag\Shadow Copy Optimization Writer' added
Mode: scheduled
"
2025-03-28T15:48:12.636Z,JUMP,low,5,Registry Key Entry Added to the System,"Registry Key '[x32] HKEY_LOCAL_MACHINE\System\CurrentControlSet\Services\VSS\Diag\SwProvider_{b5946137-7b9f-4925-af80-51abd60b20d5}' added
Mode: scheduled
"
2025-03-28T15:48:12.652Z,JUMP,low,5,Registry Key Integrity Checksum Changed,"Registry Key '[x32] HKEY_LOCAL_MACHINE\System\CurrentControlSet\Services\VSS\Diag' modified
Mode: scheduled
Changed attributes: mtime
Old modification time was: '1743174541', now it is '1743175183'
"
2025-03-28T15:48:12.742Z,JUMP,low,5,Registry Key Integrity Checksum Changed,"Registry Key '[x32] HKEY_LOCAL_MACHINE\System\CurrentControlSet\Services\W32Time\Config\Status' modified
Mode: scheduled
Changed attributes: mtime
Old modification time was: '1743053169', now it is '1743176885'
"
2025-03-28T15:48:12.743Z,JUMP,low,5,Registry Value Integrity Checksum Changed,"Registry Value '[x32] HKEY_LOCAL_MACHINE\System\CurrentControlSet\Services\W32Time\Config\Status\LastGoodSampleInfo' modified
Mode: scheduled
Changed attributes: size,md5,sha1,sha256
Size changed from '40' to '39'
Old md5sum was: '3eb6adced9897c8256add72faa85d9df'
New md5sum is : '17ec7ea65e1b1fd325a6820693bf69f1'
Old sha1sum was: '1c02ca67284632dd03b748c5d54302f3c74933ca'
New sha1sum is : '1fa8b1639deda09df28e7de37b7de2e56198ebc9'
Old sha256sum was: '500bca78871ed8fcc8a6075ea7a2d0a85aa6a53249ed69609c98dcebbf453723'
New sha256sum is : '5b59e09a21212ef9c97c6d7be647724579e7b53f92e5c4239ad2a5a29e8d343e'
"
2025-03-28T15:48:12.754Z,JUMP,low,5,Registry Key Integrity Checksum Changed,"Registry Key '[x32] HKEY_LOCAL_MACHINE\System\CurrentControlSet\Services\W32Time\Config' modified
Mode: scheduled
Changed attributes: mtime
Old modification time was: '1743053169', now it is '1743176885'
"
2025-03-28T15:48:12.761Z,JUMP,low,5,Registry Value Integrity Checksum Changed,"Registry Value '[x32] HKEY_LOCAL_MACHINE\System\CurrentControlSet\Services\W32Time\Config\LastKnownGoodTime' modified
Mode: scheduled
Changed attributes: md5,sha1,sha256
Old md5sum was: 'f298d1bbd476bab41e56005e5eccd00b'
New md5sum is : '9a62faff08524e6ff663a93e69739d8e'
Old sha1sum was: '6be9a1b15ed93025a2440356be421b4f37514422'
New sha1sum is : 'eaeb06d76c25803a936d71fdf8c0c02bfe72ddd7'
Old sha256sum was: '12fa155757640339f28ee7429c82067ede1437f750436505706526ef98cd8331'
New sha256sum is : 'd8ae31aaadf38360aa1607ed0defd831c48d9a88e89a6292bd8dc131161c535d'
"
2025-03-28T15:48:15.919Z,CLI1,low,5,Registry Key Integrity Checksum Changed,"Registry Key '[x32] HKEY_LOCAL_MACHINE\System\CurrentControlSet\Services\SharedAccess\Epoch' modified
Mode: scheduled
Changed attributes: mtime
Old modification time was: '1743174551', now it is '1743176338'
"
2025-03-28T15:48:15.935Z,CLI1,low,5,Registry Value Integrity Checksum Changed,"Registry Value '[x32] HKEY_LOCAL_MACHINE\System\CurrentControlSet\Services\SharedAccess\Epoch\Epoch' modified
Mode: scheduled
Changed attributes: md5,sha1,sha256
Old md5sum was: 'da35b4c997563297d0729ee465205315'
New md5sum is : 'f83e66d9409d112d436b0e049ef16dc0'
Old sha1sum was: 'ff4d8a05ccb1f2c315f53a0cf4a0b7635ad3a23a'
New sha1sum is : 'eb8c44b895ad4146e3e2b5b1bde60da269385813'
Old sha256sum was: 'dd239110c5d36e9f833a4ee38bd4b96f61be56dc1380e3a2b0779d53ddecedc7'
New sha256sum is : '55f32cc26719195424dfee10201dc3f88d017fcd525398214b4d433b83fe0683'
"
2025-03-28T15:48:15.951Z,CLI1,low,5,Registry Key Integrity Checksum Changed,"Registry Key '[x32] HKEY_LOCAL_MACHINE\System\CurrentControlSet\Services\SharedAccess\Epoch2' modified
Mode: scheduled
Changed attributes: mtime
Old modification time was: '1743174540', now it is '1743175438'
"
2025-03-28T15:48:15.966Z,CLI1,low,5,Registry Value Integrity Checksum Changed,"Registry Value '[x32] HKEY_LOCAL_MACHINE\System\CurrentControlSet\Services\SharedAccess\Epoch2\Epoch' modified
Mode: scheduled
Changed attributes: md5,sha1,sha256
Old md5sum was: 'ae0daef8d8b2bc8acdd09b00dc92ce8d'
New md5sum is : 'd20ae1fd3a608fc30fdea31babbaef93'
Old sha1sum was: '90055c680ba720293168b6dc6bd095430d63086e'
New sha1sum is : '8ec523a893cd759519942aa29e76aab969c758bf'
Old sha256sum was: '10b2d780ddb16595edbbf4bafca45dcd5f486209350e057914c790c0d3c4e350'
New sha256sum is : 'aa4a60bef7857ee61426cf863b12fa9df04a5c0c28f5145e436842e6d64395fd'
"
2025-03-28T15:48:15.982Z,CLI1,low,5,Registry Key Integrity Checksum Changed,"Registry Key '[x32] HKEY_LOCAL_MACHINE\System\CurrentControlSet\Services\SharedAccess\Parameters\FirewallPolicy\FirewallRules' modified
Mode: scheduled
Changed attributes: mtime
Group ownership was 'S-1-5-32-544', now it is 'S-1-5-21-1159332295-3909167717-2419237058-513'
Old modification time was: '1743049150', now it is '1743175041'
"
2025-03-28T15:48:16.028Z,CLI1,low,5,Registry Value Entry Added to the System,"Registry Value '[x32] HKEY_LOCAL_MACHINE\System\CurrentControlSet\Services\SharedAccess\Parameters\FirewallPolicy\FirewallRules\{BB321D5B-805C-4356-9073-B4938D1FAA05}' added
Mode: scheduled
"
2025-03-28T15:48:17.165Z,DC1,low,5,Security Enabled Global Group Changed,"""A security-enabled global group was changed.

Subject:
	Security ID:		S-1-5-21-514844351-3181471642-2638765006-1103
	Account Name:		manuel
	Account Domain:		PLUMETECH
	Logon ID:		0xDF13D1

Group:
	Security ID:		S-1-5-21-514844351-3181471642-2638765006-512
	Group Name:		Domain Admins
	Group Domain:		PLUMETECH

Changed Attributes:
	SAM Account Name:	-
	SID History:		-

Additional Information:
	Privileges:		-"""
2025-03-28T15:48:17.167Z,DC1,high,12,Domain Admins Group Changed,"""A member was added to a security-enabled global group.

Subject:
	Security ID:		S-1-5-21-514844351-3181471642-2638765006-1103
	Account Name:		manuel
	Account Domain:		PLUMETECH
	Logon ID:		0xDF13D1

Member:
	Security ID:		S-1-5-21-514844351-3181471642-2638765006-1601
	Account Name:		CN=plumber,CN=Users,DC=PLUMETECH,DC=LOCAL

Group:
	Security ID:		S-1-5-21-514844351-3181471642-2638765006-512
	Group Name:		Domain Admins
	Group Domain:		PLUMETECH

Additional Information:
	Privileges:		-"""
2025-03-28T15:48:18.165Z,DC1,low,3,Windows Logon Success,"""An account was successfully logged on.

Subject:
	Security ID:		S-1-0-0
	Account Name:		-
	Account Domain:		-
	Logon ID:		0x0

Logon Information:
	Logon Type:		3
	Restricted Admin Mode:	-
	Virtual Account:		No
	Elevated Token:		Yes

Impersonation Level:		Impersonation

New Logon:
	Security ID:		S-1-5-18
	Account Name:		DC1$
	Account Domain:		PLUMETECH.LOCAL
	Logon ID:		0xECC1AF
	Linked Logon ID:		0x0
	Network Account Name:	-
	Network Account Domain:	-
	Logon GUID:		{239ca8c2-e800-ce3b-959e-fac857c520e8}

Process Information:
	Process ID:		0x0
	Process Name:		-

Network Information:
	Workstation Name:	-
	Source Network Address:	fe80::4de5:70cf:2746:ef1e
	Source Port:		58818

Detailed Authentication Information:
	Logon Process:		Kerberos
	Authentication Package:	Kerberos
	Transited Services:	-
	Package Name (NTLM only):	-
	Key Length:		0

This event is generated when a logon session is created. It is generated on the computer that was accessed.

The subject fields indicate the account on the local system which requested the logon. This is most commonly a service such as the Server service, or a local process such as Winlogon.exe or Services.exe.

The logon type field indicates the kind of logon that occurred. The most common types are 2 (interactive) and 3 (network).

The New Logon fields indicate the account for whom the new logon was created, i.e. the account that was logged on.

The network fields indicate where a remote logon request originated. Workstation name is not always available and may be left blank in some cases.

The impersonation level field indicates the extent to which a process in the logon session can impersonate.

The authentication information fields provide detailed information about this specific logon request.
	- Logon GUID is a unique identifier that can be used to correlate this event with a KDC event.
	- Transited services indicate which intermediate services have participated in this logon request.
	- Package name indicates which sub-protocol was used among the NTLM protocols.
	- Key length indicates the length of the generated session key. This will be 0 if no session key was requested."""
2025-03-28T15:48:18.167Z,DC1,low,3,Windows Logon Success,"""An account was successfully logged on.

Subject:
	Security ID:		S-1-0-0
	Account Name:		-
	Account Domain:		-
	Logon ID:		0x0

Logon Information:
	Logon Type:		3
	Restricted Admin Mode:	-
	Virtual Account:		No
	Elevated Token:		Yes

Impersonation Level:		Impersonation

New Logon:
	Security ID:		S-1-5-18
	Account Name:		DC1$
	Account Domain:		PLUMETECH.LOCAL
	Logon ID:		0xECC20B
	Linked Logon ID:		0x0
	Network Account Name:	-
	Network Account Domain:	-
	Logon GUID:		{239ca8c2-e800-ce3b-959e-fac857c520e8}

Process Information:
	Process ID:		0x0
	Process Name:		-

Network Information:
	Workstation Name:	-
	Source Network Address:	fe80::4de5:70cf:2746:ef1e
	Source Port:		58820

Detailed Authentication Information:
	Logon Process:		Kerberos
	Authentication Package:	Kerberos
	Transited Services:	-
	Package Name (NTLM only):	-
	Key Length:		0

This event is generated when a logon session is created. It is generated on the computer that was accessed.

The subject fields indicate the account on the local system which requested the logon. This is most commonly a service such as the Server service, or a local process such as Winlogon.exe or Services.exe.

The logon type field indicates the kind of logon that occurred. The most common types are 2 (interactive) and 3 (network).

The New Logon fields indicate the account for whom the new logon was created, i.e. the account that was logged on.

The network fields indicate where a remote logon request originated. Workstation name is not always available and may be left blank in some cases.

The impersonation level field indicates the extent to which a process in the logon session can impersonate.

The authentication information fields provide detailed information about this specific logon request.
	- Logon GUID is a unique identifier that can be used to correlate this event with a KDC event.
	- Transited services indicate which intermediate services have participated in this logon request.
	- Package name indicates which sub-protocol was used among the NTLM protocols.
	- Key length indicates the length of the generated session key. This will be 0 if no session key was requested."""
2025-03-28T15:48:18.753Z,CLI1,low,5,Registry Key Integrity Checksum Changed,"Registry Key '[x32] HKEY_LOCAL_MACHINE\System\CurrentControlSet\Services\Tcpip\Parameters\DNSRegisteredAdapters\{EFDCC438-1368-4889-B23E-1841C6D0BDB5}' modified
Mode: scheduled
Changed attributes: mtime
Old modification time was: '1743174987', now it is '1743176338'
"
2025-03-28T15:48:18.935Z,CLI1,low,5,Registry Key Integrity Checksum Changed,"Registry Key '[x32] HKEY_LOCAL_MACHINE\System\CurrentControlSet\Services\Tcpip\Parameters\Interfaces\{efdcc438-1368-4889-b23e-1841c6d0bdb5}' modified
Mode: scheduled
Changed attributes: mtime
Old modification time was: '1743174787', now it is '1743176338'
"
2025-03-28T15:48:18.951Z,CLI1,low,5,Registry Value Integrity Checksum Changed,"Registry Value '[x32] HKEY_LOCAL_MACHINE\System\CurrentControlSet\Services\Tcpip\Parameters\Interfaces\{efdcc438-1368-4889-b23e-1841c6d0bdb5}\LeaseObtainedTime' modified
Mode: scheduled
Changed attributes: md5,sha1,sha256
Old md5sum was: '253f86cdfdf59e8d2daaef8395969ce6'
New md5sum is : '5e76622e81054df667005f7b6fa2f02b'
Old sha1sum was: 'bab7aa77f0709ca9320fd7cb50096025950806fd'
New sha1sum is : 'e26a69698e2855a711debe7fb2f056098d4c94a0'
Old sha256sum was: '40d3937e2a70c06b207a194d632001892d1e2afe5aa75c7542aaf19b26f26d5b'
New sha256sum is : '9db0c4991210fd2a99230a5a6f82f4f3a40dedbf5e9854c88c765597c2485025'
"
2025-03-28T15:48:18.966Z,CLI1,low,5,Registry Value Integrity Checksum Changed,"Registry Value '[x32] HKEY_LOCAL_MACHINE\System\CurrentControlSet\Services\Tcpip\Parameters\Interfaces\{efdcc438-1368-4889-b23e-1841c6d0bdb5}\T1' modified
Mode: scheduled
Changed attributes: md5,sha1,sha256
Old md5sum was: '4b32f9504bc1b8116b5f8f6ced88493f'
New md5sum is : '4eb14cd569abede3a765152f2a93e97f'
Old sha1sum was: 'e44277a7cf7e2907cbc5833d8798230da77fbb0d'
New sha1sum is : 'f16e141c9be7ce89d0e6765a1391c06bb2993f8a'
Old sha256sum was: 'feb48daab8deadabce13d78a61ed56e080ecc392e6230f46f3739bb5425ca4c0'
New sha256sum is : 'e5e47918b987c8b333af21c870654ba9d8cfddc129ffab41d5ca1ccee2e7c117'
"
2025-03-28T15:48:18.982Z,CLI1,low,5,Registry Value Integrity Checksum Changed,"Registry Value '[x32] HKEY_LOCAL_MACHINE\System\CurrentControlSet\Services\Tcpip\Parameters\Interfaces\{efdcc438-1368-4889-b23e-1841c6d0bdb5}\T2' modified
Mode: scheduled
Changed attributes: md5,sha1,sha256
Old md5sum was: 'b59723cb3949ffc8c794e59300a679d6'
New md5sum is : 'bd4ed8323de56b1fd6fe012ce5bdf65a'
Old sha1sum was: 'bb19b4a7c953f4c4afa052b76ab6a1bd2908076d'
New sha1sum is : '855d5e200de9489cac5353c146e171aba57d015d'
Old sha256sum was: '9a2a0fd8d287a425558f018024edaca85b7b6baf61390ef8a54b2abe8fee7620'
New sha256sum is : 'afc4c01cfee0fb37f3b8ee55370249ddd8b14fff1fa94de560d13bf7c7f047c4'
"
2025-03-28T15:48:18.997Z,CLI1,low,5,Registry Value Integrity Checksum Changed,"Registry Value '[x32] HKEY_LOCAL_MACHINE\System\CurrentControlSet\Services\Tcpip\Parameters\Interfaces\{efdcc438-1368-4889-b23e-1841c6d0bdb5}\LeaseTerminatesTime' modified
Mode: scheduled
Changed attributes: md5,sha1,sha256
Old md5sum was: 'ca2232fb01655eb3fb372a29a8224092'
New md5sum is : '1c8bf308158332d201a5c4ac162c0422'
Old sha1sum was: '86fe0116993818ca4d0ca2f2d892be5e6dc4e36e'
New sha1sum is : '4bd74335c93f2526f75c8d4dad440e84d16e9f30'
Old sha256sum was: 'eb994330410e5b9587ba704b64e5dd5a848aad11be47c7a7bedb3f061c605754'
New sha256sum is : 'd6051121751ffab23dc61a205bb382e42a886027bb983ffb8eef148e12ecf32e'
"
2025-03-28T15:48:19.013Z,CLI1,low,5,Registry Value Integrity Checksum Changed,"Registry Value '[x32] HKEY_LOCAL_MACHINE\System\CurrentControlSet\Services\Tcpip\Parameters\Interfaces\{efdcc438-1368-4889-b23e-1841c6d0bdb5}\DhcpInterfaceOptions' modified
Mode: scheduled
Changed attributes: md5,sha1,sha256
Old md5sum was: '622a89844464e64ad18fd08fecae2d9d'
New md5sum is : '0c3b5ee3d4598057756a3fcf610bc2ee'
Old sha1sum was: '2b3caf1a78a84154b2d1766d53e528175dbad7f1'
New sha1sum is : '5505849ed10289ab1305eaacd989c886ab8192db'
Old sha256sum was: '25d0f822638f5b9b549cf0e1972d38c0e02da3a115c072aa34ae81e4f46a24c1'
New sha256sum is : 'ef515a12d5a40dd3cec10e87d6c7cf1d648757f167adaf1ca7962404966c9d7d'
"
2025-03-28T15:48:19.946Z,DC1,low,4,A directory service object was modified,"""A directory service object was modified.
	
Subject:
	Security ID:		S-1-5-21-514844351-3181471642-2638765006-1103
	Account Name:		manuel
	Account Domain:		PLUMETECH
	Logon ID:		0xDF13D1

Directory Service:
	Name:	PLUMETECH.LOCAL
	Type:	Active Directory Domain Services
	
Object:
	DN:	CN=Domain Admins,CN=Users,DC=PLUMETECH,DC=LOCAL
	GUID:	{8253ec21-922a-40c1-b0de-18e7ee0c64c0}
	Class:	group
	
Attribute:
	LDAP Display Name:	member
	Syntax (OID):	2.5.5.1
	Value:	CN=plumber,CN=Users,DC=PLUMETECH,DC=LOCAL
	
Operation:
	Type:	Value Added
	Correlation ID:	{bb5f7034-0228-423a-960b-f4c702effdd0}
	Application Correlation ID:	-"""
2025-03-28T15:48:22.250Z,CLI1,low,5,Registry Key Entry Added to the System,"Registry Key '[x32] HKEY_LOCAL_MACHINE\System\CurrentControlSet\Services\VSS\Diag\ASR Writer' added
Mode: scheduled
"
2025-03-28T15:48:22.263Z,CLI1,low,5,Registry Key Entry Added to the System,"Registry Key '[x32] HKEY_LOCAL_MACHINE\System\CurrentControlSet\Services\VSS\Diag\COM+ REGDB Writer' added
Mode: scheduled
"
2025-03-28T15:48:22.272Z,CLI1,low,5,Registry Key Entry Added to the System,"Registry Key '[x32] HKEY_LOCAL_MACHINE\System\CurrentControlSet\Services\VSS\Diag\Registry Writer' added
Mode: scheduled
"
2025-03-28T15:48:22.280Z,CLI1,low,5,Registry Key Entry Added to the System,"Registry Key '[x32] HKEY_LOCAL_MACHINE\System\CurrentControlSet\Services\VSS\Diag\Shadow Copy Optimization Writer' added
Mode: scheduled
"
2025-03-28T15:48:22.294Z,CLI1,low,5,Registry Key Entry Added to the System,"Registry Key '[x32] HKEY_LOCAL_MACHINE\System\CurrentControlSet\Services\VSS\Diag\SwProvider_{b5946137-7b9f-4925-af80-51abd60b20d5}' added
Mode: scheduled
"
2025-03-28T15:48:22.317Z,CLI1,low,5,Registry Key Integrity Checksum Changed,"Registry Key '[x32] HKEY_LOCAL_MACHINE\System\CurrentControlSet\Services\VSS\Diag' modified
Mode: scheduled
Changed attributes: mtime
Old modification time was: '1743174878', now it is '1743175169'
"
2025-03-28T15:48:22.541Z,CLI1,low,5,Registry Key Integrity Checksum Changed,"Registry Key '[x32] HKEY_LOCAL_MACHINE\System\CurrentControlSet\Services\W32Time\Config\Status' modified
Mode: scheduled
Changed attributes: mtime
Old modification time was: '1743057816', now it is '1743175731'
"
2025-03-28T15:48:22.542Z,CLI1,low,5,Registry Value Integrity Checksum Changed,"Registry Value '[x32] HKEY_LOCAL_MACHINE\System\CurrentControlSet\Services\W32Time\Config\Status\LastGoodSampleInfo' modified
Mode: scheduled
Changed attributes: size,md5,sha1,sha256
Size changed from '39' to '40'
Old md5sum was: 'd94e3ff2b7c4935a1f6f7266c81b1131'
New md5sum is : '81ba9f61db32489272d1ed6b2d2c5e55'
Old sha1sum was: 'e792cbd07aa7d448f36a156c6042a6fed2289661'
New sha1sum is : '19a6533f2c21bdee7f1579e2d2c28b72f4d5bd3d'
Old sha256sum was: '485780a5981db33fc352b5ad5a58591b4d5195df6b8df7100486af9ce94c528b'
New sha256sum is : 'af0667c8561b31c3b854b329bff0201bb18d3b89041442b70c0f034f9bf8fcaa'
"
2025-03-28T15:48:22.556Z,CLI1,low,5,Registry Key Integrity Checksum Changed,"Registry Key '[x32] HKEY_LOCAL_MACHINE\System\CurrentControlSet\Services\W32Time\Config' modified
Mode: scheduled
Changed attributes: mtime
Old modification time was: '1743057816', now it is '1743175731'
"
2025-03-28T15:48:22.560Z,CLI1,low,5,Registry Value Integrity Checksum Changed,"Registry Value '[x32] HKEY_LOCAL_MACHINE\System\CurrentControlSet\Services\W32Time\Config\LastKnownGoodTime' modified
Mode: scheduled
Changed attributes: md5,sha1,sha256
Old md5sum was: '185124ea5042b2ceaea27183b5c70580'
New md5sum is : '2de87166e9b64f7260f1a7aee75e73ff'
Old sha1sum was: '52002b4e42d8d75eebe622083bcd8d1a4f1c3c20'
New sha1sum is : '608dd1ba3a3894d0ffa9c4580b1255d707a50b9f'
Old sha256sum was: '64b8c37bdfa3062be1b5eacf0ec6b9d945b5a64dde7a1873a05bebc0e40e10f8'
New sha256sum is : 'ae6abc4710a473f9fe2255b97deae83aa8e7a3a3bfcef7d064f5b3acd9629a54'
"
2025-03-28T15:48:22.587Z,CLI1,low,5,Registry Key Integrity Checksum Changed,"Registry Key '[x32] HKEY_LOCAL_MACHINE\System\CurrentControlSet\Services\W32Time\SecureTimeLimits\RunTime' modified
Mode: scheduled
Changed attributes: mtime
Group ownership was 'S-1-5-32-544', now it is 'S-1-5-18'
Old modification time was: '1743174807', now it is '1743176608'
"
2025-03-28T15:48:22.591Z,CLI1,low,5,Registry Value Integrity Checksum Changed,"Registry Value '[x32] HKEY_LOCAL_MACHINE\System\CurrentControlSet\Services\W32Time\SecureTimeLimits\RunTime\SecureTimeTickCount' modified
Mode: scheduled
Changed attributes: md5,sha1,sha256
Old md5sum was: '277bad07ba016bc409c0ddc23d079c43'
New md5sum is : '36f1d580f3c52dea2584596ed82c7d93'
Old sha1sum was: 'c265cd9bf4bd0cf936dd4680e01324c6bae2aec2'
New sha1sum is : 'd4957c8399d2eb5b73b80eb9e64c0c420ad95cfe'
Old sha256sum was: '942b3c85a28562764ec2fb0c08d3278b336994afe2b6132a23bc144628cad44a'
New sha256sum is : '2e49472c3d45464a48928468fb5144eca20ca31d95c4a6f81c8f34538adcb244'
"
2025-03-28T15:48:22.608Z,CLI1,low,5,Registry Key Integrity Checksum Changed,"Registry Key '[x32] HKEY_LOCAL_MACHINE\System\CurrentControlSet\Services\W32Time\SecureTimeLimits' modified
Mode: scheduled
Changed attributes: mtime
Old modification time was: '1743174807', now it is '1743176608'
"
2025-03-28T15:48:22.623Z,CLI1,low,5,Registry Value Integrity Checksum Changed,"Registry Value '[x32] HKEY_LOCAL_MACHINE\System\CurrentControlSet\Services\W32Time\SecureTimeLimits\SecureTimeEstimated' modified
Mode: scheduled
Changed attributes: md5,sha1,sha256
Old md5sum was: '829da0f0a37430e5cad3a3e6925638dc'
New md5sum is : '51fd94e0b39aec0b745f5e3507143525'
Old sha1sum was: '6a8ee6a7c4df793e49806bfcdef571df5e2d06fa'
New sha1sum is : 'fc22dfac35b93f9ff7854a7bd66d8ee89709a759'
Old sha256sum was: 'f8278e63ca52f2ef191627d762eefa41d2890d2b607688c8e86f5e8ea75614f2'
New sha256sum is : 'c9aaf51ac48902d092b1f7f87e27653c97a5bf3f4777887dbc0cb1d474a3f3f3'
"
2025-03-28T15:48:22.640Z,CLI1,low,5,Registry Value Integrity Checksum Changed,"Registry Value '[x32] HKEY_LOCAL_MACHINE\System\CurrentControlSet\Services\W32Time\SecureTimeLimits\SecureTimeHigh' modified
Mode: scheduled
Changed attributes: md5,sha1,sha256
Old md5sum was: 'c3bfc21b604674bd657c60feb5ab22a1'
New md5sum is : 'e36a73dcd767447aa6d4e88725e0d71b'
Old sha1sum was: '38ba2872b8b818804704916a91b61f45c20e2c8d'
New sha1sum is : 'd9d472a954b805df709af567431f792356173390'
Old sha256sum was: 'da33ddb92e45e14d128fb7423820deebda13dbab6e5d3e998f7ec13588341a0f'
New sha256sum is : '1fbb047be25e343a39b487f281bba7e51bc4f1f46f8e331ca463b0b02387557e'
"
2025-03-28T15:48:22.655Z,CLI1,low,5,Registry Value Integrity Checksum Changed,"Registry Value '[x32] HKEY_LOCAL_MACHINE\System\CurrentControlSet\Services\W32Time\SecureTimeLimits\SecureTimeLow' modified
Mode: scheduled
Changed attributes: md5,sha1,sha256
Old md5sum was: 'bb474a69808954ee4a3f8d4dead67649'
New md5sum is : '25db3c00f7f16f71a14f99b9bf03c43f'
Old sha1sum was: '951906c1c4d8feb82f39b17016979dc47c472bb2'
New sha1sum is : '7b8b1c3ebd48b052be9e6a6bc2e050ce8a27e68f'
Old sha256sum was: '3d1512cf3537885ccc1e240019b52e830bff701bdda8214f7e86a06a0bc1fd1a'
New sha256sum is : 'b9d676fdd8ce0b687036a410e516c82812b47d2de88329781a9fdea98417457f'
"
2025-03-28T15:48:23.489Z,CLI1,low,5,Registry Key Integrity Checksum Changed,"Registry Key '[x32] HKEY_LOCAL_MACHINE\System\CurrentControlSet\Services\WdFilter\Security' modified
Mode: scheduled
Changed attributes: mtime
Old modification time was: '1743174557', now it is '1743175239'
"
2025-03-28T15:48:25.918Z,FS1,low,5,Registry Key Integrity Checksum Changed,"Registry Key '[x32] HKEY_LOCAL_MACHINE\System\CurrentControlSet\Services\SharedAccess\Epoch' modified
Mode: scheduled
Changed attributes: mtime
Old modification time was: '1743174915', now it is '1743176291'
"
2025-03-28T15:48:25.919Z,FS1,low,5,Registry Value Integrity Checksum Changed,"Registry Value '[x32] HKEY_LOCAL_MACHINE\System\CurrentControlSet\Services\SharedAccess\Epoch\Epoch' modified
Mode: scheduled
Changed attributes: md5,sha1,sha256
Old md5sum was: '74989055e5e67e8e8ee8b01014055cba'
New md5sum is : 'bcd3d97fffe350baf35afe5af21f0f2c'
Old sha1sum was: '92b51333b93ca13e3e70245d6cd83185597af5b3'
New sha1sum is : 'e8525fa4d72002148963d5b2a421dbf368fd0181'
Old sha256sum was: 'dfe23fc057092b6b8b55c40396449c10e644b02dfcb817c6e2ad9b13616d33c6'
New sha256sum is : '721086bc2edb10971b5e1e7920216e76f42010fa7ad6abc33be83daa704e89fd'
"
2025-03-28T15:48:25.930Z,FS1,low,5,Registry Key Integrity Checksum Changed,"Registry Key '[x32] HKEY_LOCAL_MACHINE\System\CurrentControlSet\Services\SharedAccess\Epoch2' modified
Mode: scheduled
Changed attributes: mtime
Old modification time was: '1743174494', now it is '1743175392'
"
2025-03-28T15:48:25.939Z,FS1,low,5,Registry Value Integrity Checksum Changed,"Registry Value '[x32] HKEY_LOCAL_MACHINE\System\CurrentControlSet\Services\SharedAccess\Epoch2\Epoch' modified
Mode: scheduled
Changed attributes: md5,sha1,sha256
Old md5sum was: '4233746d9d5c2eeb81f7a1774e6e45f3'
New md5sum is : '5d31f1f45f7e8ec9ff4e45f7d17b3f72'
Old sha1sum was: 'f8305486c862ddaa25619faa084c18728179275f'
New sha1sum is : '2cecf2b1ba04bbc762aa15d2ba4e481339daa152'
Old sha256sum was: 'b90716e8070116a0e6e5d87964e5e390931d2717373b4e4947d1c09ad9959664'
New sha256sum is : '55928e338bbf356e1ebbb9c5f256215d569ce4788fad975c86c8e9ec26aeab3a'
"
2025-03-28T15:48:28.327Z,FS1,low,5,Registry Key Integrity Checksum Changed,"Registry Key '[x32] HKEY_LOCAL_MACHINE\System\CurrentControlSet\Services\Tcpip\Parameters\DNSRegisteredAdapters\{EFDCC438-1368-4889-B23E-1841C6D0BDB5}' modified
Mode: scheduled
Changed attributes: mtime
Old modification time was: '1743174940', now it is '1743176291'
"
2025-03-28T15:48:28.358Z,CLI1,low,5,Registry Value Entry Deleted.,"Registry Value '[x32] HKEY_LOCAL_MACHINE\System\CurrentControlSet\Services\SharedAccess\Parameters\FirewallPolicy\FirewallRules\{3E91CDD6-36BB-435D-859A-E75224E3046E}' deleted
Mode: scheduled
"
2025-03-28T15:48:28.419Z,FS1,low,5,Registry Value Integrity Checksum Changed,"Registry Value '[x32] HKEY_LOCAL_MACHINE\System\CurrentControlSet\Services\Tcpip\Parameters\Interfaces\{efdcc438-1368-4889-b23e-1841c6d0bdb5}\LeaseObtainedTime' modified
Mode: scheduled
Changed attributes: md5,sha1,sha256
Old md5sum was: '3356cc501a90f3de63ac2fd598cdfb0f'
New md5sum is : 'bec13969b251444525f9b7ce8f8568c9'
Old sha1sum was: 'ca2174c02e0bdb1e3b65a670a8ad471007eca437'
New sha1sum is : '70012d5dd205537775a00318655d5364b557f248'
Old sha256sum was: '60bd89fefde4d30ee10ccb54b38585554c5a3629caef442cc94b9ca879d97d2a'
New sha256sum is : '5390eb8c8fa618786a6b79e39408284a1af2b35b484dd38374490dbfa348ccee'
"
2025-03-28T15:48:28.419Z,FS1,low,5,Registry Key Integrity Checksum Changed,"Registry Key '[x32] HKEY_LOCAL_MACHINE\System\CurrentControlSet\Services\Tcpip\Parameters\Interfaces\{efdcc438-1368-4889-b23e-1841c6d0bdb5}' modified
Mode: scheduled
Changed attributes: mtime
Old modification time was: '1743174790', now it is '1743176291'
"
2025-03-28T15:48:28.424Z,FS1,low,5,Registry Value Integrity Checksum Changed,"Registry Value '[x32] HKEY_LOCAL_MACHINE\System\CurrentControlSet\Services\Tcpip\Parameters\Interfaces\{efdcc438-1368-4889-b23e-1841c6d0bdb5}\T1' modified
Mode: scheduled
Changed attributes: md5,sha1,sha256
Old md5sum was: 'b8dd66041658ca7e161cdfc0a5fba8b7'
New md5sum is : '48f48cdeca6ea48299d691ca149c91f9'
Old sha1sum was: '094e7dfe4f571e385c07cfe76ead25fb47c1db19'
New sha1sum is : '0729ec9a6718c4954906de1e0e5ef30053c17765'
Old sha256sum was: 'bdba26fd0e12357424347aa5adf00d664eb1ff25a4dd1c4090c01adeca6ef3de'
New sha256sum is : '230be30a9ee3eb3bc1845c670e143680b5d28004c0ef25ddd02f6c0a7695908a'
"
2025-03-28T15:48:28.439Z,FS1,low,5,Registry Value Integrity Checksum Changed,"Registry Value '[x32] HKEY_LOCAL_MACHINE\System\CurrentControlSet\Services\Tcpip\Parameters\Interfaces\{efdcc438-1368-4889-b23e-1841c6d0bdb5}\T2' modified
Mode: scheduled
Changed attributes: md5,sha1,sha256
Old md5sum was: '13c5b75568e366121ec0727aa929408c'
New md5sum is : 'b2f908463293724d98b87591f9671cd6'
Old sha1sum was: '5018547d20bc263129d41ff990c1a36bd73eeab9'
New sha1sum is : '58a2ca8ff80d9f4ba7d701f3756cdcccd15bd509'
Old sha256sum was: '5447bc9a5ae3a1331b19aafd48b2e8dc71b1d327e489149b3bc9e153fb8bb672'
New sha256sum is : '7461429dad1efc7bb451c6676240995c9c5369f68b46205d111da2dea4e582c4'
"
2025-03-28T15:48:28.460Z,FS1,low,5,Registry Value Integrity Checksum Changed,"Registry Value '[x32] HKEY_LOCAL_MACHINE\System\CurrentControlSet\Services\Tcpip\Parameters\Interfaces\{efdcc438-1368-4889-b23e-1841c6d0bdb5}\LeaseTerminatesTime' modified
Mode: scheduled
Changed attributes: md5,sha1,sha256
Old md5sum was: 'a0385b860e484467abf034a75dac9960'
New md5sum is : '7532ccb8262cd48e608762b7c1141187'
Old sha1sum was: '1533cdd2f6270baaef2a7fafad9f5bf55a6cce54'
New sha1sum is : 'de244f6b40fed3de3a151461bc67c4c503fdbccf'
Old sha256sum was: '59ab8794dff4c50cbb254fa62b15902bc42cbd6f27bd91def19a9c295000f1df'
New sha256sum is : '5e1a0c34d58772e6fb93a018a6c09d70c28c070a956cae26aa5cb7f0dddcc0e4'
"
2025-03-28T15:48:28.486Z,FS1,low,5,Registry Value Integrity Checksum Changed,"Registry Value '[x32] HKEY_LOCAL_MACHINE\System\CurrentControlSet\Services\Tcpip\Parameters\Interfaces\{efdcc438-1368-4889-b23e-1841c6d0bdb5}\DhcpInterfaceOptions' modified
Mode: scheduled
Changed attributes: md5,sha1,sha256
Old md5sum was: '924694781d5448d6d6148e7ef953d61b'
New md5sum is : 'bc6ac9e9882ce7c4332375280dfe65c1'
Old sha1sum was: 'f0d3a52fe1996790d9a9d705cd1e627fd56ccb0b'
New sha1sum is : 'ef7be418159939ba81c2876ec8f00ca13a6c27ed'
Old sha256sum was: '7d418063ff59604ec2caff6f925a453be77707b35b33b1cde9ae5032075cd7ed'
New sha256sum is : 'fdc6bfe96c7b5db35f2c4f9e4c3282d7b4e24fe31581a34565ef7d36ba1c48a9'
"
2025-03-28T15:48:31.755Z,FS1,low,5,Registry Key Integrity Checksum Changed,"Registry Key '[x32] HKEY_LOCAL_MACHINE\System\CurrentControlSet\Services\W32Time\Config\Status' modified
Mode: scheduled
Changed attributes: mtime
Old modification time was: '1743058368', now it is '1743175683'
"
2025-03-28T15:48:31.756Z,FS1,low,5,Registry Value Integrity Checksum Changed,"Registry Value '[x32] HKEY_LOCAL_MACHINE\System\CurrentControlSet\Services\W32Time\Config\Status\LastGoodSampleInfo' modified
Mode: scheduled
Changed attributes: size,md5,sha1,sha256
Size changed from '39' to '40'
Old md5sum was: '1bf7041f4b644a1b6bc5070302ef8d1f'
New md5sum is : '4400155272cbaa0a17d5a9321e33b6fd'
Old sha1sum was: 'c61e366c3c1c25c383e411e83ee7eb1efe2e5c17'
New sha1sum is : '998460882016087f42715e0e774f10d9c7268982'
Old sha256sum was: 'c730206542f93f4a2e5166f99aa1c23a1407e56f733e8377498e85adbc5b8ed3'
New sha256sum is : 'e7ca4c6f5b574472470a4f520577361ea0aadf1378c939385d9a7e2b62b87ace'
"
2025-03-28T15:48:31.767Z,FS1,low,5,Registry Key Integrity Checksum Changed,"Registry Key '[x32] HKEY_LOCAL_MACHINE\System\CurrentControlSet\Services\W32Time\Config' modified
Mode: scheduled
Changed attributes: mtime
Old modification time was: '1743058368', now it is '1743175683'
"
2025-03-28T15:48:31.783Z,FS1,low,5,Registry Value Integrity Checksum Changed,"Registry Value '[x32] HKEY_LOCAL_MACHINE\System\CurrentControlSet\Services\W32Time\Config\LastKnownGoodTime' modified
Mode: scheduled
Changed attributes: md5,sha1,sha256
Old md5sum was: 'ff7aea17d67710845bcae63898e3ac44'
New md5sum is : 'bfdcd8e5a09c007a07cb88baca9e85f7'
Old sha1sum was: '8037ee8153a3b231bec51a024cd20492e1f1a4ed'
New sha1sum is : 'a07d3f5c38a9f1635148e3fec1bec908cad86b42'
Old sha256sum was: 'c6aca21ba6663c5fd53226e18036f18f729afbafc79cebf5a00714ca3765b8f7'
New sha256sum is : 'f6d8c58c727f7b989f4d284eef115ed3012bb56496e74e771b26a4950aea4150'
"
2025-03-28T15:48:31.801Z,FS1,low,5,Registry Key Integrity Checksum Changed,"Registry Key '[x32] HKEY_LOCAL_MACHINE\System\CurrentControlSet\Services\W32Time\SecureTimeLimits\RunTime' modified
Mode: scheduled
Changed attributes: mtime
Group ownership was 'S-1-5-32-544', now it is 'S-1-5-18'
Old modification time was: '1743174935', now it is '1743176735'
"
2025-03-28T15:48:31.814Z,FS1,low,5,Registry Value Integrity Checksum Changed,"Registry Value '[x32] HKEY_LOCAL_MACHINE\System\CurrentControlSet\Services\W32Time\SecureTimeLimits\RunTime\SecureTimeTickCount' modified
Mode: scheduled
Changed attributes: md5,sha1,sha256
Old md5sum was: 'e9d91f05ec74494475d1287a1fceb6fb'
New md5sum is : '49571578d5d2435d4a1ee9adaa941cef'
Old sha1sum was: 'd4c3556dfe37c2851438dae6031e0c14077644c4'
New sha1sum is : '7548e3256b26c41bf064bd810dec99bb24c02e2f'
Old sha256sum was: 'f4f6158c49a0c6afe3186bc58ffa22774c5477c10a6b512f637cc4988e4da901'
New sha256sum is : 'f5a3126ec09b31594c70a225517e0deb2b90892f481ded40b5f07bf126cb27e8'
"
2025-03-28T15:48:31.830Z,FS1,low,5,Registry Key Integrity Checksum Changed,"Registry Key '[x32] HKEY_LOCAL_MACHINE\System\CurrentControlSet\Services\W32Time\SecureTimeLimits' modified
Mode: scheduled
Changed attributes: mtime
Old modification time was: '1743174935', now it is '1743176735'
"
2025-03-28T15:48:31.845Z,FS1,low,5,Registry Value Integrity Checksum Changed,"Registry Value '[x32] HKEY_LOCAL_MACHINE\System\CurrentControlSet\Services\W32Time\SecureTimeLimits\SecureTimeEstimated' modified
Mode: scheduled
Changed attributes: md5,sha1,sha256
Old md5sum was: '56c11715b9eae8235de041f14b0e55e5'
New md5sum is : '8072f6b7aaa9c0bfe94d741208cc6b8b'
Old sha1sum was: '77270c37295d6f629d832c1a09768d95c3b95595'
New sha1sum is : 'ec6d562b243764c891583a1f115ad07ee9bc3fe7'
Old sha256sum was: 'f63c6153f4a84d0754663a9c12f55fbf2c84a088228f99253d99e5ee832151df'
New sha256sum is : '6b2741104268af3623f2f8d0d23990634067be058e05b3ac6101beff4a57c1ca'
"
2025-03-28T15:48:31.861Z,FS1,low,5,Registry Value Integrity Checksum Changed,"Registry Value '[x32] HKEY_LOCAL_MACHINE\System\CurrentControlSet\Services\W32Time\SecureTimeLimits\SecureTimeHigh' modified
Mode: scheduled
Changed attributes: md5,sha1,sha256
Old md5sum was: '8e7e85000782e1ac1bf4823978f154a4'
New md5sum is : 'fb44fc0ef090a950c9883f276184845a'
Old sha1sum was: 'df4f511c6826ffa9c2a6127b2087ca1d947c3749'
New sha1sum is : '81442b9c8c33544ad234ae325baadb2facbc2e7b'
Old sha256sum was: 'ba5edd1c689a6a1ab585a3d346a99abe92c3b9a55ab277a0561bf4ddd991c527'
New sha256sum is : 'dfe8772a79f97833f63f0410ba357bcd3a35f035bb9c2422f682eb69ba3dba9d'
"
2025-03-28T15:48:31.876Z,FS1,low,5,Registry Value Integrity Checksum Changed,"Registry Value '[x32] HKEY_LOCAL_MACHINE\System\CurrentControlSet\Services\W32Time\SecureTimeLimits\SecureTimeLow' modified
Mode: scheduled
Changed attributes: md5,sha1,sha256
Old md5sum was: 'df3957a6a6d53d3c5f1461c4f599c83e'
New md5sum is : '286c2f2f955b461957e2089d95e774aa'
Old sha1sum was: 'a58be11cab0d72fa0e62d56eb8eca919547e9fd8'
New sha1sum is : '3f9a2fd61dae6e9e85fd0537d62ef987507f07d0'
Old sha256sum was: '72a8dc018db2d329fda2a3409857f5165f3b413b6262d92bbdb752d73b08385f'
New sha256sum is : '87909c6aa8bae989acc75954fec779d76aaa361eeda98db1df30b9602cdc8a62'
"
2025-03-28T15:48:32.634Z,FS1,low,5,Registry Key Integrity Checksum Changed,"Registry Key '[x32] HKEY_LOCAL_MACHINE\System\CurrentControlSet\Services\WdFilter\Security' modified
Mode: scheduled
Changed attributes: mtime
Old modification time was: '1743174511', now it is '1743175171'
"
2025-03-28T15:48:34.398Z,DC1,low,3,Windows Logon Success,"""An account was successfully logged on.

Subject:
	Security ID:		S-1-0-0
	Account Name:		-
	Account Domain:		-
	Logon ID:		0x0

Logon Information:
	Logon Type:		3
	Restricted Admin Mode:	-
	Virtual Account:		No
	Elevated Token:		Yes

Impersonation Level:		Delegation

New Logon:
	Security ID:		S-1-5-18
	Account Name:		DC1$
	Account Domain:		PLUMETECH.LOCAL
	Logon ID:		0xEF95DF
	Linked Logon ID:		0x0
	Network Account Name:	-
	Network Account Domain:	-
	Logon GUID:		{b45bf50d-3baf-abce-1b1b-9af93abb16be}

Process Information:
	Process ID:		0x0
	Process Name:		-

Network Information:
	Workstation Name:	-
	Source Network Address:	fe80::4de5:70cf:2746:ef1e
	Source Port:		58821

Detailed Authentication Information:
	Logon Process:		Kerberos
	Authentication Package:	Kerberos
	Transited Services:	-
	Package Name (NTLM only):	-
	Key Length:		0

This event is generated when a logon session is created. It is generated on the computer that was accessed.

The subject fields indicate the account on the local system which requested the logon. This is most commonly a service such as the Server service, or a local process such as Winlogon.exe or Services.exe.

The logon type field indicates the kind of logon that occurred. The most common types are 2 (interactive) and 3 (network).

The New Logon fields indicate the account for whom the new logon was created, i.e. the account that was logged on.

The network fields indicate where a remote logon request originated. Workstation name is not always available and may be left blank in some cases.

The impersonation level field indicates the extent to which a process in the logon session can impersonate.

The authentication information fields provide detailed information about this specific logon request.
	- Logon GUID is a unique identifier that can be used to correlate this event with a KDC event.
	- Transited services indicate which intermediate services have participated in this logon request.
	- Package name indicates which sub-protocol was used among the NTLM protocols.
	- Key length indicates the length of the generated session key. This will be 0 if no session key was requested."""
2025-03-28T15:48:34.426Z,DC1,low,3,Service logon event registered from non standard service account.,"""An account was successfully logged on.

Subject:
	Security ID:		S-1-5-18
	Account Name:		DC1$
	Account Domain:		PLUMETECH
	Logon ID:		0x3E7

Logon Information:
	Logon Type:		5
	Restricted Admin Mode:	-
	Virtual Account:		Yes
	Elevated Token:		Yes

Impersonation Level:		Impersonation

New Logon:
	Security ID:		S-1-5-111-3847866527-469524349-687026318-516638107-1125189541-5692
	Account Name:		sshd_5692
	Account Domain:		VIRTUAL USERS
	Logon ID:		0xEF952C
	Linked Logon ID:		0x0
	Network Account Name:	-
	Network Account Domain:	-
	Logon GUID:		{00000000-0000-0000-0000-000000000000}

Process Information:
	Process ID:		0x163c
	Process Name:		C:\Windows\System32\OpenSSH\sshd.exe

Network Information:
	Workstation Name:	-
	Source Network Address:	-
	Source Port:		-

Detailed Authentication Information:
	Logon Process:		Advapi  
	Authentication Package:	Negotiate
	Transited Services:	-
	Package Name (NTLM only):	-
	Key Length:		0

This event is generated when a logon session is created. It is generated on the computer that was accessed.

The subject fields indicate the account on the local system which requested the logon. This is most commonly a service such as the Server service, or a local process such as Winlogon.exe or Services.exe.

The logon type field indicates the kind of logon that occurred. The most common types are 2 (interactive) and 3 (network).

The New Logon fields indicate the account for whom the new logon was created, i.e. the account that was logged on.

The network fields indicate where a remote logon request originated. Workstation name is not always available and may be left blank in some cases.

The impersonation level field indicates the extent to which a process in the logon session can impersonate.

The authentication information fields provide detailed information about this specific logon request.
	- Logon GUID is a unique identifier that can be used to correlate this event with a KDC event.
	- Transited services indicate which intermediate services have participated in this logon request.
	- Package name indicates which sub-protocol was used among the NTLM protocols.
	- Key length indicates the length of the generated session key. This will be 0 if no session key was requested."""
2025-03-28T15:48:34.442Z,DC1,low,3,Windows Logon Success,"""An account was successfully logged on.

Subject:
	Security ID:		S-1-0-0
	Account Name:		-
	Account Domain:		-
	Logon ID:		0x0

Logon Information:
	Logon Type:		3
	Restricted Admin Mode:	-
	Virtual Account:		No
	Elevated Token:		Yes

Impersonation Level:		Impersonation

New Logon:
	Security ID:		S-1-5-18
	Account Name:		DC1$
	Account Domain:		PLUMETECH.LOCAL
	Logon ID:		0xEFA175
	Linked Logon ID:		0x0
	Network Account Name:	-
	Network Account Domain:	-
	Logon GUID:		{239ca8c2-e800-ce3b-959e-fac857c520e8}

Process Information:
	Process ID:		0x0
	Process Name:		-

Network Information:
	Workstation Name:	-
	Source Network Address:	fe80::4de5:70cf:2746:ef1e
	Source Port:		58823

Detailed Authentication Information:
	Logon Process:		Kerberos
	Authentication Package:	Kerberos
	Transited Services:	-
	Package Name (NTLM only):	-
	Key Length:		0

This event is generated when a logon session is created. It is generated on the computer that was accessed.

The subject fields indicate the account on the local system which requested the logon. This is most commonly a service such as the Server service, or a local process such as Winlogon.exe or Services.exe.

The logon type field indicates the kind of logon that occurred. The most common types are 2 (interactive) and 3 (network).

The New Logon fields indicate the account for whom the new logon was created, i.e. the account that was logged on.

The network fields indicate where a remote logon request originated. Workstation name is not always available and may be left blank in some cases.

The impersonation level field indicates the extent to which a process in the logon session can impersonate.

The authentication information fields provide detailed information about this specific logon request.
	- Logon GUID is a unique identifier that can be used to correlate this event with a KDC event.
	- Transited services indicate which intermediate services have participated in this logon request.
	- Package name indicates which sub-protocol was used among the NTLM protocols.
	- Key length indicates the length of the generated session key. This will be 0 if no session key was requested."""
2025-03-28T15:48:34.458Z,DC1,low,3,Windows Logon Success,"""A Kerberos service ticket was requested.

Account Information:
	Account Name:		DC1$@PLUMETECH.LOCAL
	Account Domain:		PLUMETECH.LOCAL
	Logon GUID:		{4ecd0230-8bbc-eee0-6dfb-4479129c8824}
	MSDS-SupportedEncryptionTypes:	N/A
	Available Keys:	N/A

Service Information:
	Service Name:		DC1$
	Service ID:		S-1-5-21-514844351-3181471642-2638765006-1000
	MSDS-SupportedEncryptionTypes:	0x1F (DES, RC4, AES128-SHA96, AES256-SHA96)
	Available Keys:	AES-SHA1, RC4

Domain Controller Information:
	MSDS-SupportedEncryptionTypes:	0x1F (DES, RC4, AES128-SHA96, AES256-SHA96)
	Available Keys:	AES-SHA1, RC4

Network Information:
	Client Address:		::1
	Client Port:		0
	Advertized Etypes:	
		AES256-CTS-HMAC-SHA1-96
		AES128-CTS-HMAC-SHA1-96
		RC4-HMAC-NT
		RC4-HMAC-NT-EXP
		RC4-HMAC-OLD-EXP

Additional Information:
	Ticket Options:		0x40810000
	Ticket Encryption Type:	0x12
	Session Encryption Type:	0x12
	Failure Code:		0x0
	Transited Services:	-

Ticket information
	Request ticket hash:		Vy13JJZApaB3CfgwvP7Ova8zfAFuZCCNkCAe8P9xbbU=
	Response ticket hash:		GCAkRFZT6Nu7mTMaxgqKYUPRs6gwQd8q9jkL2LnluAw=

This event is generated every time access is requested to a resource such as a computer or a Windows service.  The service name indicates the resource to which access was requested.

This event can be correlated with Windows logon events by comparing the Logon GUID fields in each event.  The logon event occurs on the machine that was accessed, which is often a different machine than the domain controller which issued the service ticket.

Pre-authentication types, ticket options, encryption types and result codes are defined in RFC 4120."""
2025-03-28T15:48:34.489Z,DC1,low,3,Windows Logon Success,"""An account was successfully logged on.

Subject:
	Security ID:		S-1-5-18
	Account Name:		DC1$
	Account Domain:		PLUMETECH
	Logon ID:		0x3E7

Logon Information:
	Logon Type:		3
	Restricted Admin Mode:	-
	Virtual Account:		No
	Elevated Token:		Yes

Impersonation Level:		Identification

New Logon:
	Security ID:		S-1-5-21-514844351-3181471642-2638765006-500
	Account Name:		Administrator
	Account Domain:		PLUMETECH
	Logon ID:		0xEFA234
	Linked Logon ID:		0x0
	Network Account Name:	-
	Network Account Domain:	-
	Logon GUID:		{bd866731-8c36-85f8-b68a-c13521eb7858}

Process Information:
	Process ID:		0x163c
	Process Name:		C:\Windows\System32\OpenSSH\sshd.exe

Network Information:
	Workstation Name:	DC1
	Source Network Address:	-
	Source Port:		-

Detailed Authentication Information:
	Logon Process:		sshd
	Authentication Package:	Kerberos
	Transited Services:	-
	Package Name (NTLM only):	-
	Key Length:		0

This event is generated when a logon session is created. It is generated on the computer that was accessed.

The subject fields indicate the account on the local system which requested the logon. This is most commonly a service such as the Server service, or a local process such as Winlogon.exe or Services.exe.

The logon type field indicates the kind of logon that occurred. The most common types are 2 (interactive) and 3 (network).

The New Logon fields indicate the account for whom the new logon was created, i.e. the account that was logged on.

The network fields indicate where a remote logon request originated. Workstation name is not always available and may be left blank in some cases.

The impersonation level field indicates the extent to which a process in the logon session can impersonate.

The authentication information fields provide detailed information about this specific logon request.
	- Logon GUID is a unique identifier that can be used to correlate this event with a KDC event.
	- Transited services indicate which intermediate services have participated in this logon request.
	- Package name indicates which sub-protocol was used among the NTLM protocols.
	- Key length indicates the length of the generated session key. This will be 0 if no session key was requested."""
2025-03-28T15:48:34.520Z,DC1,low,3,Windows Logon Success,"""An account was successfully logged on.

Subject:
	Security ID:		S-1-5-18
	Account Name:		DC1$
	Account Domain:		PLUMETECH
	Logon ID:		0x3E7

Logon Information:
	Logon Type:		3
	Restricted Admin Mode:	-
	Virtual Account:		No
	Elevated Token:		Yes

Impersonation Level:		Impersonation

New Logon:
	Security ID:		S-1-5-21-514844351-3181471642-2638765006-500
	Account Name:		Administrator
	Account Domain:		PLUMETECH
	Logon ID:		0xEFA4D8
	Linked Logon ID:		0x0
	Network Account Name:	-
	Network Account Domain:	-
	Logon GUID:		{bd866731-8c36-85f8-b68a-c13521eb7858}

Process Information:
	Process ID:		0x163c
	Process Name:		C:\Windows\System32\OpenSSH\sshd.exe

Network Information:
	Workstation Name:	DC1
	Source Network Address:	-
	Source Port:		-

Detailed Authentication Information:
	Logon Process:		sshd
	Authentication Package:	Kerberos
	Transited Services:	-
	Package Name (NTLM only):	-
	Key Length:		0

This event is generated when a logon session is created. It is generated on the computer that was accessed.

The subject fields indicate the account on the local system which requested the logon. This is most commonly a service such as the Server service, or a local process such as Winlogon.exe or Services.exe.

The logon type field indicates the kind of logon that occurred. The most common types are 2 (interactive) and 3 (network).

The New Logon fields indicate the account for whom the new logon was created, i.e. the account that was logged on.

The network fields indicate where a remote logon request originated. Workstation name is not always available and may be left blank in some cases.

The impersonation level field indicates the extent to which a process in the logon session can impersonate.

The authentication information fields provide detailed information about this specific logon request.
	- Logon GUID is a unique identifier that can be used to correlate this event with a KDC event.
	- Transited services indicate which intermediate services have participated in this logon request.
	- Package name indicates which sub-protocol was used among the NTLM protocols.
	- Key length indicates the length of the generated session key. This will be 0 if no session key was requested."""
