2025-03-28T09:45:25.050Z,suricata,low,3,NTLM Challenge from 10.0.2.11 to 10.0.2.30,"{""timestamp"":""2025-03-28T09:45:23.693266+0000"",""flow_id"":866786057312546,""in_iface"":""ens5"",""event_type"":""alert"",""src_ip"":""10.0.2.11"",""src_port"":445,""dest_ip"":""10.0.2.30"",""dest_port"":54502,""proto"":""TCP"",""pkt_src"":""vxlan encapsulation"",""community_id"":""1:VFryfbmSU0CXQe/jkTZkQVmpJQk="",""alert"":{""action"":""allowed"",""gid"":1,""signature_id"":21,""rev"":2,""signature"":""NTLMSSP_CHALLENGE"",""category"":"""",""severity"":1,""metadata"":{""ntlmssp"":[""challenge""]}},""tunnel"":{""src_ip"":""10.0.2.30"",""src_port"":65440,""dest_ip"":""10.0.2.9"",""dest_port"":4789,""proto"":""UDP"",""depth"":1,""pkt_src"":""wire/pcap""},""app_proto"":""smb"",""direction"":""to_client"",""flow"":{""pkts_toserver"":37,""pkts_toclient"":25,""bytes_toserver"":4332,""bytes_toclient"":5340,""start"":""2025-03-28T09:45:23.463958+0000"",""src_ip"":""10.0.2.30"",""dest_ip"":""10.0.2.11"",""src_port"":54502,""dest_port"":445},""capture_file"":""/var/log/suricata/nsm_data//log.pcap.1743154683"",""source"":""suricata""}"
2025-03-28T09:45:25.091Z,suricata,low,3,NTLM Challenge from 10.0.2.11 to 10.0.2.30,"{""timestamp"":""2025-03-28T09:45:23.693266+0000"",""flow_id"":866786057312546,""in_iface"":""ens5"",""event_type"":""alert"",""src_ip"":""10.0.2.11"",""src_port"":445,""dest_ip"":""10.0.2.30"",""dest_port"":54502,""proto"":""TCP"",""pkt_src"":""vxlan encapsulation"",""community_id"":""1:VFryfbmSU0CXQe/jkTZkQVmpJQk="",""alert"":{""action"":""allowed"",""gid"":1,""signature_id"":211,""rev"":2,""signature"":""NTLMSSP_CHALLENGE"",""category"":"""",""severity"":1,""metadata"":{""ntlmssp"":[""challenge""]}},""tunnel"":{""src_ip"":""10.0.2.30"",""src_port"":65440,""dest_ip"":""10.0.2.9"",""dest_port"":4789,""proto"":""UDP"",""depth"":1,""pkt_src"":""wire/pcap""},""app_proto"":""smb"",""direction"":""to_client"",""flow"":{""pkts_toserver"":37,""pkts_toclient"":25,""bytes_toserver"":4332,""bytes_toclient"":5340,""start"":""2025-03-28T09:45:23.463958+0000"",""src_ip"":""10.0.2.30"",""dest_ip"":""10.0.2.11"",""src_port"":54502,""dest_port"":445},""capture_file"":""/var/log/suricata/nsm_data//log.pcap.1743154683"",""source"":""suricata""}"
2025-03-28T09:45:32.946Z,DC1,low,6,"Successful Remote Logon Detected - User:\ANONYMOUS LOGON - NTLM authentication, possible pass-the-hash attack.","{""win"":{""system"":{""providerName"":""Microsoft-Windows-Security-Auditing"",""providerGuid"":""{54849625-5478-4994-a5ba-3e3b0328c30d}"",""eventID"":""4624"",""version"":""2"",""level"":""0"",""task"":""12544"",""opcode"":""0"",""keywords"":""0x8020000000000000"",""systemTime"":""2025-03-28T09:45:32.1397522Z"",""eventRecordID"":""260366"",""processID"":""832"",""threadID"":""3128"",""channel"":""Security"",""computer"":""DC1.PLUMETECH.LOCAL"",""severityValue"":""AUDIT_SUCCESS"",""message"":""\""An account was successfully logged on.\r\n\r\nSubject:\r\n\tSecurity ID:\t\tS-1-0-0\r\n\tAccount Name:\t\t-\r\n\tAccount Domain:\t\t-\r\n\tLogon ID:\t\t0x0\r\n\r\nLogon Information:\r\n\tLogon Type:\t\t3\r\n\tRestricted Admin Mode:\t-\r\n\tVirtual Account:\t\tNo\r\n\tElevated Token:\t\tNo\r\n\r\nImpersonation Level:\t\tImpersonation\r\n\r\nNew Logon:\r\n\tSecurity ID:\t\tS-1-5-7\r\n\tAccount Name:\t\tANONYMOUS LOGON\r\n\tAccount Domain:\t\tNT AUTHORITY\r\n\tLogon ID:\t\t0x15EAF38\r\n\tLinked Logon ID:\t\t0x0\r\n\tNetwork Account Name:\t-\r\n\tNetwork Account Domain:\t-\r\n\tLogon GUID:\t\t{00000000-0000-0000-0000-000000000000}\r\n\r\nProcess Information:\r\n\tProcess ID:\t\t0x0\r\n\tProcess Name:\t\t-\r\n\r\nNetwork Information:\r\n\tWorkstation Name:\t-\r\n\tSource Network Address:\t10.0.2.30\r\n\tSource Port:\t\t54544\r\n\r\nDetailed Authentication Information:\r\n\tLogon Process:\t\tNtLmSsp \r\n\tAuthentication Package:\tNTLM\r\n\tTransited Services:\t-\r\n\tPackage Name (NTLM only):\tNTLM V1\r\n\tKey Length:\t\t128\r\n\r\nThis event is generated when a logon session is created. It is generated on the computer that was accessed.\r\n\r\nThe subject fields indicate the account on the local system which requested the logon. This is most commonly a service such as the Server service, or a local process such as Winlogon.exe or Services.exe.\r\n\r\nThe logon type field indicates the kind of logon that occurred. The most common types are 2 (interactive) and 3 (network).\r\n\r\nThe New Logon fields indicate the account for whom the new logon was created, i.e. the account that was logged on.\r\n\r\nThe network fields indicate where a remote logon request originated. Workstation name is not always available and may be left blank in some cases.\r\n\r\nThe impersonation level field indicates the extent to which a process in the logon session can impersonate.\r\n\r\nThe authentication information fields provide detailed information about this specific logon request.\r\n\t- Logon GUID is a unique identifier that can be used to correlate this event with a KDC event.\r\n\t- Transited services indicate which intermediate services have participated in this logon request.\r\n\t- Package name indicates which sub-protocol was used among the NTLM protocols.\r\n\t- Key length indicates the length of the generated session key. This will be 0 if no session key was requested.\""""},""eventdata"":{""subjectUserSid"":""S-1-0-0"",""subjectLogonId"":""0x0"",""targetUserSid"":""S-1-5-7"",""targetUserName"":""ANONYMOUS LOGON"",""targetDomainName"":""NT AUTHORITY"",""targetLogonId"":""0x15eaf38"",""logonType"":""3"",""logonProcessName"":""NtLmSsp"",""authenticationPackageName"":""NTLM"",""logonGuid"":""{00000000-0000-0000-0000-000000000000}"",""lmPackageName"":""NTLM V1"",""keyLength"":""128"",""processId"":""0x0"",""ipAddress"":""10.0.2.30"",""ipPort"":""54544"",""impersonationLevel"":""%%1833"",""virtualAccount"":""%%1843"",""targetLinkedLogonId"":""0x0"",""elevatedToken"":""%%1843""}}}"
2025-03-28T09:45:33.075Z,suricata,low,3,NTLM Challenge from 10.0.2.11 to 10.0.2.30,"{""timestamp"":""2025-03-28T09:45:32.097758+0000"",""flow_id"":1006775322732727,""in_iface"":""ens5"",""event_type"":""alert"",""src_ip"":""10.0.2.11"",""src_port"":445,""dest_ip"":""10.0.2.30"",""dest_port"":54544,""proto"":""TCP"",""pkt_src"":""vxlan encapsulation"",""community_id"":""1:Cfc3PYwIMqQ4iYJOgUBHonfx9eo="",""alert"":{""action"":""allowed"",""gid"":1,""signature_id"":21,""rev"":2,""signature"":""NTLMSSP_CHALLENGE"",""category"":"""",""severity"":1,""metadata"":{""ntlmssp"":[""challenge""]}},""tunnel"":{""src_ip"":""10.0.2.11"",""src_port"":65480,""dest_ip"":""10.0.2.9"",""dest_port"":4789,""proto"":""UDP"",""depth"":1,""pkt_src"":""wire/pcap""},""app_proto"":""smb"",""direction"":""to_client"",""flow"":{""pkts_toserver"":39,""pkts_toclient"":25,""bytes_toserver"":4436,""bytes_toclient"":5340,""start"":""2025-03-28T09:45:31.889768+0000"",""src_ip"":""10.0.2.30"",""dest_ip"":""10.0.2.11"",""src_port"":54544,""dest_port"":445},""capture_file"":""/var/log/suricata/nsm_data//log.pcap.1743154683"",""source"":""suricata""}"
2025-03-28T09:45:33.076Z,suricata,low,3,NTLM Challenge from 10.0.2.11 to 10.0.2.30,"{""timestamp"":""2025-03-28T09:45:32.097758+0000"",""flow_id"":1006775322732727,""in_iface"":""ens5"",""event_type"":""alert"",""src_ip"":""10.0.2.11"",""src_port"":445,""dest_ip"":""10.0.2.30"",""dest_port"":54544,""proto"":""TCP"",""pkt_src"":""vxlan encapsulation"",""community_id"":""1:Cfc3PYwIMqQ4iYJOgUBHonfx9eo="",""alert"":{""action"":""allowed"",""gid"":1,""signature_id"":211,""rev"":2,""signature"":""NTLMSSP_CHALLENGE"",""category"":"""",""severity"":1,""metadata"":{""ntlmssp"":[""challenge""]}},""tunnel"":{""src_ip"":""10.0.2.11"",""src_port"":65480,""dest_ip"":""10.0.2.9"",""dest_port"":4789,""proto"":""UDP"",""depth"":1,""pkt_src"":""wire/pcap""},""app_proto"":""smb"",""direction"":""to_client"",""flow"":{""pkts_toserver"":39,""pkts_toclient"":25,""bytes_toserver"":4436,""bytes_toclient"":5340,""start"":""2025-03-28T09:45:31.889768+0000"",""src_ip"":""10.0.2.30"",""dest_ip"":""10.0.2.11"",""src_port"":54544,""dest_port"":445},""capture_file"":""/var/log/suricata/nsm_data//log.pcap.1743154683"",""source"":""suricata""}"
2025-03-28T09:45:42.773Z,OTDC1,low,3,Windows Logon Success,"""An account was successfully logged on.

Subject:
	Security ID:		S-1-0-0
	Account Name:		-
	Account Domain:		-
	Logon ID:		0x0

Logon Information:
	Logon Type:		3
	Restricted Admin Mode:	-
	Virtual Account:		No
	Elevated Token:		Yes

Impersonation Level:		Impersonation

New Logon:
	Security ID:		S-1-5-18
	Account Name:		OTDC1$
	Account Domain:		PLUMETECH-OT.LOCAL
	Logon ID:		0x1336D76
	Linked Logon ID:		0x0
	Network Account Name:	-
	Network Account Domain:	-
	Logon GUID:		{7e70aad8-ff7c-445b-1e89-ec65cb914a8c}

Process Information:
	Process ID:		0x0
	Process Name:		-

Network Information:
	Workstation Name:	-
	Source Network Address:	::1
	Source Port:		49794

Detailed Authentication Information:
	Logon Process:		Kerberos
	Authentication Package:	Kerberos
	Transited Services:	-
	Package Name (NTLM only):	-
	Key Length:		0

This event is generated when a logon session is created. It is generated on the computer that was accessed.

The subject fields indicate the account on the local system which requested the logon. This is most commonly a service such as the Server service, or a local process such as Winlogon.exe or Services.exe.

The logon type field indicates the kind of logon that occurred. The most common types are 2 (interactive) and 3 (network).

The New Logon fields indicate the account for whom the new logon was created, i.e. the account that was logged on.

The network fields indicate where a remote logon request originated. Workstation name is not always available and may be left blank in some cases.

The impersonation level field indicates the extent to which a process in the logon session can impersonate.

The authentication information fields provide detailed information about this specific logon request.
	- Logon GUID is a unique identifier that can be used to correlate this event with a KDC event.
	- Transited services indicate which intermediate services have participated in this logon request.
	- Package name indicates which sub-protocol was used among the NTLM protocols.
	- Key length indicates the length of the generated session key. This will be 0 if no session key was requested."""
2025-03-28T09:45:55.144Z,suricata,low,3,NTLM Challenge from 10.0.2.11 to 10.0.2.30,"{""timestamp"":""2025-03-28T09:45:54.523740+0000"",""flow_id"":675296586763575,""in_iface"":""ens5"",""event_type"":""alert"",""src_ip"":""10.0.2.11"",""src_port"":445,""dest_ip"":""10.0.2.30"",""dest_port"":57606,""proto"":""TCP"",""pkt_src"":""vxlan encapsulation"",""community_id"":""1:qDqado1YuqniMcIP0CXFi7sQcWM="",""alert"":{""action"":""allowed"",""gid"":1,""signature_id"":211,""rev"":2,""signature"":""NTLMSSP_CHALLENGE"",""category"":"""",""severity"":1,""metadata"":{""ntlmssp"":[""challenge""]}},""tunnel"":{""src_ip"":""10.0.2.11"",""src_port"":65437,""dest_ip"":""10.0.2.9"",""dest_port"":4789,""proto"":""UDP"",""depth"":1,""pkt_src"":""wire/pcap""},""app_proto"":""smb"",""direction"":""to_client"",""flow"":{""pkts_toserver"":40,""pkts_toclient"":25,""bytes_toserver"":4488,""bytes_toclient"":5340,""start"":""2025-03-28T09:45:54.288301+0000"",""src_ip"":""10.0.2.30"",""dest_ip"":""10.0.2.11"",""src_port"":57606,""dest_port"":445},""capture_file"":""/var/log/suricata/nsm_data//log.pcap.1743154683"",""source"":""suricata""}"
2025-03-28T09:45:55.144Z,suricata,low,3,NTLM Challenge from 10.0.2.11 to 10.0.2.30,"{""timestamp"":""2025-03-28T09:45:54.523740+0000"",""flow_id"":675296586763575,""in_iface"":""ens5"",""event_type"":""alert"",""src_ip"":""10.0.2.11"",""src_port"":445,""dest_ip"":""10.0.2.30"",""dest_port"":57606,""proto"":""TCP"",""pkt_src"":""vxlan encapsulation"",""community_id"":""1:qDqado1YuqniMcIP0CXFi7sQcWM="",""alert"":{""action"":""allowed"",""gid"":1,""signature_id"":21,""rev"":2,""signature"":""NTLMSSP_CHALLENGE"",""category"":"""",""severity"":1,""metadata"":{""ntlmssp"":[""challenge""]}},""tunnel"":{""src_ip"":""10.0.2.11"",""src_port"":65437,""dest_ip"":""10.0.2.9"",""dest_port"":4789,""proto"":""UDP"",""depth"":1,""pkt_src"":""wire/pcap""},""app_proto"":""smb"",""direction"":""to_client"",""flow"":{""pkts_toserver"":40,""pkts_toclient"":25,""bytes_toserver"":4488,""bytes_toclient"":5340,""start"":""2025-03-28T09:45:54.288301+0000"",""src_ip"":""10.0.2.30"",""dest_ip"":""10.0.2.11"",""src_port"":57606,""dest_port"":445},""capture_file"":""/var/log/suricata/nsm_data//log.pcap.1743154683"",""source"":""suricata""}"
2025-03-28T09:45:55.388Z,DC1,low,6,"Successful Remote Logon Detected - User:\ANONYMOUS LOGON - NTLM authentication, possible pass-the-hash attack.","{""win"":{""system"":{""providerName"":""Microsoft-Windows-Security-Auditing"",""providerGuid"":""{54849625-5478-4994-a5ba-3e3b0328c30d}"",""eventID"":""4624"",""version"":""2"",""level"":""0"",""task"":""12544"",""opcode"":""0"",""keywords"":""0x8020000000000000"",""systemTime"":""2025-03-28T09:45:54.5443799Z"",""eventRecordID"":""260367"",""processID"":""832"",""threadID"":""3128"",""channel"":""Security"",""computer"":""DC1.PLUMETECH.LOCAL"",""severityValue"":""AUDIT_SUCCESS"",""message"":""\""An account was successfully logged on.\r\n\r\nSubject:\r\n\tSecurity ID:\t\tS-1-0-0\r\n\tAccount Name:\t\t-\r\n\tAccount Domain:\t\t-\r\n\tLogon ID:\t\t0x0\r\n\r\nLogon Information:\r\n\tLogon Type:\t\t3\r\n\tRestricted Admin Mode:\t-\r\n\tVirtual Account:\t\tNo\r\n\tElevated Token:\t\tNo\r\n\r\nImpersonation Level:\t\tImpersonation\r\n\r\nNew Logon:\r\n\tSecurity ID:\t\tS-1-5-7\r\n\tAccount Name:\t\tANONYMOUS LOGON\r\n\tAccount Domain:\t\tNT AUTHORITY\r\n\tLogon ID:\t\t0x15EC301\r\n\tLinked Logon ID:\t\t0x0\r\n\tNetwork Account Name:\t-\r\n\tNetwork Account Domain:\t-\r\n\tLogon GUID:\t\t{00000000-0000-0000-0000-000000000000}\r\n\r\nProcess Information:\r\n\tProcess ID:\t\t0x0\r\n\tProcess Name:\t\t-\r\n\r\nNetwork Information:\r\n\tWorkstation Name:\t-\r\n\tSource Network Address:\t10.0.2.30\r\n\tSource Port:\t\t57606\r\n\r\nDetailed Authentication Information:\r\n\tLogon Process:\t\tNtLmSsp \r\n\tAuthentication Package:\tNTLM\r\n\tTransited Services:\t-\r\n\tPackage Name (NTLM only):\tNTLM V1\r\n\tKey Length:\t\t128\r\n\r\nThis event is generated when a logon session is created. It is generated on the computer that was accessed.\r\n\r\nThe subject fields indicate the account on the local system which requested the logon. This is most commonly a service such as the Server service, or a local process such as Winlogon.exe or Services.exe.\r\n\r\nThe logon type field indicates the kind of logon that occurred. The most common types are 2 (interactive) and 3 (network).\r\n\r\nThe New Logon fields indicate the account for whom the new logon was created, i.e. the account that was logged on.\r\n\r\nThe network fields indicate where a remote logon request originated. Workstation name is not always available and may be left blank in some cases.\r\n\r\nThe impersonation level field indicates the extent to which a process in the logon session can impersonate.\r\n\r\nThe authentication information fields provide detailed information about this specific logon request.\r\n\t- Logon GUID is a unique identifier that can be used to correlate this event with a KDC event.\r\n\t- Transited services indicate which intermediate services have participated in this logon request.\r\n\t- Package name indicates which sub-protocol was used among the NTLM protocols.\r\n\t- Key length indicates the length of the generated session key. This will be 0 if no session key was requested.\""""},""eventdata"":{""subjectUserSid"":""S-1-0-0"",""subjectLogonId"":""0x0"",""targetUserSid"":""S-1-5-7"",""targetUserName"":""ANONYMOUS LOGON"",""targetDomainName"":""NT AUTHORITY"",""targetLogonId"":""0x15ec301"",""logonType"":""3"",""logonProcessName"":""NtLmSsp"",""authenticationPackageName"":""NTLM"",""logonGuid"":""{00000000-0000-0000-0000-000000000000}"",""lmPackageName"":""NTLM V1"",""keyLength"":""128"",""processId"":""0x0"",""ipAddress"":""10.0.2.30"",""ipPort"":""57606"",""impersonationLevel"":""%%1833"",""virtualAccount"":""%%1843"",""targetLinkedLogonId"":""0x0"",""elevatedToken"":""%%1843""}}}"
2025-03-28T09:46:01.536Z,FS1,low,3,Windows Logon Success,"""An account was successfully logged on.

Subject:
	Security ID:		S-1-5-18
	Account Name:		FS1$
	Account Domain:		PLUMETECH
	Logon ID:		0x3E7

Logon Information:
	Logon Type:		5
	Restricted Admin Mode:	-
	Virtual Account:		No
	Elevated Token:		Yes

Impersonation Level:		Impersonation

New Logon:
	Security ID:		S-1-5-18
	Account Name:		SYSTEM
	Account Domain:		NT AUTHORITY
	Logon ID:		0x3E7
	Linked Logon ID:		0x0
	Network Account Name:	-
	Network Account Domain:	-
	Logon GUID:		{00000000-0000-0000-0000-000000000000}

Process Information:
	Process ID:		0x334
	Process Name:		C:\Windows\System32\services.exe

Network Information:
	Workstation Name:	-
	Source Network Address:	-
	Source Port:		-

Detailed Authentication Information:
	Logon Process:		Advapi  
	Authentication Package:	Negotiate
	Transited Services:	-
	Package Name (NTLM only):	-
	Key Length:		0

This event is generated when a logon session is created. It is generated on the computer that was accessed.

The subject fields indicate the account on the local system which requested the logon. This is most commonly a service such as the Server service, or a local process such as Winlogon.exe or Services.exe.

The logon type field indicates the kind of logon that occurred. The most common types are 2 (interactive) and 3 (network).

The New Logon fields indicate the account for whom the new logon was created, i.e. the account that was logged on.

The network fields indicate where a remote logon request originated. Workstation name is not always available and may be left blank in some cases.

The impersonation level field indicates the extent to which a process in the logon session can impersonate.

The authentication information fields provide detailed information about this specific logon request.
	- Logon GUID is a unique identifier that can be used to correlate this event with a KDC event.
	- Transited services indicate which intermediate services have participated in this logon request.
	- Package name indicates which sub-protocol was used among the NTLM protocols.
	- Key length indicates the length of the generated session key. This will be 0 if no session key was requested."""
2025-03-28T09:46:01.539Z,FS1,low,3,Windows Logon Success,"""An account was successfully logged on.

Subject:
	Security ID:		S-1-5-18
	Account Name:		FS1$
	Account Domain:		PLUMETECH
	Logon ID:		0x3E7

Logon Information:
	Logon Type:		5
	Restricted Admin Mode:	-
	Virtual Account:		No
	Elevated Token:		Yes

Impersonation Level:		Impersonation

New Logon:
	Security ID:		S-1-5-18
	Account Name:		SYSTEM
	Account Domain:		NT AUTHORITY
	Logon ID:		0x3E7
	Linked Logon ID:		0x0
	Network Account Name:	-
	Network Account Domain:	-
	Logon GUID:		{00000000-0000-0000-0000-000000000000}

Process Information:
	Process ID:		0x334
	Process Name:		C:\Windows\System32\services.exe

Network Information:
	Workstation Name:	-
	Source Network Address:	-
	Source Port:		-

Detailed Authentication Information:
	Logon Process:		Advapi  
	Authentication Package:	Negotiate
	Transited Services:	-
	Package Name (NTLM only):	-
	Key Length:		0

This event is generated when a logon session is created. It is generated on the computer that was accessed.

The subject fields indicate the account on the local system which requested the logon. This is most commonly a service such as the Server service, or a local process such as Winlogon.exe or Services.exe.

The logon type field indicates the kind of logon that occurred. The most common types are 2 (interactive) and 3 (network).

The New Logon fields indicate the account for whom the new logon was created, i.e. the account that was logged on.

The network fields indicate where a remote logon request originated. Workstation name is not always available and may be left blank in some cases.

The impersonation level field indicates the extent to which a process in the logon session can impersonate.

The authentication information fields provide detailed information about this specific logon request.
	- Logon GUID is a unique identifier that can be used to correlate this event with a KDC event.
	- Transited services indicate which intermediate services have participated in this logon request.
	- Package name indicates which sub-protocol was used among the NTLM protocols.
	- Key length indicates the length of the generated session key. This will be 0 if no session key was requested."""
2025-03-28T09:46:07.712Z,DC1,low,3,Windows Logon Success,"""An account was successfully logged on.

Subject:
	Security ID:		S-1-0-0
	Account Name:		-
	Account Domain:		-
	Logon ID:		0x0

Logon Information:
	Logon Type:		3
	Restricted Admin Mode:	-
	Virtual Account:		No
	Elevated Token:		Yes

Impersonation Level:		Impersonation

New Logon:
	Security ID:		S-1-5-18
	Account Name:		DC1$
	Account Domain:		PLUMETECH.LOCAL
	Logon ID:		0x15ECB06
	Linked Logon ID:		0x0
	Network Account Name:	-
	Network Account Domain:	-
	Logon GUID:		{135076b4-c946-31b9-05a5-29a4c0549096}

Process Information:
	Process ID:		0x0
	Process Name:		-

Network Information:
	Workstation Name:	-
	Source Network Address:	::1
	Source Port:		63183

Detailed Authentication Information:
	Logon Process:		Kerberos
	Authentication Package:	Kerberos
	Transited Services:	-
	Package Name (NTLM only):	-
	Key Length:		0

This event is generated when a logon session is created. It is generated on the computer that was accessed.

The subject fields indicate the account on the local system which requested the logon. This is most commonly a service such as the Server service, or a local process such as Winlogon.exe or Services.exe.

The logon type field indicates the kind of logon that occurred. The most common types are 2 (interactive) and 3 (network).

The New Logon fields indicate the account for whom the new logon was created, i.e. the account that was logged on.

The network fields indicate where a remote logon request originated. Workstation name is not always available and may be left blank in some cases.

The impersonation level field indicates the extent to which a process in the logon session can impersonate.

The authentication information fields provide detailed information about this specific logon request.
	- Logon GUID is a unique identifier that can be used to correlate this event with a KDC event.
	- Transited services indicate which intermediate services have participated in this logon request.
	- Package name indicates which sub-protocol was used among the NTLM protocols.
	- Key length indicates the length of the generated session key. This will be 0 if no session key was requested."""
2025-03-28T09:46:14.418Z,DC1,low,3,Windows Logon Success,"""An account was successfully logged on.

Subject:
	Security ID:		S-1-0-0
	Account Name:		-
	Account Domain:		-
	Logon ID:		0x0

Logon Information:
	Logon Type:		3
	Restricted Admin Mode:	-
	Virtual Account:		No
	Elevated Token:		Yes

Impersonation Level:		Impersonation

New Logon:
	Security ID:		S-1-5-18
	Account Name:		DC1$
	Account Domain:		PLUMETECH.LOCAL
	Logon ID:		0x15ECC54
	Linked Logon ID:		0x0
	Network Account Name:	-
	Network Account Domain:	-
	Logon GUID:		{ccb8eaa0-c352-dd74-ea67-702137ac97d3}

Process Information:
	Process ID:		0x0
	Process Name:		-

Network Information:
	Workstation Name:	-
	Source Network Address:	fe80::dc08:d404:2a99:3a5d
	Source Port:		63184

Detailed Authentication Information:
	Logon Process:		Kerberos
	Authentication Package:	Kerberos
	Transited Services:	-
	Package Name (NTLM only):	-
	Key Length:		0

This event is generated when a logon session is created. It is generated on the computer that was accessed.

The subject fields indicate the account on the local system which requested the logon. This is most commonly a service such as the Server service, or a local process such as Winlogon.exe or Services.exe.

The logon type field indicates the kind of logon that occurred. The most common types are 2 (interactive) and 3 (network).

The New Logon fields indicate the account for whom the new logon was created, i.e. the account that was logged on.

The network fields indicate where a remote logon request originated. Workstation name is not always available and may be left blank in some cases.

The impersonation level field indicates the extent to which a process in the logon session can impersonate.

The authentication information fields provide detailed information about this specific logon request.
	- Logon GUID is a unique identifier that can be used to correlate this event with a KDC event.
	- Transited services indicate which intermediate services have participated in this logon request.
	- Package name indicates which sub-protocol was used among the NTLM protocols.
	- Key length indicates the length of the generated session key. This will be 0 if no session key was requested."""
2025-03-28T09:46:14.421Z,DC1,low,3,Windows Logon Success,"""An account was successfully logged on.

Subject:
	Security ID:		S-1-0-0
	Account Name:		-
	Account Domain:		-
	Logon ID:		0x0

Logon Information:
	Logon Type:		3
	Restricted Admin Mode:	-
	Virtual Account:		No
	Elevated Token:		Yes

Impersonation Level:		Delegation

New Logon:
	Security ID:		S-1-5-18
	Account Name:		DC1$
	Account Domain:		PLUMETECH.LOCAL
	Logon ID:		0x15ECCDD
	Linked Logon ID:		0x0
	Network Account Name:	-
	Network Account Domain:	-
	Logon GUID:		{a4f93958-64d8-e64c-3ba5-dd1f5366fad3}

Process Information:
	Process ID:		0x0
	Process Name:		-

Network Information:
	Workstation Name:	-
	Source Network Address:	fe80::dc08:d404:2a99:3a5d
	Source Port:		63185

Detailed Authentication Information:
	Logon Process:		Kerberos
	Authentication Package:	Kerberos
	Transited Services:	-
	Package Name (NTLM only):	-
	Key Length:		0

This event is generated when a logon session is created. It is generated on the computer that was accessed.

The subject fields indicate the account on the local system which requested the logon. This is most commonly a service such as the Server service, or a local process such as Winlogon.exe or Services.exe.

The logon type field indicates the kind of logon that occurred. The most common types are 2 (interactive) and 3 (network).

The New Logon fields indicate the account for whom the new logon was created, i.e. the account that was logged on.

The network fields indicate where a remote logon request originated. Workstation name is not always available and may be left blank in some cases.

The impersonation level field indicates the extent to which a process in the logon session can impersonate.

The authentication information fields provide detailed information about this specific logon request.
	- Logon GUID is a unique identifier that can be used to correlate this event with a KDC event.
	- Transited services indicate which intermediate services have participated in this logon request.
	- Package name indicates which sub-protocol was used among the NTLM protocols.
	- Key length indicates the length of the generated session key. This will be 0 if no session key was requested."""
2025-03-28T09:46:14.428Z,DC1,low,3,Windows Logon Success,"""An account was successfully logged on.

Subject:
	Security ID:		S-1-0-0
	Account Name:		-
	Account Domain:		-
	Logon ID:		0x0

Logon Information:
	Logon Type:		3
	Restricted Admin Mode:	-
	Virtual Account:		No
	Elevated Token:		Yes

Impersonation Level:		Impersonation

New Logon:
	Security ID:		S-1-5-18
	Account Name:		DC1$
	Account Domain:		PLUMETECH.LOCAL
	Logon ID:		0x15ECDCF
	Linked Logon ID:		0x0
	Network Account Name:	-
	Network Account Domain:	-
	Logon GUID:		{ad566ec1-182c-e21b-c0e2-496bee288e31}

Process Information:
	Process ID:		0x0
	Process Name:		-

Network Information:
	Workstation Name:	-
	Source Network Address:	::1
	Source Port:		0

Detailed Authentication Information:
	Logon Process:		Kerberos
	Authentication Package:	Kerberos
	Transited Services:	-
	Package Name (NTLM only):	-
	Key Length:		0

This event is generated when a logon session is created. It is generated on the computer that was accessed.

The subject fields indicate the account on the local system which requested the logon. This is most commonly a service such as the Server service, or a local process such as Winlogon.exe or Services.exe.

The logon type field indicates the kind of logon that occurred. The most common types are 2 (interactive) and 3 (network).

The New Logon fields indicate the account for whom the new logon was created, i.e. the account that was logged on.

The network fields indicate where a remote logon request originated. Workstation name is not always available and may be left blank in some cases.

The impersonation level field indicates the extent to which a process in the logon session can impersonate.

The authentication information fields provide detailed information about this specific logon request.
	- Logon GUID is a unique identifier that can be used to correlate this event with a KDC event.
	- Transited services indicate which intermediate services have participated in this logon request.
	- Package name indicates which sub-protocol was used among the NTLM protocols.
	- Key length indicates the length of the generated session key. This will be 0 if no session key was requested."""
2025-03-28T09:46:14.460Z,DC1,low,3,Windows Logon Success,"""An account was successfully logged on.

Subject:
	Security ID:		S-1-0-0
	Account Name:		-
	Account Domain:		-
	Logon ID:		0x0

Logon Information:
	Logon Type:		3
	Restricted Admin Mode:	-
	Virtual Account:		No
	Elevated Token:		Yes

Impersonation Level:		Impersonation

New Logon:
	Security ID:		S-1-5-18
	Account Name:		DC1$
	Account Domain:		PLUMETECH.LOCAL
	Logon ID:		0x15ECF50
	Linked Logon ID:		0x0
	Network Account Name:	-
	Network Account Domain:	-
	Logon GUID:		{ad566ec1-182c-e21b-c0e2-496bee288e31}

Process Information:
	Process ID:		0x0
	Process Name:		-

Network Information:
	Workstation Name:	-
	Source Network Address:	::1
	Source Port:		0

Detailed Authentication Information:
	Logon Process:		Kerberos
	Authentication Package:	Kerberos
	Transited Services:	-
	Package Name (NTLM only):	-
	Key Length:		0

This event is generated when a logon session is created. It is generated on the computer that was accessed.

The subject fields indicate the account on the local system which requested the logon. This is most commonly a service such as the Server service, or a local process such as Winlogon.exe or Services.exe.

The logon type field indicates the kind of logon that occurred. The most common types are 2 (interactive) and 3 (network).

The New Logon fields indicate the account for whom the new logon was created, i.e. the account that was logged on.

The network fields indicate where a remote logon request originated. Workstation name is not always available and may be left blank in some cases.

The impersonation level field indicates the extent to which a process in the logon session can impersonate.

The authentication information fields provide detailed information about this specific logon request.
	- Logon GUID is a unique identifier that can be used to correlate this event with a KDC event.
	- Transited services indicate which intermediate services have participated in this logon request.
	- Package name indicates which sub-protocol was used among the NTLM protocols.
	- Key length indicates the length of the generated session key. This will be 0 if no session key was requested."""
2025-03-28T09:46:21.076Z,suricata,low,3,Informational Suricata Alert: ET INFO GNU/Linux APT User-Agent Outbound likely related to package management,"{""timestamp"":""2025-03-28T09:46:19.772472+0000"",""flow_id"":952108903313865,""in_iface"":""ens5"",""event_type"":""alert"",""src_ip"":""10.0.2.30"",""src_port"":48860,""dest_ip"":""104.17.254.239"",""dest_port"":80,""proto"":""TCP"",""pkt_src"":""vxlan encapsulation"",""metadata"":{""flowbits"":[""ET.SuspExeTLDs""]},""community_id"":""1:qTwMXdrWtjMqYW9fIDKwpmIE3To="",""tx_id"":0,""alert"":{""action"":""allowed"",""gid"":1,""signature_id"":2013504,""rev"":6,""signature"":""ET INFO GNU/Linux APT User-Agent Outbound likely related to package management"",""category"":""Not Suspicious Traffic"",""severity"":3,""metadata"":{""confidence"":[""High""],""created_at"":[""2011_08_31""],""signature_severity"":[""Informational""],""updated_at"":[""2020_04_22""]}},""tunnel"":{""src_ip"":""10.0.2.30"",""src_port"":65425,""dest_ip"":""10.0.2.9"",""dest_port"":4789,""proto"":""UDP"",""depth"":1,""pkt_src"":""wire/pcap""},""http"":{""hostname"":""kali.download"",""url"":""/kali/pool/main/c/coercer/coercer_2.4.3-0kali1_all.deb"",""http_user_agent"":""Debian APT-HTTP/1.3 (2.9.29)"",""http_content_type"":""application/octet-stream"",""http_method"":""GET"",""protocol"":""HTTP/1.1"",""status"":200,""length"":6848},""app_proto"":""http"",""direction"":""to_server"",""flow"":{""pkts_toserver"":7,""pkts_toclient"":22,""bytes_toserver"":648,""bytes_toclient"":27224,""start"":""2025-03-28T09:46:19.745968+0000"",""src_ip"":""10.0.2.30"",""dest_ip"":""104.17.254.239"",""src_port"":48860,""dest_port"":80},""capture_file"":""/var/log/suricata/nsm_data//log.pcap.1743154683"",""source"":""suricata""}"
2025-03-28T09:46:28.479Z,DC1,low,3,Windows Logon Success,"""An account was successfully logged on.

Subject:
	Security ID:		S-1-0-0
	Account Name:		-
	Account Domain:		-
	Logon ID:		0x0

Logon Information:
	Logon Type:		3
	Restricted Admin Mode:	-
	Virtual Account:		No
	Elevated Token:		Yes

Impersonation Level:		Impersonation

New Logon:
	Security ID:		S-1-5-18
	Account Name:		DC1$
	Account Domain:		PLUMETECH.LOCAL
	Logon ID:		0x15F0145
	Linked Logon ID:		0x0
	Network Account Name:	-
	Network Account Domain:	-
	Logon GUID:		{135076b4-c946-31b9-05a5-29a4c0549096}

Process Information:
	Process ID:		0x0
	Process Name:		-

Network Information:
	Workstation Name:	-
	Source Network Address:	fe80::dc08:d404:2a99:3a5d
	Source Port:		63189

Detailed Authentication Information:
	Logon Process:		Kerberos
	Authentication Package:	Kerberos
	Transited Services:	-
	Package Name (NTLM only):	-
	Key Length:		0

This event is generated when a logon session is created. It is generated on the computer that was accessed.

The subject fields indicate the account on the local system which requested the logon. This is most commonly a service such as the Server service, or a local process such as Winlogon.exe or Services.exe.

The logon type field indicates the kind of logon that occurred. The most common types are 2 (interactive) and 3 (network).

The New Logon fields indicate the account for whom the new logon was created, i.e. the account that was logged on.

The network fields indicate where a remote logon request originated. Workstation name is not always available and may be left blank in some cases.

The impersonation level field indicates the extent to which a process in the logon session can impersonate.

The authentication information fields provide detailed information about this specific logon request.
	- Logon GUID is a unique identifier that can be used to correlate this event with a KDC event.
	- Transited services indicate which intermediate services have participated in this logon request.
	- Package name indicates which sub-protocol was used among the NTLM protocols.
	- Key length indicates the length of the generated session key. This will be 0 if no session key was requested."""
2025-03-28T09:46:28.481Z,DC1,low,3,Windows Logon Success,"""An account was successfully logged on.

Subject:
	Security ID:		S-1-0-0
	Account Name:		-
	Account Domain:		-
	Logon ID:		0x0

Logon Information:
	Logon Type:		3
	Restricted Admin Mode:	-
	Virtual Account:		No
	Elevated Token:		Yes

Impersonation Level:		Impersonation

New Logon:
	Security ID:		S-1-5-18
	Account Name:		DC1$
	Account Domain:		PLUMETECH.LOCAL
	Logon ID:		0x15F02C1
	Linked Logon ID:		0x0
	Network Account Name:	-
	Network Account Domain:	-
	Logon GUID:		{135076b4-c946-31b9-05a5-29a4c0549096}

Process Information:
	Process ID:		0x0
	Process Name:		-

Network Information:
	Workstation Name:	-
	Source Network Address:	fe80::dc08:d404:2a99:3a5d
	Source Port:		63190

Detailed Authentication Information:
	Logon Process:		Kerberos
	Authentication Package:	Kerberos
	Transited Services:	-
	Package Name (NTLM only):	-
	Key Length:		0

This event is generated when a logon session is created. It is generated on the computer that was accessed.

The subject fields indicate the account on the local system which requested the logon. This is most commonly a service such as the Server service, or a local process such as Winlogon.exe or Services.exe.

The logon type field indicates the kind of logon that occurred. The most common types are 2 (interactive) and 3 (network).

The New Logon fields indicate the account for whom the new logon was created, i.e. the account that was logged on.

The network fields indicate where a remote logon request originated. Workstation name is not always available and may be left blank in some cases.

The impersonation level field indicates the extent to which a process in the logon session can impersonate.

The authentication information fields provide detailed information about this specific logon request.
	- Logon GUID is a unique identifier that can be used to correlate this event with a KDC event.
	- Transited services indicate which intermediate services have participated in this logon request.
	- Package name indicates which sub-protocol was used among the NTLM protocols.
	- Key length indicates the length of the generated session key. This will be 0 if no session key was requested."""
2025-03-28T09:46:42.803Z,OTDC1,low,3,Windows Logon Success,"""An account was successfully logged on.

Subject:
	Security ID:		S-1-0-0
	Account Name:		-
	Account Domain:		-
	Logon ID:		0x0

Logon Information:
	Logon Type:		3
	Restricted Admin Mode:	-
	Virtual Account:		No
	Elevated Token:		Yes

Impersonation Level:		Impersonation

New Logon:
	Security ID:		S-1-5-18
	Account Name:		OTDC1$
	Account Domain:		PLUMETECH-OT.LOCAL
	Logon ID:		0x133C763
	Linked Logon ID:		0x0
	Network Account Name:	-
	Network Account Domain:	-
	Logon GUID:		{7e70aad8-ff7c-445b-1e89-ec65cb914a8c}

Process Information:
	Process ID:		0x0
	Process Name:		-

Network Information:
	Workstation Name:	-
	Source Network Address:	::1
	Source Port:		49795

Detailed Authentication Information:
	Logon Process:		Kerberos
	Authentication Package:	Kerberos
	Transited Services:	-
	Package Name (NTLM only):	-
	Key Length:		0

This event is generated when a logon session is created. It is generated on the computer that was accessed.

The subject fields indicate the account on the local system which requested the logon. This is most commonly a service such as the Server service, or a local process such as Winlogon.exe or Services.exe.

The logon type field indicates the kind of logon that occurred. The most common types are 2 (interactive) and 3 (network).

The New Logon fields indicate the account for whom the new logon was created, i.e. the account that was logged on.

The network fields indicate where a remote logon request originated. Workstation name is not always available and may be left blank in some cases.

The impersonation level field indicates the extent to which a process in the logon session can impersonate.

The authentication information fields provide detailed information about this specific logon request.
	- Logon GUID is a unique identifier that can be used to correlate this event with a KDC event.
	- Transited services indicate which intermediate services have participated in this logon request.
	- Package name indicates which sub-protocol was used among the NTLM protocols.
	- Key length indicates the length of the generated session key. This will be 0 if no session key was requested."""
