2025-03-28T16:16:58.365Z,DC1,low,3,Windows Logon Success,"""An account was successfully logged on.

Subject:
	Security ID:		S-1-0-0
	Account Name:		-
	Account Domain:		-
	Logon ID:		0x0

Logon Information:
	Logon Type:		3
	Restricted Admin Mode:	-
	Virtual Account:		No
	Elevated Token:		Yes

Impersonation Level:		Impersonation

New Logon:
	Security ID:		S-1-5-18
	Account Name:		DC1$
	Account Domain:		PLUMETECH.LOCAL
	Logon ID:		0xAAA551
	Linked Logon ID:		0x0
	Network Account Name:	-
	Network Account Domain:	-
	Logon GUID:		{522bf626-6fc4-7ee4-a248-7de42965f1cd}

Process Information:
	Process ID:		0x0
	Process Name:		-

Network Information:
	Workstation Name:	-
	Source Network Address:	::1
	Source Port:		0

Detailed Authentication Information:
	Logon Process:		Kerberos
	Authentication Package:	Kerberos
	Transited Services:	-
	Package Name (NTLM only):	-
	Key Length:		0

This event is generated when a logon session is created. It is generated on the computer that was accessed.

The subject fields indicate the account on the local system which requested the logon. This is most commonly a service such as the Server service, or a local process such as Winlogon.exe or Services.exe.

The logon type field indicates the kind of logon that occurred. The most common types are 2 (interactive) and 3 (network).

The New Logon fields indicate the account for whom the new logon was created, i.e. the account that was logged on.

The network fields indicate where a remote logon request originated. Workstation name is not always available and may be left blank in some cases.

The impersonation level field indicates the extent to which a process in the logon session can impersonate.

The authentication information fields provide detailed information about this specific logon request.
	- Logon GUID is a unique identifier that can be used to correlate this event with a KDC event.
	- Transited services indicate which intermediate services have participated in this logon request.
	- Package name indicates which sub-protocol was used among the NTLM protocols.
	- Key length indicates the length of the generated session key. This will be 0 if no session key was requested."""
2025-03-28T16:17:16.618Z,OTDC1,low,3,Windows Logon Success,"""An account was successfully logged on.

Subject:
	Security ID:		S-1-0-0
	Account Name:		-
	Account Domain:		-
	Logon ID:		0x0

Logon Information:
	Logon Type:		3
	Restricted Admin Mode:	-
	Virtual Account:		No
	Elevated Token:		Yes

Impersonation Level:		Impersonation

New Logon:
	Security ID:		S-1-5-18
	Account Name:		OTDC1$
	Account Domain:		PLUMETECH-OT.LOCAL
	Logon ID:		0xBF0617
	Linked Logon ID:		0x0
	Network Account Name:	-
	Network Account Domain:	-
	Logon GUID:		{8106fa6f-b3ce-218c-5f43-7aa78859dafe}

Process Information:
	Process ID:		0x0
	Process Name:		-

Network Information:
	Workstation Name:	-
	Source Network Address:	::1
	Source Port:		63250

Detailed Authentication Information:
	Logon Process:		Kerberos
	Authentication Package:	Kerberos
	Transited Services:	-
	Package Name (NTLM only):	-
	Key Length:		0

This event is generated when a logon session is created. It is generated on the computer that was accessed.

The subject fields indicate the account on the local system which requested the logon. This is most commonly a service such as the Server service, or a local process such as Winlogon.exe or Services.exe.

The logon type field indicates the kind of logon that occurred. The most common types are 2 (interactive) and 3 (network).

The New Logon fields indicate the account for whom the new logon was created, i.e. the account that was logged on.

The network fields indicate where a remote logon request originated. Workstation name is not always available and may be left blank in some cases.

The impersonation level field indicates the extent to which a process in the logon session can impersonate.

The authentication information fields provide detailed information about this specific logon request.
	- Logon GUID is a unique identifier that can be used to correlate this event with a KDC event.
	- Transited services indicate which intermediate services have participated in this logon request.
	- Package name indicates which sub-protocol was used among the NTLM protocols.
	- Key length indicates the length of the generated session key. This will be 0 if no session key was requested."""
2025-03-28T16:17:16.932Z,DC1,low,3,Windows Logon Success,"""An account was successfully logged on.

Subject:
	Security ID:		S-1-0-0
	Account Name:		-
	Account Domain:		-
	Logon ID:		0x0

Logon Information:
	Logon Type:		3
	Restricted Admin Mode:	-
	Virtual Account:		No
	Elevated Token:		Yes

Impersonation Level:		Impersonation

New Logon:
	Security ID:		S-1-5-18
	Account Name:		DC1$
	Account Domain:		PLUMETECH.LOCAL
	Logon ID:		0xAB38C9
	Linked Logon ID:		0x0
	Network Account Name:	-
	Network Account Domain:	-
	Logon GUID:		{09ce1f90-1058-144b-c1d0-a01d51d0a3fc}

Process Information:
	Process ID:		0x0
	Process Name:		-

Network Information:
	Workstation Name:	-
	Source Network Address:	::1
	Source Port:		52692

Detailed Authentication Information:
	Logon Process:		Kerberos
	Authentication Package:	Kerberos
	Transited Services:	-
	Package Name (NTLM only):	-
	Key Length:		0

This event is generated when a logon session is created. It is generated on the computer that was accessed.

The subject fields indicate the account on the local system which requested the logon. This is most commonly a service such as the Server service, or a local process such as Winlogon.exe or Services.exe.

The logon type field indicates the kind of logon that occurred. The most common types are 2 (interactive) and 3 (network).

The New Logon fields indicate the account for whom the new logon was created, i.e. the account that was logged on.

The network fields indicate where a remote logon request originated. Workstation name is not always available and may be left blank in some cases.

The impersonation level field indicates the extent to which a process in the logon session can impersonate.

The authentication information fields provide detailed information about this specific logon request.
	- Logon GUID is a unique identifier that can be used to correlate this event with a KDC event.
	- Transited services indicate which intermediate services have participated in this logon request.
	- Package name indicates which sub-protocol was used among the NTLM protocols.
	- Key length indicates the length of the generated session key. This will be 0 if no session key was requested."""
2025-03-28T16:17:47.219Z,suricata,low,3,Informational Suricata Alert: ET INFO GNU/Linux APT User-Agent Outbound likely related to package management,"{""timestamp"":""2025-03-28T16:17:45.305092+0000"",""flow_id"":352980005803337,""in_iface"":""ens5"",""event_type"":""alert"",""src_ip"":""10.0.3.30"",""src_port"":45938,""dest_ip"":""104.17.254.239"",""dest_port"":80,""proto"":""TCP"",""pkt_src"":""vxlan encapsulation"",""metadata"":{""flowbits"":[""ET.SuspExeTLDs""]},""community_id"":""1:EbI/eB169O5zX7mJlJezdn43FJk="",""tx_id"":0,""alert"":{""action"":""allowed"",""gid"":1,""signature_id"":2013504,""rev"":6,""signature"":""ET INFO GNU/Linux APT User-Agent Outbound likely related to package management"",""category"":""Not Suspicious Traffic"",""severity"":3,""metadata"":{""confidence"":[""High""],""created_at"":[""2011_08_31""],""signature_severity"":[""Informational""],""updated_at"":[""2020_04_22""]}},""tunnel"":{""src_ip"":""10.0.3.30"",""src_port"":65446,""dest_ip"":""10.0.3.9"",""dest_port"":4789,""proto"":""UDP"",""depth"":1,""pkt_src"":""wire/pcap""},""http"":{""hostname"":""kali.download"",""url"":""/kali/dists/kali-rolling/InRelease"",""http_user_agent"":""Debian APT-HTTP/1.3 (2.9.29)"",""http_content_type"":""application/octet-stream"",""http_method"":""GET"",""protocol"":""HTTP/1.1"",""status"":200,""length"":8299},""app_proto"":""http"",""direction"":""to_server"",""flow"":{""pkts_toserver"":4,""pkts_toclient"":13,""bytes_toserver"":422,""bytes_toclient"":16612,""start"":""2025-03-28T16:17:45.278792+0000"",""src_ip"":""10.0.3.30"",""dest_ip"":""104.17.254.239"",""src_port"":45938,""dest_port"":80},""source"":""suricata""}"
2025-03-28T16:17:47.229Z,suricata,low,3,Informational Suricata Alert: ET INFO GNU/Linux APT User-Agent Outbound likely related to package management,"{""timestamp"":""2025-03-28T16:17:45.731470+0000"",""flow_id"":352980005803337,""in_iface"":""ens5"",""event_type"":""alert"",""src_ip"":""10.0.3.30"",""src_port"":45938,""dest_ip"":""104.17.254.239"",""dest_port"":80,""proto"":""TCP"",""pkt_src"":""vxlan encapsulation"",""metadata"":{""flowbits"":[""ET.SuspExeTLDs""]},""community_id"":""1:EbI/eB169O5zX7mJlJezdn43FJk="",""tx_id"":1,""alert"":{""action"":""allowed"",""gid"":1,""signature_id"":2013504,""rev"":6,""signature"":""ET INFO GNU/Linux APT User-Agent Outbound likely related to package management"",""category"":""Not Suspicious Traffic"",""severity"":3,""metadata"":{""confidence"":[""High""],""created_at"":[""2011_08_31""],""signature_severity"":[""Informational""],""updated_at"":[""2020_04_22""]}},""tunnel"":{""src_ip"":""10.0.3.30"",""src_port"":65446,""dest_ip"":""10.0.3.9"",""dest_port"":4789,""proto"":""UDP"",""depth"":1,""pkt_src"":""wire/pcap""},""http"":{""hostname"":""kali.download"",""url"":""/kali/dists/kali-rolling/main/binary-amd64/Packages.gz"",""http_user_agent"":""Debian APT-HTTP/1.3 (2.9.29)"",""http_content_type"":""application/gzip"",""http_method"":""GET"",""protocol"":""HTTP/1.1"",""status"":200,""length"":6853},""app_proto"":""http"",""direction"":""to_server"",""flow"":{""pkts_toserver"":15,""pkts_toclient"":46,""bytes_toserver"":1154,""bytes_toclient"":64535,""start"":""2025-03-28T16:17:45.278792+0000"",""src_ip"":""10.0.3.30"",""dest_ip"":""104.17.254.239"",""src_port"":45938,""dest_port"":80},""source"":""suricata""}"
2025-03-28T16:17:47.234Z,suricata,low,3,Informational Suricata Alert: ET INFO GNU/Linux APT User-Agent Outbound likely related to package management,"{""timestamp"":""2025-03-28T16:17:46.078117+0000"",""flow_id"":352980005803337,""in_iface"":""ens5"",""event_type"":""alert"",""src_ip"":""10.0.3.30"",""src_port"":45938,""dest_ip"":""104.17.254.239"",""dest_port"":80,""proto"":""TCP"",""pkt_src"":""vxlan encapsulation"",""metadata"":{""flowbits"":[""ET.SuspExeTLDs""]},""community_id"":""1:EbI/eB169O5zX7mJlJezdn43FJk="",""tx_id"":8,""alert"":{""action"":""allowed"",""gid"":1,""signature_id"":2013504,""rev"":6,""signature"":""ET INFO GNU/Linux APT User-Agent Outbound likely related to package management"",""category"":""Not Suspicious Traffic"",""severity"":3,""metadata"":{""confidence"":[""High""],""created_at"":[""2011_08_31""],""signature_severity"":[""Informational""],""updated_at"":[""2020_04_22""]}},""tunnel"":{""src_ip"":""10.0.3.30"",""src_port"":65446,""dest_ip"":""10.0.3.9"",""dest_port"":4789,""proto"":""UDP"",""depth"":1,""pkt_src"":""wire/pcap""},""http"":{""hostname"":""kali.download"",""url"":""/kali/dists/kali-rolling/non-free-firmware/Contents-amd64.gz"",""http_user_agent"":""Debian APT-HTTP/1.3 (2.9.29)"",""http_method"":""GET"",""protocol"":""HTTP/1.1"",""length"":0},""app_proto"":""http"",""direction"":""to_server"",""flow"":{""pkts_toserver"":449,""pkts_toclient"":10651,""bytes_toserver"":24854,""bytes_toclient"":15891208,""start"":""2025-03-28T16:17:45.278792+0000"",""src_ip"":""10.0.3.30"",""dest_ip"":""104.17.254.239"",""src_port"":45938,""dest_port"":80},""source"":""suricata""}"
2025-03-28T16:17:47.235Z,suricata,low,3,Informational Suricata Alert: ET INFO GNU/Linux APT User-Agent Outbound likely related to package management,"{""timestamp"":""2025-03-28T16:17:46.078117+0000"",""flow_id"":352980005803337,""in_iface"":""ens5"",""event_type"":""alert"",""src_ip"":""10.0.3.30"",""src_port"":45938,""dest_ip"":""104.17.254.239"",""dest_port"":80,""proto"":""TCP"",""pkt_src"":""vxlan encapsulation"",""metadata"":{""flowbits"":[""ET.SuspExeTLDs""]},""community_id"":""1:EbI/eB169O5zX7mJlJezdn43FJk="",""tx_id"":7,""alert"":{""action"":""allowed"",""gid"":1,""signature_id"":2013504,""rev"":6,""signature"":""ET INFO GNU/Linux APT User-Agent Outbound likely related to package management"",""category"":""Not Suspicious Traffic"",""severity"":3,""metadata"":{""confidence"":[""High""],""created_at"":[""2011_08_31""],""signature_severity"":[""Informational""],""updated_at"":[""2020_04_22""]}},""tunnel"":{""src_ip"":""10.0.3.30"",""src_port"":65446,""dest_ip"":""10.0.3.9"",""dest_port"":4789,""proto"":""UDP"",""depth"":1,""pkt_src"":""wire/pcap""},""http"":{""hostname"":""kali.download"",""url"":""/kali/dists/kali-rolling/non-free-firmware/binary-amd64/Packages.gz"",""http_user_agent"":""Debian APT-HTTP/1.3 (2.9.29)"",""http_method"":""GET"",""protocol"":""HTTP/1.1"",""length"":0},""app_proto"":""http"",""direction"":""to_server"",""flow"":{""pkts_toserver"":449,""pkts_toclient"":10651,""bytes_toserver"":24854,""bytes_toclient"":15891208,""start"":""2025-03-28T16:17:45.278792+0000"",""src_ip"":""10.0.3.30"",""dest_ip"":""104.17.254.239"",""src_port"":45938,""dest_port"":80},""source"":""suricata""}"
2025-03-28T16:17:47.251Z,suricata,low,3,Informational Suricata Alert: ET INFO GNU/Linux APT User-Agent Outbound likely related to package management,"{""timestamp"":""2025-03-28T16:17:46.078117+0000"",""flow_id"":352980005803337,""in_iface"":""ens5"",""event_type"":""alert"",""src_ip"":""10.0.3.30"",""src_port"":45938,""dest_ip"":""104.17.254.239"",""dest_port"":80,""proto"":""TCP"",""pkt_src"":""vxlan encapsulation"",""metadata"":{""flowbits"":[""ET.SuspExeTLDs""]},""community_id"":""1:EbI/eB169O5zX7mJlJezdn43FJk="",""tx_id"":5,""alert"":{""action"":""allowed"",""gid"":1,""signature_id"":2013504,""rev"":6,""signature"":""ET INFO GNU/Linux APT User-Agent Outbound likely related to package management"",""category"":""Not Suspicious Traffic"",""severity"":3,""metadata"":{""confidence"":[""High""],""created_at"":[""2011_08_31""],""signature_severity"":[""Informational""],""updated_at"":[""2020_04_22""]}},""tunnel"":{""src_ip"":""10.0.3.30"",""src_port"":65446,""dest_ip"":""10.0.3.9"",""dest_port"":4789,""proto"":""UDP"",""depth"":1,""pkt_src"":""wire/pcap""},""http"":{""hostname"":""kali.download"",""url"":""/kali/dists/kali-rolling/non-free/binary-amd64/Packages.gz"",""http_user_agent"":""Debian APT-HTTP/1.3 (2.9.29)"",""http_method"":""GET"",""protocol"":""HTTP/1.1"",""length"":0},""app_proto"":""http"",""direction"":""to_server"",""flow"":{""pkts_toserver"":449,""pkts_toclient"":10651,""bytes_toserver"":24854,""bytes_toclient"":15891208,""start"":""2025-03-28T16:17:45.278792+0000"",""src_ip"":""10.0.3.30"",""dest_ip"":""104.17.254.239"",""src_port"":45938,""dest_port"":80},""source"":""suricata""}"
2025-03-28T16:17:47.252Z,suricata,low,3,Informational Suricata Alert: ET INFO GNU/Linux APT User-Agent Outbound likely related to package management,"{""timestamp"":""2025-03-28T16:17:46.078117+0000"",""flow_id"":352980005803337,""in_iface"":""ens5"",""event_type"":""alert"",""src_ip"":""10.0.3.30"",""src_port"":45938,""dest_ip"":""104.17.254.239"",""dest_port"":80,""proto"":""TCP"",""pkt_src"":""vxlan encapsulation"",""metadata"":{""flowbits"":[""ET.SuspExeTLDs""]},""community_id"":""1:EbI/eB169O5zX7mJlJezdn43FJk="",""tx_id"":6,""alert"":{""action"":""allowed"",""gid"":1,""signature_id"":2013504,""rev"":6,""signature"":""ET INFO GNU/Linux APT User-Agent Outbound likely related to package management"",""category"":""Not Suspicious Traffic"",""severity"":3,""metadata"":{""confidence"":[""High""],""created_at"":[""2011_08_31""],""signature_severity"":[""Informational""],""updated_at"":[""2020_04_22""]}},""tunnel"":{""src_ip"":""10.0.3.30"",""src_port"":65446,""dest_ip"":""10.0.3.9"",""dest_port"":4789,""proto"":""UDP"",""depth"":1,""pkt_src"":""wire/pcap""},""http"":{""hostname"":""kali.download"",""url"":""/kali/dists/kali-rolling/non-free/Contents-amd64.gz"",""http_user_agent"":""Debian APT-HTTP/1.3 (2.9.29)"",""http_method"":""GET"",""protocol"":""HTTP/1.1"",""length"":0},""app_proto"":""http"",""direction"":""to_server"",""flow"":{""pkts_toserver"":449,""pkts_toclient"":10651,""bytes_toserver"":24854,""bytes_toclient"":15891208,""start"":""2025-03-28T16:17:45.278792+0000"",""src_ip"":""10.0.3.30"",""dest_ip"":""104.17.254.239"",""src_port"":45938,""dest_port"":80},""source"":""suricata""}"
2025-03-28T16:17:47.252Z,suricata,low,3,Informational Suricata Alert: ET INFO GNU/Linux APT User-Agent Outbound likely related to package management,"{""timestamp"":""2025-03-28T16:17:46.078117+0000"",""flow_id"":352980005803337,""in_iface"":""ens5"",""event_type"":""alert"",""src_ip"":""10.0.3.30"",""src_port"":45938,""dest_ip"":""104.17.254.239"",""dest_port"":80,""proto"":""TCP"",""pkt_src"":""vxlan encapsulation"",""metadata"":{""flowbits"":[""ET.SuspExeTLDs""]},""community_id"":""1:EbI/eB169O5zX7mJlJezdn43FJk="",""tx_id"":2,""alert"":{""action"":""allowed"",""gid"":1,""signature_id"":2013504,""rev"":6,""signature"":""ET INFO GNU/Linux APT User-Agent Outbound likely related to package management"",""category"":""Not Suspicious Traffic"",""severity"":3,""metadata"":{""confidence"":[""High""],""created_at"":[""2011_08_31""],""signature_severity"":[""Informational""],""updated_at"":[""2020_04_22""]}},""tunnel"":{""src_ip"":""10.0.3.30"",""src_port"":65446,""dest_ip"":""10.0.3.9"",""dest_port"":4789,""proto"":""UDP"",""depth"":1,""pkt_src"":""wire/pcap""},""http"":{""hostname"":""kali.download"",""url"":""/kali/dists/kali-rolling/main/Contents-amd64.gz"",""http_user_agent"":""Debian APT-HTTP/1.3 (2.9.29)"",""http_content_type"":""application/gzip"",""http_method"":""GET"",""protocol"":""HTTP/1.1"",""status"":200,""length"":5405},""app_proto"":""http"",""direction"":""to_server"",""flow"":{""pkts_toserver"":449,""pkts_toclient"":10651,""bytes_toserver"":24854,""bytes_toclient"":15891208,""start"":""2025-03-28T16:17:45.278792+0000"",""src_ip"":""10.0.3.30"",""dest_ip"":""104.17.254.239"",""src_port"":45938,""dest_port"":80},""source"":""suricata""}"
2025-03-28T16:17:47.252Z,suricata,low,3,Informational Suricata Alert: ET INFO GNU/Linux APT User-Agent Outbound likely related to package management,"{""timestamp"":""2025-03-28T16:17:46.078117+0000"",""flow_id"":352980005803337,""in_iface"":""ens5"",""event_type"":""alert"",""src_ip"":""10.0.3.30"",""src_port"":45938,""dest_ip"":""104.17.254.239"",""dest_port"":80,""proto"":""TCP"",""pkt_src"":""vxlan encapsulation"",""metadata"":{""flowbits"":[""ET.SuspExeTLDs""]},""community_id"":""1:EbI/eB169O5zX7mJlJezdn43FJk="",""tx_id"":4,""alert"":{""action"":""allowed"",""gid"":1,""signature_id"":2013504,""rev"":6,""signature"":""ET INFO GNU/Linux APT User-Agent Outbound likely related to package management"",""category"":""Not Suspicious Traffic"",""severity"":3,""metadata"":{""confidence"":[""High""],""created_at"":[""2011_08_31""],""signature_severity"":[""Informational""],""updated_at"":[""2020_04_22""]}},""tunnel"":{""src_ip"":""10.0.3.30"",""src_port"":65446,""dest_ip"":""10.0.3.9"",""dest_port"":4789,""proto"":""UDP"",""depth"":1,""pkt_src"":""wire/pcap""},""http"":{""hostname"":""kali.download"",""url"":""/kali/dists/kali-rolling/contrib/Contents-amd64.gz"",""http_user_agent"":""Debian APT-HTTP/1.3 (2.9.29)"",""http_method"":""GET"",""protocol"":""HTTP/1.1"",""length"":0},""app_proto"":""http"",""direction"":""to_server"",""flow"":{""pkts_toserver"":449,""pkts_toclient"":10651,""bytes_toserver"":24854,""bytes_toclient"":15891208,""start"":""2025-03-28T16:17:45.278792+0000"",""src_ip"":""10.0.3.30"",""dest_ip"":""104.17.254.239"",""src_port"":45938,""dest_port"":80},""source"":""suricata""}"
2025-03-28T16:17:47.252Z,suricata,low,3,Informational Suricata Alert: ET INFO GNU/Linux APT User-Agent Outbound likely related to package management,"{""timestamp"":""2025-03-28T16:17:46.078117+0000"",""flow_id"":352980005803337,""in_iface"":""ens5"",""event_type"":""alert"",""src_ip"":""10.0.3.30"",""src_port"":45938,""dest_ip"":""104.17.254.239"",""dest_port"":80,""proto"":""TCP"",""pkt_src"":""vxlan encapsulation"",""metadata"":{""flowbits"":[""ET.SuspExeTLDs""]},""community_id"":""1:EbI/eB169O5zX7mJlJezdn43FJk="",""tx_id"":3,""alert"":{""action"":""allowed"",""gid"":1,""signature_id"":2013504,""rev"":6,""signature"":""ET INFO GNU/Linux APT User-Agent Outbound likely related to package management"",""category"":""Not Suspicious Traffic"",""severity"":3,""metadata"":{""confidence"":[""High""],""created_at"":[""2011_08_31""],""signature_severity"":[""Informational""],""updated_at"":[""2020_04_22""]}},""tunnel"":{""src_ip"":""10.0.3.30"",""src_port"":65446,""dest_ip"":""10.0.3.9"",""dest_port"":4789,""proto"":""UDP"",""depth"":1,""pkt_src"":""wire/pcap""},""http"":{""hostname"":""kali.download"",""url"":""/kali/dists/kali-rolling/contrib/binary-amd64/Packages.gz"",""http_user_agent"":""Debian APT-HTTP/1.3 (2.9.29)"",""http_method"":""GET"",""protocol"":""HTTP/1.1"",""length"":0},""app_proto"":""http"",""direction"":""to_server"",""flow"":{""pkts_toserver"":449,""pkts_toclient"":10651,""bytes_toserver"":24854,""bytes_toclient"":15891208,""start"":""2025-03-28T16:17:45.278792+0000"",""src_ip"":""10.0.3.30"",""dest_ip"":""104.17.254.239"",""src_port"":45938,""dest_port"":80},""source"":""suricata""}"
2025-03-28T16:18:16.677Z,OTDC1,low,3,Windows Logon Success,"""An account was successfully logged on.

Subject:
	Security ID:		S-1-0-0
	Account Name:		-
	Account Domain:		-
	Logon ID:		0x0

Logon Information:
	Logon Type:		3
	Restricted Admin Mode:	-
	Virtual Account:		No
	Elevated Token:		Yes

Impersonation Level:		Impersonation

New Logon:
	Security ID:		S-1-5-18
	Account Name:		OTDC1$
	Account Domain:		PLUMETECH-OT.LOCAL
	Logon ID:		0xC46226
	Linked Logon ID:		0x0
	Network Account Name:	-
	Network Account Domain:	-
	Logon GUID:		{8106fa6f-b3ce-218c-5f43-7aa78859dafe}

Process Information:
	Process ID:		0x0
	Process Name:		-

Network Information:
	Workstation Name:	-
	Source Network Address:	::1
	Source Port:		63251

Detailed Authentication Information:
	Logon Process:		Kerberos
	Authentication Package:	Kerberos
	Transited Services:	-
	Package Name (NTLM only):	-
	Key Length:		0

This event is generated when a logon session is created. It is generated on the computer that was accessed.

The subject fields indicate the account on the local system which requested the logon. This is most commonly a service such as the Server service, or a local process such as Winlogon.exe or Services.exe.

The logon type field indicates the kind of logon that occurred. The most common types are 2 (interactive) and 3 (network).

The New Logon fields indicate the account for whom the new logon was created, i.e. the account that was logged on.

The network fields indicate where a remote logon request originated. Workstation name is not always available and may be left blank in some cases.

The impersonation level field indicates the extent to which a process in the logon session can impersonate.

The authentication information fields provide detailed information about this specific logon request.
	- Logon GUID is a unique identifier that can be used to correlate this event with a KDC event.
	- Transited services indicate which intermediate services have participated in this logon request.
	- Package name indicates which sub-protocol was used among the NTLM protocols.
	- Key length indicates the length of the generated session key. This will be 0 if no session key was requested."""
2025-03-28T16:18:16.908Z,DC1,low,3,Windows Logon Success,"""An account was successfully logged on.

Subject:
	Security ID:		S-1-0-0
	Account Name:		-
	Account Domain:		-
	Logon ID:		0x0

Logon Information:
	Logon Type:		3
	Restricted Admin Mode:	-
	Virtual Account:		No
	Elevated Token:		Yes

Impersonation Level:		Impersonation

New Logon:
	Security ID:		S-1-5-18
	Account Name:		DC1$
	Account Domain:		PLUMETECH.LOCAL
	Logon ID:		0xAF4441
	Linked Logon ID:		0x0
	Network Account Name:	-
	Network Account Domain:	-
	Logon GUID:		{09ce1f90-1058-144b-c1d0-a01d51d0a3fc}

Process Information:
	Process ID:		0x0
	Process Name:		-

Network Information:
	Workstation Name:	-
	Source Network Address:	::1
	Source Port:		52693

Detailed Authentication Information:
	Logon Process:		Kerberos
	Authentication Package:	Kerberos
	Transited Services:	-
	Package Name (NTLM only):	-
	Key Length:		0

This event is generated when a logon session is created. It is generated on the computer that was accessed.

The subject fields indicate the account on the local system which requested the logon. This is most commonly a service such as the Server service, or a local process such as Winlogon.exe or Services.exe.

The logon type field indicates the kind of logon that occurred. The most common types are 2 (interactive) and 3 (network).

The New Logon fields indicate the account for whom the new logon was created, i.e. the account that was logged on.

The network fields indicate where a remote logon request originated. Workstation name is not always available and may be left blank in some cases.

The impersonation level field indicates the extent to which a process in the logon session can impersonate.

The authentication information fields provide detailed information about this specific logon request.
	- Logon GUID is a unique identifier that can be used to correlate this event with a KDC event.
	- Transited services indicate which intermediate services have participated in this logon request.
	- Package name indicates which sub-protocol was used among the NTLM protocols.
	- Key length indicates the length of the generated session key. This will be 0 if no session key was requested."""
2025-03-28T16:18:50.048Z,DC1,low,5,Registry Key Integrity Checksum Changed,"Registry Key '[x32] HKEY_LOCAL_MACHINE\Security\Policy\Accounts' modified
Mode: scheduled
Changed attributes: mtime
Group ownership was 'S-1-5-32-544', now it is 'S-1-5-18'
Old modification time was: '1743176844', now it is '1743178329'
"
2025-03-28T16:18:50.100Z,DC1,low,5,Registry Key Integrity Checksum Changed,"Registry Key '[x32] HKEY_LOCAL_MACHINE\Security\RXACT' modified
Mode: scheduled
Changed attributes: mtime
Group ownership was 'S-1-5-32-544', now it is 'S-1-5-18'
Old modification time was: '1743176844', now it is '1743178617'
"
2025-03-28T16:18:54.243Z,DC1,low,5,Registry Key Integrity Checksum Changed,"Registry Key '[x64] HKEY_LOCAL_MACHINE\Software\Microsoft\Internet Explorer\Low Rights\ElevationPolicy\{c9abcf16-8dc2-4a95-bae3-24fd98f2ed29}' modified
Mode: scheduled
Changed attributes: mtime
Old modification time was: '1743035906', now it is '1743177019'
"
2025-03-28T16:18:54.245Z,DC1,low,5,Registry Value Integrity Checksum Changed,"Registry Value '[x64] HKEY_LOCAL_MACHINE\Software\Microsoft\Internet Explorer\Low Rights\ElevationPolicy\{c9abcf16-8dc2-4a95-bae3-24fd98f2ed29}\AppPath' modified
Mode: scheduled
Changed attributes: md5,sha1,sha256
Old md5sum was: '86552ed4e97d5442e869c56c8c68fd39'
New md5sum is : 'c7cd0aa0fcd3d49697cde3efbe06756e'
Old sha1sum was: '433d8ba940fc67b0dfa499151392d94222c6aa07'
New sha1sum is : 'a1ff00d55e8acf553a383ef04ba9852964ae0510'
Old sha256sum was: '39cf0af02576e18288f81e47ef6d5b51f581e267ef69430ebf4b8267f16aa304'
New sha256sum is : '534f889f179a8dd3ea4beb1011fcb02b2585c4200ce84432683862b002c54d4e'
"
2025-03-28T16:19:01.139Z,DC1,low,5,Registry Key Integrity Checksum Changed,"Registry Key '[x32] HKEY_LOCAL_MACHINE\Software\Microsoft\Internet Explorer\Low Rights\ElevationPolicy\{c9abcf16-8dc2-4a95-bae3-24fd98f2ed29}' modified
Mode: scheduled
Changed attributes: mtime
Old modification time was: '1743035906', now it is '1743177019'
"
2025-03-28T16:19:01.141Z,DC1,low,5,Registry Value Integrity Checksum Changed,"Registry Value '[x32] HKEY_LOCAL_MACHINE\Software\Microsoft\Internet Explorer\Low Rights\ElevationPolicy\{c9abcf16-8dc2-4a95-bae3-24fd98f2ed29}\AppPath' modified
Mode: scheduled
Changed attributes: md5,sha1,sha256
Old md5sum was: '86552ed4e97d5442e869c56c8c68fd39'
New md5sum is : 'c7cd0aa0fcd3d49697cde3efbe06756e'
Old sha1sum was: '433d8ba940fc67b0dfa499151392d94222c6aa07'
New sha1sum is : 'a1ff00d55e8acf553a383ef04ba9852964ae0510'
Old sha256sum was: '39cf0af02576e18288f81e47ef6d5b51f581e267ef69430ebf4b8267f16aa304'
New sha256sum is : '534f889f179a8dd3ea4beb1011fcb02b2585c4200ce84432683862b002c54d4e'
"
2025-03-28T16:19:03.012Z,DC1,low,5,Registry Key Integrity Checksum Changed,"Registry Key '[x32] HKEY_LOCAL_MACHINE\System\CurrentControlSet\Services\BFE\Parameters\Policy\BootTime\Filter' modified
Mode: scheduled
Changed attributes: mtime
Old modification time was: '1743176720', now it is '1743178526'
"
2025-03-28T16:19:03.035Z,DC1,low,5,Registry Key Integrity Checksum Changed,"Registry Key '[x32] HKEY_LOCAL_MACHINE\System\CurrentControlSet\Services\BFE\Parameters\Policy\Persistent\Filter' modified
Mode: scheduled
Changed attributes: mtime
Old modification time was: '1743176720', now it is '1743178526'
"
2025-03-28T16:19:05.181Z,DC1,low,5,Registry Key Integrity Checksum Changed,"Registry Key '[x32] HKEY_LOCAL_MACHINE\System\CurrentControlSet\Services\CSAgent\Sim' modified
Mode: scheduled
Changed attributes: mtime
Group ownership was 'S-1-5-32-544', now it is 'S-1-5-18'
Old modification time was: '1743176704', now it is '1743178504'
"
2025-03-28T16:19:05.183Z,DC1,low,5,Registry Value Integrity Checksum Changed,"Registry Value '[x32] HKEY_LOCAL_MACHINE\System\CurrentControlSet\Services\CSAgent\Sim\NT' modified
Mode: scheduled
Changed attributes: md5,sha1,sha256
Old md5sum was: 'd8c974e55f930f8b9b7a4bb601810b1b'
New md5sum is : '4d8c94cc3f66917f08bffb685cddd399'
Old sha1sum was: 'bf5ea0d47b6c4fd51048eb12851f43b4f26b6f03'
New sha1sum is : 'dda431f16272ee042c8aa7a53ed1a442c64bd780'
Old sha256sum was: '347eb11ad9b31063cbc4595e2f1a72d4c57c88745736f416351a54329bce5227'
New sha256sum is : '7a6b6360c22e911e0aa6cbc33c667074c2ce2a7e7939e790e2586a615804e05d'
"
2025-03-28T16:19:05.193Z,DC1,low,5,Registry Value Integrity Checksum Changed,"Registry Value '[x32] HKEY_LOCAL_MACHINE\System\CurrentControlSet\Services\CSAgent\Sim\IDP:Watchdog.ServiceTicksUnderThreshold' modified
Mode: scheduled
Changed attributes: md5,sha1,sha256
Old md5sum was: '8cc8a908f9f04fab0f718889285bc247'
New md5sum is : '922ba735f5f01fae48d00f7617cc9aa2'
Old sha1sum was: '612df904036c611ad96005954ce36a9fa947351c'
New sha1sum is : '48135a1d62458f71711632be7b7208bcad75e71a'
Old sha256sum was: '4c7bd668875cff9087795ee30751fd99b27d969290a23b471ef9447a7660ca3f'
New sha256sum is : 'e073baf5788135f120212273ceddf4607fd66b9fc731700e7993381b5347117c'
"
2025-03-28T16:19:05.208Z,DC1,low,5,Registry Value Integrity Checksum Changed,"Registry Value '[x32] HKEY_LOCAL_MACHINE\System\CurrentControlSet\Services\CSAgent\Sim\IDP:Watchdog.TicksUnderThreshold' modified
Mode: scheduled
Changed attributes: md5,sha1,sha256
Old md5sum was: '8cc8a908f9f04fab0f718889285bc247'
New md5sum is : '922ba735f5f01fae48d00f7617cc9aa2'
Old sha1sum was: '612df904036c611ad96005954ce36a9fa947351c'
New sha1sum is : '48135a1d62458f71711632be7b7208bcad75e71a'
Old sha256sum was: '4c7bd668875cff9087795ee30751fd99b27d969290a23b471ef9447a7660ca3f'
New sha256sum is : 'e073baf5788135f120212273ceddf4607fd66b9fc731700e7993381b5347117c'
"
2025-03-28T16:19:05.807Z,DC1,low,5,Registry Key Integrity Checksum Changed,"Registry Key '[x32] HKEY_LOCAL_MACHINE\System\CurrentControlSet\Services\DFSR\Access Checks\Replication Groups\487A49D4-C837-44CE-A228-BD305B5FEBC1' modified
Mode: scheduled
Changed attributes: mtime
Old modification time was: '1743176776', now it is '1743178580'
"
2025-03-28T16:19:07.051Z,OTDC1,low,3,Windows Logon Success,"""An account was successfully logged on.

Subject:
	Security ID:		S-1-0-0
	Account Name:		-
	Account Domain:		-
	Logon ID:		0x0

Logon Information:
	Logon Type:		3
	Restricted Admin Mode:	-
	Virtual Account:		No
	Elevated Token:		Yes

Impersonation Level:		Delegation

New Logon:
	Security ID:		S-1-5-18
	Account Name:		OTDC1$
	Account Domain:		PLUMETECH-OT.LOCAL
	Logon ID:		0xCC97FB
	Linked Logon ID:		0x0
	Network Account Name:	-
	Network Account Domain:	-
	Logon GUID:		{2014cd36-2746-b5d3-d365-040b6261d144}

Process Information:
	Process ID:		0x0
	Process Name:		-

Network Information:
	Workstation Name:	-
	Source Network Address:	fe80::7763:91f3:8437:698c
	Source Port:		63252

Detailed Authentication Information:
	Logon Process:		Kerberos
	Authentication Package:	Kerberos
	Transited Services:	-
	Package Name (NTLM only):	-
	Key Length:		0

This event is generated when a logon session is created. It is generated on the computer that was accessed.

The subject fields indicate the account on the local system which requested the logon. This is most commonly a service such as the Server service, or a local process such as Winlogon.exe or Services.exe.

The logon type field indicates the kind of logon that occurred. The most common types are 2 (interactive) and 3 (network).

The New Logon fields indicate the account for whom the new logon was created, i.e. the account that was logged on.

The network fields indicate where a remote logon request originated. Workstation name is not always available and may be left blank in some cases.

The impersonation level field indicates the extent to which a process in the logon session can impersonate.

The authentication information fields provide detailed information about this specific logon request.
	- Logon GUID is a unique identifier that can be used to correlate this event with a KDC event.
	- Transited services indicate which intermediate services have participated in this logon request.
	- Package name indicates which sub-protocol was used among the NTLM protocols.
	- Key length indicates the length of the generated session key. This will be 0 if no session key was requested."""
2025-03-28T16:19:09.068Z,DC1,low,5,Registry Key Integrity Checksum Changed,"Registry Key '[x32] HKEY_LOCAL_MACHINE\System\CurrentControlSet\Services\EventLog\Application\Edge' modified
Mode: scheduled
Changed attributes: mtime
Group ownership was 'S-1-5-32-544', now it is 'S-1-5-18'
Old modification time was: '1743037714', now it is '1743177020'
"
2025-03-28T16:19:09.083Z,DC1,low,5,Registry Value Integrity Checksum Changed,"Registry Value '[x32] HKEY_LOCAL_MACHINE\System\CurrentControlSet\Services\EventLog\Application\Edge\CategoryMessageFile' modified
Mode: scheduled
Changed attributes: md5,sha1,sha256
Old md5sum was: '6439398acc686a46181144a49209572b'
New md5sum is : '873608747946909d6599ab1bf01acbee'
Old sha1sum was: '5b2ca61179f0e92286b5ce6250e2e51ffc35613a'
New sha1sum is : '78eae3cd7d734324049bad7905741cf64676a8e9'
Old sha256sum was: '7f657ee8e3090f54618ab8602adf6297eae27c98e0145777ddb9b6e19f960613'
New sha256sum is : 'a2fc8c680d3f36fc6d7a93d561fd8de34c90619163521628e6524cd8073f172e'
"
2025-03-28T16:19:09.099Z,DC1,low,5,Registry Value Integrity Checksum Changed,"Registry Value '[x32] HKEY_LOCAL_MACHINE\System\CurrentControlSet\Services\EventLog\Application\Edge\EventMessageFile' modified
Mode: scheduled
Changed attributes: md5,sha1,sha256
Old md5sum was: '6439398acc686a46181144a49209572b'
New md5sum is : '873608747946909d6599ab1bf01acbee'
Old sha1sum was: '5b2ca61179f0e92286b5ce6250e2e51ffc35613a'
New sha1sum is : '78eae3cd7d734324049bad7905741cf64676a8e9'
Old sha256sum was: '7f657ee8e3090f54618ab8602adf6297eae27c98e0145777ddb9b6e19f960613'
New sha256sum is : 'a2fc8c680d3f36fc6d7a93d561fd8de34c90619163521628e6524cd8073f172e'
"
2025-03-28T16:19:09.115Z,DC1,low,5,Registry Value Integrity Checksum Changed,"Registry Value '[x32] HKEY_LOCAL_MACHINE\System\CurrentControlSet\Services\EventLog\Application\Edge\ParameterMessageFile' modified
Mode: scheduled
Changed attributes: md5,sha1,sha256
Old md5sum was: '6439398acc686a46181144a49209572b'
New md5sum is : '873608747946909d6599ab1bf01acbee'
Old sha1sum was: '5b2ca61179f0e92286b5ce6250e2e51ffc35613a'
New sha1sum is : '78eae3cd7d734324049bad7905741cf64676a8e9'
Old sha256sum was: '7f657ee8e3090f54618ab8602adf6297eae27c98e0145777ddb9b6e19f960613'
New sha256sum is : 'a2fc8c680d3f36fc6d7a93d561fd8de34c90619163521628e6524cd8073f172e'
"
2025-03-28T16:19:16.195Z,DC1,low,5,Registry Key Integrity Checksum Changed,"Registry Key '[x32] HKEY_LOCAL_MACHINE\System\CurrentControlSet\Services\MicrosoftEdgeElevationService' modified
Mode: scheduled
Changed attributes: mtime
Group ownership was 'S-1-5-32-544', now it is 'S-1-5-18'
Old modification time was: '1743037714', now it is '1743177019'
"
2025-03-28T16:19:16.209Z,DC1,low,5,Registry Value Integrity Checksum Changed,"Registry Value '[x32] HKEY_LOCAL_MACHINE\System\CurrentControlSet\Services\MicrosoftEdgeElevationService\ImagePath' modified
Mode: scheduled
Changed attributes: md5,sha1,sha256
Old md5sum was: '8746186c761c48ea506aaf1a9188bf72'
New md5sum is : 'ab78be55cd44ff6e2129011c500bb34f'
Old sha1sum was: 'c3e0defb05198dac7e8dfb5bfd4ddcb105e95b0e'
New sha1sum is : '2a0c82662e451c1141f052a3620fc3b8ba87a7c5'
Old sha256sum was: '3fc4b40200f03638859b8319399e7eb8ec4da02e478043ca1490b5639fdc5baa'
New sha256sum is : '957bb0a8823f7ac3d76ce0fb7637070c9aa45eb78cb1616c6f39fcab41c9d752'
"
2025-03-28T16:19:16.679Z,OTDC1,low,3,Windows Logon Success,"""An account was successfully logged on.

Subject:
	Security ID:		S-1-0-0
	Account Name:		-
	Account Domain:		-
	Logon ID:		0x0

Logon Information:
	Logon Type:		3
	Restricted Admin Mode:	-
	Virtual Account:		No
	Elevated Token:		Yes

Impersonation Level:		Impersonation

New Logon:
	Security ID:		S-1-5-18
	Account Name:		OTDC1$
	Account Domain:		PLUMETECH-OT.LOCAL
	Logon ID:		0xCE7CED
	Linked Logon ID:		0x0
	Network Account Name:	-
	Network Account Domain:	-
	Logon GUID:		{8106fa6f-b3ce-218c-5f43-7aa78859dafe}

Process Information:
	Process ID:		0x0
	Process Name:		-

Network Information:
	Workstation Name:	-
	Source Network Address:	::1
	Source Port:		63253

Detailed Authentication Information:
	Logon Process:		Kerberos
	Authentication Package:	Kerberos
	Transited Services:	-
	Package Name (NTLM only):	-
	Key Length:		0

This event is generated when a logon session is created. It is generated on the computer that was accessed.

The subject fields indicate the account on the local system which requested the logon. This is most commonly a service such as the Server service, or a local process such as Winlogon.exe or Services.exe.

The logon type field indicates the kind of logon that occurred. The most common types are 2 (interactive) and 3 (network).

The New Logon fields indicate the account for whom the new logon was created, i.e. the account that was logged on.

The network fields indicate where a remote logon request originated. Workstation name is not always available and may be left blank in some cases.

The impersonation level field indicates the extent to which a process in the logon session can impersonate.

The authentication information fields provide detailed information about this specific logon request.
	- Logon GUID is a unique identifier that can be used to correlate this event with a KDC event.
	- Transited services indicate which intermediate services have participated in this logon request.
	- Package name indicates which sub-protocol was used among the NTLM protocols.
	- Key length indicates the length of the generated session key. This will be 0 if no session key was requested."""
