2025-03-28T08:58:07.089Z,DC1,low,3,Windows Logon Success,"""An account was successfully logged on.

Subject:
	Security ID:		S-1-0-0
	Account Name:		-
	Account Domain:		-
	Logon ID:		0x0

Logon Information:
	Logon Type:		3
	Restricted Admin Mode:	-
	Virtual Account:		No
	Elevated Token:		Yes

Impersonation Level:		Impersonation

New Logon:
	Security ID:		S-1-5-18
	Account Name:		DC1$
	Account Domain:		PLUMETECH.LOCAL
	Logon ID:		0x1447580
	Linked Logon ID:		0x0
	Network Account Name:	-
	Network Account Domain:	-
	Logon GUID:		{135076b4-c946-31b9-05a5-29a4c0549096}

Process Information:
	Process ID:		0x0
	Process Name:		-

Network Information:
	Workstation Name:	-
	Source Network Address:	::1
	Source Port:		60224

Detailed Authentication Information:
	Logon Process:		Kerberos
	Authentication Package:	Kerberos
	Transited Services:	-
	Package Name (NTLM only):	-
	Key Length:		0

This event is generated when a logon session is created. It is generated on the computer that was accessed.

The subject fields indicate the account on the local system which requested the logon. This is most commonly a service such as the Server service, or a local process such as Winlogon.exe or Services.exe.

The logon type field indicates the kind of logon that occurred. The most common types are 2 (interactive) and 3 (network).

The New Logon fields indicate the account for whom the new logon was created, i.e. the account that was logged on.

The network fields indicate where a remote logon request originated. Workstation name is not always available and may be left blank in some cases.

The impersonation level field indicates the extent to which a process in the logon session can impersonate.

The authentication information fields provide detailed information about this specific logon request.
	- Logon GUID is a unique identifier that can be used to correlate this event with a KDC event.
	- Transited services indicate which intermediate services have participated in this logon request.
	- Package name indicates which sub-protocol was used among the NTLM protocols.
	- Key length indicates the length of the generated session key. This will be 0 if no session key was requested."""
2025-03-28T08:58:09.279Z,CLI1,low,5,Registry Key Integrity Checksum Changed,"Registry Key '[x32] HKEY_LOCAL_MACHINE\System\CurrentControlSet\Services\Tcpip\Parameters\Interfaces\{efdcc438-1368-4889-b23e-1841c6d0bdb5}' modified
Mode: scheduled
Changed attributes: mtime
Old modification time was: '1743150406', now it is '1743152206'
"
2025-03-28T08:58:09.309Z,CLI1,low,5,Registry Value Integrity Checksum Changed,"Registry Value '[x32] HKEY_LOCAL_MACHINE\System\CurrentControlSet\Services\Tcpip\Parameters\Interfaces\{efdcc438-1368-4889-b23e-1841c6d0bdb5}\T2' modified
Mode: scheduled
Changed attributes: md5,sha1,sha256
Old md5sum was: 'e47b2e22c659df7211a3791f022d5dd9'
New md5sum is : '66d8c262fa62cb4979edd461c547cbfa'
Old sha1sum was: '65509f2e37a024910677b0b905f8dcfc64e6ae30'
New sha1sum is : '27d870ed1cb51788a72a55efc2f7d6ccad2472c4'
Old sha256sum was: '5524f1888246655993c4c8ade1baa0c0f14ca7cb480e50366dbd34d20e52686c'
New sha256sum is : '4fe2792298c511d9c1502999c4b89d7c1da31c9b215d8b6e039011ac9135457a'
"
2025-03-28T08:58:09.309Z,CLI1,low,5,Registry Value Integrity Checksum Changed,"Registry Value '[x32] HKEY_LOCAL_MACHINE\System\CurrentControlSet\Services\Tcpip\Parameters\Interfaces\{efdcc438-1368-4889-b23e-1841c6d0bdb5}\LeaseObtainedTime' modified
Mode: scheduled
Changed attributes: md5,sha1,sha256
Old md5sum was: '70b193c6f50fc87dd8ba4fb2ad4c49a8'
New md5sum is : 'e77be5ecb91832ff688df66f52f537c3'
Old sha1sum was: 'e5021d9e32115ac06c8de65731cc37bd623d5bd6'
New sha1sum is : 'c181a63aa780179dc6b63c999ae2d8ffaa2ddadc'
Old sha256sum was: '3263f37cb6b9972c1fd35bd99aefba169b65698c8e3b95a9bd7d4f9e3a2ed7ec'
New sha256sum is : '5fa36f370edad31288b56d6d81f484a5f1c86dcdca74a3df329d3e5c9c25b46b'
"
2025-03-28T08:58:09.309Z,CLI1,low,5,Registry Value Integrity Checksum Changed,"Registry Value '[x32] HKEY_LOCAL_MACHINE\System\CurrentControlSet\Services\Tcpip\Parameters\Interfaces\{efdcc438-1368-4889-b23e-1841c6d0bdb5}\T1' modified
Mode: scheduled
Changed attributes: md5,sha1,sha256
Old md5sum was: 'e77be5ecb91832ff688df66f52f537c3'
New md5sum is : '9605e3bb0603a6e3af31b80c652b6fc8'
Old sha1sum was: 'c181a63aa780179dc6b63c999ae2d8ffaa2ddadc'
New sha1sum is : '144686393ddb6c4b7566d892b3a544ff30d92507'
Old sha256sum was: '5fa36f370edad31288b56d6d81f484a5f1c86dcdca74a3df329d3e5c9c25b46b'
New sha256sum is : '777ec6d40f1c884ff3748a3cc8d7ae5a9d24e20c70386ebd1f31e209ab044367'
"
2025-03-28T08:58:09.325Z,CLI1,low,5,Registry Value Integrity Checksum Changed,"Registry Value '[x32] HKEY_LOCAL_MACHINE\System\CurrentControlSet\Services\Tcpip\Parameters\Interfaces\{efdcc438-1368-4889-b23e-1841c6d0bdb5}\LeaseTerminatesTime' modified
Mode: scheduled
Changed attributes: md5,sha1,sha256
Old md5sum was: '9605e3bb0603a6e3af31b80c652b6fc8'
New md5sum is : '61ed15fc21940593af23d6612888d7e4'
Old sha1sum was: '144686393ddb6c4b7566d892b3a544ff30d92507'
New sha1sum is : 'f12289c9f65d30a23e13ae8a15f162e0a19a7447'
Old sha256sum was: '777ec6d40f1c884ff3748a3cc8d7ae5a9d24e20c70386ebd1f31e209ab044367'
New sha256sum is : '8262db388f51187391c5345e14be20a7becf1211c9525613fa14388e105512e3'
"
2025-03-28T08:58:09.366Z,CLI1,low,5,Registry Value Integrity Checksum Changed,"Registry Value '[x32] HKEY_LOCAL_MACHINE\System\CurrentControlSet\Services\Tcpip\Parameters\Interfaces\{efdcc438-1368-4889-b23e-1841c6d0bdb5}\DhcpInterfaceOptions' modified
Mode: scheduled
Changed attributes: md5,sha1,sha256
Old md5sum was: 'b41af9611175736f7b16b2a792f22b80'
New md5sum is : '5fa87afc46cfbcb6b5d49c744fb35100'
Old sha1sum was: 'cb4d72a53c263fa9a053c44651b2dc25123909f2'
New sha1sum is : 'fcd61568618e7440014603f5b8eba841b1dd03fb'
Old sha256sum was: '72de72d4e9ec7f3f652226bea15c015de9f6fb2afc92b639368fd311c9e2ff1e'
New sha256sum is : '17ac770af335f8cd48eb67596a2718a1f18ec4a1d45ab145c012ec71a013faa5'
"
2025-03-28T08:58:13.103Z,CLI1,low,5,Registry Key Integrity Checksum Changed,"Registry Key '[x32] HKEY_LOCAL_MACHINE\System\CurrentControlSet\Services\W32Time\SecureTimeLimits\RunTime' modified
Mode: scheduled
Changed attributes: mtime
Group ownership was 'S-1-5-32-544', now it is 'S-1-5-18'
Old modification time was: '1743149234', now it is '1743151034'
"
2025-03-28T08:58:13.104Z,CLI1,low,5,Registry Value Integrity Checksum Changed,"Registry Value '[x32] HKEY_LOCAL_MACHINE\System\CurrentControlSet\Services\W32Time\SecureTimeLimits\RunTime\SecureTimeTickCount' modified
Mode: scheduled
Changed attributes: md5,sha1,sha256
Old md5sum was: 'bc2c8ea4ba5c466214d0ab8780610cc3'
New md5sum is : 'cca5cfab4961b033241eeae0d565c276'
Old sha1sum was: 'a97d21381215fa05a1123ab4414095a28b969d88'
New sha1sum is : '3c29b421d2801ca909d134530828e0f6b2b5cfb8'
Old sha256sum was: 'b64f35fe638b2a660d91ff9a58ca8d721ac185ec5c3a73f26bb595d554d49646'
New sha256sum is : '679f8152960ef8f64656d94a5460aba15b5bb255ba6e87439dacb30ab0a1bacd'
"
2025-03-28T08:58:13.114Z,CLI1,low,5,Registry Key Integrity Checksum Changed,"Registry Key '[x32] HKEY_LOCAL_MACHINE\System\CurrentControlSet\Services\W32Time\SecureTimeLimits' modified
Mode: scheduled
Changed attributes: mtime
Old modification time was: '1743149234', now it is '1743151034'
"
2025-03-28T08:58:13.121Z,CLI1,low,5,Registry Value Integrity Checksum Changed,"Registry Value '[x32] HKEY_LOCAL_MACHINE\System\CurrentControlSet\Services\W32Time\SecureTimeLimits\SecureTimeEstimated' modified
Mode: scheduled
Changed attributes: md5,sha1,sha256
Old md5sum was: '9de2465c90cdc28837aeee7c6366eaea'
New md5sum is : 'ffc1997058fac465b21c4b012ccc7cad'
Old sha1sum was: '900838eeaf3330a1a9f049d33433aeb40c4f3d36'
New sha1sum is : '0e4cc7ddcfa78348ab260b191dabf51fe6455e7f'
Old sha256sum was: '74f4585d804731d8f45a8e0ff29fd74aead0521f192995878a71cf2cb014a5ff'
New sha256sum is : '3ae1308780233b44be20cf37512dae71223df842435919a6adba989f3136bac7'
"
2025-03-28T08:58:13.137Z,CLI1,low,5,Registry Value Integrity Checksum Changed,"Registry Value '[x32] HKEY_LOCAL_MACHINE\System\CurrentControlSet\Services\W32Time\SecureTimeLimits\SecureTimeHigh' modified
Mode: scheduled
Changed attributes: md5,sha1,sha256
Old md5sum was: 'fcb2740f9558afb4c78df0012532d857'
New md5sum is : '04c122f4ebbf4ba87bdce3a47c78e0a0'
Old sha1sum was: 'd51cff104987c4509d373efd0e13ef166a5fb1c5'
New sha1sum is : '7c476ab70f276a12bac49e8413228f16321daed1'
Old sha256sum was: '59b588f2da325e7df8406721f7831fba492d6766f74d9a382c1509a0335be3d4'
New sha256sum is : 'f9b0717f45a1e9caedef2f9727479742b2648b0383ce92e5cc4e3a559136e880'
"
2025-03-28T08:58:13.153Z,CLI1,low,5,Registry Value Integrity Checksum Changed,"Registry Value '[x32] HKEY_LOCAL_MACHINE\System\CurrentControlSet\Services\W32Time\SecureTimeLimits\SecureTimeLow' modified
Mode: scheduled
Changed attributes: md5,sha1,sha256
Old md5sum was: 'ac0cb40bfb69dcf8a9c3bf265f790d80'
New md5sum is : 'b55f9663e17272e19c8ba314957476b5'
Old sha1sum was: '3d0a9c3b5c5156aa097accbf025cccb60a0840a7'
New sha1sum is : '92ccb712d3807ec0f703adb73c7f2838f7af44c9'
Old sha256sum was: '437af4d37a44d4ba65020c6992dd801ff558a9b508f94a9cfa9620236d9e1b65'
New sha256sum is : '9b6a803902c812015176cc4aa97ad95bddb0ebcbc1330c546c345db0b353ce92'
"
2025-03-28T08:58:19.556Z,OTDC1,low,3,Windows Logon Success,"""An account was successfully logged on.

Subject:
	Security ID:		S-1-5-18
	Account Name:		OTDC1$
	Account Domain:		PLUMETECH-OT
	Logon ID:		0x3E7

Logon Information:
	Logon Type:		5
	Restricted Admin Mode:	-
	Virtual Account:		No
	Elevated Token:		Yes

Impersonation Level:		Impersonation

New Logon:
	Security ID:		S-1-5-18
	Account Name:		SYSTEM
	Account Domain:		NT AUTHORITY
	Logon ID:		0x3E7
	Linked Logon ID:		0x0
	Network Account Name:	-
	Network Account Domain:	-
	Logon GUID:		{00000000-0000-0000-0000-000000000000}

Process Information:
	Process ID:		0x330
	Process Name:		C:\Windows\System32\services.exe

Network Information:
	Workstation Name:	-
	Source Network Address:	-
	Source Port:		-

Detailed Authentication Information:
	Logon Process:		Advapi  
	Authentication Package:	Negotiate
	Transited Services:	-
	Package Name (NTLM only):	-
	Key Length:		0

This event is generated when a logon session is created. It is generated on the computer that was accessed.

The subject fields indicate the account on the local system which requested the logon. This is most commonly a service such as the Server service, or a local process such as Winlogon.exe or Services.exe.

The logon type field indicates the kind of logon that occurred. The most common types are 2 (interactive) and 3 (network).

The New Logon fields indicate the account for whom the new logon was created, i.e. the account that was logged on.

The network fields indicate where a remote logon request originated. Workstation name is not always available and may be left blank in some cases.

The impersonation level field indicates the extent to which a process in the logon session can impersonate.

The authentication information fields provide detailed information about this specific logon request.
	- Logon GUID is a unique identifier that can be used to correlate this event with a KDC event.
	- Transited services indicate which intermediate services have participated in this logon request.
	- Package name indicates which sub-protocol was used among the NTLM protocols.
	- Key length indicates the length of the generated session key. This will be 0 if no session key was requested."""
2025-03-28T08:58:19.710Z,CLI1,low,5,Registry Value Entry Deleted.,"Registry Value '[x32] HKEY_LOCAL_MACHINE\System\CurrentControlSet\Services\BFE\Parameters\Policy\BootTime\Filter\{c5996155-fd4e-4838-6900-000000000000}' deleted
Mode: scheduled
"
2025-03-28T08:58:19.752Z,CLI1,low,5,Registry Value Entry Deleted.,"Registry Value '[x32] HKEY_LOCAL_MACHINE\System\CurrentControlSet\Services\BFE\Parameters\Policy\Persistent\Filter\{c5996155-fd4e-4838-6800-000000000000}' deleted
Mode: scheduled
"
2025-03-28T08:58:19.752Z,CLI1,low,5,Registry Value Entry Deleted.,"Registry Value '[x32] HKEY_LOCAL_MACHINE\System\CurrentControlSet\Services\BFE\Parameters\Policy\Persistent\Filter\{c5996155-fd4e-4838-6900-000000000000}' deleted
Mode: scheduled
"
2025-03-28T08:58:38.141Z,suricata,low,3,Informational Suricata Alert: ET FILE_SHARING File Hosting Service Domain Domain in DNS Lookup (files .pythonhosted .org),"{""timestamp"":""2025-03-28T08:58:37.753500+0000"",""flow_id"":1547408085877312,""in_iface"":""ens5"",""event_type"":""alert"",""src_ip"":""10.0.2.30"",""src_port"":57688,""dest_ip"":""8.8.8.8"",""dest_port"":53,""proto"":""UDP"",""pkt_src"":""vxlan encapsulation"",""community_id"":""1:tyPNwKEHZJTgAThgXMWUvUb8s18="",""tx_id"":0,""alert"":{""action"":""allowed"",""gid"":1,""signature_id"":2049201,""rev"":2,""signature"":""ET FILE_SHARING File Hosting Service Domain Domain in DNS Lookup (files .pythonhosted .org)"",""category"":""Misc activity"",""severity"":3,""metadata"":{""attack_target"":[""Client_Endpoint""],""confidence"":[""High""],""created_at"":[""2023_11_15""],""deployment"":[""Perimeter""],""former_category"":[""INFO""],""performance_impact"":[""Low""],""reviewed_at"":[""2024_04_15""],""signature_severity"":[""Informational""],""updated_at"":[""2024_06_27""]}},""tunnel"":{""src_ip"":""10.0.2.30"",""src_port"":65458,""dest_ip"":""10.0.2.9"",""dest_port"":4789,""proto"":""UDP"",""depth"":1,""pkt_src"":""wire/pcap""},""dns"":{""query"":[{""type"":""query"",""id"":15240,""rrname"":""files.pythonhosted.org"",""rrtype"":""A"",""tx_id"":0,""opcode"":0}]},""app_proto"":""dns"",""direction"":""to_server"",""flow"":{""pkts_toserver"":1,""pkts_toclient"":0,""bytes_toserver"":68,""bytes_toclient"":0,""start"":""2025-03-28T08:58:37.753500+0000"",""src_ip"":""10.0.2.30"",""dest_ip"":""8.8.8.8"",""src_port"":57688,""dest_port"":53},""capture_file"":""/var/log/suricata/nsm_data//log.pcap.1743151993"",""source"":""suricata""}"
2025-03-28T08:58:38.143Z,suricata,low,3,Informational Suricata Alert: ET FILE_SHARING File Hosting Service Domain Domain in DNS Lookup (files .pythonhosted .org),"{""timestamp"":""2025-03-28T08:58:37.753500+0000"",""flow_id"":1547408085877312,""in_iface"":""ens5"",""event_type"":""alert"",""src_ip"":""10.0.2.30"",""src_port"":57688,""dest_ip"":""8.8.8.8"",""dest_port"":53,""proto"":""UDP"",""pkt_src"":""vxlan encapsulation"",""community_id"":""1:tyPNwKEHZJTgAThgXMWUvUb8s18="",""tx_id"":1,""alert"":{""action"":""allowed"",""gid"":1,""signature_id"":2049201,""rev"":2,""signature"":""ET FILE_SHARING File Hosting Service Domain Domain in DNS Lookup (files .pythonhosted .org)"",""category"":""Misc activity"",""severity"":3,""metadata"":{""attack_target"":[""Client_Endpoint""],""confidence"":[""High""],""created_at"":[""2023_11_15""],""deployment"":[""Perimeter""],""former_category"":[""INFO""],""performance_impact"":[""Low""],""reviewed_at"":[""2024_04_15""],""signature_severity"":[""Informational""],""updated_at"":[""2024_06_27""]}},""tunnel"":{""src_ip"":""10.0.2.30"",""src_port"":65458,""dest_ip"":""10.0.2.9"",""dest_port"":4789,""proto"":""UDP"",""depth"":1,""pkt_src"":""wire/pcap""},""dns"":{""query"":[{""type"":""query"",""id"":1162,""rrname"":""files.pythonhosted.org"",""rrtype"":""AAAA"",""tx_id"":1,""opcode"":0}]},""app_proto"":""dns"",""direction"":""to_server"",""flow"":{""pkts_toserver"":2,""pkts_toclient"":0,""bytes_toserver"":136,""bytes_toclient"":0,""start"":""2025-03-28T08:58:37.753500+0000"",""src_ip"":""10.0.2.30"",""dest_ip"":""8.8.8.8"",""src_port"":57688,""dest_port"":53},""capture_file"":""/var/log/suricata/nsm_data//log.pcap.1743151993"",""source"":""suricata""}"
2025-03-28T08:58:38.145Z,suricata,low,3,Informational Suricata Alert: ET FILE_SHARING File Hosting Service Domain Domain in DNS Lookup (files .pythonhosted .org),"{""timestamp"":""2025-03-28T08:58:37.753563+0000"",""flow_id"":1547408085877312,""in_iface"":""ens5"",""event_type"":""alert"",""src_ip"":""10.0.2.30"",""src_port"":57688,""dest_ip"":""8.8.8.8"",""dest_port"":53,""proto"":""UDP"",""pkt_src"":""vxlan encapsulation"",""community_id"":""1:tyPNwKEHZJTgAThgXMWUvUb8s18="",""tx_id"":2,""alert"":{""action"":""allowed"",""gid"":1,""signature_id"":2049201,""rev"":2,""signature"":""ET FILE_SHARING File Hosting Service Domain Domain in DNS Lookup (files .pythonhosted .org)"",""category"":""Misc activity"",""severity"":3,""metadata"":{""attack_target"":[""Client_Endpoint""],""confidence"":[""High""],""created_at"":[""2023_11_15""],""deployment"":[""Perimeter""],""former_category"":[""INFO""],""performance_impact"":[""Low""],""reviewed_at"":[""2024_04_15""],""signature_severity"":[""Informational""],""updated_at"":[""2024_06_27""]}},""tunnel"":{""src_ip"":""10.0.2.9"",""src_port"":4789,""dest_ip"":""10.0.2.8"",""dest_port"":4789,""proto"":""UDP"",""depth"":1,""pkt_src"":""wire/pcap""},""dns"":{""query"":[{""type"":""query"",""id"":15240,""rrname"":""files.pythonhosted.org"",""rrtype"":""A"",""tx_id"":2,""opcode"":0}]},""app_proto"":""dns"",""direction"":""to_server"",""flow"":{""pkts_toserver"":3,""pkts_toclient"":0,""bytes_toserver"":204,""bytes_toclient"":0,""start"":""2025-03-28T08:58:37.753500+0000"",""src_ip"":""10.0.2.30"",""dest_ip"":""8.8.8.8"",""src_port"":57688,""dest_port"":53},""capture_file"":""/var/log/suricata/nsm_data//log.pcap.1743151993"",""source"":""suricata""}"
2025-03-28T08:58:38.147Z,suricata,low,3,Informational Suricata Alert: ET FILE_SHARING File Hosting Service Domain Domain in DNS Lookup (files .pythonhosted .org),"{""timestamp"":""2025-03-28T08:58:37.753575+0000"",""flow_id"":1547408085877312,""in_iface"":""ens5"",""event_type"":""alert"",""src_ip"":""10.0.2.30"",""src_port"":57688,""dest_ip"":""8.8.8.8"",""dest_port"":53,""proto"":""UDP"",""pkt_src"":""vxlan encapsulation"",""community_id"":""1:tyPNwKEHZJTgAThgXMWUvUb8s18="",""tx_id"":3,""alert"":{""action"":""allowed"",""gid"":1,""signature_id"":2049201,""rev"":2,""signature"":""ET FILE_SHARING File Hosting Service Domain Domain in DNS Lookup (files .pythonhosted .org)"",""category"":""Misc activity"",""severity"":3,""metadata"":{""attack_target"":[""Client_Endpoint""],""confidence"":[""High""],""created_at"":[""2023_11_15""],""deployment"":[""Perimeter""],""former_category"":[""INFO""],""performance_impact"":[""Low""],""reviewed_at"":[""2024_04_15""],""signature_severity"":[""Informational""],""updated_at"":[""2024_06_27""]}},""tunnel"":{""src_ip"":""10.0.2.9"",""src_port"":4789,""dest_ip"":""10.0.2.8"",""dest_port"":4789,""proto"":""UDP"",""depth"":1,""pkt_src"":""wire/pcap""},""dns"":{""query"":[{""type"":""query"",""id"":1162,""rrname"":""files.pythonhosted.org"",""rrtype"":""AAAA"",""tx_id"":3,""opcode"":0}]},""app_proto"":""dns"",""direction"":""to_server"",""flow"":{""pkts_toserver"":4,""pkts_toclient"":0,""bytes_toserver"":272,""bytes_toclient"":0,""start"":""2025-03-28T08:58:37.753500+0000"",""src_ip"":""10.0.2.30"",""dest_ip"":""8.8.8.8"",""src_port"":57688,""dest_port"":53},""capture_file"":""/var/log/suricata/nsm_data//log.pcap.1743151993"",""source"":""suricata""}"
2025-03-28T08:58:38.154Z,suricata,low,3,Informational Suricata Alert: ET INFO Observed File Hosting Service Domain (files .pythonhosted .org in TLS SNI),"{""timestamp"":""2025-03-28T08:58:37.777235+0000"",""flow_id"":1573610757535369,""in_iface"":""ens5"",""event_type"":""alert"",""src_ip"":""10.0.2.30"",""src_port"":59082,""dest_ip"":""151.101.128.223"",""dest_port"":443,""proto"":""TCP"",""pkt_src"":""vxlan encapsulation"",""community_id"":""1:70ypWAdhM+KWkSM595Zd/yKxBKM="",""tx_id"":0,""alert"":{""action"":""allowed"",""gid"":1,""signature_id"":2049202,""rev"":1,""signature"":""ET INFO Observed File Hosting Service Domain (files .pythonhosted .org in TLS SNI)"",""category"":""Misc activity"",""severity"":3,""metadata"":{""attack_target"":[""Client_Endpoint""],""confidence"":[""High""],""created_at"":[""2023_11_15""],""deployment"":[""Perimeter""],""performance_impact"":[""Low""],""reviewed_at"":[""2024_04_15""],""signature_severity"":[""Informational""],""updated_at"":[""2023_11_15""]}},""tunnel"":{""src_ip"":""10.0.2.30"",""src_port"":65419,""dest_ip"":""10.0.2.9"",""dest_port"":4789,""proto"":""UDP"",""depth"":1,""pkt_src"":""wire/pcap""},""tls"":{""sni"":""files.pythonhosted.org"",""version"":""TLS 1.3"",""ja3"":{""hash"":""3012b23d5a2920d682b69a2c5fba99d7"",""string"":""771,4866-4867-4865-49196-49200-163-159-52393-52392-52394-49325-49311-49245-49249-49239-49235-167-49195-49199-162-158-49324-49310-49244-49248-49238-49234-166-49327-49326-49315-49314-49188-49192-107-106-49267-49271-196-195-109-197-49187-49191-103-64-49266-49270-190-189-108-191-49162-49172-57-56-136-135-49177-58-137-49161-49171-51-50-154-153-69-68-49176-52-155-70-157-49309-49233-156-49308-49232-49313-49312-61-192-60-186-53-132-47-150-65-255,0-11-10-35-16-22-23-13-43-45-51-27-21,29-23-30-25-24-256-257-258-259-260,0-1-2""},""ja3s"":{""hash"":""f4febc55ea12b31ae17cfb7e614afda8"",""string"":""771,4865,43-51""}},""app_proto"":""tls"",""direction"":""to_server"",""flow"":{""pkts_toserver"":7,""pkts_toclient"":9,""bytes_toserver"":1414,""bytes_toclient"":6964,""start"":""2025-03-28T08:58:37.759600+0000"",""src_ip"":""10.0.2.30"",""dest_ip"":""151.101.128.223"",""src_port"":59082,""dest_port"":443},""capture_file"":""/var/log/suricata/nsm_data//log.pcap.1743151993"",""source"":""suricata""}"
2025-03-28T08:58:40.142Z,suricata,low,3,Informational Suricata Alert: ET FILE_SHARING File Hosting Service Domain Domain in DNS Lookup (files .pythonhosted .org),"{""timestamp"":""2025-03-28T08:58:38.649035+0000"",""flow_id"":1943159742339785,""in_iface"":""ens5"",""event_type"":""alert"",""src_ip"":""10.0.2.30"",""src_port"":57774,""dest_ip"":""8.8.8.8"",""dest_port"":53,""proto"":""UDP"",""pkt_src"":""vxlan encapsulation"",""community_id"":""1:Y3v4/EqbqRFmVLTxSKU3nKRs1wI="",""tx_id"":0,""alert"":{""action"":""allowed"",""gid"":1,""signature_id"":2049201,""rev"":2,""signature"":""ET FILE_SHARING File Hosting Service Domain Domain in DNS Lookup (files .pythonhosted .org)"",""category"":""Misc activity"",""severity"":3,""metadata"":{""attack_target"":[""Client_Endpoint""],""confidence"":[""High""],""created_at"":[""2023_11_15""],""deployment"":[""Perimeter""],""former_category"":[""INFO""],""performance_impact"":[""Low""],""reviewed_at"":[""2024_04_15""],""signature_severity"":[""Informational""],""updated_at"":[""2024_06_27""]}},""tunnel"":{""src_ip"":""10.0.2.30"",""src_port"":65429,""dest_ip"":""10.0.2.9"",""dest_port"":4789,""proto"":""UDP"",""depth"":1,""pkt_src"":""wire/pcap""},""dns"":{""query"":[{""type"":""query"",""id"":4335,""rrname"":""files.pythonhosted.org"",""rrtype"":""A"",""tx_id"":0,""opcode"":0}]},""app_proto"":""dns"",""direction"":""to_server"",""flow"":{""pkts_toserver"":1,""pkts_toclient"":0,""bytes_toserver"":68,""bytes_toclient"":0,""start"":""2025-03-28T08:58:38.649035+0000"",""src_ip"":""10.0.2.30"",""dest_ip"":""8.8.8.8"",""src_port"":57774,""dest_port"":53},""capture_file"":""/var/log/suricata/nsm_data//log.pcap.1743151993"",""source"":""suricata""}"
2025-03-28T08:58:40.144Z,suricata,low,3,Informational Suricata Alert: ET FILE_SHARING File Hosting Service Domain Domain in DNS Lookup (files .pythonhosted .org),"{""timestamp"":""2025-03-28T08:58:38.649035+0000"",""flow_id"":1943159742339785,""in_iface"":""ens5"",""event_type"":""alert"",""src_ip"":""10.0.2.30"",""src_port"":57774,""dest_ip"":""8.8.8.8"",""dest_port"":53,""proto"":""UDP"",""pkt_src"":""vxlan encapsulation"",""community_id"":""1:Y3v4/EqbqRFmVLTxSKU3nKRs1wI="",""tx_id"":1,""alert"":{""action"":""allowed"",""gid"":1,""signature_id"":2049201,""rev"":2,""signature"":""ET FILE_SHARING File Hosting Service Domain Domain in DNS Lookup (files .pythonhosted .org)"",""category"":""Misc activity"",""severity"":3,""metadata"":{""attack_target"":[""Client_Endpoint""],""confidence"":[""High""],""created_at"":[""2023_11_15""],""deployment"":[""Perimeter""],""former_category"":[""INFO""],""performance_impact"":[""Low""],""reviewed_at"":[""2024_04_15""],""signature_severity"":[""Informational""],""updated_at"":[""2024_06_27""]}},""tunnel"":{""src_ip"":""10.0.2.30"",""src_port"":65429,""dest_ip"":""10.0.2.9"",""dest_port"":4789,""proto"":""UDP"",""depth"":1,""pkt_src"":""wire/pcap""},""dns"":{""query"":[{""type"":""query"",""id"":57068,""rrname"":""files.pythonhosted.org"",""rrtype"":""AAAA"",""tx_id"":1,""opcode"":0}]},""app_proto"":""dns"",""direction"":""to_server"",""flow"":{""pkts_toserver"":2,""pkts_toclient"":0,""bytes_toserver"":136,""bytes_toclient"":0,""start"":""2025-03-28T08:58:38.649035+0000"",""src_ip"":""10.0.2.30"",""dest_ip"":""8.8.8.8"",""src_port"":57774,""dest_port"":53},""capture_file"":""/var/log/suricata/nsm_data//log.pcap.1743151993"",""source"":""suricata""}"
2025-03-28T08:58:40.147Z,suricata,low,3,Informational Suricata Alert: ET FILE_SHARING File Hosting Service Domain Domain in DNS Lookup (files .pythonhosted .org),"{""timestamp"":""2025-03-28T08:58:38.649098+0000"",""flow_id"":1943159742339785,""in_iface"":""ens5"",""event_type"":""alert"",""src_ip"":""10.0.2.30"",""src_port"":57774,""dest_ip"":""8.8.8.8"",""dest_port"":53,""proto"":""UDP"",""pkt_src"":""vxlan encapsulation"",""community_id"":""1:Y3v4/EqbqRFmVLTxSKU3nKRs1wI="",""tx_id"":2,""alert"":{""action"":""allowed"",""gid"":1,""signature_id"":2049201,""rev"":2,""signature"":""ET FILE_SHARING File Hosting Service Domain Domain in DNS Lookup (files .pythonhosted .org)"",""category"":""Misc activity"",""severity"":3,""metadata"":{""attack_target"":[""Client_Endpoint""],""confidence"":[""High""],""created_at"":[""2023_11_15""],""deployment"":[""Perimeter""],""former_category"":[""INFO""],""performance_impact"":[""Low""],""reviewed_at"":[""2024_04_15""],""signature_severity"":[""Informational""],""updated_at"":[""2024_06_27""]}},""tunnel"":{""src_ip"":""10.0.2.9"",""src_port"":4789,""dest_ip"":""10.0.2.8"",""dest_port"":4789,""proto"":""UDP"",""depth"":1,""pkt_src"":""wire/pcap""},""dns"":{""query"":[{""type"":""query"",""id"":4335,""rrname"":""files.pythonhosted.org"",""rrtype"":""A"",""tx_id"":2,""opcode"":0}]},""app_proto"":""dns"",""direction"":""to_server"",""flow"":{""pkts_toserver"":3,""pkts_toclient"":0,""bytes_toserver"":204,""bytes_toclient"":0,""start"":""2025-03-28T08:58:38.649035+0000"",""src_ip"":""10.0.2.30"",""dest_ip"":""8.8.8.8"",""src_port"":57774,""dest_port"":53},""capture_file"":""/var/log/suricata/nsm_data//log.pcap.1743151993"",""source"":""suricata""}"
2025-03-28T08:58:40.149Z,suricata,low,3,Informational Suricata Alert: ET FILE_SHARING File Hosting Service Domain Domain in DNS Lookup (files .pythonhosted .org),"{""timestamp"":""2025-03-28T08:58:38.649111+0000"",""flow_id"":1943159742339785,""in_iface"":""ens5"",""event_type"":""alert"",""src_ip"":""10.0.2.30"",""src_port"":57774,""dest_ip"":""8.8.8.8"",""dest_port"":53,""proto"":""UDP"",""pkt_src"":""vxlan encapsulation"",""community_id"":""1:Y3v4/EqbqRFmVLTxSKU3nKRs1wI="",""tx_id"":3,""alert"":{""action"":""allowed"",""gid"":1,""signature_id"":2049201,""rev"":2,""signature"":""ET FILE_SHARING File Hosting Service Domain Domain in DNS Lookup (files .pythonhosted .org)"",""category"":""Misc activity"",""severity"":3,""metadata"":{""attack_target"":[""Client_Endpoint""],""confidence"":[""High""],""created_at"":[""2023_11_15""],""deployment"":[""Perimeter""],""former_category"":[""INFO""],""performance_impact"":[""Low""],""reviewed_at"":[""2024_04_15""],""signature_severity"":[""Informational""],""updated_at"":[""2024_06_27""]}},""tunnel"":{""src_ip"":""10.0.2.9"",""src_port"":4789,""dest_ip"":""10.0.2.8"",""dest_port"":4789,""proto"":""UDP"",""depth"":1,""pkt_src"":""wire/pcap""},""dns"":{""query"":[{""type"":""query"",""id"":57068,""rrname"":""files.pythonhosted.org"",""rrtype"":""AAAA"",""tx_id"":3,""opcode"":0}]},""app_proto"":""dns"",""direction"":""to_server"",""flow"":{""pkts_toserver"":4,""pkts_toclient"":0,""bytes_toserver"":272,""bytes_toclient"":0,""start"":""2025-03-28T08:58:38.649035+0000"",""src_ip"":""10.0.2.30"",""dest_ip"":""8.8.8.8"",""src_port"":57774,""dest_port"":53},""capture_file"":""/var/log/suricata/nsm_data//log.pcap.1743151993"",""source"":""suricata""}"
2025-03-28T08:58:40.173Z,suricata,low,3,Informational Suricata Alert: ET INFO Observed File Hosting Service Domain (files .pythonhosted .org in TLS SNI),"{""timestamp"":""2025-03-28T08:58:38.689412+0000"",""flow_id"":1691269251912046,""in_iface"":""ens5"",""event_type"":""alert"",""src_ip"":""10.0.2.30"",""src_port"":45164,""dest_ip"":""151.101.64.223"",""dest_port"":443,""proto"":""TCP"",""pkt_src"":""vxlan encapsulation"",""community_id"":""1:sC+rOp0KV0oiL4u8BJiklrBIMhw="",""tx_id"":0,""alert"":{""action"":""allowed"",""gid"":1,""signature_id"":2049202,""rev"":1,""signature"":""ET INFO Observed File Hosting Service Domain (files .pythonhosted .org in TLS SNI)"",""category"":""Misc activity"",""severity"":3,""metadata"":{""attack_target"":[""Client_Endpoint""],""confidence"":[""High""],""created_at"":[""2023_11_15""],""deployment"":[""Perimeter""],""performance_impact"":[""Low""],""reviewed_at"":[""2024_04_15""],""signature_severity"":[""Informational""],""updated_at"":[""2023_11_15""]}},""tunnel"":{""src_ip"":""10.0.2.9"",""src_port"":4789,""dest_ip"":""10.0.2.8"",""dest_port"":4789,""proto"":""UDP"",""depth"":1,""pkt_src"":""wire/pcap""},""tls"":{""sni"":""files.pythonhosted.org"",""version"":""TLS 1.3"",""ja3"":{""hash"":""3012b23d5a2920d682b69a2c5fba99d7"",""string"":""771,4866-4867-4865-49196-49200-163-159-52393-52392-52394-49325-49311-49245-49249-49239-49235-167-49195-49199-162-158-49324-49310-49244-49248-49238-49234-166-49327-49326-49315-49314-49188-49192-107-106-49267-49271-196-195-109-197-49187-49191-103-64-49266-49270-190-189-108-191-49162-49172-57-56-136-135-49177-58-137-49161-49171-51-50-154-153-69-68-49176-52-155-70-157-49309-49233-156-49308-49232-49313-49312-61-192-60-186-53-132-47-150-65-255,0-11-10-35-16-22-23-13-43-45-51-27-21,29-23-30-25-24-256-257-258-259-260,0-1-2""},""ja3s"":{""hash"":""f4febc55ea12b31ae17cfb7e614afda8"",""string"":""771,4865,43-51""}},""app_proto"":""tls"",""direction"":""to_server"",""flow"":{""pkts_toserver"":7,""pkts_toclient"":6,""bytes_toserver"":1414,""bytes_toclient"":3920,""start"":""2025-03-28T08:58:38.655923+0000"",""src_ip"":""10.0.2.30"",""dest_ip"":""151.101.64.223"",""src_port"":45164,""dest_port"":443},""capture_file"":""/var/log/suricata/nsm_data//log.pcap.1743151993"",""source"":""suricata""}"
2025-03-28T08:58:42.113Z,OTDC1,low,3,Windows Logon Success,"""An account was successfully logged on.

Subject:
	Security ID:		S-1-0-0
	Account Name:		-
	Account Domain:		-
	Logon ID:		0x0

Logon Information:
	Logon Type:		3
	Restricted Admin Mode:	-
	Virtual Account:		No
	Elevated Token:		Yes

Impersonation Level:		Impersonation

New Logon:
	Security ID:		S-1-5-18
	Account Name:		OTDC1$
	Account Domain:		PLUMETECH-OT.LOCAL
	Logon ID:		0x11C6355
	Linked Logon ID:		0x0
	Network Account Name:	-
	Network Account Domain:	-
	Logon GUID:		{7e70aad8-ff7c-445b-1e89-ec65cb914a8c}

Process Information:
	Process ID:		0x0
	Process Name:		-

Network Information:
	Workstation Name:	-
	Source Network Address:	::1
	Source Port:		50307

Detailed Authentication Information:
	Logon Process:		Kerberos
	Authentication Package:	Kerberos
	Transited Services:	-
	Package Name (NTLM only):	-
	Key Length:		0

This event is generated when a logon session is created. It is generated on the computer that was accessed.

The subject fields indicate the account on the local system which requested the logon. This is most commonly a service such as the Server service, or a local process such as Winlogon.exe or Services.exe.

The logon type field indicates the kind of logon that occurred. The most common types are 2 (interactive) and 3 (network).

The New Logon fields indicate the account for whom the new logon was created, i.e. the account that was logged on.

The network fields indicate where a remote logon request originated. Workstation name is not always available and may be left blank in some cases.

The impersonation level field indicates the extent to which a process in the logon session can impersonate.

The authentication information fields provide detailed information about this specific logon request.
	- Logon GUID is a unique identifier that can be used to correlate this event with a KDC event.
	- Transited services indicate which intermediate services have participated in this logon request.
	- Package name indicates which sub-protocol was used among the NTLM protocols.
	- Key length indicates the length of the generated session key. This will be 0 if no session key was requested."""
2025-03-28T08:58:51.569Z,CLI1,low,3,Windows Logon Success,"""An account was successfully logged on.

Subject:
	Security ID:		S-1-5-18
	Account Name:		CLI1$
	Account Domain:		PLUMETECH
	Logon ID:		0x3E7

Logon Information:
	Logon Type:		5
	Restricted Admin Mode:	-
	Virtual Account:		No
	Elevated Token:		Yes

Impersonation Level:		Impersonation

New Logon:
	Security ID:		S-1-5-18
	Account Name:		SYSTEM
	Account Domain:		NT AUTHORITY
	Logon ID:		0x3E7
	Linked Logon ID:		0x0
	Network Account Name:	-
	Network Account Domain:	-
	Logon GUID:		{00000000-0000-0000-0000-000000000000}

Process Information:
	Process ID:		0x328
	Process Name:		C:\Windows\System32\services.exe

Network Information:
	Workstation Name:	-
	Source Network Address:	-
	Source Port:		-

Detailed Authentication Information:
	Logon Process:		Advapi  
	Authentication Package:	Negotiate
	Transited Services:	-
	Package Name (NTLM only):	-
	Key Length:		0

This event is generated when a logon session is created. It is generated on the computer that was accessed.

The subject fields indicate the account on the local system which requested the logon. This is most commonly a service such as the Server service, or a local process such as Winlogon.exe or Services.exe.

The logon type field indicates the kind of logon that occurred. The most common types are 2 (interactive) and 3 (network).

The New Logon fields indicate the account for whom the new logon was created, i.e. the account that was logged on.

The network fields indicate where a remote logon request originated. Workstation name is not always available and may be left blank in some cases.

The impersonation level field indicates the extent to which a process in the logon session can impersonate.

The authentication information fields provide detailed information about this specific logon request.
	- Logon GUID is a unique identifier that can be used to correlate this event with a KDC event.
	- Transited services indicate which intermediate services have participated in this logon request.
	- Package name indicates which sub-protocol was used among the NTLM protocols.
	- Key length indicates the length of the generated session key. This will be 0 if no session key was requested."""
2025-03-28T08:59:03.150Z,DC1,low,3,Windows Logon Success,"""An account was successfully logged on.

Subject:
	Security ID:		S-1-0-0
	Account Name:		-
	Account Domain:		-
	Logon ID:		0x0

Logon Information:
	Logon Type:		3
	Restricted Admin Mode:	-
	Virtual Account:		No
	Elevated Token:		Yes

Impersonation Level:		Delegation

New Logon:
	Security ID:		S-1-5-18
	Account Name:		DC1$
	Account Domain:		PLUMETECH.LOCAL
	Logon ID:		0x1453631
	Linked Logon ID:		0x0
	Network Account Name:	-
	Network Account Domain:	-
	Logon GUID:		{79d9c2e7-9aff-677e-7c4b-ade90baa45b3}

Process Information:
	Process ID:		0x0
	Process Name:		-

Network Information:
	Workstation Name:	-
	Source Network Address:	fe80::dc08:d404:2a99:3a5d
	Source Port:		60225

Detailed Authentication Information:
	Logon Process:		Kerberos
	Authentication Package:	Kerberos
	Transited Services:	-
	Package Name (NTLM only):	-
	Key Length:		0

This event is generated when a logon session is created. It is generated on the computer that was accessed.

The subject fields indicate the account on the local system which requested the logon. This is most commonly a service such as the Server service, or a local process such as Winlogon.exe or Services.exe.

The logon type field indicates the kind of logon that occurred. The most common types are 2 (interactive) and 3 (network).

The New Logon fields indicate the account for whom the new logon was created, i.e. the account that was logged on.

The network fields indicate where a remote logon request originated. Workstation name is not always available and may be left blank in some cases.

The impersonation level field indicates the extent to which a process in the logon session can impersonate.

The authentication information fields provide detailed information about this specific logon request.
	- Logon GUID is a unique identifier that can be used to correlate this event with a KDC event.
	- Transited services indicate which intermediate services have participated in this logon request.
	- Package name indicates which sub-protocol was used among the NTLM protocols.
	- Key length indicates the length of the generated session key. This will be 0 if no session key was requested."""
2025-03-28T08:59:03.164Z,DC1,low,3,Service logon event registered from non standard service account.,"""An account was successfully logged on.

Subject:
	Security ID:		S-1-5-18
	Account Name:		DC1$
	Account Domain:		PLUMETECH
	Logon ID:		0x3E7

Logon Information:
	Logon Type:		5
	Restricted Admin Mode:	-
	Virtual Account:		Yes
	Elevated Token:		Yes

Impersonation Level:		Impersonation

New Logon:
	Security ID:		S-1-5-111-3847866527-469524349-687026318-516638107-1125189541-4320
	Account Name:		sshd_4320
	Account Domain:		VIRTUAL USERS
	Logon ID:		0x14538E8
	Linked Logon ID:		0x0
	Network Account Name:	-
	Network Account Domain:	-
	Logon GUID:		{00000000-0000-0000-0000-000000000000}

Process Information:
	Process ID:		0x10e0
	Process Name:		C:\Windows\System32\OpenSSH\sshd.exe

Network Information:
	Workstation Name:	-
	Source Network Address:	-
	Source Port:		-

Detailed Authentication Information:
	Logon Process:		Advapi  
	Authentication Package:	Negotiate
	Transited Services:	-
	Package Name (NTLM only):	-
	Key Length:		0

This event is generated when a logon session is created. It is generated on the computer that was accessed.

The subject fields indicate the account on the local system which requested the logon. This is most commonly a service such as the Server service, or a local process such as Winlogon.exe or Services.exe.

The logon type field indicates the kind of logon that occurred. The most common types are 2 (interactive) and 3 (network).

The New Logon fields indicate the account for whom the new logon was created, i.e. the account that was logged on.

The network fields indicate where a remote logon request originated. Workstation name is not always available and may be left blank in some cases.

The impersonation level field indicates the extent to which a process in the logon session can impersonate.

The authentication information fields provide detailed information about this specific logon request.
	- Logon GUID is a unique identifier that can be used to correlate this event with a KDC event.
	- Transited services indicate which intermediate services have participated in this logon request.
	- Package name indicates which sub-protocol was used among the NTLM protocols.
	- Key length indicates the length of the generated session key. This will be 0 if no session key was requested."""
2025-03-28T08:59:03.179Z,DC1,low,3,Windows Logon Success,"""An account was successfully logged on.

Subject:
	Security ID:		S-1-0-0
	Account Name:		-
	Account Domain:		-
	Logon ID:		0x0

Logon Information:
	Logon Type:		3
	Restricted Admin Mode:	-
	Virtual Account:		No
	Elevated Token:		Yes

Impersonation Level:		Impersonation

New Logon:
	Security ID:		S-1-5-18
	Account Name:		DC1$
	Account Domain:		PLUMETECH.LOCAL
	Logon ID:		0x1453DB5
	Linked Logon ID:		0x0
	Network Account Name:	-
	Network Account Domain:	-
	Logon GUID:		{ccb8eaa0-c352-dd74-ea67-702137ac97d3}

Process Information:
	Process ID:		0x0
	Process Name:		-

Network Information:
	Workstation Name:	-
	Source Network Address:	fe80::dc08:d404:2a99:3a5d
	Source Port:		60231

Detailed Authentication Information:
	Logon Process:		Kerberos
	Authentication Package:	Kerberos
	Transited Services:	-
	Package Name (NTLM only):	-
	Key Length:		0

This event is generated when a logon session is created. It is generated on the computer that was accessed.

The subject fields indicate the account on the local system which requested the logon. This is most commonly a service such as the Server service, or a local process such as Winlogon.exe or Services.exe.

The logon type field indicates the kind of logon that occurred. The most common types are 2 (interactive) and 3 (network).

The New Logon fields indicate the account for whom the new logon was created, i.e. the account that was logged on.

The network fields indicate where a remote logon request originated. Workstation name is not always available and may be left blank in some cases.

The impersonation level field indicates the extent to which a process in the logon session can impersonate.

The authentication information fields provide detailed information about this specific logon request.
	- Logon GUID is a unique identifier that can be used to correlate this event with a KDC event.
	- Transited services indicate which intermediate services have participated in this logon request.
	- Package name indicates which sub-protocol was used among the NTLM protocols.
	- Key length indicates the length of the generated session key. This will be 0 if no session key was requested."""
2025-03-28T08:59:03.197Z,DC1,low,3,Windows Logon Success,"""A Kerberos service ticket was requested.

Account Information:
	Account Name:		DC1$@PLUMETECH.LOCAL
	Account Domain:		PLUMETECH.LOCAL
	Logon GUID:		{245bc23e-12b4-f5fa-92a7-105512a18271}
	MSDS-SupportedEncryptionTypes:	N/A
	Available Keys:	N/A

Service Information:
	Service Name:		DC1$
	Service ID:		S-1-5-21-742041295-2727698780-1124300366-1000
	MSDS-SupportedEncryptionTypes:	0x1F (DES, RC4, AES128-SHA96, AES256-SHA96)
	Available Keys:	AES-SHA1, RC4

Domain Controller Information:
	MSDS-SupportedEncryptionTypes:	0x1F (DES, RC4, AES128-SHA96, AES256-SHA96)
	Available Keys:	AES-SHA1, RC4

Network Information:
	Client Address:		::1
	Client Port:		0
	Advertized Etypes:	
		AES256-CTS-HMAC-SHA1-96
		AES128-CTS-HMAC-SHA1-96
		RC4-HMAC-NT
		RC4-HMAC-NT-EXP
		RC4-HMAC-OLD-EXP

Additional Information:
	Ticket Options:		0x40810000
	Ticket Encryption Type:	0x12
	Session Encryption Type:	0x12
	Failure Code:		0x0
	Transited Services:	-

Ticket information
	Request ticket hash:		BXaVldiKeOKVD+vMy72hEjV1Kqc4/hEM9wO3rBrxhzw=
	Response ticket hash:		W2xBVmxg6xGE7kg6iC+PpmOmoqOQypLa0DXYMgi79nw=

This event is generated every time access is requested to a resource such as a computer or a Windows service.  The service name indicates the resource to which access was requested.

This event can be correlated with Windows logon events by comparing the Logon GUID fields in each event.  The logon event occurs on the machine that was accessed, which is often a different machine than the domain controller which issued the service ticket.

Pre-authentication types, ticket options, encryption types and result codes are defined in RFC 4120."""
2025-03-28T08:59:03.213Z,OTDC1,low,3,Windows Logon Success,"""An account was successfully logged on.

Subject:
	Security ID:		S-1-0-0
	Account Name:		-
	Account Domain:		-
	Logon ID:		0x0

Logon Information:
	Logon Type:		3
	Restricted Admin Mode:	-
	Virtual Account:		No
	Elevated Token:		Yes

Impersonation Level:		Delegation

New Logon:
	Security ID:		S-1-5-18
	Account Name:		OTDC1$
	Account Domain:		PLUMETECH-OT.LOCAL
	Logon ID:		0x11C6BC5
	Linked Logon ID:		0x0
	Network Account Name:	-
	Network Account Domain:	-
	Logon GUID:		{2e3ee6d8-9614-d468-69f5-1ac850a6d5e0}

Process Information:
	Process ID:		0x0
	Process Name:		-

Network Information:
	Workstation Name:	-
	Source Network Address:	fe80::5d66:be3:b9e3:32ae
	Source Port:		50308

Detailed Authentication Information:
	Logon Process:		Kerberos
	Authentication Package:	Kerberos
	Transited Services:	-
	Package Name (NTLM only):	-
	Key Length:		0

This event is generated when a logon session is created. It is generated on the computer that was accessed.

The subject fields indicate the account on the local system which requested the logon. This is most commonly a service such as the Server service, or a local process such as Winlogon.exe or Services.exe.

The logon type field indicates the kind of logon that occurred. The most common types are 2 (interactive) and 3 (network).

The New Logon fields indicate the account for whom the new logon was created, i.e. the account that was logged on.

The network fields indicate where a remote logon request originated. Workstation name is not always available and may be left blank in some cases.

The impersonation level field indicates the extent to which a process in the logon session can impersonate.

The authentication information fields provide detailed information about this specific logon request.
	- Logon GUID is a unique identifier that can be used to correlate this event with a KDC event.
	- Transited services indicate which intermediate services have participated in this logon request.
	- Package name indicates which sub-protocol was used among the NTLM protocols.
	- Key length indicates the length of the generated session key. This will be 0 if no session key was requested."""
2025-03-28T08:59:03.222Z,OTDC1,low,3,Service logon event registered from non standard service account.,"""An account was successfully logged on.

Subject:
	Security ID:		S-1-5-18
	Account Name:		OTDC1$
	Account Domain:		PLUMETECH-OT
	Logon ID:		0x3E7

Logon Information:
	Logon Type:		5
	Restricted Admin Mode:	-
	Virtual Account:		Yes
	Elevated Token:		Yes

Impersonation Level:		Impersonation

New Logon:
	Security ID:		S-1-5-111-3847866527-469524349-687026318-516638107-1125189541-812
	Account Name:		sshd_812
	Account Domain:		VIRTUAL USERS
	Logon ID:		0x11C6E7D
	Linked Logon ID:		0x0
	Network Account Name:	-
	Network Account Domain:	-
	Logon GUID:		{00000000-0000-0000-0000-000000000000}

Process Information:
	Process ID:		0x32c
	Process Name:		C:\Windows\System32\OpenSSH\sshd.exe

Network Information:
	Workstation Name:	-
	Source Network Address:	-
	Source Port:		-

Detailed Authentication Information:
	Logon Process:		Advapi  
	Authentication Package:	Negotiate
	Transited Services:	-
	Package Name (NTLM only):	-
	Key Length:		0

This event is generated when a logon session is created. It is generated on the computer that was accessed.

The subject fields indicate the account on the local system which requested the logon. This is most commonly a service such as the Server service, or a local process such as Winlogon.exe or Services.exe.

The logon type field indicates the kind of logon that occurred. The most common types are 2 (interactive) and 3 (network).

The New Logon fields indicate the account for whom the new logon was created, i.e. the account that was logged on.

The network fields indicate where a remote logon request originated. Workstation name is not always available and may be left blank in some cases.

The impersonation level field indicates the extent to which a process in the logon session can impersonate.

The authentication information fields provide detailed information about this specific logon request.
	- Logon GUID is a unique identifier that can be used to correlate this event with a KDC event.
	- Transited services indicate which intermediate services have participated in this logon request.
	- Package name indicates which sub-protocol was used among the NTLM protocols.
	- Key length indicates the length of the generated session key. This will be 0 if no session key was requested."""
